{
"release/lib/typescript-rest.js":{"path":"release/lib/typescript-rest.js","s":{"1":1,"2":3,"3":28,"4":28,"5":1,"6":1,"7":1,"8":1,"9":1,"10":1,"11":1},"b":{"1":[28,0]},"f":{"1":3},"fnMap":{"1":{"name":"__export","line":3,"loc":{"start":{"line":3,"column":0},"end":{"line":3,"column":21}}}},"statementMap":{"1":{"start":{"line":3,"column":0},"end":{"line":7,"column":1}},"2":{"start":{"line":4,"column":4},"end":{"line":6,"column":5}},"3":{"start":{"line":5,"column":8},"end":{"line":5,"column":58}},"4":{"start":{"line":5,"column":40},"end":{"line":5,"column":58}},"5":{"start":{"line":8,"column":0},"end":{"line":8,"column":40}},"6":{"start":{"line":9,"column":0},"end":{"line":9,"column":24}},"7":{"start":{"line":10,"column":0},"end":{"line":10,"column":40}},"8":{"start":{"line":11,"column":0},"end":{"line":11,"column":24}},"9":{"start":{"line":12,"column":0},"end":{"line":12,"column":34}},"10":{"start":{"line":13,"column":0},"end":{"line":13,"column":36}},"11":{"start":{"line":14,"column":0},"end":{"line":14,"column":30}}},"branchMap":{"1":{"line":5,"type":"if","locations":[{"start":{"line":5,"column":8},"end":{"line":5,"column":8}},{"start":{"line":5,"column":8},"end":{"line":5,"column":8}}]}},"l":{"3":1,"4":3,"5":28,"8":1,"9":1,"10":1,"11":1,"12":1,"13":1,"14":1}},
"release/lib/server-errors.js":{"path":"release/lib/server-errors.js","s":{"1":1,"2":1,"3":1,"4":1,"5":1,"6":1,"7":1,"8":1,"9":1,"10":4,"11":1,"12":1,"13":1,"14":1,"15":0,"16":0,"17":1,"18":1,"19":1,"20":1,"21":1,"22":0,"23":0,"24":1,"25":1,"26":1,"27":1,"28":1,"29":0,"30":0,"31":1,"32":1,"33":1,"34":1,"35":1,"36":0,"37":0,"38":1,"39":1,"40":1,"41":1,"42":1,"43":0,"44":0,"45":1,"46":1,"47":1,"48":1,"49":1,"50":2,"51":2,"52":1,"53":1,"54":1,"55":1,"56":1,"57":2,"58":2,"59":1,"60":1,"61":1,"62":1,"63":1,"64":0,"65":0,"66":1,"67":1,"68":1,"69":1,"70":1,"71":0,"72":0,"73":1,"74":1},"b":{"1":[4,0],"2":[4,4]},"f":{"1":4,"2":1,"3":0,"4":1,"5":0,"6":1,"7":0,"8":1,"9":0,"10":1,"11":0,"12":1,"13":2,"14":1,"15":2,"16":1,"17":0,"18":1,"19":0},"fnMap":{"1":{"name":"_interopRequireDefault","line":19,"loc":{"start":{"line":19,"column":0},"end":{"line":19,"column":37}}},"2":{"name":"(anonymous_2)","line":23,"loc":{"start":{"line":23,"column":22},"end":{"line":23,"column":55}}},"3":{"name":"BadRequestError","line":26,"loc":{"start":{"line":26,"column":4},"end":{"line":26,"column":38}}},"4":{"name":"(anonymous_4)","line":36,"loc":{"start":{"line":36,"column":24},"end":{"line":36,"column":58}}},"5":{"name":"UnauthorizedError","line":39,"loc":{"start":{"line":39,"column":4},"end":{"line":39,"column":40}}},"6":{"name":"(anonymous_6)","line":49,"loc":{"start":{"line":49,"column":20},"end":{"line":49,"column":54}}},"7":{"name":"ForbidenError","line":52,"loc":{"start":{"line":52,"column":4},"end":{"line":52,"column":36}}},"8":{"name":"(anonymous_8)","line":62,"loc":{"start":{"line":62,"column":20},"end":{"line":62,"column":54}}},"9":{"name":"NotFoundError","line":65,"loc":{"start":{"line":65,"column":4},"end":{"line":65,"column":36}}},"10":{"name":"(anonymous_10)","line":75,"loc":{"start":{"line":75,"column":28},"end":{"line":75,"column":62}}},"11":{"name":"MethodNotAllowedError","line":78,"loc":{"start":{"line":78,"column":4},"end":{"line":78,"column":44}}},"12":{"name":"(anonymous_12)","line":88,"loc":{"start":{"line":88,"column":25},"end":{"line":88,"column":59}}},"13":{"name":"NotAcceptableError","line":91,"loc":{"start":{"line":91,"column":4},"end":{"line":91,"column":41}}},"14":{"name":"(anonymous_14)","line":101,"loc":{"start":{"line":101,"column":20},"end":{"line":101,"column":54}}},"15":{"name":"ConflictError","line":104,"loc":{"start":{"line":104,"column":4},"end":{"line":104,"column":36}}},"16":{"name":"(anonymous_16)","line":114,"loc":{"start":{"line":114,"column":26},"end":{"line":114,"column":60}}},"17":{"name":"InternalServerError","line":117,"loc":{"start":{"line":117,"column":4},"end":{"line":117,"column":42}}},"18":{"name":"(anonymous_18)","line":127,"loc":{"start":{"line":127,"column":26},"end":{"line":127,"column":60}}},"19":{"name":"NotImplementedError","line":130,"loc":{"start":{"line":130,"column":4},"end":{"line":130,"column":42}}}},"statementMap":{"1":{"start":{"line":3,"column":0},"end":{"line":3,"column":79}},"2":{"start":{"line":5,"column":0},"end":{"line":5,"column":63}},"3":{"start":{"line":7,"column":0},"end":{"line":7,"column":71}},"4":{"start":{"line":9,"column":0},"end":{"line":9,"column":64}},"5":{"start":{"line":11,"column":0},"end":{"line":11,"column":93}},"6":{"start":{"line":13,"column":0},"end":{"line":13,"column":86}},"7":{"start":{"line":15,"column":0},"end":{"line":15,"column":59}},"8":{"start":{"line":17,"column":0},"end":{"line":17,"column":52}},"9":{"start":{"line":19,"column":0},"end":{"line":19,"column":95}},"10":{"start":{"line":19,"column":39},"end":{"line":19,"column":93}},"11":{"start":{"line":21,"column":0},"end":{"line":21,"column":47}},"12":{"start":{"line":23,"column":0},"end":{"line":32,"column":28}},"13":{"start":{"line":24,"column":4},"end":{"line":24,"column":68}},"14":{"start":{"line":26,"column":4},"end":{"line":29,"column":5}},"15":{"start":{"line":27,"column":8},"end":{"line":27,"column":61}},"16":{"start":{"line":28,"column":8},"end":{"line":28,"column":154}},"17":{"start":{"line":31,"column":4},"end":{"line":31,"column":27}},"18":{"start":{"line":34,"column":0},"end":{"line":34,"column":42}},"19":{"start":{"line":36,"column":0},"end":{"line":45,"column":28}},"20":{"start":{"line":37,"column":4},"end":{"line":37,"column":71}},"21":{"start":{"line":39,"column":4},"end":{"line":42,"column":5}},"22":{"start":{"line":40,"column":8},"end":{"line":40,"column":63}},"23":{"start":{"line":41,"column":8},"end":{"line":41,"column":158}},"24":{"start":{"line":44,"column":4},"end":{"line":44,"column":29}},"25":{"start":{"line":47,"column":0},"end":{"line":47,"column":46}},"26":{"start":{"line":49,"column":0},"end":{"line":58,"column":28}},"27":{"start":{"line":50,"column":4},"end":{"line":50,"column":67}},"28":{"start":{"line":52,"column":4},"end":{"line":55,"column":5}},"29":{"start":{"line":53,"column":8},"end":{"line":53,"column":59}},"30":{"start":{"line":54,"column":8},"end":{"line":54,"column":150}},"31":{"start":{"line":57,"column":4},"end":{"line":57,"column":25}},"32":{"start":{"line":60,"column":0},"end":{"line":60,"column":38}},"33":{"start":{"line":62,"column":0},"end":{"line":71,"column":28}},"34":{"start":{"line":63,"column":4},"end":{"line":63,"column":67}},"35":{"start":{"line":65,"column":4},"end":{"line":68,"column":5}},"36":{"start":{"line":66,"column":8},"end":{"line":66,"column":59}},"37":{"start":{"line":67,"column":8},"end":{"line":67,"column":150}},"38":{"start":{"line":70,"column":4},"end":{"line":70,"column":25}},"39":{"start":{"line":73,"column":0},"end":{"line":73,"column":38}},"40":{"start":{"line":75,"column":0},"end":{"line":84,"column":28}},"41":{"start":{"line":76,"column":4},"end":{"line":76,"column":75}},"42":{"start":{"line":78,"column":4},"end":{"line":81,"column":5}},"43":{"start":{"line":79,"column":8},"end":{"line":79,"column":67}},"44":{"start":{"line":80,"column":8},"end":{"line":80,"column":166}},"45":{"start":{"line":83,"column":4},"end":{"line":83,"column":33}},"46":{"start":{"line":86,"column":0},"end":{"line":86,"column":54}},"47":{"start":{"line":88,"column":0},"end":{"line":97,"column":28}},"48":{"start":{"line":89,"column":4},"end":{"line":89,"column":72}},"49":{"start":{"line":91,"column":4},"end":{"line":94,"column":5}},"50":{"start":{"line":92,"column":8},"end":{"line":92,"column":64}},"51":{"start":{"line":93,"column":8},"end":{"line":93,"column":160}},"52":{"start":{"line":96,"column":4},"end":{"line":96,"column":30}},"53":{"start":{"line":99,"column":0},"end":{"line":99,"column":48}},"54":{"start":{"line":101,"column":0},"end":{"line":110,"column":28}},"55":{"start":{"line":102,"column":4},"end":{"line":102,"column":67}},"56":{"start":{"line":104,"column":4},"end":{"line":107,"column":5}},"57":{"start":{"line":105,"column":8},"end":{"line":105,"column":59}},"58":{"start":{"line":106,"column":8},"end":{"line":106,"column":150}},"59":{"start":{"line":109,"column":4},"end":{"line":109,"column":25}},"60":{"start":{"line":112,"column":0},"end":{"line":112,"column":38}},"61":{"start":{"line":114,"column":0},"end":{"line":123,"column":28}},"62":{"start":{"line":115,"column":4},"end":{"line":115,"column":73}},"63":{"start":{"line":117,"column":4},"end":{"line":120,"column":5}},"64":{"start":{"line":118,"column":8},"end":{"line":118,"column":65}},"65":{"start":{"line":119,"column":8},"end":{"line":119,"column":162}},"66":{"start":{"line":122,"column":4},"end":{"line":122,"column":31}},"67":{"start":{"line":125,"column":0},"end":{"line":125,"column":50}},"68":{"start":{"line":127,"column":0},"end":{"line":136,"column":28}},"69":{"start":{"line":128,"column":4},"end":{"line":128,"column":73}},"70":{"start":{"line":130,"column":4},"end":{"line":133,"column":5}},"71":{"start":{"line":131,"column":8},"end":{"line":131,"column":65}},"72":{"start":{"line":132,"column":8},"end":{"line":132,"column":162}},"73":{"start":{"line":135,"column":4},"end":{"line":135,"column":31}},"74":{"start":{"line":138,"column":0},"end":{"line":138,"column":50}}},"branchMap":{"1":{"line":19,"type":"cond-expr","locations":[{"start":{"line":19,"column":70},"end":{"line":19,"column":73}},{"start":{"line":19,"column":76},"end":{"line":19,"column":92}}]},"2":{"line":19,"type":"binary-expr","locations":[{"start":{"line":19,"column":46},"end":{"line":19,"column":49}},{"start":{"line":19,"column":53},"end":{"line":19,"column":67}}]}},"l":{"3":1,"5":1,"7":1,"9":1,"11":1,"13":1,"15":1,"17":1,"19":4,"21":1,"23":1,"24":1,"26":1,"27":0,"28":0,"31":1,"34":1,"36":1,"37":1,"39":1,"40":0,"41":0,"44":1,"47":1,"49":1,"50":1,"52":1,"53":0,"54":0,"57":1,"60":1,"62":1,"63":1,"65":1,"66":0,"67":0,"70":1,"73":1,"75":1,"76":1,"78":1,"79":0,"80":0,"83":1,"86":1,"88":1,"89":1,"91":1,"92":2,"93":2,"96":1,"99":1,"101":1,"102":1,"104":1,"105":2,"106":2,"109":1,"112":1,"114":1,"115":1,"117":1,"118":0,"119":0,"122":1,"125":1,"127":1,"128":1,"130":1,"131":0,"132":0,"135":1,"138":1}},
"release/lib/server-types.js":{"path":"release/lib/server-types.js","s":{"1":1,"2":1,"3":1,"4":1,"5":1,"6":1,"7":1,"8":1,"9":1,"10":4,"11":1,"12":1,"13":1,"14":1,"15":1,"16":1,"17":1,"18":1,"19":1,"20":1,"21":14,"22":1,"23":1,"24":1,"25":1,"26":4,"27":4,"28":4,"29":4,"30":4,"31":4,"32":4,"33":1,"34":1,"35":1,"36":1,"37":1,"38":1,"39":1},"b":{"1":[4,0],"2":[4,4],"3":[1,1]},"f":{"1":4,"2":1,"3":14,"4":1,"5":4,"6":1},"fnMap":{"1":{"name":"_interopRequireDefault","line":19,"loc":{"start":{"line":19,"column":0},"end":{"line":19,"column":37}}},"2":{"name":"(anonymous_2)","line":21,"loc":{"start":{"line":21,"column":1},"end":{"line":21,"column":23}}},"3":{"name":"ServiceContext","line":32,"loc":{"start":{"line":32,"column":21},"end":{"line":32,"column":47}}},"4":{"name":"(anonymous_4)","line":38,"loc":{"start":{"line":38,"column":16},"end":{"line":38,"column":34}}},"5":{"name":"HttpError","line":41,"loc":{"start":{"line":41,"column":4},"end":{"line":41,"column":50}}},"6":{"name":"ReferencedResource","line":58,"loc":{"start":{"line":58,"column":25},"end":{"line":58,"column":75}}}},"statementMap":{"1":{"start":{"line":3,"column":0},"end":{"line":3,"column":79}},"2":{"start":{"line":5,"column":0},"end":{"line":5,"column":63}},"3":{"start":{"line":7,"column":0},"end":{"line":7,"column":93}},"4":{"start":{"line":9,"column":0},"end":{"line":9,"column":86}},"5":{"start":{"line":11,"column":0},"end":{"line":11,"column":59}},"6":{"start":{"line":13,"column":0},"end":{"line":13,"column":52}},"7":{"start":{"line":15,"column":0},"end":{"line":15,"column":71}},"8":{"start":{"line":17,"column":0},"end":{"line":17,"column":64}},"9":{"start":{"line":19,"column":0},"end":{"line":19,"column":95}},"10":{"start":{"line":19,"column":39},"end":{"line":19,"column":93}},"11":{"start":{"line":21,"column":0},"end":{"line":29,"column":52}},"12":{"start":{"line":22,"column":4},"end":{"line":22,"column":46}},"13":{"start":{"line":23,"column":4},"end":{"line":23,"column":48}},"14":{"start":{"line":24,"column":4},"end":{"line":24,"column":46}},"15":{"start":{"line":25,"column":4},"end":{"line":25,"column":52}},"16":{"start":{"line":26,"column":4},"end":{"line":26,"column":48}},"17":{"start":{"line":27,"column":4},"end":{"line":27,"column":54}},"18":{"start":{"line":28,"column":4},"end":{"line":28,"column":50}},"19":{"start":{"line":30,"column":0},"end":{"line":30,"column":36}},"20":{"start":{"line":32,"column":0},"end":{"line":34,"column":2}},"21":{"start":{"line":33,"column":4},"end":{"line":33,"column":56}},"22":{"start":{"line":36,"column":0},"end":{"line":36,"column":40}},"23":{"start":{"line":38,"column":0},"end":{"line":54,"column":9}},"24":{"start":{"line":39,"column":4},"end":{"line":39,"column":47}},"25":{"start":{"line":41,"column":4},"end":{"line":51,"column":5}},"26":{"start":{"line":42,"column":8},"end":{"line":42,"column":55}},"27":{"start":{"line":44,"column":8},"end":{"line":44,"column":129}},"28":{"start":{"line":46,"column":8},"end":{"line":46,"column":38}},"29":{"start":{"line":47,"column":8},"end":{"line":47,"column":32}},"30":{"start":{"line":48,"column":8},"end":{"line":48,"column":26}},"31":{"start":{"line":49,"column":8},"end":{"line":49,"column":40}},"32":{"start":{"line":50,"column":8},"end":{"line":50,"column":21}},"33":{"start":{"line":53,"column":4},"end":{"line":53,"column":21}},"34":{"start":{"line":56,"column":0},"end":{"line":56,"column":30}},"35":{"start":{"line":58,"column":0},"end":{"line":63,"column":2}},"36":{"start":{"line":59,"column":4},"end":{"line":59,"column":60}},"37":{"start":{"line":61,"column":4},"end":{"line":61,"column":29}},"38":{"start":{"line":62,"column":4},"end":{"line":62,"column":33}},"39":{"start":{"line":65,"column":0},"end":{"line":65,"column":48}}},"branchMap":{"1":{"line":19,"type":"cond-expr","locations":[{"start":{"line":19,"column":70},"end":{"line":19,"column":73}},{"start":{"line":19,"column":76},"end":{"line":19,"column":92}}]},"2":{"line":19,"type":"binary-expr","locations":[{"start":{"line":19,"column":46},"end":{"line":19,"column":49}},{"start":{"line":19,"column":53},"end":{"line":19,"column":67}}]},"3":{"line":29,"type":"binary-expr","locations":[{"start":{"line":29,"column":3},"end":{"line":29,"column":21}},{"start":{"line":29,"column":26},"end":{"line":29,"column":49}}]}},"l":{"3":1,"5":1,"7":1,"9":1,"11":1,"13":1,"15":1,"17":1,"19":4,"21":1,"22":1,"23":1,"24":1,"25":1,"26":1,"27":1,"28":1,"30":1,"32":1,"33":14,"36":1,"38":1,"39":1,"41":1,"42":4,"44":4,"46":4,"47":4,"48":4,"49":4,"50":4,"53":1,"56":1,"58":1,"59":1,"61":1,"62":1,"65":1}},
"release/lib/server-return.js":{"path":"release/lib/server-return.js","s":{"1":1,"2":1,"3":1,"4":1,"5":1,"6":1,"7":1,"8":1,"9":1,"10":4,"11":1,"12":1,"13":1,"14":1,"15":1,"16":1,"17":1,"18":1,"19":1,"20":1,"21":1,"22":0,"23":0,"24":1,"25":1,"26":1,"27":1,"28":1,"29":0,"30":0,"31":1,"32":1,"33":1,"34":1,"35":1,"36":0,"37":0,"38":1,"39":1},"b":{"1":[4,0],"2":[4,4]},"f":{"1":4,"2":1,"3":1,"4":1,"5":0,"6":1,"7":0,"8":1,"9":0},"fnMap":{"1":{"name":"_interopRequireDefault","line":19,"loc":{"start":{"line":19,"column":0},"end":{"line":19,"column":37}}},"2":{"name":"(anonymous_2)","line":23,"loc":{"start":{"line":23,"column":18},"end":{"line":23,"column":51}}},"3":{"name":"NewResource","line":26,"loc":{"start":{"line":26,"column":4},"end":{"line":26,"column":35}}},"4":{"name":"(anonymous_4)","line":36,"loc":{"start":{"line":36,"column":22},"end":{"line":36,"column":56}}},"5":{"name":"RequestAccepted","line":39,"loc":{"start":{"line":39,"column":4},"end":{"line":39,"column":39}}},"6":{"name":"(anonymous_6)","line":49,"loc":{"start":{"line":49,"column":23},"end":{"line":49,"column":57}}},"7":{"name":"MovedPermanently","line":52,"loc":{"start":{"line":52,"column":4},"end":{"line":52,"column":40}}},"8":{"name":"(anonymous_8)","line":62,"loc":{"start":{"line":62,"column":23},"end":{"line":62,"column":57}}},"9":{"name":"MovedTemporarily","line":65,"loc":{"start":{"line":65,"column":4},"end":{"line":65,"column":40}}}},"statementMap":{"1":{"start":{"line":3,"column":0},"end":{"line":3,"column":79}},"2":{"start":{"line":5,"column":0},"end":{"line":5,"column":63}},"3":{"start":{"line":7,"column":0},"end":{"line":7,"column":71}},"4":{"start":{"line":9,"column":0},"end":{"line":9,"column":64}},"5":{"start":{"line":11,"column":0},"end":{"line":11,"column":93}},"6":{"start":{"line":13,"column":0},"end":{"line":13,"column":86}},"7":{"start":{"line":15,"column":0},"end":{"line":15,"column":59}},"8":{"start":{"line":17,"column":0},"end":{"line":17,"column":52}},"9":{"start":{"line":19,"column":0},"end":{"line":19,"column":95}},"10":{"start":{"line":19,"column":39},"end":{"line":19,"column":93}},"11":{"start":{"line":21,"column":0},"end":{"line":21,"column":47}},"12":{"start":{"line":23,"column":0},"end":{"line":32,"column":37}},"13":{"start":{"line":24,"column":4},"end":{"line":24,"column":64}},"14":{"start":{"line":26,"column":4},"end":{"line":29,"column":5}},"15":{"start":{"line":27,"column":8},"end":{"line":27,"column":57}},"16":{"start":{"line":28,"column":8},"end":{"line":28,"column":132}},"17":{"start":{"line":31,"column":4},"end":{"line":31,"column":23}},"18":{"start":{"line":34,"column":0},"end":{"line":34,"column":34}},"19":{"start":{"line":36,"column":0},"end":{"line":45,"column":37}},"20":{"start":{"line":37,"column":4},"end":{"line":37,"column":69}},"21":{"start":{"line":39,"column":4},"end":{"line":42,"column":5}},"22":{"start":{"line":40,"column":8},"end":{"line":40,"column":61}},"23":{"start":{"line":41,"column":8},"end":{"line":41,"column":136}},"24":{"start":{"line":44,"column":4},"end":{"line":44,"column":27}},"25":{"start":{"line":47,"column":0},"end":{"line":47,"column":42}},"26":{"start":{"line":49,"column":0},"end":{"line":58,"column":37}},"27":{"start":{"line":50,"column":4},"end":{"line":50,"column":70}},"28":{"start":{"line":52,"column":4},"end":{"line":55,"column":5}},"29":{"start":{"line":53,"column":8},"end":{"line":53,"column":62}},"30":{"start":{"line":54,"column":8},"end":{"line":54,"column":137}},"31":{"start":{"line":57,"column":4},"end":{"line":57,"column":28}},"32":{"start":{"line":60,"column":0},"end":{"line":60,"column":44}},"33":{"start":{"line":62,"column":0},"end":{"line":71,"column":37}},"34":{"start":{"line":63,"column":4},"end":{"line":63,"column":70}},"35":{"start":{"line":65,"column":4},"end":{"line":68,"column":5}},"36":{"start":{"line":66,"column":8},"end":{"line":66,"column":62}},"37":{"start":{"line":67,"column":8},"end":{"line":67,"column":137}},"38":{"start":{"line":70,"column":4},"end":{"line":70,"column":28}},"39":{"start":{"line":73,"column":0},"end":{"line":73,"column":44}}},"branchMap":{"1":{"line":19,"type":"cond-expr","locations":[{"start":{"line":19,"column":70},"end":{"line":19,"column":73}},{"start":{"line":19,"column":76},"end":{"line":19,"column":92}}]},"2":{"line":19,"type":"binary-expr","locations":[{"start":{"line":19,"column":46},"end":{"line":19,"column":49}},{"start":{"line":19,"column":53},"end":{"line":19,"column":67}}]}},"l":{"3":1,"5":1,"7":1,"9":1,"11":1,"13":1,"15":1,"17":1,"19":4,"21":1,"23":1,"24":1,"26":1,"27":1,"28":1,"31":1,"34":1,"36":1,"37":1,"39":1,"40":0,"41":0,"44":1,"47":1,"49":1,"50":1,"52":1,"53":0,"54":0,"57":1,"60":1,"62":1,"63":1,"65":1,"66":0,"67":0,"70":1,"73":1}},
"release/lib/decorators.js":{"path":"release/lib/decorators.js","s":{"1":1,"2":1,"3":1,"4":1,"5":1,"6":2,"7":1,"8":1,"9":1,"10":1,"11":1,"12":10,"13":10,"14":2,"15":8,"16":8,"17":0,"18":1,"19":1,"20":1,"21":2,"22":1,"23":1,"24":1,"25":0,"26":0,"27":0,"28":1,"29":1,"30":1,"31":1,"32":1,"33":1,"34":0,"35":1,"36":1,"37":0,"38":1,"39":1,"40":1,"41":2,"42":1,"43":1,"44":1,"45":0,"46":0,"47":0,"48":0,"49":1,"50":1,"51":2,"52":6,"53":2,"54":0,"55":0,"56":2,"57":2,"58":2,"59":0,"60":1,"61":1,"62":1,"63":3,"64":1,"65":0,"66":0,"67":1,"68":1,"69":1,"70":0,"71":1,"72":1,"73":1,"74":3,"75":1,"76":0,"77":0,"78":1,"79":1,"80":1,"81":0,"82":1,"83":1,"84":1,"85":3,"86":1,"87":0,"88":0,"89":1,"90":1,"91":1,"92":0,"93":1,"94":1,"95":1,"96":3,"97":1,"98":0,"99":0,"100":1,"101":1,"102":1,"103":0,"104":1,"105":1,"106":6,"107":1,"108":1,"109":3,"110":1,"111":1,"112":2,"113":1,"114":1,"115":0,"116":1,"117":1,"118":0,"119":1,"120":1,"121":0,"122":1,"123":1,"124":0,"125":1,"126":1,"127":1,"128":1,"129":1,"130":1,"131":1,"132":1,"133":1,"134":1,"135":0,"136":0,"137":1,"138":1,"139":3,"140":3,"141":1,"142":1,"143":1,"144":1,"145":1,"146":1,"147":1,"148":1,"149":1,"150":1,"151":1,"152":1,"153":1,"154":1,"155":1,"156":1,"157":1,"158":0,"159":0,"160":0,"161":1,"162":0,"163":0,"164":1,"165":1,"166":1,"167":1,"168":1,"169":2,"170":2,"171":1,"172":8,"173":8,"174":8,"175":1,"176":14,"177":14,"178":14,"179":14,"180":15,"181":14,"182":1,"183":1,"184":1,"185":1,"186":11,"187":11,"188":11,"189":0,"190":11,"191":11,"192":1,"193":11,"194":11,"195":11,"196":1,"197":11,"198":16,"199":1,"200":15,"201":1,"202":14,"203":0,"204":14,"205":1,"206":0,"207":1,"208":13,"209":2,"210":0,"211":2,"212":0,"213":2},"b":{"1":[2,0],"2":[2,2],"3":[2,8],"4":[0,2],"5":[8,0],"6":[8,8],"7":[0,8],"8":[0,8],"9":[0,8],"10":[0,8],"11":[1,0],"12":[0,1],"13":[0,0],"14":[0,0],"15":[0,0],"16":[0,0],"17":[0,0],"18":[0,0],"19":[0,1],"20":[0,0],"21":[1,0],"22":[1,1],"23":[0,1],"24":[0,1],"25":[0,1],"26":[0,1],"27":[1,0],"28":[0,0],"29":[0,0],"30":[0,2],"31":[2,0],"32":[2,2],"33":[0,1],"34":[1,0],"35":[1,1],"36":[0,1],"37":[1,0],"38":[1,1],"39":[0,1],"40":[1,0],"41":[1,1],"42":[0,1],"43":[1,0],"44":[1,1],"45":[0,0],"46":[1,0],"47":[8,0],"48":[14,0],"49":[11,0],"50":[0,11],"51":[1,15],"52":[1,14],"53":[0,14],"54":[1,13],"55":[0,1],"56":[2,11],"57":[0,2],"58":[0,2]},"f":{"1":2,"2":10,"3":10,"4":1,"5":1,"6":1,"7":1,"8":1,"9":2,"10":1,"11":1,"12":1,"13":1,"14":6,"15":3,"16":2,"17":0,"18":0,"19":0,"20":0,"21":1,"22":1,"23":1,"24":1,"25":0,"26":0,"27":3,"28":3,"29":1,"30":1,"31":1,"32":1,"33":1,"34":1,"35":1,"36":0,"37":0,"38":1,"39":2,"40":8,"41":14,"42":1,"43":11,"44":11,"45":16},"fnMap":{"1":{"name":"_interopRequireDefault","line":11,"loc":{"start":{"line":11,"column":0},"end":{"line":11,"column":37}}},"2":{"name":"Path","line":17,"loc":{"start":{"line":17,"column":0},"end":{"line":17,"column":20}}},"3":{"name":"(anonymous_3)","line":18,"loc":{"start":{"line":18,"column":11},"end":{"line":18,"column":23}}},"4":{"name":"AcceptLanguage","line":28,"loc":{"start":{"line":28,"column":0},"end":{"line":28,"column":26}}},"5":{"name":"(anonymous_5)","line":33,"loc":{"start":{"line":33,"column":11},"end":{"line":33,"column":23}}},"6":{"name":"Accept","line":43,"loc":{"start":{"line":43,"column":0},"end":{"line":43,"column":18}}},"7":{"name":"(anonymous_7)","line":48,"loc":{"start":{"line":48,"column":11},"end":{"line":48,"column":23}}},"8":{"name":"Context","line":58,"loc":{"start":{"line":58,"column":0},"end":{"line":58,"column":19}}},"9":{"name":"ContextRequest","line":73,"loc":{"start":{"line":73,"column":0},"end":{"line":73,"column":26}}},"10":{"name":"ContextResponse","line":88,"loc":{"start":{"line":88,"column":0},"end":{"line":88,"column":27}}},"11":{"name":"ContextNext","line":103,"loc":{"start":{"line":103,"column":0},"end":{"line":103,"column":23}}},"12":{"name":"ContextLanguage","line":118,"loc":{"start":{"line":118,"column":0},"end":{"line":118,"column":27}}},"13":{"name":"ContextAccept","line":133,"loc":{"start":{"line":133,"column":0},"end":{"line":133,"column":25}}},"14":{"name":"GET","line":148,"loc":{"start":{"line":148,"column":0},"end":{"line":148,"column":46}}},"15":{"name":"POST","line":152,"loc":{"start":{"line":152,"column":0},"end":{"line":152,"column":47}}},"16":{"name":"PUT","line":156,"loc":{"start":{"line":156,"column":0},"end":{"line":156,"column":46}}},"17":{"name":"DELETE","line":160,"loc":{"start":{"line":160,"column":0},"end":{"line":160,"column":49}}},"18":{"name":"HEAD","line":164,"loc":{"start":{"line":164,"column":0},"end":{"line":164,"column":47}}},"19":{"name":"OPTIONS","line":168,"loc":{"start":{"line":168,"column":0},"end":{"line":168,"column":50}}},"20":{"name":"PATCH","line":172,"loc":{"start":{"line":172,"column":0},"end":{"line":172,"column":48}}},"21":{"name":"PathParam","line":176,"loc":{"start":{"line":176,"column":0},"end":{"line":176,"column":25}}},"22":{"name":"(anonymous_22)","line":177,"loc":{"start":{"line":177,"column":11},"end":{"line":177,"column":58}}},"23":{"name":"FileParam","line":182,"loc":{"start":{"line":182,"column":0},"end":{"line":182,"column":25}}},"24":{"name":"(anonymous_24)","line":183,"loc":{"start":{"line":183,"column":11},"end":{"line":183,"column":58}}},"25":{"name":"FilesParam","line":188,"loc":{"start":{"line":188,"column":0},"end":{"line":188,"column":26}}},"26":{"name":"(anonymous_26)","line":189,"loc":{"start":{"line":189,"column":11},"end":{"line":189,"column":58}}},"27":{"name":"QueryParam","line":194,"loc":{"start":{"line":194,"column":0},"end":{"line":194,"column":26}}},"28":{"name":"(anonymous_28)","line":195,"loc":{"start":{"line":195,"column":11},"end":{"line":195,"column":58}}},"29":{"name":"HeaderParam","line":200,"loc":{"start":{"line":200,"column":0},"end":{"line":200,"column":27}}},"30":{"name":"(anonymous_30)","line":201,"loc":{"start":{"line":201,"column":11},"end":{"line":201,"column":58}}},"31":{"name":"CookieParam","line":206,"loc":{"start":{"line":206,"column":0},"end":{"line":206,"column":27}}},"32":{"name":"(anonymous_32)","line":207,"loc":{"start":{"line":207,"column":11},"end":{"line":207,"column":58}}},"33":{"name":"FormParam","line":212,"loc":{"start":{"line":212,"column":0},"end":{"line":212,"column":25}}},"34":{"name":"(anonymous_34)","line":213,"loc":{"start":{"line":213,"column":11},"end":{"line":213,"column":58}}},"35":{"name":"AcceptLanguageTypeDecorator","line":218,"loc":{"start":{"line":218,"column":0},"end":{"line":218,"column":56}}},"36":{"name":"AcceptLanguageMethodDecorator","line":222,"loc":{"start":{"line":222,"column":0},"end":{"line":222,"column":83}}},"37":{"name":"AcceptTypeDecorator","line":228,"loc":{"start":{"line":228,"column":0},"end":{"line":228,"column":46}}},"38":{"name":"AcceptMethodDecorator","line":232,"loc":{"start":{"line":232,"column":0},"end":{"line":232,"column":73}}},"39":{"name":"PathTypeDecorator","line":238,"loc":{"start":{"line":238,"column":0},"end":{"line":238,"column":41}}},"40":{"name":"PathMethodDecorator","line":242,"loc":{"start":{"line":242,"column":0},"end":{"line":242,"column":68}}},"41":{"name":"processDecoratedParameter","line":248,"loc":{"start":{"line":248,"column":0},"end":{"line":248,"column":89}}},"42":{"name":"processDecoratedProperty","line":258,"loc":{"start":{"line":258,"column":0},"end":{"line":258,"column":58}}},"43":{"name":"processHttpVerb","line":262,"loc":{"start":{"line":262,"column":0},"end":{"line":262,"column":58}}},"44":{"name":"processServiceMethod","line":272,"loc":{"start":{"line":272,"column":0},"end":{"line":272,"column":66}}},"45":{"name":"(anonymous_45)","line":278,"loc":{"start":{"line":278,"column":37},"end":{"line":278,"column":54}}}},"statementMap":{"1":{"start":{"line":3,"column":0},"end":{"line":3,"column":73}},"2":{"start":{"line":5,"column":0},"end":{"line":5,"column":57}},"3":{"start":{"line":7,"column":0},"end":{"line":7,"column":55}},"4":{"start":{"line":9,"column":0},"end":{"line":9,"column":48}},"5":{"start":{"line":11,"column":0},"end":{"line":11,"column":95}},"6":{"start":{"line":11,"column":39},"end":{"line":11,"column":93}},"7":{"start":{"line":13,"column":0},"end":{"line":13,"column":55}},"8":{"start":{"line":14,"column":0},"end":{"line":14,"column":47}},"9":{"start":{"line":15,"column":0},"end":{"line":15,"column":37}},"10":{"start":{"line":16,"column":0},"end":{"line":16,"column":28}},"11":{"start":{"line":17,"column":0},"end":{"line":26,"column":1}},"12":{"start":{"line":18,"column":4},"end":{"line":25,"column":6}},"13":{"start":{"line":19,"column":8},"end":{"line":23,"column":9}},"14":{"start":{"line":20,"column":12},"end":{"line":20,"column":107}},"15":{"start":{"line":21,"column":15},"end":{"line":23,"column":9}},"16":{"start":{"line":22,"column":12},"end":{"line":22,"column":209}},"17":{"start":{"line":24,"column":8},"end":{"line":24,"column":64}},"18":{"start":{"line":27,"column":0},"end":{"line":27,"column":20}},"19":{"start":{"line":28,"column":0},"end":{"line":41,"column":1}},"20":{"start":{"line":29,"column":4},"end":{"line":31,"column":5}},"21":{"start":{"line":30,"column":8},"end":{"line":30,"column":42}},"22":{"start":{"line":33,"column":4},"end":{"line":40,"column":6}},"23":{"start":{"line":34,"column":8},"end":{"line":38,"column":9}},"24":{"start":{"line":35,"column":12},"end":{"line":35,"column":122}},"25":{"start":{"line":36,"column":15},"end":{"line":38,"column":9}},"26":{"start":{"line":37,"column":12},"end":{"line":37,"column":224}},"27":{"start":{"line":39,"column":8},"end":{"line":39,"column":74}},"28":{"start":{"line":42,"column":0},"end":{"line":42,"column":40}},"29":{"start":{"line":43,"column":0},"end":{"line":56,"column":1}},"30":{"start":{"line":44,"column":4},"end":{"line":46,"column":5}},"31":{"start":{"line":45,"column":8},"end":{"line":45,"column":42}},"32":{"start":{"line":48,"column":4},"end":{"line":55,"column":6}},"33":{"start":{"line":49,"column":8},"end":{"line":53,"column":9}},"34":{"start":{"line":50,"column":12},"end":{"line":50,"column":112}},"35":{"start":{"line":51,"column":15},"end":{"line":53,"column":9}},"36":{"start":{"line":52,"column":12},"end":{"line":52,"column":214}},"37":{"start":{"line":54,"column":8},"end":{"line":54,"column":66}},"38":{"start":{"line":57,"column":0},"end":{"line":57,"column":24}},"39":{"start":{"line":58,"column":0},"end":{"line":71,"column":1}},"40":{"start":{"line":59,"column":4},"end":{"line":61,"column":5}},"41":{"start":{"line":60,"column":8},"end":{"line":60,"column":39}},"42":{"start":{"line":63,"column":4},"end":{"line":69,"column":5}},"43":{"start":{"line":64,"column":8},"end":{"line":64,"column":64}},"44":{"start":{"line":65,"column":8},"end":{"line":65,"column":61}},"45":{"start":{"line":66,"column":11},"end":{"line":69,"column":5}},"46":{"start":{"line":67,"column":8},"end":{"line":67,"column":71}},"47":{"start":{"line":68,"column":8},"end":{"line":68,"column":63}},"48":{"start":{"line":70,"column":4},"end":{"line":70,"column":63}},"49":{"start":{"line":72,"column":0},"end":{"line":72,"column":26}},"50":{"start":{"line":73,"column":0},"end":{"line":86,"column":1}},"51":{"start":{"line":74,"column":4},"end":{"line":76,"column":5}},"52":{"start":{"line":75,"column":8},"end":{"line":75,"column":39}},"53":{"start":{"line":78,"column":4},"end":{"line":84,"column":5}},"54":{"start":{"line":79,"column":8},"end":{"line":79,"column":72}},"55":{"start":{"line":80,"column":8},"end":{"line":80,"column":61}},"56":{"start":{"line":81,"column":11},"end":{"line":84,"column":5}},"57":{"start":{"line":82,"column":8},"end":{"line":82,"column":80}},"58":{"start":{"line":83,"column":8},"end":{"line":83,"column":64}},"59":{"start":{"line":85,"column":4},"end":{"line":85,"column":70}},"60":{"start":{"line":87,"column":0},"end":{"line":87,"column":40}},"61":{"start":{"line":88,"column":0},"end":{"line":101,"column":1}},"62":{"start":{"line":89,"column":4},"end":{"line":91,"column":5}},"63":{"start":{"line":90,"column":8},"end":{"line":90,"column":39}},"64":{"start":{"line":93,"column":4},"end":{"line":99,"column":5}},"65":{"start":{"line":94,"column":8},"end":{"line":94,"column":73}},"66":{"start":{"line":95,"column":8},"end":{"line":95,"column":61}},"67":{"start":{"line":96,"column":11},"end":{"line":99,"column":5}},"68":{"start":{"line":97,"column":8},"end":{"line":97,"column":81}},"69":{"start":{"line":98,"column":8},"end":{"line":98,"column":64}},"70":{"start":{"line":100,"column":4},"end":{"line":100,"column":71}},"71":{"start":{"line":102,"column":0},"end":{"line":102,"column":42}},"72":{"start":{"line":103,"column":0},"end":{"line":116,"column":1}},"73":{"start":{"line":104,"column":4},"end":{"line":106,"column":5}},"74":{"start":{"line":105,"column":8},"end":{"line":105,"column":39}},"75":{"start":{"line":108,"column":4},"end":{"line":114,"column":5}},"76":{"start":{"line":109,"column":8},"end":{"line":109,"column":69}},"77":{"start":{"line":110,"column":8},"end":{"line":110,"column":61}},"78":{"start":{"line":111,"column":11},"end":{"line":114,"column":5}},"79":{"start":{"line":112,"column":8},"end":{"line":112,"column":77}},"80":{"start":{"line":113,"column":8},"end":{"line":113,"column":64}},"81":{"start":{"line":115,"column":4},"end":{"line":115,"column":67}},"82":{"start":{"line":117,"column":0},"end":{"line":117,"column":34}},"83":{"start":{"line":118,"column":0},"end":{"line":131,"column":1}},"84":{"start":{"line":119,"column":4},"end":{"line":121,"column":5}},"85":{"start":{"line":120,"column":8},"end":{"line":120,"column":39}},"86":{"start":{"line":123,"column":4},"end":{"line":129,"column":5}},"87":{"start":{"line":124,"column":8},"end":{"line":124,"column":80}},"88":{"start":{"line":125,"column":8},"end":{"line":125,"column":61}},"89":{"start":{"line":126,"column":11},"end":{"line":129,"column":5}},"90":{"start":{"line":127,"column":8},"end":{"line":127,"column":88}},"91":{"start":{"line":128,"column":8},"end":{"line":128,"column":64}},"92":{"start":{"line":130,"column":4},"end":{"line":130,"column":71}},"93":{"start":{"line":132,"column":0},"end":{"line":132,"column":42}},"94":{"start":{"line":133,"column":0},"end":{"line":146,"column":1}},"95":{"start":{"line":134,"column":4},"end":{"line":136,"column":5}},"96":{"start":{"line":135,"column":8},"end":{"line":135,"column":39}},"97":{"start":{"line":138,"column":4},"end":{"line":144,"column":5}},"98":{"start":{"line":139,"column":8},"end":{"line":139,"column":71}},"99":{"start":{"line":140,"column":8},"end":{"line":140,"column":61}},"100":{"start":{"line":141,"column":11},"end":{"line":144,"column":5}},"101":{"start":{"line":142,"column":8},"end":{"line":142,"column":79}},"102":{"start":{"line":143,"column":8},"end":{"line":143,"column":64}},"103":{"start":{"line":145,"column":4},"end":{"line":145,"column":69}},"104":{"start":{"line":147,"column":0},"end":{"line":147,"column":38}},"105":{"start":{"line":148,"column":0},"end":{"line":150,"column":1}},"106":{"start":{"line":149,"column":4},"end":{"line":149,"column":72}},"107":{"start":{"line":151,"column":0},"end":{"line":151,"column":18}},"108":{"start":{"line":152,"column":0},"end":{"line":154,"column":1}},"109":{"start":{"line":153,"column":4},"end":{"line":153,"column":73}},"110":{"start":{"line":155,"column":0},"end":{"line":155,"column":20}},"111":{"start":{"line":156,"column":0},"end":{"line":158,"column":1}},"112":{"start":{"line":157,"column":4},"end":{"line":157,"column":72}},"113":{"start":{"line":159,"column":0},"end":{"line":159,"column":18}},"114":{"start":{"line":160,"column":0},"end":{"line":162,"column":1}},"115":{"start":{"line":161,"column":4},"end":{"line":161,"column":75}},"116":{"start":{"line":163,"column":0},"end":{"line":163,"column":24}},"117":{"start":{"line":164,"column":0},"end":{"line":166,"column":1}},"118":{"start":{"line":165,"column":4},"end":{"line":165,"column":73}},"119":{"start":{"line":167,"column":0},"end":{"line":167,"column":20}},"120":{"start":{"line":168,"column":0},"end":{"line":170,"column":1}},"121":{"start":{"line":169,"column":4},"end":{"line":169,"column":76}},"122":{"start":{"line":171,"column":0},"end":{"line":171,"column":26}},"123":{"start":{"line":172,"column":0},"end":{"line":174,"column":1}},"124":{"start":{"line":173,"column":4},"end":{"line":173,"column":74}},"125":{"start":{"line":175,"column":0},"end":{"line":175,"column":22}},"126":{"start":{"line":176,"column":0},"end":{"line":180,"column":1}},"127":{"start":{"line":177,"column":4},"end":{"line":179,"column":6}},"128":{"start":{"line":178,"column":8},"end":{"line":178,"column":102}},"129":{"start":{"line":181,"column":0},"end":{"line":181,"column":30}},"130":{"start":{"line":182,"column":0},"end":{"line":186,"column":1}},"131":{"start":{"line":183,"column":4},"end":{"line":185,"column":6}},"132":{"start":{"line":184,"column":8},"end":{"line":184,"column":102}},"133":{"start":{"line":187,"column":0},"end":{"line":187,"column":30}},"134":{"start":{"line":188,"column":0},"end":{"line":192,"column":1}},"135":{"start":{"line":189,"column":4},"end":{"line":191,"column":6}},"136":{"start":{"line":190,"column":8},"end":{"line":190,"column":103}},"137":{"start":{"line":193,"column":0},"end":{"line":193,"column":32}},"138":{"start":{"line":194,"column":0},"end":{"line":198,"column":1}},"139":{"start":{"line":195,"column":4},"end":{"line":197,"column":6}},"140":{"start":{"line":196,"column":8},"end":{"line":196,"column":103}},"141":{"start":{"line":199,"column":0},"end":{"line":199,"column":32}},"142":{"start":{"line":200,"column":0},"end":{"line":204,"column":1}},"143":{"start":{"line":201,"column":4},"end":{"line":203,"column":6}},"144":{"start":{"line":202,"column":8},"end":{"line":202,"column":104}},"145":{"start":{"line":205,"column":0},"end":{"line":205,"column":34}},"146":{"start":{"line":206,"column":0},"end":{"line":210,"column":1}},"147":{"start":{"line":207,"column":4},"end":{"line":209,"column":6}},"148":{"start":{"line":208,"column":8},"end":{"line":208,"column":104}},"149":{"start":{"line":211,"column":0},"end":{"line":211,"column":34}},"150":{"start":{"line":212,"column":0},"end":{"line":216,"column":1}},"151":{"start":{"line":213,"column":4},"end":{"line":215,"column":6}},"152":{"start":{"line":214,"column":8},"end":{"line":214,"column":102}},"153":{"start":{"line":217,"column":0},"end":{"line":217,"column":30}},"154":{"start":{"line":218,"column":0},"end":{"line":221,"column":1}},"155":{"start":{"line":219,"column":4},"end":{"line":219,"column":83}},"156":{"start":{"line":220,"column":4},"end":{"line":220,"column":36}},"157":{"start":{"line":222,"column":0},"end":{"line":227,"column":1}},"158":{"start":{"line":223,"column":4},"end":{"line":223,"column":101}},"159":{"start":{"line":224,"column":4},"end":{"line":226,"column":5}},"160":{"start":{"line":225,"column":8},"end":{"line":225,"column":44}},"161":{"start":{"line":228,"column":0},"end":{"line":231,"column":1}},"162":{"start":{"line":229,"column":4},"end":{"line":229,"column":83}},"163":{"start":{"line":230,"column":4},"end":{"line":230,"column":32}},"164":{"start":{"line":232,"column":0},"end":{"line":237,"column":1}},"165":{"start":{"line":233,"column":4},"end":{"line":233,"column":101}},"166":{"start":{"line":234,"column":4},"end":{"line":236,"column":5}},"167":{"start":{"line":235,"column":8},"end":{"line":235,"column":40}},"168":{"start":{"line":238,"column":0},"end":{"line":241,"column":1}},"169":{"start":{"line":239,"column":4},"end":{"line":239,"column":83}},"170":{"start":{"line":240,"column":4},"end":{"line":240,"column":26}},"171":{"start":{"line":242,"column":0},"end":{"line":247,"column":1}},"172":{"start":{"line":243,"column":4},"end":{"line":243,"column":101}},"173":{"start":{"line":244,"column":4},"end":{"line":246,"column":5}},"174":{"start":{"line":245,"column":8},"end":{"line":245,"column":34}},"175":{"start":{"line":248,"column":0},"end":{"line":257,"column":1}},"176":{"start":{"line":249,"column":4},"end":{"line":249,"column":113}},"177":{"start":{"line":250,"column":4},"end":{"line":256,"column":5}},"178":{"start":{"line":251,"column":8},"end":{"line":251,"column":94}},"179":{"start":{"line":252,"column":8},"end":{"line":254,"column":9}},"180":{"start":{"line":253,"column":12},"end":{"line":253,"column":144}},"181":{"start":{"line":255,"column":8},"end":{"line":255,"column":121}},"182":{"start":{"line":258,"column":0},"end":{"line":261,"column":1}},"183":{"start":{"line":259,"column":4},"end":{"line":259,"column":95}},"184":{"start":{"line":260,"column":4},"end":{"line":260,"column":42}},"185":{"start":{"line":262,"column":0},"end":{"line":271,"column":1}},"186":{"start":{"line":263,"column":4},"end":{"line":263,"column":101}},"187":{"start":{"line":264,"column":4},"end":{"line":270,"column":5}},"188":{"start":{"line":265,"column":8},"end":{"line":267,"column":9}},"189":{"start":{"line":266,"column":12},"end":{"line":266,"column":143}},"190":{"start":{"line":268,"column":8},"end":{"line":268,"column":46}},"191":{"start":{"line":269,"column":8},"end":{"line":269,"column":65}},"192":{"start":{"line":272,"column":0},"end":{"line":300,"column":1}},"193":{"start":{"line":273,"column":4},"end":{"line":273,"column":37}},"194":{"start":{"line":274,"column":4},"end":{"line":274,"column":90}},"195":{"start":{"line":275,"column":4},"end":{"line":277,"column":5}},"196":{"start":{"line":276,"column":8},"end":{"line":276,"column":140}},"197":{"start":{"line":278,"column":4},"end":{"line":299,"column":7}},"198":{"start":{"line":279,"column":8},"end":{"line":298,"column":9}},"199":{"start":{"line":280,"column":12},"end":{"line":280,"column":50}},"200":{"start":{"line":281,"column":15},"end":{"line":298,"column":9}},"201":{"start":{"line":282,"column":12},"end":{"line":282,"column":79}},"202":{"start":{"line":283,"column":15},"end":{"line":298,"column":9}},"203":{"start":{"line":284,"column":12},"end":{"line":284,"column":80}},"204":{"start":{"line":285,"column":15},"end":{"line":298,"column":9}},"205":{"start":{"line":286,"column":12},"end":{"line":288,"column":13}},"206":{"start":{"line":287,"column":16},"end":{"line":287,"column":101}},"207":{"start":{"line":289,"column":12},"end":{"line":289,"column":48}},"208":{"start":{"line":290,"column":15},"end":{"line":298,"column":9}},"209":{"start":{"line":291,"column":12},"end":{"line":293,"column":13}},"210":{"start":{"line":292,"column":16},"end":{"line":292,"column":101}},"211":{"start":{"line":294,"column":12},"end":{"line":296,"column":13}},"212":{"start":{"line":295,"column":16},"end":{"line":295,"column":92}},"213":{"start":{"line":297,"column":12},"end":{"line":297,"column":47}}},"branchMap":{"1":{"line":11,"type":"cond-expr","locations":[{"start":{"line":11,"column":70},"end":{"line":11,"column":73}},{"start":{"line":11,"column":76},"end":{"line":11,"column":92}}]},"2":{"line":11,"type":"binary-expr","locations":[{"start":{"line":11,"column":46},"end":{"line":11,"column":49}},{"start":{"line":11,"column":53},"end":{"line":11,"column":67}}]},"3":{"line":19,"type":"if","locations":[{"start":{"line":19,"column":8},"end":{"line":19,"column":8}},{"start":{"line":19,"column":8},"end":{"line":19,"column":8}}]},"4":{"line":20,"type":"cond-expr","locations":[{"start":{"line":20,"column":74},"end":{"line":20,"column":83}},{"start":{"line":20,"column":86},"end":{"line":20,"column":98}}]},"5":{"line":21,"type":"if","locations":[{"start":{"line":21,"column":15},"end":{"line":21,"column":15}},{"start":{"line":21,"column":15},"end":{"line":21,"column":15}}]},"6":{"line":21,"type":"binary-expr","locations":[{"start":{"line":21,"column":19},"end":{"line":21,"column":40}},{"start":{"line":21,"column":44},"end":{"line":21,"column":128}}]},"7":{"line":21,"type":"cond-expr","locations":[{"start":{"line":21,"column":90},"end":{"line":21,"column":99}},{"start":{"line":21,"column":102},"end":{"line":21,"column":114}}]},"8":{"line":22,"type":"cond-expr","locations":[{"start":{"line":22,"column":76},"end":{"line":22,"column":85}},{"start":{"line":22,"column":88},"end":{"line":22,"column":100}}]},"9":{"line":22,"type":"cond-expr","locations":[{"start":{"line":22,"column":126},"end":{"line":22,"column":135}},{"start":{"line":22,"column":138},"end":{"line":22,"column":150}}]},"10":{"line":22,"type":"cond-expr","locations":[{"start":{"line":22,"column":176},"end":{"line":22,"column":185}},{"start":{"line":22,"column":188},"end":{"line":22,"column":200}}]},"11":{"line":34,"type":"if","locations":[{"start":{"line":34,"column":8},"end":{"line":34,"column":8}},{"start":{"line":34,"column":8},"end":{"line":34,"column":8}}]},"12":{"line":35,"type":"cond-expr","locations":[{"start":{"line":35,"column":84},"end":{"line":35,"column":93}},{"start":{"line":35,"column":96},"end":{"line":35,"column":108}}]},"13":{"line":36,"type":"if","locations":[{"start":{"line":36,"column":15},"end":{"line":36,"column":15}},{"start":{"line":36,"column":15},"end":{"line":36,"column":15}}]},"14":{"line":36,"type":"binary-expr","locations":[{"start":{"line":36,"column":19},"end":{"line":36,"column":40}},{"start":{"line":36,"column":44},"end":{"line":36,"column":128}}]},"15":{"line":36,"type":"cond-expr","locations":[{"start":{"line":36,"column":90},"end":{"line":36,"column":99}},{"start":{"line":36,"column":102},"end":{"line":36,"column":114}}]},"16":{"line":37,"type":"cond-expr","locations":[{"start":{"line":37,"column":86},"end":{"line":37,"column":95}},{"start":{"line":37,"column":98},"end":{"line":37,"column":110}}]},"17":{"line":37,"type":"cond-expr","locations":[{"start":{"line":37,"column":136},"end":{"line":37,"column":145}},{"start":{"line":37,"column":148},"end":{"line":37,"column":160}}]},"18":{"line":37,"type":"cond-expr","locations":[{"start":{"line":37,"column":186},"end":{"line":37,"column":195}},{"start":{"line":37,"column":198},"end":{"line":37,"column":210}}]},"19":{"line":49,"type":"if","locations":[{"start":{"line":49,"column":8},"end":{"line":49,"column":8}},{"start":{"line":49,"column":8},"end":{"line":49,"column":8}}]},"20":{"line":50,"type":"cond-expr","locations":[{"start":{"line":50,"column":76},"end":{"line":50,"column":85}},{"start":{"line":50,"column":88},"end":{"line":50,"column":100}}]},"21":{"line":51,"type":"if","locations":[{"start":{"line":51,"column":15},"end":{"line":51,"column":15}},{"start":{"line":51,"column":15},"end":{"line":51,"column":15}}]},"22":{"line":51,"type":"binary-expr","locations":[{"start":{"line":51,"column":19},"end":{"line":51,"column":40}},{"start":{"line":51,"column":44},"end":{"line":51,"column":128}}]},"23":{"line":51,"type":"cond-expr","locations":[{"start":{"line":51,"column":90},"end":{"line":51,"column":99}},{"start":{"line":51,"column":102},"end":{"line":51,"column":114}}]},"24":{"line":52,"type":"cond-expr","locations":[{"start":{"line":52,"column":78},"end":{"line":52,"column":87}},{"start":{"line":52,"column":90},"end":{"line":52,"column":102}}]},"25":{"line":52,"type":"cond-expr","locations":[{"start":{"line":52,"column":128},"end":{"line":52,"column":137}},{"start":{"line":52,"column":140},"end":{"line":52,"column":152}}]},"26":{"line":52,"type":"cond-expr","locations":[{"start":{"line":52,"column":178},"end":{"line":52,"column":187}},{"start":{"line":52,"column":190},"end":{"line":52,"column":202}}]},"27":{"line":63,"type":"if","locations":[{"start":{"line":63,"column":4},"end":{"line":63,"column":4}},{"start":{"line":63,"column":4},"end":{"line":63,"column":4}}]},"28":{"line":66,"type":"if","locations":[{"start":{"line":66,"column":11},"end":{"line":66,"column":11}},{"start":{"line":66,"column":11},"end":{"line":66,"column":11}}]},"29":{"line":66,"type":"binary-expr","locations":[{"start":{"line":66,"column":15},"end":{"line":66,"column":31}},{"start":{"line":66,"column":35},"end":{"line":66,"column":62}}]},"30":{"line":78,"type":"if","locations":[{"start":{"line":78,"column":4},"end":{"line":78,"column":4}},{"start":{"line":78,"column":4},"end":{"line":78,"column":4}}]},"31":{"line":81,"type":"if","locations":[{"start":{"line":81,"column":11},"end":{"line":81,"column":11}},{"start":{"line":81,"column":11},"end":{"line":81,"column":11}}]},"32":{"line":81,"type":"binary-expr","locations":[{"start":{"line":81,"column":15},"end":{"line":81,"column":31}},{"start":{"line":81,"column":35},"end":{"line":81,"column":62}}]},"33":{"line":93,"type":"if","locations":[{"start":{"line":93,"column":4},"end":{"line":93,"column":4}},{"start":{"line":93,"column":4},"end":{"line":93,"column":4}}]},"34":{"line":96,"type":"if","locations":[{"start":{"line":96,"column":11},"end":{"line":96,"column":11}},{"start":{"line":96,"column":11},"end":{"line":96,"column":11}}]},"35":{"line":96,"type":"binary-expr","locations":[{"start":{"line":96,"column":15},"end":{"line":96,"column":31}},{"start":{"line":96,"column":35},"end":{"line":96,"column":62}}]},"36":{"line":108,"type":"if","locations":[{"start":{"line":108,"column":4},"end":{"line":108,"column":4}},{"start":{"line":108,"column":4},"end":{"line":108,"column":4}}]},"37":{"line":111,"type":"if","locations":[{"start":{"line":111,"column":11},"end":{"line":111,"column":11}},{"start":{"line":111,"column":11},"end":{"line":111,"column":11}}]},"38":{"line":111,"type":"binary-expr","locations":[{"start":{"line":111,"column":15},"end":{"line":111,"column":31}},{"start":{"line":111,"column":35},"end":{"line":111,"column":62}}]},"39":{"line":123,"type":"if","locations":[{"start":{"line":123,"column":4},"end":{"line":123,"column":4}},{"start":{"line":123,"column":4},"end":{"line":123,"column":4}}]},"40":{"line":126,"type":"if","locations":[{"start":{"line":126,"column":11},"end":{"line":126,"column":11}},{"start":{"line":126,"column":11},"end":{"line":126,"column":11}}]},"41":{"line":126,"type":"binary-expr","locations":[{"start":{"line":126,"column":15},"end":{"line":126,"column":31}},{"start":{"line":126,"column":35},"end":{"line":126,"column":62}}]},"42":{"line":138,"type":"if","locations":[{"start":{"line":138,"column":4},"end":{"line":138,"column":4}},{"start":{"line":138,"column":4},"end":{"line":138,"column":4}}]},"43":{"line":141,"type":"if","locations":[{"start":{"line":141,"column":11},"end":{"line":141,"column":11}},{"start":{"line":141,"column":11},"end":{"line":141,"column":11}}]},"44":{"line":141,"type":"binary-expr","locations":[{"start":{"line":141,"column":15},"end":{"line":141,"column":31}},{"start":{"line":141,"column":35},"end":{"line":141,"column":62}}]},"45":{"line":224,"type":"if","locations":[{"start":{"line":224,"column":4},"end":{"line":224,"column":4}},{"start":{"line":224,"column":4},"end":{"line":224,"column":4}}]},"46":{"line":234,"type":"if","locations":[{"start":{"line":234,"column":4},"end":{"line":234,"column":4}},{"start":{"line":234,"column":4},"end":{"line":234,"column":4}}]},"47":{"line":244,"type":"if","locations":[{"start":{"line":244,"column":4},"end":{"line":244,"column":4}},{"start":{"line":244,"column":4},"end":{"line":244,"column":4}}]},"48":{"line":250,"type":"if","locations":[{"start":{"line":250,"column":4},"end":{"line":250,"column":4}},{"start":{"line":250,"column":4},"end":{"line":250,"column":4}}]},"49":{"line":264,"type":"if","locations":[{"start":{"line":264,"column":4},"end":{"line":264,"column":4}},{"start":{"line":264,"column":4},"end":{"line":264,"column":4}}]},"50":{"line":265,"type":"if","locations":[{"start":{"line":265,"column":8},"end":{"line":265,"column":8}},{"start":{"line":265,"column":8},"end":{"line":265,"column":8}}]},"51":{"line":279,"type":"if","locations":[{"start":{"line":279,"column":8},"end":{"line":279,"column":8}},{"start":{"line":279,"column":8},"end":{"line":279,"column":8}}]},"52":{"line":281,"type":"if","locations":[{"start":{"line":281,"column":15},"end":{"line":281,"column":15}},{"start":{"line":281,"column":15},"end":{"line":281,"column":15}}]},"53":{"line":283,"type":"if","locations":[{"start":{"line":283,"column":15},"end":{"line":283,"column":15}},{"start":{"line":283,"column":15},"end":{"line":283,"column":15}}]},"54":{"line":285,"type":"if","locations":[{"start":{"line":285,"column":15},"end":{"line":285,"column":15}},{"start":{"line":285,"column":15},"end":{"line":285,"column":15}}]},"55":{"line":286,"type":"if","locations":[{"start":{"line":286,"column":12},"end":{"line":286,"column":12}},{"start":{"line":286,"column":12},"end":{"line":286,"column":12}}]},"56":{"line":290,"type":"if","locations":[{"start":{"line":290,"column":15},"end":{"line":290,"column":15}},{"start":{"line":290,"column":15},"end":{"line":290,"column":15}}]},"57":{"line":291,"type":"if","locations":[{"start":{"line":291,"column":12},"end":{"line":291,"column":12}},{"start":{"line":291,"column":12},"end":{"line":291,"column":12}}]},"58":{"line":294,"type":"if","locations":[{"start":{"line":294,"column":12},"end":{"line":294,"column":12}},{"start":{"line":294,"column":12},"end":{"line":294,"column":12}}]}},"l":{"3":1,"5":1,"7":1,"9":1,"11":2,"13":1,"14":1,"15":1,"16":1,"17":1,"18":10,"19":10,"20":2,"21":8,"22":8,"24":0,"27":1,"28":1,"29":1,"30":2,"33":1,"34":1,"35":1,"36":0,"37":0,"39":0,"42":1,"43":1,"44":1,"45":1,"48":1,"49":1,"50":0,"51":1,"52":1,"54":0,"57":1,"58":1,"59":1,"60":2,"63":1,"64":1,"65":1,"66":0,"67":0,"68":0,"70":0,"72":1,"73":1,"74":2,"75":6,"78":2,"79":0,"80":0,"81":2,"82":2,"83":2,"85":0,"87":1,"88":1,"89":1,"90":3,"93":1,"94":0,"95":0,"96":1,"97":1,"98":1,"100":0,"102":1,"103":1,"104":1,"105":3,"108":1,"109":0,"110":0,"111":1,"112":1,"113":1,"115":0,"117":1,"118":1,"119":1,"120":3,"123":1,"124":0,"125":0,"126":1,"127":1,"128":1,"130":0,"132":1,"133":1,"134":1,"135":3,"138":1,"139":0,"140":0,"141":1,"142":1,"143":1,"145":0,"147":1,"148":1,"149":6,"151":1,"152":1,"153":3,"155":1,"156":1,"157":2,"159":1,"160":1,"161":0,"163":1,"164":1,"165":0,"167":1,"168":1,"169":0,"171":1,"172":1,"173":0,"175":1,"176":1,"177":1,"178":1,"181":1,"182":1,"183":1,"184":1,"187":1,"188":1,"189":0,"190":0,"193":1,"194":1,"195":3,"196":3,"199":1,"200":1,"201":1,"202":1,"205":1,"206":1,"207":1,"208":1,"211":1,"212":1,"213":1,"214":1,"217":1,"218":1,"219":1,"220":1,"222":1,"223":0,"224":0,"225":0,"228":1,"229":0,"230":0,"232":1,"233":1,"234":1,"235":1,"238":1,"239":2,"240":2,"242":1,"243":8,"244":8,"245":8,"248":1,"249":14,"250":14,"251":14,"252":14,"253":15,"255":14,"258":1,"259":1,"260":1,"262":1,"263":11,"264":11,"265":11,"266":0,"268":11,"269":11,"272":1,"273":11,"274":11,"275":11,"276":1,"278":11,"279":16,"280":1,"281":15,"282":1,"283":14,"284":0,"285":14,"286":1,"287":0,"289":1,"290":13,"291":2,"292":0,"294":2,"295":0,"297":2}},
"release/lib/server-container.js":{"path":"release/lib/server-container.js","s":{"1":1,"2":1,"3":1,"4":1,"5":1,"6":1,"7":1,"8":1,"9":1,"10":1,"11":1,"12":1,"13":1,"14":1,"15":1,"16":7,"17":1,"18":1,"19":1,"20":1,"21":1,"22":1,"23":1,"24":1,"25":1,"26":1,"27":1,"28":1,"29":1,"30":3,"31":11,"32":1,"33":11,"34":11,"35":14,"36":11,"37":11,"38":11,"39":11,"40":11,"41":11,"42":11,"43":6,"44":6,"45":3,"46":3,"47":2,"48":2,"49":0,"50":0,"51":0,"52":0,"53":0,"54":0,"55":0,"56":0,"57":0,"58":1,"59":1,"60":1,"61":0,"62":1,"63":0,"64":1,"65":0,"66":1,"67":0,"68":1,"69":1,"70":11,"71":11,"72":11,"73":1,"74":1,"75":0,"76":1,"77":0,"78":1,"79":11,"80":2,"81":11,"82":1,"83":11,"84":1,"85":1,"86":1,"87":1,"88":1,"89":0,"90":1,"91":11,"92":11,"93":4,"94":3,"95":4,"96":11,"97":1,"98":14,"99":7,"100":7,"101":6,"102":7,"103":7,"104":7,"105":14,"106":2,"107":2,"108":1,"109":1,"110":13,"111":1,"112":12,"113":12,"114":3,"115":3,"116":3,"117":3,"118":0,"119":0,"120":0,"121":0,"122":0,"123":0,"124":0,"125":0,"126":0,"127":0,"128":0,"129":12,"130":14,"131":14,"132":14,"133":14,"134":14,"135":12,"136":12,"137":12,"138":11,"139":11,"140":12,"141":12,"142":0,"143":0,"144":4,"145":4,"146":2,"147":2,"148":1,"149":0,"150":1,"151":5,"152":1,"153":1,"154":4,"155":2,"156":2,"157":2,"158":1,"159":1,"160":2,"161":12,"162":12,"163":12,"164":17,"165":1,"166":1,"167":3,"168":3,"169":1,"170":1,"171":1,"172":1,"173":2,"174":2,"175":1,"176":1,"177":1,"178":1,"179":0,"180":0,"181":1,"182":1,"183":0,"184":0,"185":2,"186":2,"187":1,"188":1,"189":1,"190":1,"191":1,"192":1,"193":2,"194":2,"195":0,"196":12,"197":9,"198":9,"199":3,"200":0,"201":6,"202":38,"203":38,"204":38,"205":3,"206":38,"207":38,"208":34,"209":34,"210":34,"211":34,"212":11,"213":34,"214":34,"215":0,"216":8,"217":0,"218":0,"219":0,"220":0,"221":0,"222":0,"223":6,"224":6,"225":2,"226":2,"227":2,"228":11,"229":11,"230":4,"231":8,"232":11,"233":0,"234":0,"235":11,"236":4,"237":11,"238":11,"239":0,"240":0,"241":11,"242":1,"243":1,"244":11,"245":1,"246":11,"247":11,"248":11,"249":11,"250":11,"251":11,"252":3,"253":11,"254":8,"255":8,"256":11,"257":11,"258":8,"259":8,"260":11,"261":0,"262":11,"263":11,"264":1,"265":1,"266":1,"267":1,"268":1},"b":{"1":[7,0],"2":[7,7],"3":[11,0],"4":[6,3,2,0,0,0,0,0],"5":[1,0],"6":[0,1],"7":[0,1],"8":[0,1],"9":[0,1],"10":[1,10],"11":[0,1],"12":[0,1],"13":[2,9],"14":[1,10],"15":[1,10],"16":[1,0],"17":[4,7],"18":[3,1],"19":[1,10],"20":[7,7],"21":[6,1],"22":[7,0],"23":[7,7],"24":[2,12],"25":[1,1],"26":[1,12],"27":[3,9],"28":[3,0,0,0,0,0,0],"29":[0,4,2,1,5],"30":[1,11],"31":[0,1],"32":[1,4],"33":[5,1],"34":[2,2],"35":[4,2],"36":[1,3,1,1,2,1,0,1,0,2,1,1,1,2,0],"37":[1,0],"38":[1,1],"39":[3,0,6],"40":[3,0],"41":[38,20],"42":[3,35],"43":[34,0],"44":[11,23],"45":[0,8],"46":[0,0],"47":[2,0],"48":[4,7],"49":[0,11],"50":[4,7],"51":[0,11],"52":[1,10],"53":[1,10],"54":[8,3],"55":[8,3],"56":[3,8],"57":[8,3],"58":[1,7],"59":[8,3],"60":[0,11]},"f":{"1":7,"2":1,"3":1,"4":1,"5":3,"6":11,"7":11,"8":14,"9":1,"10":11,"11":1,"12":1,"13":11,"14":14,"15":12,"16":3,"17":14,"18":12,"19":2,"20":1,"21":1,"22":12,"23":17,"24":9,"25":38,"26":34,"27":8,"28":0,"29":0,"30":6,"31":2,"32":11,"33":8,"34":0,"35":11,"36":0,"37":1,"38":11,"39":11},"fnMap":{"1":{"name":"_interopRequireDefault","line":31,"loc":{"start":{"line":31,"column":0},"end":{"line":31,"column":37}}},"2":{"name":"(anonymous_2)","line":40,"loc":{"start":{"line":40,"column":21},"end":{"line":40,"column":33}}},"3":{"name":"InternalServer","line":41,"loc":{"start":{"line":41,"column":4},"end":{"line":41,"column":36}}},"4":{"name":"buildServices","line":49,"loc":{"start":{"line":49,"column":15},"end":{"line":49,"column":40}}},"5":{"name":"(anonymous_5)","line":52,"loc":{"start":{"line":52,"column":49},"end":{"line":52,"column":70}}},"6":{"name":"(anonymous_6)","line":53,"loc":{"start":{"line":53,"column":42},"end":{"line":53,"column":60}}},"7":{"name":"buildService","line":61,"loc":{"start":{"line":61,"column":15},"end":{"line":61,"column":66}}},"8":{"name":"handler","line":64,"loc":{"start":{"line":64,"column":26},"end":{"line":64,"column":59}}},"9":{"name":"getUploader","line":102,"loc":{"start":{"line":102,"column":15},"end":{"line":102,"column":38}}},"10":{"name":"buildServiceMiddleware","line":124,"loc":{"start":{"line":124,"column":15},"end":{"line":124,"column":62}}},"11":{"name":"(anonymous_11)","line":145,"loc":{"start":{"line":145,"column":17},"end":{"line":145,"column":29}}},"12":{"name":"(anonymous_12)","line":147,"loc":{"start":{"line":147,"column":48},"end":{"line":147,"column":68}}},"13":{"name":"processResponseHeaders","line":161,"loc":{"start":{"line":161,"column":15},"end":{"line":161,"column":71}}},"14":{"name":"checkAcceptance","line":174,"loc":{"start":{"line":174,"column":15},"end":{"line":174,"column":64}}},"15":{"name":"createService","line":200,"loc":{"start":{"line":200,"column":15},"end":{"line":200,"column":61}}},"16":{"name":"(anonymous_16)","line":203,"loc":{"start":{"line":203,"column":48},"end":{"line":203,"column":74}}},"17":{"name":"callTargetEndPoint","line":232,"loc":{"start":{"line":232,"column":15},"end":{"line":232,"column":88}}},"18":{"name":"sendValue","line":246,"loc":{"start":{"line":246,"column":15},"end":{"line":246,"column":52}}},"19":{"name":"(anonymous_19)","line":269,"loc":{"start":{"line":269,"column":25},"end":{"line":269,"column":37}}},"20":{"name":"(anonymous_20)","line":271,"loc":{"start":{"line":271,"column":39},"end":{"line":271,"column":54}}},"21":{"name":"(anonymous_21)","line":273,"loc":{"start":{"line":273,"column":37},"end":{"line":273,"column":52}}},"22":{"name":"buildArgumentsList","line":284,"loc":{"start":{"line":284,"column":15},"end":{"line":284,"column":67}}},"23":{"name":"(anonymous_23)","line":288,"loc":{"start":{"line":288,"column":45},"end":{"line":288,"column":62}}},"24":{"name":"convertType","line":343,"loc":{"start":{"line":343,"column":15},"end":{"line":343,"column":59}}},"25":{"name":"registerServiceClass","line":356,"loc":{"start":{"line":356,"column":15},"end":{"line":356,"column":53}}},"26":{"name":"registerServiceMethod","line":367,"loc":{"start":{"line":367,"column":15},"end":{"line":367,"column":66}}},"27":{"name":"resolveAllPaths","line":381,"loc":{"start":{"line":381,"column":15},"end":{"line":381,"column":42}}},"28":{"name":"(anonymous_28)","line":384,"loc":{"start":{"line":384,"column":53},"end":{"line":384,"column":74}}},"29":{"name":"(anonymous_29)","line":385,"loc":{"start":{"line":385,"column":46},"end":{"line":385,"column":64}}},"30":{"name":"getPaths","line":396,"loc":{"start":{"line":396,"column":15},"end":{"line":396,"column":35}}},"31":{"name":"getHttpMethods","line":402,"loc":{"start":{"line":402,"column":15},"end":{"line":402,"column":45}}},"32":{"name":"resolveLanguages","line":409,"loc":{"start":{"line":409,"column":15},"end":{"line":409,"column":70}}},"33":{"name":"(anonymous_33)","line":412,"loc":{"start":{"line":412,"column":47},"end":{"line":412,"column":63}}},"34":{"name":"(anonymous_34)","line":417,"loc":{"start":{"line":417,"column":48},"end":{"line":417,"column":64}}},"35":{"name":"resolveAccepts","line":427,"loc":{"start":{"line":427,"column":15},"end":{"line":427,"column":68}}},"36":{"name":"(anonymous_36)","line":430,"loc":{"start":{"line":430,"column":45},"end":{"line":430,"column":63}}},"37":{"name":"(anonymous_37)","line":435,"loc":{"start":{"line":435,"column":46},"end":{"line":435,"column":64}}},"38":{"name":"resolveProperties","line":445,"loc":{"start":{"line":445,"column":15},"end":{"line":445,"column":71}}},"39":{"name":"resolvePath","line":452,"loc":{"start":{"line":452,"column":15},"end":{"line":452,"column":65}}}},"statementMap":{"1":{"start":{"line":3,"column":0},"end":{"line":3,"column":48}},"2":{"start":{"line":5,"column":0},"end":{"line":5,"column":41}},"3":{"start":{"line":7,"column":0},"end":{"line":7,"column":48}},"4":{"start":{"line":9,"column":0},"end":{"line":9,"column":41}},"5":{"start":{"line":11,"column":0},"end":{"line":11,"column":56}},"6":{"start":{"line":13,"column":0},"end":{"line":13,"column":49}},"7":{"start":{"line":15,"column":0},"end":{"line":15,"column":55}},"8":{"start":{"line":17,"column":0},"end":{"line":17,"column":48}},"9":{"start":{"line":19,"column":0},"end":{"line":19,"column":61}},"10":{"start":{"line":21,"column":0},"end":{"line":21,"column":47}},"11":{"start":{"line":23,"column":0},"end":{"line":23,"column":71}},"12":{"start":{"line":25,"column":0},"end":{"line":25,"column":64}},"13":{"start":{"line":27,"column":0},"end":{"line":27,"column":65}},"14":{"start":{"line":29,"column":0},"end":{"line":29,"column":58}},"15":{"start":{"line":31,"column":0},"end":{"line":31,"column":95}},"16":{"start":{"line":31,"column":39},"end":{"line":31,"column":93}},"17":{"start":{"line":33,"column":0},"end":{"line":33,"column":40}},"18":{"start":{"line":34,"column":0},"end":{"line":34,"column":44}},"19":{"start":{"line":35,"column":0},"end":{"line":35,"column":31}},"20":{"start":{"line":36,"column":0},"end":{"line":36,"column":37}},"21":{"start":{"line":37,"column":0},"end":{"line":37,"column":40}},"22":{"start":{"line":38,"column":0},"end":{"line":38,"column":47}},"23":{"start":{"line":40,"column":0},"end":{"line":475,"column":4}},"24":{"start":{"line":41,"column":4},"end":{"line":45,"column":5}},"25":{"start":{"line":42,"column":8},"end":{"line":42,"column":60}},"26":{"start":{"line":44,"column":8},"end":{"line":44,"column":29}},"27":{"start":{"line":47,"column":4},"end":{"line":473,"column":8}},"28":{"start":{"line":50,"column":12},"end":{"line":50,"column":29}},"29":{"start":{"line":52,"column":12},"end":{"line":56,"column":15}},"30":{"start":{"line":53,"column":16},"end":{"line":55,"column":19}},"31":{"start":{"line":54,"column":20},"end":{"line":54,"column":58}},"32":{"start":{"line":57,"column":12},"end":{"line":57,"column":48}},"33":{"start":{"line":62,"column":12},"end":{"line":62,"column":30}},"34":{"start":{"line":64,"column":12},"end":{"line":66,"column":14}},"35":{"start":{"line":65,"column":16},"end":{"line":65,"column":87}},"36":{"start":{"line":67,"column":12},"end":{"line":69,"column":13}},"37":{"start":{"line":68,"column":16},"end":{"line":68,"column":78}},"38":{"start":{"line":70,"column":12},"end":{"line":70,"column":72}},"39":{"start":{"line":71,"column":12},"end":{"line":71,"column":52}},"40":{"start":{"line":72,"column":12},"end":{"line":72,"column":43}},"41":{"start":{"line":73,"column":12},"end":{"line":73,"column":31}},"42":{"start":{"line":74,"column":12},"end":{"line":98,"column":13}},"43":{"start":{"line":76,"column":20},"end":{"line":76,"column":61}},"44":{"start":{"line":77,"column":20},"end":{"line":77,"column":26}},"45":{"start":{"line":79,"column":20},"end":{"line":79,"column":62}},"46":{"start":{"line":80,"column":20},"end":{"line":80,"column":26}},"47":{"start":{"line":82,"column":20},"end":{"line":82,"column":61}},"48":{"start":{"line":83,"column":20},"end":{"line":83,"column":26}},"49":{"start":{"line":85,"column":20},"end":{"line":85,"column":64}},"50":{"start":{"line":86,"column":20},"end":{"line":86,"column":26}},"51":{"start":{"line":88,"column":20},"end":{"line":88,"column":62}},"52":{"start":{"line":89,"column":20},"end":{"line":89,"column":26}},"53":{"start":{"line":91,"column":20},"end":{"line":91,"column":65}},"54":{"start":{"line":92,"column":20},"end":{"line":92,"column":26}},"55":{"start":{"line":94,"column":20},"end":{"line":94,"column":63}},"56":{"start":{"line":95,"column":20},"end":{"line":95,"column":26}},"57":{"start":{"line":97,"column":20},"end":{"line":97,"column":104}},"58":{"start":{"line":103,"column":12},"end":{"line":119,"column":13}},"59":{"start":{"line":104,"column":16},"end":{"line":104,"column":33}},"60":{"start":{"line":105,"column":16},"end":{"line":107,"column":17}},"61":{"start":{"line":106,"column":20},"end":{"line":106,"column":59}},"62":{"start":{"line":108,"column":16},"end":{"line":110,"column":17}},"63":{"start":{"line":109,"column":20},"end":{"line":109,"column":67}},"64":{"start":{"line":111,"column":16},"end":{"line":113,"column":17}},"65":{"start":{"line":112,"column":20},"end":{"line":112,"column":63}},"66":{"start":{"line":114,"column":16},"end":{"line":118,"column":17}},"67":{"start":{"line":115,"column":20},"end":{"line":115,"column":50}},"68":{"start":{"line":117,"column":20},"end":{"line":117,"column":43}},"69":{"start":{"line":120,"column":12},"end":{"line":120,"column":31}},"70":{"start":{"line":125,"column":12},"end":{"line":125,"column":30}},"71":{"start":{"line":127,"column":12},"end":{"line":127,"column":37}},"72":{"start":{"line":128,"column":12},"end":{"line":137,"column":13}},"73":{"start":{"line":129,"column":16},"end":{"line":129,"column":30}},"74":{"start":{"line":130,"column":16},"end":{"line":132,"column":17}},"75":{"start":{"line":131,"column":20},"end":{"line":131,"column":60}},"76":{"start":{"line":133,"column":16},"end":{"line":135,"column":17}},"77":{"start":{"line":134,"column":20},"end":{"line":134,"column":73}},"78":{"start":{"line":136,"column":16},"end":{"line":136,"column":60}},"79":{"start":{"line":138,"column":12},"end":{"line":140,"column":13}},"80":{"start":{"line":139,"column":16},"end":{"line":139,"column":47}},"81":{"start":{"line":141,"column":12},"end":{"line":143,"column":13}},"82":{"start":{"line":142,"column":16},"end":{"line":142,"column":71}},"83":{"start":{"line":144,"column":12},"end":{"line":156,"column":13}},"84":{"start":{"line":145,"column":16},"end":{"line":155,"column":21}},"85":{"start":{"line":146,"column":20},"end":{"line":146,"column":46}},"86":{"start":{"line":147,"column":20},"end":{"line":153,"column":23}},"87":{"start":{"line":148,"column":24},"end":{"line":152,"column":25}},"88":{"start":{"line":149,"column":28},"end":{"line":149,"column":83}},"89":{"start":{"line":151,"column":28},"end":{"line":151,"column":68}},"90":{"start":{"line":154,"column":20},"end":{"line":154,"column":70}},"91":{"start":{"line":157,"column":12},"end":{"line":157,"column":26}},"92":{"start":{"line":162,"column":12},"end":{"line":167,"column":13}},"93":{"start":{"line":163,"column":16},"end":{"line":165,"column":17}},"94":{"start":{"line":164,"column":20},"end":{"line":164,"column":61}},"95":{"start":{"line":166,"column":16},"end":{"line":166,"column":75}},"96":{"start":{"line":168,"column":12},"end":{"line":170,"column":13}},"97":{"start":{"line":169,"column":16},"end":{"line":169,"column":48}},"98":{"start":{"line":175,"column":12},"end":{"line":185,"column":13}},"99":{"start":{"line":176,"column":16},"end":{"line":176,"column":93}},"100":{"start":{"line":177,"column":16},"end":{"line":179,"column":17}},"101":{"start":{"line":178,"column":20},"end":{"line":178,"column":44}},"102":{"start":{"line":181,"column":16},"end":{"line":181,"column":67}},"103":{"start":{"line":182,"column":16},"end":{"line":184,"column":17}},"104":{"start":{"line":183,"column":20},"end":{"line":183,"column":52}},"105":{"start":{"line":186,"column":12},"end":{"line":193,"column":13}},"106":{"start":{"line":187,"column":16},"end":{"line":187,"column":84}},"107":{"start":{"line":188,"column":16},"end":{"line":192,"column":17}},"108":{"start":{"line":189,"column":20},"end":{"line":189,"column":44}},"109":{"start":{"line":191,"column":20},"end":{"line":191,"column":66}},"110":{"start":{"line":194,"column":12},"end":{"line":196,"column":13}},"111":{"start":{"line":195,"column":16},"end":{"line":195,"column":71}},"112":{"start":{"line":201,"column":12},"end":{"line":201,"column":80}},"113":{"start":{"line":202,"column":12},"end":{"line":227,"column":13}},"114":{"start":{"line":203,"column":16},"end":{"line":226,"column":19}},"115":{"start":{"line":204,"column":20},"end":{"line":225,"column":21}},"116":{"start":{"line":206,"column":28},"end":{"line":206,"column":57}},"117":{"start":{"line":207,"column":28},"end":{"line":207,"column":34}},"118":{"start":{"line":209,"column":28},"end":{"line":209,"column":66}},"119":{"start":{"line":210,"column":28},"end":{"line":210,"column":34}},"120":{"start":{"line":212,"column":28},"end":{"line":212,"column":64}},"121":{"start":{"line":213,"column":28},"end":{"line":213,"column":34}},"122":{"start":{"line":215,"column":28},"end":{"line":215,"column":65}},"123":{"start":{"line":216,"column":28},"end":{"line":216,"column":34}},"124":{"start":{"line":218,"column":28},"end":{"line":218,"column":66}},"125":{"start":{"line":219,"column":28},"end":{"line":219,"column":34}},"126":{"start":{"line":221,"column":28},"end":{"line":221,"column":62}},"127":{"start":{"line":222,"column":28},"end":{"line":222,"column":34}},"128":{"start":{"line":224,"column":28},"end":{"line":224,"column":34}},"129":{"start":{"line":228,"column":12},"end":{"line":228,"column":33}},"130":{"start":{"line":233,"column":12},"end":{"line":233,"column":62}},"131":{"start":{"line":234,"column":12},"end":{"line":234,"column":34}},"132":{"start":{"line":235,"column":12},"end":{"line":235,"column":35}},"133":{"start":{"line":236,"column":12},"end":{"line":236,"column":32}},"134":{"start":{"line":237,"column":12},"end":{"line":237,"column":57}},"135":{"start":{"line":238,"column":12},"end":{"line":238,"column":74}},"136":{"start":{"line":239,"column":12},"end":{"line":239,"column":71}},"137":{"start":{"line":240,"column":12},"end":{"line":240,"column":107}},"138":{"start":{"line":241,"column":12},"end":{"line":241,"column":64}},"139":{"start":{"line":242,"column":12},"end":{"line":242,"column":46}},"140":{"start":{"line":247,"column":12},"end":{"line":247,"column":30}},"141":{"start":{"line":249,"column":12},"end":{"line":280,"column":13}},"142":{"start":{"line":251,"column":20},"end":{"line":251,"column":47}},"143":{"start":{"line":252,"column":20},"end":{"line":252,"column":26}},"144":{"start":{"line":254,"column":20},"end":{"line":254,"column":36}},"145":{"start":{"line":255,"column":20},"end":{"line":255,"column":26}},"146":{"start":{"line":257,"column":20},"end":{"line":257,"column":47}},"147":{"start":{"line":258,"column":20},"end":{"line":258,"column":26}},"148":{"start":{"line":260,"column":20},"end":{"line":262,"column":21}},"149":{"start":{"line":261,"column":24},"end":{"line":261,"column":44}},"150":{"start":{"line":263,"column":20},"end":{"line":263,"column":26}},"151":{"start":{"line":265,"column":20},"end":{"line":279,"column":21}},"152":{"start":{"line":266,"column":24},"end":{"line":266,"column":60}},"153":{"start":{"line":267,"column":24},"end":{"line":267,"column":57}},"154":{"start":{"line":268,"column":27},"end":{"line":279,"column":21}},"155":{"start":{"line":269,"column":24},"end":{"line":276,"column":29}},"156":{"start":{"line":270,"column":28},"end":{"line":270,"column":46}},"157":{"start":{"line":271,"column":28},"end":{"line":275,"column":31}},"158":{"start":{"line":272,"column":32},"end":{"line":272,"column":63}},"159":{"start":{"line":274,"column":32},"end":{"line":274,"column":42}},"160":{"start":{"line":278,"column":24},"end":{"line":278,"column":40}},"161":{"start":{"line":285,"column":12},"end":{"line":285,"column":30}},"162":{"start":{"line":287,"column":12},"end":{"line":287,"column":37}},"163":{"start":{"line":288,"column":12},"end":{"line":338,"column":15}},"164":{"start":{"line":289,"column":16},"end":{"line":337,"column":17}},"165":{"start":{"line":291,"column":24},"end":{"line":291,"column":104}},"166":{"start":{"line":292,"column":24},"end":{"line":292,"column":30}},"167":{"start":{"line":294,"column":24},"end":{"line":294,"column":103}},"168":{"start":{"line":295,"column":24},"end":{"line":295,"column":30}},"169":{"start":{"line":297,"column":24},"end":{"line":297,"column":104}},"170":{"start":{"line":298,"column":24},"end":{"line":298,"column":30}},"171":{"start":{"line":300,"column":24},"end":{"line":300,"column":105}},"172":{"start":{"line":301,"column":24},"end":{"line":301,"column":30}},"173":{"start":{"line":303,"column":24},"end":{"line":303,"column":90}},"174":{"start":{"line":304,"column":24},"end":{"line":304,"column":30}},"175":{"start":{"line":306,"column":24},"end":{"line":306,"column":70}},"176":{"start":{"line":307,"column":24},"end":{"line":309,"column":25}},"177":{"start":{"line":308,"column":28},"end":{"line":308,"column":50}},"178":{"start":{"line":310,"column":24},"end":{"line":310,"column":30}},"179":{"start":{"line":312,"column":24},"end":{"line":312,"column":71}},"180":{"start":{"line":313,"column":24},"end":{"line":313,"column":30}},"181":{"start":{"line":315,"column":24},"end":{"line":315,"column":102}},"182":{"start":{"line":316,"column":24},"end":{"line":316,"column":30}},"183":{"start":{"line":318,"column":24},"end":{"line":318,"column":45}},"184":{"start":{"line":319,"column":24},"end":{"line":319,"column":30}},"185":{"start":{"line":321,"column":24},"end":{"line":321,"column":53}},"186":{"start":{"line":322,"column":24},"end":{"line":322,"column":30}},"187":{"start":{"line":324,"column":24},"end":{"line":324,"column":54}},"188":{"start":{"line":325,"column":24},"end":{"line":325,"column":30}},"189":{"start":{"line":327,"column":24},"end":{"line":327,"column":50}},"190":{"start":{"line":328,"column":24},"end":{"line":328,"column":30}},"191":{"start":{"line":330,"column":24},"end":{"line":330,"column":52}},"192":{"start":{"line":331,"column":24},"end":{"line":331,"column":30}},"193":{"start":{"line":333,"column":24},"end":{"line":333,"column":54}},"194":{"start":{"line":334,"column":24},"end":{"line":334,"column":30}},"195":{"start":{"line":336,"column":24},"end":{"line":336,"column":62}},"196":{"start":{"line":339,"column":12},"end":{"line":339,"column":26}},"197":{"start":{"line":344,"column":12},"end":{"line":344,"column":48}},"198":{"start":{"line":345,"column":12},"end":{"line":352,"column":13}},"199":{"start":{"line":347,"column":20},"end":{"line":347,"column":67}},"200":{"start":{"line":349,"column":20},"end":{"line":349,"column":49}},"201":{"start":{"line":351,"column":20},"end":{"line":351,"column":38}},"202":{"start":{"line":357,"column":12},"end":{"line":357,"column":49}},"203":{"start":{"line":358,"column":12},"end":{"line":358,"column":62}},"204":{"start":{"line":359,"column":12},"end":{"line":361,"column":13}},"205":{"start":{"line":360,"column":16},"end":{"line":360,"column":90}},"206":{"start":{"line":362,"column":12},"end":{"line":362,"column":70}},"207":{"start":{"line":363,"column":12},"end":{"line":363,"column":32}},"208":{"start":{"line":368,"column":12},"end":{"line":376,"column":13}},"209":{"start":{"line":369,"column":16},"end":{"line":369,"column":53}},"210":{"start":{"line":370,"column":16},"end":{"line":370,"column":76}},"211":{"start":{"line":371,"column":16},"end":{"line":373,"column":17}},"212":{"start":{"line":372,"column":20},"end":{"line":372,"column":84}},"213":{"start":{"line":374,"column":16},"end":{"line":374,"column":70}},"214":{"start":{"line":375,"column":16},"end":{"line":375,"column":37}},"215":{"start":{"line":377,"column":12},"end":{"line":377,"column":24}},"216":{"start":{"line":382,"column":12},"end":{"line":392,"column":13}},"217":{"start":{"line":383,"column":16},"end":{"line":383,"column":45}},"218":{"start":{"line":384,"column":16},"end":{"line":390,"column":19}},"219":{"start":{"line":385,"column":20},"end":{"line":389,"column":23}},"220":{"start":{"line":386,"column":24},"end":{"line":388,"column":25}},"221":{"start":{"line":387,"column":28},"end":{"line":387,"column":80}},"222":{"start":{"line":391,"column":16},"end":{"line":391,"column":52}},"223":{"start":{"line":397,"column":12},"end":{"line":397,"column":45}},"224":{"start":{"line":398,"column":12},"end":{"line":398,"column":66}},"225":{"start":{"line":403,"column":12},"end":{"line":403,"column":45}},"226":{"start":{"line":404,"column":12},"end":{"line":404,"column":57}},"227":{"start":{"line":405,"column":12},"end":{"line":405,"column":50}},"228":{"start":{"line":410,"column":12},"end":{"line":410,"column":48}},"229":{"start":{"line":411,"column":12},"end":{"line":415,"column":13}},"230":{"start":{"line":412,"column":16},"end":{"line":414,"column":19}},"231":{"start":{"line":413,"column":20},"end":{"line":413,"column":49}},"232":{"start":{"line":416,"column":12},"end":{"line":420,"column":13}},"233":{"start":{"line":417,"column":16},"end":{"line":419,"column":19}},"234":{"start":{"line":418,"column":20},"end":{"line":418,"column":49}},"235":{"start":{"line":421,"column":12},"end":{"line":423,"column":13}},"236":{"start":{"line":422,"column":16},"end":{"line":422,"column":68}},"237":{"start":{"line":428,"column":12},"end":{"line":428,"column":46}},"238":{"start":{"line":429,"column":12},"end":{"line":433,"column":13}},"239":{"start":{"line":430,"column":16},"end":{"line":432,"column":19}},"240":{"start":{"line":431,"column":20},"end":{"line":431,"column":49}},"241":{"start":{"line":434,"column":12},"end":{"line":438,"column":13}},"242":{"start":{"line":435,"column":16},"end":{"line":437,"column":19}},"243":{"start":{"line":436,"column":20},"end":{"line":436,"column":49}},"244":{"start":{"line":439,"column":12},"end":{"line":441,"column":13}},"245":{"start":{"line":440,"column":16},"end":{"line":440,"column":64}},"246":{"start":{"line":446,"column":12},"end":{"line":446,"column":73}},"247":{"start":{"line":447,"column":12},"end":{"line":447,"column":71}},"248":{"start":{"line":448,"column":12},"end":{"line":448,"column":68}},"249":{"start":{"line":453,"column":12},"end":{"line":453,"column":78}},"250":{"start":{"line":454,"column":12},"end":{"line":454,"column":87}},"251":{"start":{"line":455,"column":12},"end":{"line":457,"column":13}},"252":{"start":{"line":456,"column":16},"end":{"line":456,"column":78}},"253":{"start":{"line":458,"column":12},"end":{"line":461,"column":13}},"254":{"start":{"line":459,"column":16},"end":{"line":459,"column":59}},"255":{"start":{"line":460,"column":16},"end":{"line":460,"column":104}},"256":{"start":{"line":462,"column":12},"end":{"line":462,"column":77}},"257":{"start":{"line":463,"column":12},"end":{"line":466,"column":13}},"258":{"start":{"line":464,"column":16},"end":{"line":464,"column":58}},"259":{"start":{"line":465,"column":16},"end":{"line":465,"column":76}},"260":{"start":{"line":467,"column":12},"end":{"line":469,"column":13}},"261":{"start":{"line":468,"co
[...]
6":{"line":194,"type":"if","locations":[{"start":{"line":194,"column":12},"end":{"line":194,"column":12}},{"start":{"line":194,"column":12},"end":{"line":194,"column":12}}]},"27":{"line":202,"type":"if","locations":[{"start":{"line":202,"column":12},"end":{"line":202,"column":12}},{"start":{"line":202,"column":12},"end":{"line":202,"column":12}}]},"28":{"line":204,"type":"switch","locations":[{"start":{"line":205,"column":24},"end":{"line":207,"column":34}},{"start":{"line":208,"column":24},"end":{"line":210,"column":34}},{"start":{"line":211,"column":24},"end":{"line":213,"column":34}},{"start":{"line":214,"column":24},"end":{"line":216,"column":34}},{"start":{"line":217,"column":24},"end":{"line":219,"column":34}},{"start":{"line":220,"column":24},"end":{"line":222,"column":34}},{"start":{"line":223,"column":24},"end":{"line":224,"column":34}}]},"29":{"line":249,"type":"switch","locations":[{"start":{"line":250,"column":16},"end":{"line":252,"column":26}},{"start":{"line":253,"column":16},"end":{"line":255,"column":26}},{"start":{"line":256,"column":16},"end":{"line":258,"column":26}},{"start":{"line":259,"column":16},"end":{"line":263,"column":26}},{"start":{"line":264,"column":16},"end":{"line":279,"column":21}}]},"30":{"line":249,"type":"cond-expr","locations":[{"start":{"line":249,"column":51},"end":{"line":249,"column":62}},{"start":{"line":249,"column":65},"end":{"line":249,"column":93}}]},"31":{"line":260,"type":"if","locations":[{"start":{"line":260,"column":20},"end":{"line":260,"column":20}},{"start":{"line":260,"column":20},"end":{"line":260,"column":20}}]},"32":{"line":265,"type":"if","locations":[{"start":{"line":265,"column":20},"end":{"line":265,"column":20}},{"start":{"line":265,"column":20},"end":{"line":265,"column":20}}]},"33":{"line":265,"type":"binary-expr","locations":[{"start":{"line":265,"column":24},"end":{"line":265,"column":38}},{"start":{"line":265,"column":42},"end":{"line":265,"column":92}}]},"34":{"line":268,"type":"if","locations":[{"start":{"line":268,"column":27},"end":{"line":268,"column":27}},{"start":{"line":268,"column":27},"end":{"line":268,"column":27}}]},"35":{"line":268,"type":"binary-expr","locations":[{"start":{"line":268,"column":31},"end":{"line":268,"column":41}},{"start":{"line":268,"column":45},"end":{"line":268,"column":79}}]},"36":{"line":289,"type":"switch","locations":[{"start":{"line":290,"column":20},"end":{"line":292,"column":30}},{"start":{"line":293,"column":20},"end":{"line":295,"column":30}},{"start":{"line":296,"column":20},"end":{"line":298,"column":30}},{"start":{"line":299,"column":20},"end":{"line":301,"column":30}},{"start":{"line":302,"column":20},"end":{"line":304,"column":30}},{"start":{"line":305,"column":20},"end":{"line":310,"column":30}},{"start":{"line":311,"column":20},"end":{"line":313,"column":30}},{"start":{"line":314,"column":20},"end":{"line":316,"column":30}},{"start":{"line":317,"column":20},"end":{"line":319,"column":30}},{"start":{"line":320,"column":20},"end":{"line":322,"column":30}},{"start":{"line":323,"column":20},"end":{"line":325,"column":30}},{"start":{"line":326,"column":20},"end":{"line":328,"column":30}},{"start":{"line":329,"column":20},"end":{"line":331,"column":30}},{"start":{"line":332,"column":20},"end":{"line":334,"column":30}},{"start":{"line":335,"column":20},"end":{"line":336,"column":62}}]},"37":{"line":307,"type":"if","locations":[{"start":{"line":307,"column":24},"end":{"line":307,"column":24}},{"start":{"line":307,"column":24},"end":{"line":307,"column":24}}]},"38":{"line":307,"type":"binary-expr","locations":[{"start":{"line":307,"column":28},"end":{"line":307,"column":33}},{"start":{"line":307,"column":37},"end":{"line":307,"column":53}}]},"39":{"line":345,"type":"switch","locations":[{"start":{"line":346,"column":16},"end":{"line":347,"column":67}},{"start":{"line":348,"column":16},"end":{"line":349,"column":49}},{"start":{"line":350,"column":16},"end":{"line":351,"column":38}}]},"40":{"line":347,"type":"cond-expr","locations":[{"start":{"line":347,"column":40},"end":{"line":347,"column":62}},{"start":{"line":347,"column":65},"end":{"line":347,"column":66}}]},"41":{"line":358,"type":"binary-expr","locations":[{"start":{"line":358,"column":23},"end":{"line":358,"column":34}},{"start":{"line":358,"column":38},"end":{"line":358,"column":61}}]},"42":{"line":359,"type":"if","locations":[{"start":{"line":359,"column":12},"end":{"line":359,"column":12}},{"start":{"line":359,"column":12},"end":{"line":359,"column":12}}]},"43":{"line":368,"type":"if","locations":[{"start":{"line":368,"column":12},"end":{"line":368,"column":12}},{"start":{"line":368,"column":12},"end":{"line":368,"column":12}}]},"44":{"line":371,"type":"if","locations":[{"start":{"line":371,"column":16},"end":{"line":371,"column":16}},{"start":{"line":371,"column":16},"end":{"line":371,"column":16}}]},"45":{"line":382,"type":"if","locations":[{"start":{"line":382,"column":12},"end":{"line":382,"column":12}},{"start":{"line":382,"column":12},"end":{"line":382,"column":12}}]},"46":{"line":386,"type":"if","locations":[{"start":{"line":386,"column":24},"end":{"line":386,"column":24}},{"start":{"line":386,"column":24},"end":{"line":386,"column":24}}]},"47":{"line":405,"type":"binary-expr","locations":[{"start":{"line":405,"column":19},"end":{"line":405,"column":26}},{"start":{"line":405,"column":30},"end":{"line":405,"column":49}}]},"48":{"line":411,"type":"if","locations":[{"start":{"line":411,"column":12},"end":{"line":411,"column":12}},{"start":{"line":411,"column":12},"end":{"line":411,"column":12}}]},"49":{"line":416,"type":"if","locations":[{"start":{"line":416,"column":12},"end":{"line":416,"column":12}},{"start":{"line":416,"column":12},"end":{"line":416,"column":12}}]},"50":{"line":421,"type":"if","locations":[{"start":{"line":421,"column":12},"end":{"line":421,"column":12}},{"start":{"line":421,"column":12},"end":{"line":421,"column":12}}]},"51":{"line":429,"type":"if","locations":[{"start":{"line":429,"column":12},"end":{"line":429,"column":12}},{"start":{"line":429,"column":12},"end":{"line":429,"column":12}}]},"52":{"line":434,"type":"if","locations":[{"start":{"line":434,"column":12},"end":{"line":434,"column":12}},{"start":{"line":434,"column":12},"end":{"line":434,"column":12}}]},"53":{"line":439,"type":"if","locations":[{"start":{"line":439,"column":12},"end":{"line":439,"column":12}},{"start":{"line":439,"column":12},"end":{"line":439,"column":12}}]},"54":{"line":453,"type":"cond-expr","locations":[{"start":{"line":453,"column":48},"end":{"line":453,"column":72}},{"start":{"line":453,"column":75},"end":{"line":453,"column":77}}]},"55":{"line":454,"type":"cond-expr","locations":[{"start":{"line":454,"column":59},"end":{"line":454,"column":68}},{"start":{"line":454,"column":71},"end":{"line":454,"column":86}}]},"56":{"line":455,"type":"if","locations":[{"start":{"line":455,"column":12},"end":{"line":455,"column":12}},{"start":{"line":455,"column":12},"end":{"line":455,"column":12}}]},"57":{"line":458,"type":"if","locations":[{"start":{"line":458,"column":12},"end":{"line":458,"column":12}},{"start":{"line":458,"column":12},"end":{"line":458,"column":12}}]},"58":{"line":460,"type":"cond-expr","locations":[{"start":{"line":460,"column":73},"end":{"line":460,"column":83}},{"start":{"line":460,"column":86},"end":{"line":460,"column":102}}]},"59":{"line":463,"type":"if","locations":[{"start":{"line":463,"column":12},"end":{"line":463,"column":12}},{"start":{"line":463,"column":12},"end":{"line":463,"column":12}}]},"60":{"line":467,"type":"if","locations":[{"start":{"line":467,"column":12},"end":{"line":467,"column":12}},{"start":{"line":467,"column":12},"end":{"line":467,"column":12}}]}},"l":{"3":1,"5":1,"7":1,"9":1,"11":1,"13":1,"15":1,"17":1,"19":1,"21":1,"23":1,"25":1,"27":1,"29":1,"31":7,"33":1,"34":1,"35":1,"36":1,"37":1,"38":1,"40":1,"41":1,"42":1,"44":1,"47":1,"50":1,"52":1,"53":3,"54":11,"57":1,"62":11,"64":11,"65":14,"67":11,"68":11,"70":11,"71":11,"72":11,"73":11,"74":11,"76":6,"77":6,"79":3,"80":3,"82":2,"83":2,"85":0,"86":0,"88":0,"89":0,"91":0,"92":0,"94":0,"95":0,"97":0,"103":1,"104":1,"105":1,"106":0,"108":1,"109":0,"111":1,"112":0,"114":1,"115":0,"117":1,"120":1,"125":11,"127":11,"128":11,"129":1,"130":1,"131":0,"133":1,"134":0,"136":1,"138":11,"139":2,"141":11,"142":1,"144":11,"145":1,"146":1,"147":1,"148":1,"149":1,"151":0,"154":1,"157":11,"162":11,"163":4,"164":3,"166":4,"168":11,"169":1,"175":14,"176":7,"177":7,"178":6,"181":7,"182":7,"183":7,"186":14,"187":2,"188":2,"189":1,"191":1,"194":13,"195":1,"201":12,"202":12,"203":3,"204":3,"206":3,"207":3,"209":0,"210":0,"212":0,"213":0,"215":0,"216":0,"218":0,"219":0,"221":0,"222":0,"224":0,"228":12,"233":14,"234":14,"235":14,"236":14,"237":14,"238":12,"239":12,"240":12,"241":11,"242":11,"247":12,"249":12,"251":0,"252":0,"254":4,"255":4,"257":2,"258":2,"260":1,"261":0,"263":1,"265":5,"266":1,"267":1,"268":4,"269":2,"270":2,"271":2,"272":1,"274":1,"278":2,"285":12,"287":12,"288":12,"289":17,"291":1,"292":1,"294":3,"295":3,"297":1,"298":1,"300":1,"301":1,"303":2,"304":2,"306":1,"307":1,"308":1,"310":1,"312":0,"313":0,"315":1,"316":1,"318":0,"319":0,"321":2,"322":2,"324":1,"325":1,"327":1,"328":1,"330":1,"331":1,"333":2,"334":2,"336":0,"339":12,"344":9,"345":9,"347":3,"349":0,"351":6,"357":38,"358":38,"359":38,"360":3,"362":38,"363":38,"368":34,"369":34,"370":34,"371":34,"372":11,"374":34,"375":34,"377":0,"382":8,"383":0,"384":0,"385":0,"386":0,"387":0,"391":0,"397":6,"398":6,"403":2,"404":2,"405":2,"410":11,"411":11,"412":4,"413":8,"416":11,"417":0,"418":0,"421":11,"422":4,"428":11,"429":11,"430":0,"431":0,"434":11,"435":1,"436":1,"439":11,"440":1,"446":11,"447":11,"448":11,"453":11,"454":11,"455":11,"456":3,"458":11,"459":8,"460":8,"462":11,"463":11,"464":8,"465":8,"467":11,"468":0,"470":11,"471":11,"474":1,"477":1,"478":1,"479":1,"480":1}},
"release/lib/metadata.js":{"path":"release/lib/metadata.js","s":{"1":1,"2":1,"3":1,"4":1,"5":1,"6":1,"7":1,"8":3,"9":1,"10":1,"11":3,"12":3,"13":3,"14":1,"15":1,"16":1,"17":1,"18":13,"19":1,"20":1,"21":1,"22":11,"23":11,"24":11,"25":11,"26":11,"27":11,"28":1,"29":1,"30":1,"31":1,"32":1,"33":1,"34":1,"35":30,"36":30,"37":30,"38":30,"39":1,"40":1,"41":1,"42":1,"43":1,"44":1,"45":1,"46":1,"47":1,"48":1,"49":1,"50":1,"51":1,"52":1,"53":1,"54":1,"55":1},"b":{"1":[3,0],"2":[3,3],"3":[1,0],"4":[13,3],"5":[1,1]},"f":{"1":3,"2":1,"3":3,"4":1,"5":13,"6":11,"7":1,"8":30,"9":1},"fnMap":{"1":{"name":"_interopRequireDefault","line":15,"loc":{"start":{"line":15,"column":0},"end":{"line":15,"column":37}}},"2":{"name":"(anonymous_2)","line":17,"loc":{"start":{"line":17,"column":19},"end":{"line":17,"column":31}}},"3":{"name":"ServiceClass","line":18,"loc":{"start":{"line":18,"column":4},"end":{"line":18,"column":39}}},"4":{"name":"addProperty","line":27,"loc":{"start":{"line":27,"column":15},"end":{"line":27,"column":52}}},"5":{"name":"hasProperties","line":35,"loc":{"start":{"line":35,"column":15},"end":{"line":35,"column":40}}},"6":{"name":"ServiceMethod","line":44,"loc":{"start":{"line":44,"column":20},"end":{"line":44,"column":45}}},"7":{"name":"FileParam","line":56,"loc":{"start":{"line":56,"column":16},"end":{"line":56,"column":53}}},"8":{"name":"MethodParam","line":65,"loc":{"start":{"line":65,"column":18},"end":{"line":65,"column":62}}},"9":{"name":"(anonymous_9)","line":74,"loc":{"start":{"line":74,"column":1},"end":{"line":74,"column":22}}}},"statementMap":{"1":{"start":{"line":3,"column":0},"end":{"line":3,"column":48}},"2":{"start":{"line":5,"column":0},"end":{"line":5,"column":41}},"3":{"start":{"line":7,"column":0},"end":{"line":7,"column":71}},"4":{"start":{"line":9,"column":0},"end":{"line":9,"column":64}},"5":{"start":{"line":11,"column":0},"end":{"line":11,"column":65}},"6":{"start":{"line":13,"column":0},"end":{"line":13,"column":58}},"7":{"start":{"line":15,"column":0},"end":{"line":15,"column":95}},"8":{"start":{"line":15,"column":39},"end":{"line":15,"column":93}},"9":{"start":{"line":17,"column":0},"end":{"line":40,"column":4}},"10":{"start":{"line":18,"column":4},"end":{"line":23,"column":5}},"11":{"start":{"line":19,"column":8},"end":{"line":19,"column":58}},"12":{"start":{"line":21,"column":8},"end":{"line":21,"column":39}},"13":{"start":{"line":22,"column":8},"end":{"line":22,"column":43}},"14":{"start":{"line":25,"column":4},"end":{"line":38,"column":8}},"15":{"start":{"line":28,"column":12},"end":{"line":30,"column":13}},"16":{"start":{"line":29,"column":16},"end":{"line":29,"column":54}},"17":{"start":{"line":31,"column":12},"end":{"line":31,"column":48}},"18":{"start":{"line":36,"column":12},"end":{"line":36,"column":63}},"19":{"start":{"line":39,"column":4},"end":{"line":39,"column":24}},"20":{"start":{"line":42,"column":0},"end":{"line":42,"column":36}},"21":{"start":{"line":44,"column":0},"end":{"line":52,"column":2}},"22":{"start":{"line":45,"column":4},"end":{"line":45,"column":55}},"23":{"start":{"line":47,"column":4},"end":{"line":47,"column":34}},"24":{"start":{"line":48,"column":4},"end":{"line":48,"column":34}},"25":{"start":{"line":49,"column":4},"end":{"line":49,"column":29}},"26":{"start":{"line":50,"column":4},"end":{"line":50,"column":31}},"27":{"start":{"line":51,"column":4},"end":{"line":51,"column":32}},"28":{"start":{"line":54,"column":0},"end":{"line":54,"column":38}},"29":{"start":{"line":56,"column":0},"end":{"line":61,"column":2}},"30":{"start":{"line":57,"column":4},"end":{"line":57,"column":51}},"31":{"start":{"line":59,"column":4},"end":{"line":59,"column":21}},"32":{"start":{"line":60,"column":4},"end":{"line":60,"column":33}},"33":{"start":{"line":63,"column":0},"end":{"line":63,"column":30}},"34":{"start":{"line":65,"column":0},"end":{"line":71,"column":2}},"35":{"start":{"line":66,"column":4},"end":{"line":66,"column":53}},"36":{"start":{"line":68,"column":4},"end":{"line":68,"column":21}},"37":{"start":{"line":69,"column":4},"end":{"line":69,"column":21}},"38":{"start":{"line":70,"column":4},"end":{"line":70,"column":31}},"39":{"start":{"line":73,"column":0},"end":{"line":73,"column":34}},"40":{"start":{"line":74,"column":0},"end":{"line":89,"column":50}},"41":{"start":{"line":75,"column":4},"end":{"line":75,"column":46}},"42":{"start":{"line":76,"column":4},"end":{"line":76,"column":48}},"43":{"start":{"line":77,"column":4},"end":{"line":77,"column":50}},"44":{"start":{"line":78,"column":4},"end":{"line":78,"column":50}},"45":{"start":{"line":79,"column":4},"end":{"line":79,"column":46}},"46":{"start":{"line":80,"column":4},"end":{"line":80,"column":46}},"47":{"start":{"line":81,"column":4},"end":{"line":81,"column":46}},"48":{"start":{"line":82,"column":4},"end":{"line":82,"column":48}},"49":{"start":{"line":83,"column":4},"end":{"line":83,"column":52}},"50":{"start":{"line":84,"column":4},"end":{"line":84,"column":68}},"51":{"start":{"line":85,"column":4},"end":{"line":85,"column":71}},"52":{"start":{"line":86,"column":4},"end":{"line":86,"column":63}},"53":{"start":{"line":87,"column":4},"end":{"line":87,"column":67}},"54":{"start":{"line":88,"column":4},"end":{"line":88,"column":85}},"55":{"start":{"line":90,"column":0},"end":{"line":90,"column":34}}},"branchMap":{"1":{"line":15,"type":"cond-expr","locations":[{"start":{"line":15,"column":70},"end":{"line":15,"column":73}},{"start":{"line":15,"column":76},"end":{"line":15,"column":92}}]},"2":{"line":15,"type":"binary-expr","locations":[{"start":{"line":15,"column":46},"end":{"line":15,"column":49}},{"start":{"line":15,"column":53},"end":{"line":15,"column":67}}]},"3":{"line":28,"type":"if","locations":[{"start":{"line":28,"column":12},"end":{"line":28,"column":12}},{"start":{"line":28,"column":12},"end":{"line":28,"column":12}}]},"4":{"line":36,"type":"binary-expr","locations":[{"start":{"line":36,"column":19},"end":{"line":36,"column":34}},{"start":{"line":36,"column":38},"end":{"line":36,"column":62}}]},"5":{"line":89,"type":"binary-expr","locations":[{"start":{"line":89,"column":3},"end":{"line":89,"column":20}},{"start":{"line":89,"column":25},"end":{"line":89,"column":47}}]}},"l":{"3":1,"5":1,"7":1,"9":1,"11":1,"13":1,"15":3,"17":1,"18":1,"19":3,"21":3,"22":3,"25":1,"28":1,"29":1,"31":1,"36":13,"39":1,"42":1,"44":1,"45":11,"47":11,"48":11,"49":11,"50":11,"51":11,"54":1,"56":1,"57":1,"59":1,"60":1,"63":1,"65":1,"66":30,"68":30,"69":30,"70":30,"73":1,"74":1,"75":1,"76":1,"77":1,"78":1,"79":1,"80":1,"81":1,"82":1,"83":1,"84":1,"85":1,"86":1,"87":1,"88":1,"90":1}},
"release/lib/server.js":{"path":"release/lib/server.js","s":{"1":1,"2":1,"3":1,"4":1,"5":1,"6":2,"7":1,"8":1,"9":1,"10":0,"11":1,"12":1,"13":1,"14":6,"15":2,"16":0,"17":0,"18":0,"19":0,"20":0,"21":1,"22":1},"b":{"1":[2,0],"2":[2,2]},"f":{"1":2,"2":1,"3":0,"4":1,"5":6,"6":2,"7":0,"8":0,"9":0,"10":0,"11":0},"fnMap":{"1":{"name":"_interopRequireDefault","line":11,"loc":{"start":{"line":11,"column":0},"end":{"line":11,"column":37}}},"2":{"name":"(anonymous_2)","line":15,"loc":{"start":{"line":15,"column":13},"end":{"line":15,"column":25}}},"3":{"name":"Server","line":16,"loc":{"start":{"line":16,"column":4},"end":{"line":16,"column":22}}},"4":{"name":"buildServices","line":22,"loc":{"start":{"line":22,"column":15},"end":{"line":22,"column":46}}},"5":{"name":"getPaths","line":28,"loc":{"start":{"line":28,"column":15},"end":{"line":28,"column":35}}},"6":{"name":"getHttpMethods","line":33,"loc":{"start":{"line":33,"column":15},"end":{"line":33,"column":45}}},"7":{"name":"setCookiesSecret","line":38,"loc":{"start":{"line":38,"column":15},"end":{"line":38,"column":49}}},"8":{"name":"setCookiesDecoder","line":43,"loc":{"start":{"line":43,"column":15},"end":{"line":43,"column":51}}},"9":{"name":"setFileDest","line":48,"loc":{"start":{"line":48,"column":15},"end":{"line":48,"column":42}}},"10":{"name":"setFileFilter","line":53,"loc":{"start":{"line":53,"column":15},"end":{"line":53,"column":46}}},"11":{"name":"setFileLimits","line":58,"loc":{"start":{"line":58,"column":15},"end":{"line":58,"column":45}}}},"statementMap":{"1":{"start":{"line":3,"column":0},"end":{"line":3,"column":71}},"2":{"start":{"line":5,"column":0},"end":{"line":5,"column":64}},"3":{"start":{"line":7,"column":0},"end":{"line":7,"column":65}},"4":{"start":{"line":9,"column":0},"end":{"line":9,"column":58}},"5":{"start":{"line":11,"column":0},"end":{"line":11,"column":95}},"6":{"start":{"line":11,"column":39},"end":{"line":11,"column":93}},"7":{"start":{"line":13,"column":0},"end":{"line":13,"column":55}},"8":{"start":{"line":15,"column":0},"end":{"line":63,"column":4}},"9":{"start":{"line":16,"column":4},"end":{"line":18,"column":5}},"10":{"start":{"line":17,"column":8},"end":{"line":17,"column":52}},"11":{"start":{"line":20,"column":4},"end":{"line":61,"column":8}},"12":{"start":{"line":23,"column":12},"end":{"line":23,"column":78}},"13":{"start":{"line":24,"column":12},"end":{"line":24,"column":42}},"14":{"start":{"line":29,"column":12},"end":{"line":29,"column":64}},"15":{"start":{"line":34,"column":12},"end":{"line":34,"column":74}},"16":{"start":{"line":39,"column":12},"end":{"line":39,"column":69}},"17":{"start":{"line":44,"column":12},"end":{"line":44,"column":71}},"18":{"start":{"line":49,"column":12},"end":{"line":49,"column":62}},"19":{"start":{"line":54,"column":12},"end":{"line":54,"column":66}},"20":{"start":{"line":59,"column":12},"end":{"line":59,"column":65}},"21":{"start":{"line":62,"column":4},"end":{"line":62,"column":18}},"22":{"start":{"line":65,"column":0},"end":{"line":65,"column":24}}},"branchMap":{"1":{"line":11,"type":"cond-expr","locations":[{"start":{"line":11,"column":70},"end":{"line":11,"column":73}},{"start":{"line":11,"column":76},"end":{"line":11,"column":92}}]},"2":{"line":11,"type":"binary-expr","locations":[{"start":{"line":11,"column":46},"end":{"line":11,"column":49}},{"start":{"line":11,"column":53},"end":{"line":11,"column":67}}]}},"l":{"3":1,"5":1,"7":1,"9":1,"11":2,"13":1,"15":1,"16":1,"17":0,"20":1,"23":1,"24":1,"29":6,"34":2,"39":0,"44":0,"49":0,"54":0,"59":0,"62":1,"65":1}}}
