TN:
SF:release/lib/typescript-rest.js
FN:3,__export
FNF:1
FNH:1
FNDA:3,__export
DA:3,1
DA:4,3
DA:5,28
DA:8,1
DA:9,1
DA:10,1
DA:11,1
DA:12,1
DA:13,1
DA:14,1
LF:10
LH:10
BRDA:5,1,0,28
BRDA:5,1,1,0
BRF:2
BRH:1
end_of_record
TN:
SF:release/lib/server-errors.js
FN:19,_interopRequireDefault
FN:23,(anonymous_2)
FN:26,BadRequestError
FN:36,(anonymous_4)
FN:39,UnauthorizedError
FN:49,(anonymous_6)
FN:52,ForbidenError
FN:62,(anonymous_8)
FN:65,NotFoundError
FN:75,(anonymous_10)
FN:78,MethodNotAllowedError
FN:88,(anonymous_12)
FN:91,NotAcceptableError
FN:101,(anonymous_14)
FN:104,ConflictError
FN:114,(anonymous_16)
FN:117,GoneError
FN:127,(anonymous_18)
FN:130,UnsupportedMediaTypeError
FN:140,(anonymous_20)
FN:143,InternalServerError
FN:153,(anonymous_22)
FN:156,NotImplementedError
FNF:23
FNH:15
FNDA:4,_interopRequireDefault
FNDA:1,(anonymous_2)
FNDA:0,BadRequestError
FNDA:1,(anonymous_4)
FNDA:0,UnauthorizedError
FNDA:1,(anonymous_6)
FNDA:0,ForbidenError
FNDA:1,(anonymous_8)
FNDA:0,NotFoundError
FNDA:1,(anonymous_10)
FNDA:1,MethodNotAllowedError
FNDA:1,(anonymous_12)
FNDA:2,NotAcceptableError
FNDA:1,(anonymous_14)
FNDA:2,ConflictError
FNDA:1,(anonymous_16)
FNDA:0,GoneError
FNDA:1,(anonymous_18)
FNDA:0,UnsupportedMediaTypeError
FNDA:1,(anonymous_20)
FNDA:0,InternalServerError
FNDA:1,(anonymous_22)
FNDA:0,NotImplementedError
DA:3,1
DA:5,1
DA:7,1
DA:9,1
DA:11,1
DA:13,1
DA:15,1
DA:17,1
DA:19,4
DA:21,1
DA:23,1
DA:24,1
DA:26,1
DA:27,0
DA:28,0
DA:31,1
DA:34,1
DA:36,1
DA:37,1
DA:39,1
DA:40,0
DA:41,0
DA:44,1
DA:47,1
DA:49,1
DA:50,1
DA:52,1
DA:53,0
DA:54,0
DA:57,1
DA:60,1
DA:62,1
DA:63,1
DA:65,1
DA:66,0
DA:67,0
DA:70,1
DA:73,1
DA:75,1
DA:76,1
DA:78,1
DA:79,1
DA:80,1
DA:83,1
DA:86,1
DA:88,1
DA:89,1
DA:91,1
DA:92,2
DA:93,2
DA:96,1
DA:99,1
DA:101,1
DA:102,1
DA:104,1
DA:105,2
DA:106,2
DA:109,1
DA:112,1
DA:114,1
DA:115,1
DA:117,1
DA:118,0
DA:119,0
DA:122,1
DA:125,1
DA:127,1
DA:128,1
DA:130,1
DA:131,0
DA:132,0
DA:135,1
DA:138,1
DA:140,1
DA:141,1
DA:143,1
DA:144,0
DA:145,0
DA:148,1
DA:151,1
DA:153,1
DA:154,1
DA:156,1
DA:157,0
DA:158,0
DA:161,1
DA:164,1
LF:87
LH:71
BRDA:19,1,0,4
BRDA:19,1,1,0
BRDA:19,2,0,4
BRDA:19,2,1,4
BRF:4
BRH:3
end_of_record
TN:
SF:release/lib/server-types.js
FN:19,_interopRequireDefault
FN:21,(anonymous_2)
FN:32,ServiceContext
FN:38,(anonymous_4)
FN:41,HttpError
FN:58,ReferencedResource
FNF:6
FNH:6
FNDA:4,_interopRequireDefault
FNDA:1,(anonymous_2)
FNDA:14,ServiceContext
FNDA:1,(anonymous_4)
FNDA:5,HttpError
FNDA:1,ReferencedResource
DA:3,1
DA:5,1
DA:7,1
DA:9,1
DA:11,1
DA:13,1
DA:15,1
DA:17,1
DA:19,4
DA:21,1
DA:22,1
DA:23,1
DA:24,1
DA:25,1
DA:26,1
DA:27,1
DA:28,1
DA:30,1
DA:32,1
DA:33,14
DA:36,1
DA:38,1
DA:39,1
DA:41,1
DA:42,5
DA:44,5
DA:46,5
DA:47,5
DA:48,5
DA:49,5
DA:50,5
DA:53,1
DA:56,1
DA:58,1
DA:59,1
DA:61,1
DA:62,1
DA:65,1
LF:38
LH:38
BRDA:19,1,0,4
BRDA:19,1,1,0
BRDA:19,2,0,4
BRDA:19,2,1,4
BRDA:29,3,0,1
BRDA:29,3,1,1
BRF:6
BRH:5
end_of_record
TN:
SF:release/lib/server-return.js
FN:19,_interopRequireDefault
FN:23,(anonymous_2)
FN:26,NewResource
FN:36,(anonymous_4)
FN:39,RequestAccepted
FN:49,(anonymous_6)
FN:52,MovedPermanently
FN:62,(anonymous_8)
FN:65,MovedTemporarily
FNF:9
FNH:6
FNDA:4,_interopRequireDefault
FNDA:1,(anonymous_2)
FNDA:1,NewResource
FNDA:1,(anonymous_4)
FNDA:0,RequestAccepted
FNDA:1,(anonymous_6)
FNDA:0,MovedPermanently
FNDA:1,(anonymous_8)
FNDA:0,MovedTemporarily
DA:3,1
DA:5,1
DA:7,1
DA:9,1
DA:11,1
DA:13,1
DA:15,1
DA:17,1
DA:19,4
DA:21,1
DA:23,1
DA:24,1
DA:26,1
DA:27,1
DA:28,1
DA:31,1
DA:34,1
DA:36,1
DA:37,1
DA:39,1
DA:40,0
DA:41,0
DA:44,1
DA:47,1
DA:49,1
DA:50,1
DA:52,1
DA:53,0
DA:54,0
DA:57,1
DA:60,1
DA:62,1
DA:63,1
DA:65,1
DA:66,0
DA:67,0
DA:70,1
DA:73,1
LF:38
LH:32
BRDA:19,1,0,4
BRDA:19,1,1,0
BRDA:19,2,0,4
BRDA:19,2,1,4
BRF:4
BRH:3
end_of_record
TN:
SF:release/lib/decorators.js
FN:11,_interopRequireDefault
FN:17,Path
FN:18,(anonymous_3)
FN:28,AcceptLanguage
FN:33,(anonymous_5)
FN:43,Accept
FN:48,(anonymous_7)
FN:58,Context
FN:73,ContextRequest
FN:88,ContextResponse
FN:103,ContextNext
FN:118,ContextLanguage
FN:133,ContextAccept
FN:148,GET
FN:152,POST
FN:156,PUT
FN:160,DELETE
FN:164,HEAD
FN:168,OPTIONS
FN:172,PATCH
FN:176,PathParam
FN:177,(anonymous_22)
FN:182,FileParam
FN:183,(anonymous_24)
FN:188,FilesParam
FN:189,(anonymous_26)
FN:194,QueryParam
FN:195,(anonymous_28)
FN:200,HeaderParam
FN:201,(anonymous_30)
FN:206,CookieParam
FN:207,(anonymous_32)
FN:212,FormParam
FN:213,(anonymous_34)
FN:218,AcceptLanguageTypeDecorator
FN:222,AcceptLanguageMethodDecorator
FN:228,AcceptTypeDecorator
FN:232,AcceptMethodDecorator
FN:238,PathTypeDecorator
FN:242,PathMethodDecorator
FN:248,processDecoratedParameter
FN:258,processDecoratedProperty
FN:262,processHttpVerb
FN:272,processServiceMethod
FN:278,(anonymous_45)
FNF:45
FNH:37
FNDA:2,_interopRequireDefault
FNDA:10,Path
FNDA:10,(anonymous_3)
FNDA:1,AcceptLanguage
FNDA:1,(anonymous_5)
FNDA:1,Accept
FNDA:1,(anonymous_7)
FNDA:1,Context
FNDA:2,ContextRequest
FNDA:1,ContextResponse
FNDA:1,ContextNext
FNDA:1,ContextLanguage
FNDA:1,ContextAccept
FNDA:6,GET
FNDA:3,POST
FNDA:2,PUT
FNDA:0,DELETE
FNDA:0,HEAD
FNDA:0,OPTIONS
FNDA:0,PATCH
FNDA:1,PathParam
FNDA:1,(anonymous_22)
FNDA:1,FileParam
FNDA:1,(anonymous_24)
FNDA:0,FilesParam
FNDA:0,(anonymous_26)
FNDA:3,QueryParam
FNDA:3,(anonymous_28)
FNDA:1,HeaderParam
FNDA:1,(anonymous_30)
FNDA:1,CookieParam
FNDA:1,(anonymous_32)
FNDA:1,FormParam
FNDA:1,(anonymous_34)
FNDA:1,AcceptLanguageTypeDecorator
FNDA:0,AcceptLanguageMethodDecorator
FNDA:0,AcceptTypeDecorator
FNDA:1,AcceptMethodDecorator
FNDA:2,PathTypeDecorator
FNDA:8,PathMethodDecorator
FNDA:14,processDecoratedParameter
FNDA:1,processDecoratedProperty
FNDA:11,processHttpVerb
FNDA:11,processServiceMethod
FNDA:16,(anonymous_45)
DA:3,1
DA:5,1
DA:7,1
DA:9,1
DA:11,2
DA:13,1
DA:14,1
DA:15,1
DA:16,1
DA:17,1
DA:18,10
DA:19,10
DA:20,2
DA:21,8
DA:22,8
DA:24,0
DA:27,1
DA:28,1
DA:29,1
DA:30,2
DA:33,1
DA:34,1
DA:35,1
DA:36,0
DA:37,0
DA:39,0
DA:42,1
DA:43,1
DA:44,1
DA:45,1
DA:48,1
DA:49,1
DA:50,0
DA:51,1
DA:52,1
DA:54,0
DA:57,1
DA:58,1
DA:59,1
DA:60,2
DA:63,1
DA:64,1
DA:65,1
DA:66,0
DA:67,0
DA:68,0
DA:70,0
DA:72,1
DA:73,1
DA:74,2
DA:75,6
DA:78,2
DA:79,0
DA:80,0
DA:81,2
DA:82,2
DA:83,2
DA:85,0
DA:87,1
DA:88,1
DA:89,1
DA:90,3
DA:93,1
DA:94,0
DA:95,0
DA:96,1
DA:97,1
DA:98,1
DA:100,0
DA:102,1
DA:103,1
DA:104,1
DA:105,3
DA:108,1
DA:109,0
DA:110,0
DA:111,1
DA:112,1
DA:113,1
DA:115,0
DA:117,1
DA:118,1
DA:119,1
DA:120,3
DA:123,1
DA:124,0
DA:125,0
DA:126,1
DA:127,1
DA:128,1
DA:130,0
DA:132,1
DA:133,1
DA:134,1
DA:135,3
DA:138,1
DA:139,0
DA:140,0
DA:141,1
DA:142,1
DA:143,1
DA:145,0
DA:147,1
DA:148,1
DA:149,6
DA:151,1
DA:152,1
DA:153,3
DA:155,1
DA:156,1
DA:157,2
DA:159,1
DA:160,1
DA:161,0
DA:163,1
DA:164,1
DA:165,0
DA:167,1
DA:168,1
DA:169,0
DA:171,1
DA:172,1
DA:173,0
DA:175,1
DA:176,1
DA:177,1
DA:178,1
DA:181,1
DA:182,1
DA:183,1
DA:184,1
DA:187,1
DA:188,1
DA:189,0
DA:190,0
DA:193,1
DA:194,1
DA:195,3
DA:196,3
DA:199,1
DA:200,1
DA:201,1
DA:202,1
DA:205,1
DA:206,1
DA:207,1
DA:208,1
DA:211,1
DA:212,1
DA:213,1
DA:214,1
DA:217,1
DA:218,1
DA:219,1
DA:220,1
DA:222,1
DA:223,0
DA:224,0
DA:225,0
DA:228,1
DA:229,0
DA:230,0
DA:232,1
DA:233,1
DA:234,1
DA:235,1
DA:238,1
DA:239,2
DA:240,2
DA:242,1
DA:243,8
DA:244,8
DA:245,8
DA:248,1
DA:249,14
DA:250,14
DA:251,14
DA:252,14
DA:253,15
DA:255,14
DA:258,1
DA:259,1
DA:260,1
DA:262,1
DA:263,11
DA:264,11
DA:265,11
DA:266,0
DA:268,11
DA:269,11
DA:272,1
DA:273,11
DA:274,11
DA:275,11
DA:276,1
DA:278,11
DA:279,16
DA:280,1
DA:281,15
DA:282,1
DA:283,14
DA:284,0
DA:285,14
DA:286,1
DA:287,0
DA:289,1
DA:290,13
DA:291,2
DA:292,0
DA:294,2
DA:295,0
DA:297,2
LF:212
LH:171
BRDA:11,1,0,2
BRDA:11,1,1,0
BRDA:11,2,0,2
BRDA:11,2,1,2
BRDA:19,3,0,2
BRDA:19,3,1,8
BRDA:20,4,0,0
BRDA:20,4,1,2
BRDA:21,5,0,8
BRDA:21,5,1,0
BRDA:21,6,0,8
BRDA:21,6,1,8
BRDA:21,7,0,0
BRDA:21,7,1,8
BRDA:22,8,0,0
BRDA:22,8,1,8
BRDA:22,9,0,0
BRDA:22,9,1,8
BRDA:22,10,0,0
BRDA:22,10,1,8
BRDA:34,11,0,1
BRDA:34,11,1,0
BRDA:35,12,0,0
BRDA:35,12,1,1
BRDA:36,13,0,0
BRDA:36,13,1,0
BRDA:36,14,0,0
BRDA:36,14,1,0
BRDA:36,15,0,0
BRDA:36,15,1,0
BRDA:37,16,0,0
BRDA:37,16,1,0
BRDA:37,17,0,0
BRDA:37,17,1,0
BRDA:37,18,0,0
BRDA:37,18,1,0
BRDA:49,19,0,0
BRDA:49,19,1,1
BRDA:50,20,0,0
BRDA:50,20,1,0
BRDA:51,21,0,1
BRDA:51,21,1,0
BRDA:51,22,0,1
BRDA:51,22,1,1
BRDA:51,23,0,0
BRDA:51,23,1,1
BRDA:52,24,0,0
BRDA:52,24,1,1
BRDA:52,25,0,0
BRDA:52,25,1,1
BRDA:52,26,0,0
BRDA:52,26,1,1
BRDA:63,27,0,1
BRDA:63,27,1,0
BRDA:66,28,0,0
BRDA:66,28,1,0
BRDA:66,29,0,0
BRDA:66,29,1,0
BRDA:78,30,0,0
BRDA:78,30,1,2
BRDA:81,31,0,2
BRDA:81,31,1,0
BRDA:81,32,0,2
BRDA:81,32,1,2
BRDA:93,33,0,0
BRDA:93,33,1,1
BRDA:96,34,0,1
BRDA:96,34,1,0
BRDA:96,35,0,1
BRDA:96,35,1,1
BRDA:108,36,0,0
BRDA:108,36,1,1
BRDA:111,37,0,1
BRDA:111,37,1,0
BRDA:111,38,0,1
BRDA:111,38,1,1
BRDA:123,39,0,0
BRDA:123,39,1,1
BRDA:126,40,0,1
BRDA:126,40,1,0
BRDA:126,41,0,1
BRDA:126,41,1,1
BRDA:138,42,0,0
BRDA:138,42,1,1
BRDA:141,43,0,1
BRDA:141,43,1,0
BRDA:141,44,0,1
BRDA:141,44,1,1
BRDA:224,45,0,0
BRDA:224,45,1,0
BRDA:234,46,0,1
BRDA:234,46,1,0
BRDA:244,47,0,8
BRDA:244,47,1,0
BRDA:250,48,0,14
BRDA:250,48,1,0
BRDA:264,49,0,11
BRDA:264,49,1,0
BRDA:265,50,0,0
BRDA:265,50,1,11
BRDA:279,51,0,1
BRDA:279,51,1,15
BRDA:281,52,0,1
BRDA:281,52,1,14
BRDA:283,53,0,0
BRDA:283,53,1,14
BRDA:285,54,0,1
BRDA:285,54,1,13
BRDA:286,55,0,0
BRDA:286,55,1,1
BRDA:290,56,0,2
BRDA:290,56,1,11
BRDA:291,57,0,0
BRDA:291,57,1,2
BRDA:294,58,0,0
BRDA:294,58,1,2
BRF:116
BRH:61
end_of_record
TN:
SF:release/lib/server-container.js
FN:31,_interopRequireDefault
FN:40,(anonymous_2)
FN:41,InternalServer
FN:49,buildServices
FN:52,(anonymous_5)
FN:53,(anonymous_6)
FN:62,buildService
FN:65,handler
FN:103,handleNotAllowedMethods
FN:107,(anonymous_10)
FN:110,(anonymous_11)
FN:114,(anonymous_12)
FN:122,getUploader
FN:144,buildServiceMiddleware
FN:165,(anonymous_15)
FN:167,(anonymous_16)
FN:181,processResponseHeaders
FN:194,checkAcceptance
FN:220,createService
FN:223,(anonymous_20)
FN:252,callTargetEndPoint
FN:266,sendValue
FN:289,(anonymous_23)
FN:291,(anonymous_24)
FN:293,(anonymous_25)
FN:304,buildArgumentsList
FN:308,(anonymous_27)
FN:363,convertType
FN:376,registerServiceClass
FN:387,registerServiceMethod
FN:401,resolveAllPaths
FN:404,(anonymous_32)
FN:405,(anonymous_33)
FN:416,getPaths
FN:422,getHttpMethods
FN:429,resolveLanguages
FN:432,(anonymous_37)
FN:437,(anonymous_38)
FN:447,resolveAccepts
FN:450,(anonymous_40)
FN:455,(anonymous_41)
FN:465,resolveProperties
FN:472,resolvePath
FNF:43
FNH:39
FNDA:7,_interopRequireDefault
FNDA:1,(anonymous_2)
FNDA:1,InternalServer
FNDA:1,buildServices
FNDA:3,(anonymous_5)
FNDA:11,(anonymous_6)
FNDA:11,buildService
FNDA:14,handler
FNDA:1,handleNotAllowedMethods
FNDA:8,(anonymous_10)
FNDA:11,(anonymous_11)
FNDA:1,(anonymous_12)
FNDA:1,getUploader
FNDA:11,buildServiceMiddleware
FNDA:1,(anonymous_15)
FNDA:1,(anonymous_16)
FNDA:11,processResponseHeaders
FNDA:14,checkAcceptance
FNDA:12,createService
FNDA:3,(anonymous_20)
FNDA:14,callTargetEndPoint
FNDA:12,sendValue
FNDA:2,(anonymous_23)
FNDA:1,(anonymous_24)
FNDA:1,(anonymous_25)
FNDA:12,buildArgumentsList
FNDA:17,(anonymous_27)
FNDA:9,convertType
FNDA:38,registerServiceClass
FNDA:34,registerServiceMethod
FNDA:17,resolveAllPaths
FNDA:0,(anonymous_32)
FNDA:0,(anonymous_33)
FNDA:7,getPaths
FNDA:10,getHttpMethods
FNDA:11,resolveLanguages
FNDA:8,(anonymous_37)
FNDA:0,(anonymous_38)
FNDA:11,resolveAccepts
FNDA:0,(anonymous_40)
FNDA:1,(anonymous_41)
FNDA:11,resolveProperties
FNDA:11,resolvePath
DA:3,1
DA:5,1
DA:7,1
DA:9,1
DA:11,1
DA:13,1
DA:15,1
DA:17,1
DA:19,1
DA:21,1
DA:23,1
DA:25,1
DA:27,1
DA:29,1
DA:31,7
DA:33,1
DA:34,1
DA:35,1
DA:36,1
DA:37,1
DA:38,1
DA:40,1
DA:41,1
DA:42,1
DA:44,1
DA:47,1
DA:50,1
DA:52,1
DA:53,3
DA:54,11
DA:57,1
DA:58,1
DA:63,11
DA:65,11
DA:66,14
DA:68,11
DA:69,11
DA:71,11
DA:72,11
DA:73,11
DA:74,11
DA:75,11
DA:77,6
DA:78,6
DA:80,3
DA:81,3
DA:83,2
DA:84,2
DA:86,0
DA:87,0
DA:89,0
DA:90,0
DA:92,0
DA:93,0
DA:95,0
DA:96,0
DA:98,0
DA:104,1
DA:106,1
DA:107,1
DA:108,8
DA:109,8
DA:110,8
DA:111,11
DA:113,8
DA:114,8
DA:115,1
DA:116,1
DA:123,1
DA:124,1
DA:125,1
DA:126,0
DA:128,1
DA:129,0
DA:131,1
DA:132,0
DA:134,1
DA:135,0
DA:137,1
DA:140,1
DA:145,11
DA:147,11
DA:148,11
DA:149,1
DA:150,1
DA:151,0
DA:153,1
DA:154,0
DA:156,1
DA:158,11
DA:159,2
DA:161,11
DA:162,1
DA:164,11
DA:165,1
DA:166,1
DA:167,1
DA:168,1
DA:169,1
DA:171,0
DA:174,1
DA:177,11
DA:182,11
DA:183,4
DA:184,3
DA:186,4
DA:188,11
DA:189,1
DA:195,14
DA:196,7
DA:197,7
DA:198,6
DA:201,7
DA:202,7
DA:203,7
DA:206,14
DA:207,2
DA:208,2
DA:209,1
DA:211,1
DA:214,13
DA:215,1
DA:221,12
DA:222,12
DA:223,3
DA:224,3
DA:226,3
DA:227,3
DA:229,0
DA:230,0
DA:232,0
DA:233,0
DA:235,0
DA:236,0
DA:238,0
DA:239,0
DA:241,0
DA:242,0
DA:244,0
DA:248,12
DA:253,14
DA:254,14
DA:255,14
DA:256,14
DA:257,14
DA:258,12
DA:259,12
DA:260,12
DA:261,11
DA:262,11
DA:267,12
DA:269,12
DA:271,0
DA:272,0
DA:274,4
DA:275,4
DA:277,2
DA:278,2
DA:280,1
DA:281,0
DA:283,1
DA:285,5
DA:286,1
DA:287,1
DA:288,4
DA:289,2
DA:290,2
DA:291,2
DA:292,1
DA:294,1
DA:298,2
DA:305,12
DA:307,12
DA:308,12
DA:309,17
DA:311,1
DA:312,1
DA:314,3
DA:315,3
DA:317,1
DA:318,1
DA:320,1
DA:321,1
DA:323,2
DA:324,2
DA:326,1
DA:327,1
DA:328,1
DA:330,1
DA:332,0
DA:333,0
DA:335,1
DA:336,1
DA:338,0
DA:339,0
DA:341,2
DA:342,2
DA:344,1
DA:345,1
DA:347,1
DA:348,1
DA:350,1
DA:351,1
DA:353,2
DA:354,2
DA:356,0
DA:359,12
DA:364,9
DA:365,9
DA:367,3
DA:369,0
DA:371,6
DA:377,38
DA:378,38
DA:379,38
DA:380,3
DA:382,38
DA:383,38
DA:388,34
DA:389,34
DA:390,34
DA:391,34
DA:392,11
DA:394,34
DA:395,34
DA:397,0
DA:402,17
DA:403,0
DA:404,0
DA:405,0
DA:406,0
DA:407,0
DA:411,0
DA:417,7
DA:418,7
DA:423,10
DA:424,10
DA:425,10
DA:430,11
DA:431,11
DA:432,4
DA:433,8
DA:436,11
DA:437,0
DA:438,0
DA:441,11
DA:442,4
DA:448,11
DA:449,11
DA:450,0
DA:451,0
DA:454,11
DA:455,1
DA:456,1
DA:459,11
DA:460,1
DA:466,11
DA:467,11
DA:468,11
DA:473,11
DA:474,11
DA:475,11
DA:476,3
DA:478,11
DA:479,8
DA:480,8
DA:482,11
DA:483,11
DA:484,8
DA:485,8
DA:487,11
DA:488,0
DA:490,11
DA:491,11
DA:494,1
DA:497,1
DA:498,1
DA:499,1
DA:500,1
LF:279
LH:231
BRDA:31,1,0,7
BRDA:31,1,1,0
BRDA:31,2,0,7
BRDA:31,2,1,7
BRDA:68,3,0,11
BRDA:68,3,1,0
BRDA:75,4,0,6
BRDA:75,4,1,3
BRDA:75,4,2,2
BRDA:75,4,3,0
BRDA:75,4,4,0
BRDA:75,4,5,0
BRDA:75,4,6,0
BRDA:75,4,7,0
BRDA:123,5,0,1
BRDA:123,5,1,0
BRDA:125,6,0,0
BRDA:125,6,1,1
BRDA:128,7,0,0
BRDA:128,7,1,1
BRDA:131,8,0,0
BRDA:131,8,1,1
BRDA:134,9,0,0
BRDA:134,9,1,1
BRDA:148,10,0,1
BRDA:148,10,1,10
BRDA:150,11,0,0
BRDA:150,11,1,1
BRDA:153,12,0,0
BRDA:153,12,1,1
BRDA:158,13,0,2
BRDA:158,13,1,9
BRDA:161,14,0,1
BRDA:161,14,1,10
BRDA:164,15,0,1
BRDA:164,15,1,10
BRDA:168,16,0,1
BRDA:168,16,1,0
BRDA:182,17,0,4
BRDA:182,17,1,7
BRDA:183,18,0,3
BRDA:183,18,1,1
BRDA:188,19,0,1
BRDA:188,19,1,10
BRDA:195,20,0,7
BRDA:195,20,1,7
BRDA:197,21,0,6
BRDA:197,21,1,1
BRDA:202,22,0,7
BRDA:202,22,1,0
BRDA:202,23,0,7
BRDA:202,23,1,7
BRDA:206,24,0,2
BRDA:206,24,1,12
BRDA:208,25,0,1
BRDA:208,25,1,1
BRDA:214,26,0,1
BRDA:214,26,1,12
BRDA:222,27,0,3
BRDA:222,27,1,9
BRDA:224,28,0,3
BRDA:224,28,1,0
BRDA:224,28,2,0
BRDA:224,28,3,0
BRDA:224,28,4,0
BRDA:224,28,5,0
BRDA:224,28,6,0
BRDA:269,29,0,0
BRDA:269,29,1,4
BRDA:269,29,2,2
BRDA:269,29,3,1
BRDA:269,29,4,5
BRDA:269,30,0,1
BRDA:269,30,1,11
BRDA:280,31,0,0
BRDA:280,31,1,1
BRDA:285,32,0,1
BRDA:285,32,1,4
BRDA:285,33,0,5
BRDA:285,33,1,1
BRDA:288,34,0,2
BRDA:288,34,1,2
BRDA:288,35,0,4
BRDA:288,35,1,2
BRDA:309,36,0,1
BRDA:309,36,1,3
BRDA:309,36,2,1
BRDA:309,36,3,1
BRDA:309,36,4,2
BRDA:309,36,5,1
BRDA:309,36,6,0
BRDA:309,36,7,1
BRDA:309,36,8,0
BRDA:309,36,9,2
BRDA:309,36,10,1
BRDA:309,36,11,1
BRDA:309,36,12,1
BRDA:309,36,13,2
BRDA:309,36,14,0
BRDA:327,37,0,1
BRDA:327,37,1,0
BRDA:327,38,0,1
BRDA:327,38,1,1
BRDA:365,39,0,3
BRDA:365,39,1,0
BRDA:365,39,2,6
BRDA:367,40,0,3
BRDA:367,40,1,0
BRDA:378,41,0,38
BRDA:378,41,1,20
BRDA:379,42,0,3
BRDA:379,42,1,35
BRDA:388,43,0,34
BRDA:388,43,1,0
BRDA:391,44,0,11
BRDA:391,44,1,23
BRDA:402,45,0,0
BRDA:402,45,1,17
BRDA:406,46,0,0
BRDA:406,46,1,0
BRDA:425,47,0,10
BRDA:425,47,1,0
BRDA:431,48,0,4
BRDA:431,48,1,7
BRDA:436,49,0,0
BRDA:436,49,1,11
BRDA:441,50,0,4
BRDA:441,50,1,7
BRDA:449,51,0,0
BRDA:449,51,1,11
BRDA:454,52,0,1
BRDA:454,52,1,10
BRDA:459,53,0,1
BRDA:459,53,1,10
BRDA:473,54,0,8
BRDA:473,54,1,3
BRDA:474,55,0,8
BRDA:474,55,1,3
BRDA:475,56,0,3
BRDA:475,56,1,8
BRDA:478,57,0,8
BRDA:478,57,1,3
BRDA:480,58,0,1
BRDA:480,58,1,7
BRDA:483,59,0,8
BRDA:483,59,1,3
BRDA:487,60,0,0
BRDA:487,60,1,11
BRF:148
BRH:110
end_of_record
TN:
SF:release/lib/metadata.js
FN:15,_interopRequireDefault
FN:17,(anonymous_2)
FN:18,ServiceClass
FN:27,addProperty
FN:35,hasProperties
FN:44,ServiceMethod
FN:56,FileParam
FN:65,MethodParam
FN:74,(anonymous_9)
FNF:9
FNH:9
FNDA:3,_interopRequireDefault
FNDA:1,(anonymous_2)
FNDA:3,ServiceClass
FNDA:1,addProperty
FNDA:13,hasProperties
FNDA:11,ServiceMethod
FNDA:1,FileParam
FNDA:30,MethodParam
FNDA:1,(anonymous_9)
DA:3,1
DA:5,1
DA:7,1
DA:9,1
DA:11,1
DA:13,1
DA:15,3
DA:17,1
DA:18,1
DA:19,3
DA:21,3
DA:22,3
DA:25,1
DA:28,1
DA:29,1
DA:31,1
DA:36,13
DA:39,1
DA:42,1
DA:44,1
DA:45,11
DA:47,11
DA:48,11
DA:49,11
DA:50,11
DA:51,11
DA:54,1
DA:56,1
DA:57,1
DA:59,1
DA:60,1
DA:63,1
DA:65,1
DA:66,30
DA:68,30
DA:69,30
DA:70,30
DA:73,1
DA:74,1
DA:75,1
DA:76,1
DA:77,1
DA:78,1
DA:79,1
DA:80,1
DA:81,1
DA:82,1
DA:83,1
DA:84,1
DA:85,1
DA:86,1
DA:87,1
DA:88,1
DA:90,1
LF:54
LH:54
BRDA:15,1,0,3
BRDA:15,1,1,0
BRDA:15,2,0,3
BRDA:15,2,1,3
BRDA:28,3,0,1
BRDA:28,3,1,0
BRDA:36,4,0,13
BRDA:36,4,1,3
BRDA:89,5,0,1
BRDA:89,5,1,1
BRF:10
BRH:8
end_of_record
TN:
SF:release/lib/server.js
FN:15,_interopRequireDefault
FN:19,(anonymous_2)
FN:20,Server
FN:26,buildServices
FN:32,getPaths
FN:37,getHttpMethods
FN:42,setCookiesSecret
FN:47,setCookiesDecoder
FN:52,setFileDest
FN:57,setFileFilter
FN:62,setFileLimits
FNF:11
FNH:5
FNDA:3,_interopRequireDefault
FNDA:1,(anonymous_2)
FNDA:0,Server
FNDA:1,buildServices
FNDA:6,getPaths
FNDA:2,getHttpMethods
FNDA:0,setCookiesSecret
FNDA:0,setCookiesDecoder
FNDA:0,setFileDest
FNDA:0,setFileFilter
FNDA:0,setFileLimits
DA:3,1
DA:5,1
DA:7,1
DA:9,1
DA:11,1
DA:13,1
DA:15,3
DA:17,1
DA:19,1
DA:20,1
DA:21,0
DA:24,1
DA:27,1
DA:28,1
DA:33,6
DA:38,2
DA:43,0
DA:48,0
DA:53,0
DA:58,0
DA:63,0
DA:66,1
DA:69,1
LF:23
LH:17
BRDA:15,1,0,3
BRDA:15,1,1,0
BRDA:15,2,0,3
BRDA:15,2,1,3
BRF:4
BRH:3
end_of_record
