TN:
SF:release/lib/typescript-rest.js
FN:3,__export
FNF:1
FNH:1
FNDA:3,__export
DA:3,1
DA:4,3
DA:5,28
DA:8,1
DA:9,1
DA:10,1
DA:11,1
DA:12,1
DA:13,1
DA:14,1
LF:10
LH:10
BRDA:5,1,0,28
BRDA:5,1,1,0
BRF:2
BRH:1
end_of_record
TN:
SF:release/lib/server-errors.js
FN:19,_interopRequireDefault
FN:23,(anonymous_2)
FN:26,BadRequestError
FN:36,(anonymous_4)
FN:39,UnauthorizedError
FN:49,(anonymous_6)
FN:52,ForbidenError
FN:62,(anonymous_8)
FN:65,NotFoundError
FN:75,(anonymous_10)
FN:78,MethodNotAllowedError
FN:88,(anonymous_12)
FN:91,NotAcceptableError
FN:101,(anonymous_14)
FN:104,ConflictError
FN:114,(anonymous_16)
FN:117,InternalServerError
FN:127,(anonymous_18)
FN:130,NotImplementedError
FNF:19
FNH:12
FNDA:4,_interopRequireDefault
FNDA:1,(anonymous_2)
FNDA:0,BadRequestError
FNDA:1,(anonymous_4)
FNDA:0,UnauthorizedError
FNDA:1,(anonymous_6)
FNDA:0,ForbidenError
FNDA:1,(anonymous_8)
FNDA:0,NotFoundError
FNDA:1,(anonymous_10)
FNDA:0,MethodNotAllowedError
FNDA:1,(anonymous_12)
FNDA:2,NotAcceptableError
FNDA:1,(anonymous_14)
FNDA:2,ConflictError
FNDA:1,(anonymous_16)
FNDA:0,InternalServerError
FNDA:1,(anonymous_18)
FNDA:0,NotImplementedError
DA:3,1
DA:5,1
DA:7,1
DA:9,1
DA:11,1
DA:13,1
DA:15,1
DA:17,1
DA:19,4
DA:21,1
DA:23,1
DA:24,1
DA:26,1
DA:27,0
DA:28,0
DA:31,1
DA:34,1
DA:36,1
DA:37,1
DA:39,1
DA:40,0
DA:41,0
DA:44,1
DA:47,1
DA:49,1
DA:50,1
DA:52,1
DA:53,0
DA:54,0
DA:57,1
DA:60,1
DA:62,1
DA:63,1
DA:65,1
DA:66,0
DA:67,0
DA:70,1
DA:73,1
DA:75,1
DA:76,1
DA:78,1
DA:79,0
DA:80,0
DA:83,1
DA:86,1
DA:88,1
DA:89,1
DA:91,1
DA:92,2
DA:93,2
DA:96,1
DA:99,1
DA:101,1
DA:102,1
DA:104,1
DA:105,2
DA:106,2
DA:109,1
DA:112,1
DA:114,1
DA:115,1
DA:117,1
DA:118,0
DA:119,0
DA:122,1
DA:125,1
DA:127,1
DA:128,1
DA:130,1
DA:131,0
DA:132,0
DA:135,1
DA:138,1
LF:73
LH:59
BRDA:19,1,0,4
BRDA:19,1,1,0
BRDA:19,2,0,4
BRDA:19,2,1,4
BRF:4
BRH:3
end_of_record
TN:
SF:release/lib/server-types.js
FN:19,_interopRequireDefault
FN:21,(anonymous_2)
FN:32,ServiceContext
FN:38,(anonymous_4)
FN:41,HttpError
FN:58,ReferencedResource
FNF:6
FNH:6
FNDA:4,_interopRequireDefault
FNDA:1,(anonymous_2)
FNDA:14,ServiceContext
FNDA:1,(anonymous_4)
FNDA:4,HttpError
FNDA:1,ReferencedResource
DA:3,1
DA:5,1
DA:7,1
DA:9,1
DA:11,1
DA:13,1
DA:15,1
DA:17,1
DA:19,4
DA:21,1
DA:22,1
DA:23,1
DA:24,1
DA:25,1
DA:26,1
DA:27,1
DA:28,1
DA:30,1
DA:32,1
DA:33,14
DA:36,1
DA:38,1
DA:39,1
DA:41,1
DA:42,4
DA:44,4
DA:46,4
DA:47,4
DA:48,4
DA:49,4
DA:50,4
DA:53,1
DA:56,1
DA:58,1
DA:59,1
DA:61,1
DA:62,1
DA:65,1
LF:38
LH:38
BRDA:19,1,0,4
BRDA:19,1,1,0
BRDA:19,2,0,4
BRDA:19,2,1,4
BRDA:29,3,0,1
BRDA:29,3,1,1
BRF:6
BRH:5
end_of_record
TN:
SF:release/lib/server-return.js
FN:19,_interopRequireDefault
FN:23,(anonymous_2)
FN:26,NewResource
FN:36,(anonymous_4)
FN:39,RequestAccepted
FN:49,(anonymous_6)
FN:52,MovedPermanently
FN:62,(anonymous_8)
FN:65,MovedTemporarily
FNF:9
FNH:6
FNDA:4,_interopRequireDefault
FNDA:1,(anonymous_2)
FNDA:1,NewResource
FNDA:1,(anonymous_4)
FNDA:0,RequestAccepted
FNDA:1,(anonymous_6)
FNDA:0,MovedPermanently
FNDA:1,(anonymous_8)
FNDA:0,MovedTemporarily
DA:3,1
DA:5,1
DA:7,1
DA:9,1
DA:11,1
DA:13,1
DA:15,1
DA:17,1
DA:19,4
DA:21,1
DA:23,1
DA:24,1
DA:26,1
DA:27,1
DA:28,1
DA:31,1
DA:34,1
DA:36,1
DA:37,1
DA:39,1
DA:40,0
DA:41,0
DA:44,1
DA:47,1
DA:49,1
DA:50,1
DA:52,1
DA:53,0
DA:54,0
DA:57,1
DA:60,1
DA:62,1
DA:63,1
DA:65,1
DA:66,0
DA:67,0
DA:70,1
DA:73,1
LF:38
LH:32
BRDA:19,1,0,4
BRDA:19,1,1,0
BRDA:19,2,0,4
BRDA:19,2,1,4
BRF:4
BRH:3
end_of_record
TN:
SF:release/lib/decorators.js
FN:11,_interopRequireDefault
FN:17,Path
FN:18,(anonymous_3)
FN:28,AcceptLanguage
FN:33,(anonymous_5)
FN:43,Accept
FN:48,(anonymous_7)
FN:58,Context
FN:73,ContextRequest
FN:88,ContextResponse
FN:103,ContextNext
FN:118,ContextLanguage
FN:133,ContextAccept
FN:148,GET
FN:152,POST
FN:156,PUT
FN:160,DELETE
FN:164,HEAD
FN:168,OPTIONS
FN:172,PATCH
FN:176,PathParam
FN:177,(anonymous_22)
FN:182,FileParam
FN:183,(anonymous_24)
FN:188,FilesParam
FN:189,(anonymous_26)
FN:194,QueryParam
FN:195,(anonymous_28)
FN:200,HeaderParam
FN:201,(anonymous_30)
FN:206,CookieParam
FN:207,(anonymous_32)
FN:212,FormParam
FN:213,(anonymous_34)
FN:218,AcceptLanguageTypeDecorator
FN:222,AcceptLanguageMethodDecorator
FN:228,AcceptTypeDecorator
FN:232,AcceptMethodDecorator
FN:238,PathTypeDecorator
FN:242,PathMethodDecorator
FN:248,processDecoratedParameter
FN:258,processDecoratedProperty
FN:262,processHttpVerb
FN:272,processServiceMethod
FN:278,(anonymous_45)
FNF:45
FNH:37
FNDA:2,_interopRequireDefault
FNDA:10,Path
FNDA:10,(anonymous_3)
FNDA:1,AcceptLanguage
FNDA:1,(anonymous_5)
FNDA:1,Accept
FNDA:1,(anonymous_7)
FNDA:1,Context
FNDA:2,ContextRequest
FNDA:1,ContextResponse
FNDA:1,ContextNext
FNDA:1,ContextLanguage
FNDA:1,ContextAccept
FNDA:6,GET
FNDA:3,POST
FNDA:2,PUT
FNDA:0,DELETE
FNDA:0,HEAD
FNDA:0,OPTIONS
FNDA:0,PATCH
FNDA:1,PathParam
FNDA:1,(anonymous_22)
FNDA:1,FileParam
FNDA:1,(anonymous_24)
FNDA:0,FilesParam
FNDA:0,(anonymous_26)
FNDA:3,QueryParam
FNDA:3,(anonymous_28)
FNDA:1,HeaderParam
FNDA:1,(anonymous_30)
FNDA:1,CookieParam
FNDA:1,(anonymous_32)
FNDA:1,FormParam
FNDA:1,(anonymous_34)
FNDA:1,AcceptLanguageTypeDecorator
FNDA:0,AcceptLanguageMethodDecorator
FNDA:0,AcceptTypeDecorator
FNDA:1,AcceptMethodDecorator
FNDA:2,PathTypeDecorator
FNDA:8,PathMethodDecorator
FNDA:14,processDecoratedParameter
FNDA:1,processDecoratedProperty
FNDA:11,processHttpVerb
FNDA:11,processServiceMethod
FNDA:16,(anonymous_45)
DA:3,1
DA:5,1
DA:7,1
DA:9,1
DA:11,2
DA:13,1
DA:14,1
DA:15,1
DA:16,1
DA:17,1
DA:18,10
DA:19,10
DA:20,2
DA:21,8
DA:22,8
DA:24,0
DA:27,1
DA:28,1
DA:29,1
DA:30,2
DA:33,1
DA:34,1
DA:35,1
DA:36,0
DA:37,0
DA:39,0
DA:42,1
DA:43,1
DA:44,1
DA:45,1
DA:48,1
DA:49,1
DA:50,0
DA:51,1
DA:52,1
DA:54,0
DA:57,1
DA:58,1
DA:59,1
DA:60,2
DA:63,1
DA:64,1
DA:65,1
DA:66,0
DA:67,0
DA:68,0
DA:70,0
DA:72,1
DA:73,1
DA:74,2
DA:75,6
DA:78,2
DA:79,0
DA:80,0
DA:81,2
DA:82,2
DA:83,2
DA:85,0
DA:87,1
DA:88,1
DA:89,1
DA:90,3
DA:93,1
DA:94,0
DA:95,0
DA:96,1
DA:97,1
DA:98,1
DA:100,0
DA:102,1
DA:103,1
DA:104,1
DA:105,3
DA:108,1
DA:109,0
DA:110,0
DA:111,1
DA:112,1
DA:113,1
DA:115,0
DA:117,1
DA:118,1
DA:119,1
DA:120,3
DA:123,1
DA:124,0
DA:125,0
DA:126,1
DA:127,1
DA:128,1
DA:130,0
DA:132,1
DA:133,1
DA:134,1
DA:135,3
DA:138,1
DA:139,0
DA:140,0
DA:141,1
DA:142,1
DA:143,1
DA:145,0
DA:147,1
DA:148,1
DA:149,6
DA:151,1
DA:152,1
DA:153,3
DA:155,1
DA:156,1
DA:157,2
DA:159,1
DA:160,1
DA:161,0
DA:163,1
DA:164,1
DA:165,0
DA:167,1
DA:168,1
DA:169,0
DA:171,1
DA:172,1
DA:173,0
DA:175,1
DA:176,1
DA:177,1
DA:178,1
DA:181,1
DA:182,1
DA:183,1
DA:184,1
DA:187,1
DA:188,1
DA:189,0
DA:190,0
DA:193,1
DA:194,1
DA:195,3
DA:196,3
DA:199,1
DA:200,1
DA:201,1
DA:202,1
DA:205,1
DA:206,1
DA:207,1
DA:208,1
DA:211,1
DA:212,1
DA:213,1
DA:214,1
DA:217,1
DA:218,1
DA:219,1
DA:220,1
DA:222,1
DA:223,0
DA:224,0
DA:225,0
DA:228,1
DA:229,0
DA:230,0
DA:232,1
DA:233,1
DA:234,1
DA:235,1
DA:238,1
DA:239,2
DA:240,2
DA:242,1
DA:243,8
DA:244,8
DA:245,8
DA:248,1
DA:249,14
DA:250,14
DA:251,14
DA:252,14
DA:253,15
DA:255,14
DA:258,1
DA:259,1
DA:260,1
DA:262,1
DA:263,11
DA:264,11
DA:265,11
DA:266,0
DA:268,11
DA:269,11
DA:272,1
DA:273,11
DA:274,11
DA:275,11
DA:276,1
DA:278,11
DA:279,16
DA:280,1
DA:281,15
DA:282,1
DA:283,14
DA:284,0
DA:285,14
DA:286,1
DA:287,0
DA:289,1
DA:290,13
DA:291,2
DA:292,0
DA:294,2
DA:295,0
DA:297,2
LF:212
LH:171
BRDA:11,1,0,2
BRDA:11,1,1,0
BRDA:11,2,0,2
BRDA:11,2,1,2
BRDA:19,3,0,2
BRDA:19,3,1,8
BRDA:20,4,0,0
BRDA:20,4,1,2
BRDA:21,5,0,8
BRDA:21,5,1,0
BRDA:21,6,0,8
BRDA:21,6,1,8
BRDA:21,7,0,0
BRDA:21,7,1,8
BRDA:22,8,0,0
BRDA:22,8,1,8
BRDA:22,9,0,0
BRDA:22,9,1,8
BRDA:22,10,0,0
BRDA:22,10,1,8
BRDA:34,11,0,1
BRDA:34,11,1,0
BRDA:35,12,0,0
BRDA:35,12,1,1
BRDA:36,13,0,0
BRDA:36,13,1,0
BRDA:36,14,0,0
BRDA:36,14,1,0
BRDA:36,15,0,0
BRDA:36,15,1,0
BRDA:37,16,0,0
BRDA:37,16,1,0
BRDA:37,17,0,0
BRDA:37,17,1,0
BRDA:37,18,0,0
BRDA:37,18,1,0
BRDA:49,19,0,0
BRDA:49,19,1,1
BRDA:50,20,0,0
BRDA:50,20,1,0
BRDA:51,21,0,1
BRDA:51,21,1,0
BRDA:51,22,0,1
BRDA:51,22,1,1
BRDA:51,23,0,0
BRDA:51,23,1,1
BRDA:52,24,0,0
BRDA:52,24,1,1
BRDA:52,25,0,0
BRDA:52,25,1,1
BRDA:52,26,0,0
BRDA:52,26,1,1
BRDA:63,27,0,1
BRDA:63,27,1,0
BRDA:66,28,0,0
BRDA:66,28,1,0
BRDA:66,29,0,0
BRDA:66,29,1,0
BRDA:78,30,0,0
BRDA:78,30,1,2
BRDA:81,31,0,2
BRDA:81,31,1,0
BRDA:81,32,0,2
BRDA:81,32,1,2
BRDA:93,33,0,0
BRDA:93,33,1,1
BRDA:96,34,0,1
BRDA:96,34,1,0
BRDA:96,35,0,1
BRDA:96,35,1,1
BRDA:108,36,0,0
BRDA:108,36,1,1
BRDA:111,37,0,1
BRDA:111,37,1,0
BRDA:111,38,0,1
BRDA:111,38,1,1
BRDA:123,39,0,0
BRDA:123,39,1,1
BRDA:126,40,0,1
BRDA:126,40,1,0
BRDA:126,41,0,1
BRDA:126,41,1,1
BRDA:138,42,0,0
BRDA:138,42,1,1
BRDA:141,43,0,1
BRDA:141,43,1,0
BRDA:141,44,0,1
BRDA:141,44,1,1
BRDA:224,45,0,0
BRDA:224,45,1,0
BRDA:234,46,0,1
BRDA:234,46,1,0
BRDA:244,47,0,8
BRDA:244,47,1,0
BRDA:250,48,0,14
BRDA:250,48,1,0
BRDA:264,49,0,11
BRDA:264,49,1,0
BRDA:265,50,0,0
BRDA:265,50,1,11
BRDA:279,51,0,1
BRDA:279,51,1,15
BRDA:281,52,0,1
BRDA:281,52,1,14
BRDA:283,53,0,0
BRDA:283,53,1,14
BRDA:285,54,0,1
BRDA:285,54,1,13
BRDA:286,55,0,0
BRDA:286,55,1,1
BRDA:290,56,0,2
BRDA:290,56,1,11
BRDA:291,57,0,0
BRDA:291,57,1,2
BRDA:294,58,0,0
BRDA:294,58,1,2
BRF:116
BRH:61
end_of_record
TN:
SF:release/lib/server-container.js
FN:31,_interopRequireDefault
FN:40,(anonymous_2)
FN:41,InternalServer
FN:49,buildServices
FN:52,(anonymous_5)
FN:53,(anonymous_6)
FN:61,buildService
FN:64,handler
FN:102,getUploader
FN:124,buildServiceMiddleware
FN:145,(anonymous_11)
FN:147,(anonymous_12)
FN:161,processResponseHeaders
FN:174,checkAcceptance
FN:200,createService
FN:203,(anonymous_16)
FN:232,callTargetEndPoint
FN:246,sendValue
FN:269,(anonymous_19)
FN:271,(anonymous_20)
FN:273,(anonymous_21)
FN:284,buildArgumentsList
FN:288,(anonymous_23)
FN:343,convertType
FN:356,registerServiceClass
FN:367,registerServiceMethod
FN:381,resolveAllPaths
FN:384,(anonymous_28)
FN:385,(anonymous_29)
FN:396,getPaths
FN:402,getHttpMethods
FN:409,resolveLanguages
FN:412,(anonymous_33)
FN:417,(anonymous_34)
FN:427,resolveAccepts
FN:430,(anonymous_36)
FN:435,(anonymous_37)
FN:445,resolveProperties
FN:452,resolvePath
FNF:39
FNH:35
FNDA:7,_interopRequireDefault
FNDA:1,(anonymous_2)
FNDA:1,InternalServer
FNDA:1,buildServices
FNDA:3,(anonymous_5)
FNDA:11,(anonymous_6)
FNDA:11,buildService
FNDA:14,handler
FNDA:1,getUploader
FNDA:11,buildServiceMiddleware
FNDA:1,(anonymous_11)
FNDA:1,(anonymous_12)
FNDA:11,processResponseHeaders
FNDA:14,checkAcceptance
FNDA:12,createService
FNDA:3,(anonymous_16)
FNDA:14,callTargetEndPoint
FNDA:12,sendValue
FNDA:2,(anonymous_19)
FNDA:1,(anonymous_20)
FNDA:1,(anonymous_21)
FNDA:12,buildArgumentsList
FNDA:17,(anonymous_23)
FNDA:9,convertType
FNDA:38,registerServiceClass
FNDA:34,registerServiceMethod
FNDA:8,resolveAllPaths
FNDA:0,(anonymous_28)
FNDA:0,(anonymous_29)
FNDA:6,getPaths
FNDA:2,getHttpMethods
FNDA:11,resolveLanguages
FNDA:8,(anonymous_33)
FNDA:0,(anonymous_34)
FNDA:11,resolveAccepts
FNDA:0,(anonymous_36)
FNDA:1,(anonymous_37)
FNDA:11,resolveProperties
FNDA:11,resolvePath
DA:3,1
DA:5,1
DA:7,1
DA:9,1
DA:11,1
DA:13,1
DA:15,1
DA:17,1
DA:19,1
DA:21,1
DA:23,1
DA:25,1
DA:27,1
DA:29,1
DA:31,7
DA:33,1
DA:34,1
DA:35,1
DA:36,1
DA:37,1
DA:38,1
DA:40,1
DA:41,1
DA:42,1
DA:44,1
DA:47,1
DA:50,1
DA:52,1
DA:53,3
DA:54,11
DA:57,1
DA:62,11
DA:64,11
DA:65,14
DA:67,11
DA:68,11
DA:70,11
DA:71,11
DA:72,11
DA:73,11
DA:74,11
DA:76,6
DA:77,6
DA:79,3
DA:80,3
DA:82,2
DA:83,2
DA:85,0
DA:86,0
DA:88,0
DA:89,0
DA:91,0
DA:92,0
DA:94,0
DA:95,0
DA:97,0
DA:103,1
DA:104,1
DA:105,1
DA:106,0
DA:108,1
DA:109,0
DA:111,1
DA:112,0
DA:114,1
DA:115,0
DA:117,1
DA:120,1
DA:125,11
DA:127,11
DA:128,11
DA:129,1
DA:130,1
DA:131,0
DA:133,1
DA:134,0
DA:136,1
DA:138,11
DA:139,2
DA:141,11
DA:142,1
DA:144,11
DA:145,1
DA:146,1
DA:147,1
DA:148,1
DA:149,1
DA:151,0
DA:154,1
DA:157,11
DA:162,11
DA:163,4
DA:164,3
DA:166,4
DA:168,11
DA:169,1
DA:175,14
DA:176,7
DA:177,7
DA:178,6
DA:181,7
DA:182,7
DA:183,7
DA:186,14
DA:187,2
DA:188,2
DA:189,1
DA:191,1
DA:194,13
DA:195,1
DA:201,12
DA:202,12
DA:203,3
DA:204,3
DA:206,3
DA:207,3
DA:209,0
DA:210,0
DA:212,0
DA:213,0
DA:215,0
DA:216,0
DA:218,0
DA:219,0
DA:221,0
DA:222,0
DA:224,0
DA:228,12
DA:233,14
DA:234,14
DA:235,14
DA:236,14
DA:237,14
DA:238,12
DA:239,12
DA:240,12
DA:241,11
DA:242,11
DA:247,12
DA:249,12
DA:251,0
DA:252,0
DA:254,4
DA:255,4
DA:257,2
DA:258,2
DA:260,1
DA:261,0
DA:263,1
DA:265,5
DA:266,1
DA:267,1
DA:268,4
DA:269,2
DA:270,2
DA:271,2
DA:272,1
DA:274,1
DA:278,2
DA:285,12
DA:287,12
DA:288,12
DA:289,17
DA:291,1
DA:292,1
DA:294,3
DA:295,3
DA:297,1
DA:298,1
DA:300,1
DA:301,1
DA:303,2
DA:304,2
DA:306,1
DA:307,1
DA:308,1
DA:310,1
DA:312,0
DA:313,0
DA:315,1
DA:316,1
DA:318,0
DA:319,0
DA:321,2
DA:322,2
DA:324,1
DA:325,1
DA:327,1
DA:328,1
DA:330,1
DA:331,1
DA:333,2
DA:334,2
DA:336,0
DA:339,12
DA:344,9
DA:345,9
DA:347,3
DA:349,0
DA:351,6
DA:357,38
DA:358,38
DA:359,38
DA:360,3
DA:362,38
DA:363,38
DA:368,34
DA:369,34
DA:370,34
DA:371,34
DA:372,11
DA:374,34
DA:375,34
DA:377,0
DA:382,8
DA:383,0
DA:384,0
DA:385,0
DA:386,0
DA:387,0
DA:391,0
DA:397,6
DA:398,6
DA:403,2
DA:404,2
DA:405,2
DA:410,11
DA:411,11
DA:412,4
DA:413,8
DA:416,11
DA:417,0
DA:418,0
DA:421,11
DA:422,4
DA:428,11
DA:429,11
DA:430,0
DA:431,0
DA:434,11
DA:435,1
DA:436,1
DA:439,11
DA:440,1
DA:446,11
DA:447,11
DA:448,11
DA:453,11
DA:454,11
DA:455,11
DA:456,3
DA:458,11
DA:459,8
DA:460,8
DA:462,11
DA:463,11
DA:464,8
DA:465,8
DA:467,11
DA:468,0
DA:470,11
DA:471,11
DA:474,1
DA:477,1
DA:478,1
DA:479,1
DA:480,1
LF:267
LH:219
BRDA:31,1,0,7
BRDA:31,1,1,0
BRDA:31,2,0,7
BRDA:31,2,1,7
BRDA:67,3,0,11
BRDA:67,3,1,0
BRDA:74,4,0,6
BRDA:74,4,1,3
BRDA:74,4,2,2
BRDA:74,4,3,0
BRDA:74,4,4,0
BRDA:74,4,5,0
BRDA:74,4,6,0
BRDA:74,4,7,0
BRDA:103,5,0,1
BRDA:103,5,1,0
BRDA:105,6,0,0
BRDA:105,6,1,1
BRDA:108,7,0,0
BRDA:108,7,1,1
BRDA:111,8,0,0
BRDA:111,8,1,1
BRDA:114,9,0,0
BRDA:114,9,1,1
BRDA:128,10,0,1
BRDA:128,10,1,10
BRDA:130,11,0,0
BRDA:130,11,1,1
BRDA:133,12,0,0
BRDA:133,12,1,1
BRDA:138,13,0,2
BRDA:138,13,1,9
BRDA:141,14,0,1
BRDA:141,14,1,10
BRDA:144,15,0,1
BRDA:144,15,1,10
BRDA:148,16,0,1
BRDA:148,16,1,0
BRDA:162,17,0,4
BRDA:162,17,1,7
BRDA:163,18,0,3
BRDA:163,18,1,1
BRDA:168,19,0,1
BRDA:168,19,1,10
BRDA:175,20,0,7
BRDA:175,20,1,7
BRDA:177,21,0,6
BRDA:177,21,1,1
BRDA:182,22,0,7
BRDA:182,22,1,0
BRDA:182,23,0,7
BRDA:182,23,1,7
BRDA:186,24,0,2
BRDA:186,24,1,12
BRDA:188,25,0,1
BRDA:188,25,1,1
BRDA:194,26,0,1
BRDA:194,26,1,12
BRDA:202,27,0,3
BRDA:202,27,1,9
BRDA:204,28,0,3
BRDA:204,28,1,0
BRDA:204,28,2,0
BRDA:204,28,3,0
BRDA:204,28,4,0
BRDA:204,28,5,0
BRDA:204,28,6,0
BRDA:249,29,0,0
BRDA:249,29,1,4
BRDA:249,29,2,2
BRDA:249,29,3,1
BRDA:249,29,4,5
BRDA:249,30,0,1
BRDA:249,30,1,11
BRDA:260,31,0,0
BRDA:260,31,1,1
BRDA:265,32,0,1
BRDA:265,32,1,4
BRDA:265,33,0,5
BRDA:265,33,1,1
BRDA:268,34,0,2
BRDA:268,34,1,2
BRDA:268,35,0,4
BRDA:268,35,1,2
BRDA:289,36,0,1
BRDA:289,36,1,3
BRDA:289,36,2,1
BRDA:289,36,3,1
BRDA:289,36,4,2
BRDA:289,36,5,1
BRDA:289,36,6,0
BRDA:289,36,7,1
BRDA:289,36,8,0
BRDA:289,36,9,2
BRDA:289,36,10,1
BRDA:289,36,11,1
BRDA:289,36,12,1
BRDA:289,36,13,2
BRDA:289,36,14,0
BRDA:307,37,0,1
BRDA:307,37,1,0
BRDA:307,38,0,1
BRDA:307,38,1,1
BRDA:345,39,0,3
BRDA:345,39,1,0
BRDA:345,39,2,6
BRDA:347,40,0,3
BRDA:347,40,1,0
BRDA:358,41,0,38
BRDA:358,41,1,20
BRDA:359,42,0,3
BRDA:359,42,1,35
BRDA:368,43,0,34
BRDA:368,43,1,0
BRDA:371,44,0,11
BRDA:371,44,1,23
BRDA:382,45,0,0
BRDA:382,45,1,8
BRDA:386,46,0,0
BRDA:386,46,1,0
BRDA:405,47,0,2
BRDA:405,47,1,0
BRDA:411,48,0,4
BRDA:411,48,1,7
BRDA:416,49,0,0
BRDA:416,49,1,11
BRDA:421,50,0,4
BRDA:421,50,1,7
BRDA:429,51,0,0
BRDA:429,51,1,11
BRDA:434,52,0,1
BRDA:434,52,1,10
BRDA:439,53,0,1
BRDA:439,53,1,10
BRDA:453,54,0,8
BRDA:453,54,1,3
BRDA:454,55,0,8
BRDA:454,55,1,3
BRDA:455,56,0,3
BRDA:455,56,1,8
BRDA:458,57,0,8
BRDA:458,57,1,3
BRDA:460,58,0,1
BRDA:460,58,1,7
BRDA:463,59,0,8
BRDA:463,59,1,3
BRDA:467,60,0,0
BRDA:467,60,1,11
BRF:148
BRH:110
end_of_record
TN:
SF:release/lib/metadata.js
FN:15,_interopRequireDefault
FN:17,(anonymous_2)
FN:18,ServiceClass
FN:27,addProperty
FN:35,hasProperties
FN:44,ServiceMethod
FN:56,FileParam
FN:65,MethodParam
FN:74,(anonymous_9)
FNF:9
FNH:9
FNDA:3,_interopRequireDefault
FNDA:1,(anonymous_2)
FNDA:3,ServiceClass
FNDA:1,addProperty
FNDA:13,hasProperties
FNDA:11,ServiceMethod
FNDA:1,FileParam
FNDA:30,MethodParam
FNDA:1,(anonymous_9)
DA:3,1
DA:5,1
DA:7,1
DA:9,1
DA:11,1
DA:13,1
DA:15,3
DA:17,1
DA:18,1
DA:19,3
DA:21,3
DA:22,3
DA:25,1
DA:28,1
DA:29,1
DA:31,1
DA:36,13
DA:39,1
DA:42,1
DA:44,1
DA:45,11
DA:47,11
DA:48,11
DA:49,11
DA:50,11
DA:51,11
DA:54,1
DA:56,1
DA:57,1
DA:59,1
DA:60,1
DA:63,1
DA:65,1
DA:66,30
DA:68,30
DA:69,30
DA:70,30
DA:73,1
DA:74,1
DA:75,1
DA:76,1
DA:77,1
DA:78,1
DA:79,1
DA:80,1
DA:81,1
DA:82,1
DA:83,1
DA:84,1
DA:85,1
DA:86,1
DA:87,1
DA:88,1
DA:90,1
LF:54
LH:54
BRDA:15,1,0,3
BRDA:15,1,1,0
BRDA:15,2,0,3
BRDA:15,2,1,3
BRDA:28,3,0,1
BRDA:28,3,1,0
BRDA:36,4,0,13
BRDA:36,4,1,3
BRDA:89,5,0,1
BRDA:89,5,1,1
BRF:10
BRH:8
end_of_record
TN:
SF:release/lib/server.js
FN:11,_interopRequireDefault
FN:15,(anonymous_2)
FN:16,Server
FN:22,buildServices
FN:28,getPaths
FN:33,getHttpMethods
FN:38,setCookiesSecret
FN:43,setCookiesDecoder
FN:48,setFileDest
FN:53,setFileFilter
FN:58,setFileLimits
FNF:11
FNH:5
FNDA:2,_interopRequireDefault
FNDA:1,(anonymous_2)
FNDA:0,Server
FNDA:1,buildServices
FNDA:6,getPaths
FNDA:2,getHttpMethods
FNDA:0,setCookiesSecret
FNDA:0,setCookiesDecoder
FNDA:0,setFileDest
FNDA:0,setFileFilter
FNDA:0,setFileLimits
DA:3,1
DA:5,1
DA:7,1
DA:9,1
DA:11,2
DA:13,1
DA:15,1
DA:16,1
DA:17,0
DA:20,1
DA:23,1
DA:24,1
DA:29,6
DA:34,2
DA:39,0
DA:44,0
DA:49,0
DA:54,0
DA:59,0
DA:62,1
DA:65,1
LF:21
LH:15
BRDA:11,1,0,2
BRDA:11,1,1,0
BRDA:11,2,0,2
BRDA:11,2,1,2
BRF:4
BRH:3
end_of_record
