{
"lib/typescript-rest.js":{"path":"lib/typescript-rest.js","statementMap":{"1":{"start":{"line":2,"column":0},"end":{"line":4,"column":1}},"2":{"start":{"line":3,"column":4},"end":{"line":null,"column":-1}},"3":{"start":{"line":3,"column":21},"end":{"line":3,"column":53}},"4":{"start":{"line":3,"column":53},"end":{"line":null,"column":-1}},"5":{"start":{"line":5,"column":0},"end":{"line":null,"column":-1}},"6":{"start":{"line":6,"column":0},"end":{"line":null,"column":-1}},"7":{"start":{"line":7,"column":0},"end":{"line":null,"column":-1}},"8":{"start":{"line":8,"column":0},"end":{"line":null,"column":-1}},"9":{"start":{"line":9,"column":0},"end":{"line":null,"column":-1}},"10":{"start":{"line":10,"column":0},"end":{"line":null,"column":-1}},"11":{"start":{"line":11,"column":0},"end":{"line":null,"column":-1}}},"fnMap":{"1":{"name":"__export","line":2,"loc":{"start":{"line":2,"column":0},"end":{"line":2,"column":21}}}},"branchMap":{"1":{"line":3,"type":"if","locations":[{"start":{"line":3,"column":21},"end":{"line":3,"column":24}},{"start":{"line":3,"column":21},"end":{"line":3,"column":24}}]}},"s":{"1":1,"2":3,"3":28,"4":28,"5":1,"6":1,"7":1,"8":1,"9":1,"10":1,"11":1},"b":{"1":[28,0]},"f":{"1":3},"code":"\"use strict\";\nfunction __export(m) {\n    for (var p in m) if (!exports.hasOwnProperty(p)) exports[p] = m[p];\n}\nconst Errors = require(\"./server-errors\");\nexports.Errors = Errors;\nconst Return = require(\"./server-return\");\nexports.Return = Return;\n__export(require(\"./decorators\"));\n__export(require(\"./server-types\"));\n__export(require(\"./server\"));\n","l":{"2":1,"3":28,"5":1,"6":1,"7":1,"8":1,"9":1,"10":1,"11":1}},
"lib/server-errors.js":{"path":"lib/server-errors.js","statementMap":{"1":{"start":{"line":2,"column":0},"end":{"line":null,"column":-1}},"2":{"start":{"line":4,"column":4},"end":{"line":6,"column":5}},"3":{"start":{"line":4,"column":25},"end":{"line":null,"column":-1}},"4":{"start":{"line":8,"column":0},"end":{"line":null,"column":-1}},"5":{"start":{"line":10,"column":4},"end":{"line":12,"column":5}},"6":{"start":{"line":10,"column":25},"end":{"line":null,"column":-1}},"7":{"start":{"line":14,"column":0},"end":{"line":null,"column":-1}},"8":{"start":{"line":16,"column":4},"end":{"line":18,"column":5}},"9":{"start":{"line":16,"column":25},"end":{"line":null,"column":-1}},"10":{"start":{"line":20,"column":0},"end":{"line":null,"column":-1}},"11":{"start":{"line":22,"column":4},"end":{"line":24,"column":5}},"12":{"start":{"line":22,"column":25},"end":{"line":null,"column":-1}},"13":{"start":{"line":26,"column":0},"end":{"line":null,"column":-1}},"14":{"start":{"line":28,"column":4},"end":{"line":30,"column":5}},"15":{"start":{"line":28,"column":25},"end":{"line":null,"column":-1}},"16":{"start":{"line":32,"column":0},"end":{"line":null,"column":-1}},"17":{"start":{"line":34,"column":4},"end":{"line":36,"column":5}},"18":{"start":{"line":34,"column":25},"end":{"line":null,"column":-1}},"19":{"start":{"line":38,"column":0},"end":{"line":null,"column":-1}},"20":{"start":{"line":40,"column":4},"end":{"line":42,"column":5}},"21":{"start":{"line":40,"column":25},"end":{"line":null,"column":-1}},"22":{"start":{"line":44,"column":0},"end":{"line":null,"column":-1}},"23":{"start":{"line":46,"column":4},"end":{"line":48,"column":5}},"24":{"start":{"line":46,"column":25},"end":{"line":null,"column":-1}},"25":{"start":{"line":50,"column":0},"end":{"line":null,"column":-1}},"26":{"start":{"line":52,"column":4},"end":{"line":54,"column":5}},"27":{"start":{"line":52,"column":25},"end":{"line":null,"column":-1}},"28":{"start":{"line":56,"column":0},"end":{"line":null,"column":-1}},"29":{"start":{"line":58,"column":4},"end":{"line":60,"column":5}},"30":{"start":{"line":58,"column":25},"end":{"line":null,"column":-1}},"31":{"start":{"line":62,"column":0},"end":{"line":null,"column":-1}},"32":{"start":{"line":64,"column":4},"end":{"line":66,"column":5}},"33":{"start":{"line":64,"column":25},"end":{"line":null,"column":-1}},"34":{"start":{"line":68,"column":0},"end":{"line":null,"column":-1}}},"fnMap":{"1":{"name":"BadRequestError","line":4,"loc":{"start":{"line":4,"column":4},"end":{"line":4,"column":25}}},"2":{"name":"UnauthorizedError","line":10,"loc":{"start":{"line":10,"column":4},"end":{"line":10,"column":25}}},"3":{"name":"ForbidenError","line":16,"loc":{"start":{"line":16,"column":4},"end":{"line":16,"column":25}}},"4":{"name":"NotFoundError","line":22,"loc":{"start":{"line":22,"column":4},"end":{"line":22,"column":25}}},"5":{"name":"MethodNotAllowedError","line":28,"loc":{"start":{"line":28,"column":4},"end":{"line":28,"column":25}}},"6":{"name":"NotAcceptableError","line":34,"loc":{"start":{"line":34,"column":4},"end":{"line":34,"column":25}}},"7":{"name":"ConflictError","line":40,"loc":{"start":{"line":40,"column":4},"end":{"line":40,"column":25}}},"8":{"name":"GoneError","line":46,"loc":{"start":{"line":46,"column":4},"end":{"line":46,"column":25}}},"9":{"name":"UnsupportedMediaTypeError","line":52,"loc":{"start":{"line":52,"column":4},"end":{"line":52,"column":25}}},"10":{"name":"InternalServerError","line":58,"loc":{"start":{"line":58,"column":4},"end":{"line":58,"column":25}}},"11":{"name":"NotImplementedError","line":64,"loc":{"start":{"line":64,"column":4},"end":{"line":64,"column":25}}}},"branchMap":{},"s":{"1":1,"2":1,"3":0,"4":1,"5":1,"6":0,"7":1,"8":1,"9":0,"10":1,"11":1,"12":0,"13":1,"14":1,"15":2,"16":1,"17":1,"18":4,"19":1,"20":1,"21":4,"22":1,"23":1,"24":0,"25":1,"26":1,"27":0,"28":1,"29":1,"30":0,"31":1,"32":1,"33":0,"34":1},"b":{},"f":{"1":0,"2":0,"3":0,"4":0,"5":1,"6":2,"7":2,"8":0,"9":0,"10":0,"11":0},"code":"\"use strict\";\nconst server_types_1 = require(\"./server-types\");\nclass BadRequestError extends server_types_1.HttpError {\n    constructor(message) {\n        super(\"BadRequestError\", 400, message);\n    }\n}\nexports.BadRequestError = BadRequestError;\nclass UnauthorizedError extends server_types_1.HttpError {\n    constructor(message) {\n        super(\"UnauthorizedError\", 401, message);\n    }\n}\nexports.UnauthorizedError = UnauthorizedError;\nclass ForbidenError extends server_types_1.HttpError {\n    constructor(message) {\n        super(\"ForbidenError\", 403, message);\n    }\n}\nexports.ForbidenError = ForbidenError;\nclass NotFoundError extends server_types_1.HttpError {\n    constructor(message) {\n        super(\"NotFoundError\", 404, message);\n    }\n}\nexports.NotFoundError = NotFoundError;\nclass MethodNotAllowedError extends server_types_1.HttpError {\n    constructor(message) {\n        super(\"MethodNotAllowedError\", 405, message);\n    }\n}\nexports.MethodNotAllowedError = MethodNotAllowedError;\nclass NotAcceptableError extends server_types_1.HttpError {\n    constructor(message) {\n        super(\"NotAcceptableError\", 406, message);\n    }\n}\nexports.NotAcceptableError = NotAcceptableError;\nclass ConflictError extends server_types_1.HttpError {\n    constructor(message) {\n        super(\"ConflictError\", 409, message);\n    }\n}\nexports.ConflictError = ConflictError;\nclass GoneError extends server_types_1.HttpError {\n    constructor(message) {\n        super(\"GoneError\", 410, message);\n    }\n}\nexports.GoneError = GoneError;\nclass UnsupportedMediaTypeError extends server_types_1.HttpError {\n    constructor(message) {\n        super(\"GoneError\", 415, message);\n    }\n}\nexports.UnsupportedMediaTypeError = UnsupportedMediaTypeError;\nclass InternalServerError extends server_types_1.HttpError {\n    constructor(message) {\n        super(\"InternalServerError\", 500, message);\n    }\n}\nexports.InternalServerError = InternalServerError;\nclass NotImplementedError extends server_types_1.HttpError {\n    constructor(message) {\n        super(\"NotImplementedError\", 501, message);\n    }\n}\nexports.NotImplementedError = NotImplementedError;\n","l":{"2":1,"4":1,"8":1,"10":1,"14":1,"16":1,"20":1,"22":1,"26":1,"28":2,"32":1,"34":4,"38":1,"40":4,"44":1,"46":1,"50":1,"52":1,"56":1,"58":1,"62":1,"64":1,"68":1}},
"lib/server-types.js":{"path":"lib/server-types.js","statementMap":{"1":{"start":{"line":2,"column":0},"end":{"line":null,"column":-1}},"2":{"start":{"line":3,"column":4},"end":{"line":null,"column":-1}},"3":{"start":{"line":4,"column":4},"end":{"line":null,"column":-1}},"4":{"start":{"line":5,"column":4},"end":{"line":null,"column":-1}},"5":{"start":{"line":6,"column":4},"end":{"line":null,"column":-1}},"6":{"start":{"line":7,"column":4},"end":{"line":null,"column":-1}},"7":{"start":{"line":8,"column":4},"end":{"line":null,"column":-1}},"8":{"start":{"line":9,"column":4},"end":{"line":null,"column":-1}},"9":{"start":{"line":11,"column":0},"end":{"line":null,"column":-1}},"10":{"start":{"line":14,"column":0},"end":{"line":null,"column":-1}},"11":{"start":{"line":16,"column":4},"end":{"line":22,"column":5}},"12":{"start":{"line":16,"column":43},"end":{"line":null,"column":-1}},"13":{"start":{"line":18,"column":8},"end":{"line":null,"column":-1}},"14":{"start":{"line":19,"column":8},"end":{"line":null,"column":-1}},"15":{"start":{"line":20,"column":8},"end":{"line":null,"column":-1}},"16":{"start":{"line":21,"column":8},"end":{"line":null,"column":-1}},"17":{"start":{"line":24,"column":0},"end":{"line":null,"column":-1}},"18":{"start":{"line":26,"column":38},"end":{"line":null,"column":-1}},"19":{"start":{"line":27,"column":8},"end":{"line":null,"column":-1}},"20":{"start":{"line":28,"column":8},"end":{"line":null,"column":-1}},"21":{"start":{"line":31,"column":0},"end":{"line":null,"column":-1}}},"fnMap":{"1":{"name":"(anonymous_2)","line":2,"loc":{"start":{"line":2,"column":1},"end":{"line":2,"column":23}}},"2":{"name":"HttpError","line":16,"loc":{"start":{"line":16,"column":4},"end":{"line":16,"column":43}}},"3":{"name":"ReferencedResource","line":26,"loc":{"start":{"line":26,"column":4},"end":{"line":26,"column":38}}}},"branchMap":{"1":{"line":10,"type":"binary-expr","locations":[{"start":{"line":10,"column":3},"end":{"line":10,"column":2}},{"start":{"line":10,"column":26},"end":{"line":10,"column":3}}]}},"s":{"1":1,"2":1,"3":1,"4":1,"5":1,"6":1,"7":1,"8":1,"9":1,"10":1,"11":1,"12":15,"13":5,"14":5,"15":5,"16":5,"17":1,"18":1,"19":1,"20":1,"21":1},"b":{"1":[1,1]},"f":{"1":1,"2":5,"3":1},"code":"\"use strict\";\n(function (HttpMethod) {\n    HttpMethod[HttpMethod[\"GET\"] = 0] = \"GET\";\n    HttpMethod[HttpMethod[\"POST\"] = 1] = \"POST\";\n    HttpMethod[HttpMethod[\"PUT\"] = 2] = \"PUT\";\n    HttpMethod[HttpMethod[\"DELETE\"] = 3] = \"DELETE\";\n    HttpMethod[HttpMethod[\"HEAD\"] = 4] = \"HEAD\";\n    HttpMethod[HttpMethod[\"OPTIONS\"] = 5] = \"OPTIONS\";\n    HttpMethod[HttpMethod[\"PATCH\"] = 6] = \"PATCH\";\n})(exports.HttpMethod || (exports.HttpMethod = {}));\nvar HttpMethod = exports.HttpMethod;\nclass ServiceContext {\n}\nexports.ServiceContext = ServiceContext;\nclass HttpError extends Error {\n    constructor(name, statusCode, message) {\n        super(message);\n        this.statusCode = statusCode;\n        this.message = message;\n        this.name = name;\n        this.stack = (new Error()).stack;\n    }\n}\nexports.HttpError = HttpError;\nclass ReferencedResource {\n    constructor(location, statusCode) {\n        this.location = location;\n        this.statusCode = statusCode;\n    }\n}\nexports.ReferencedResource = ReferencedResource;\n","l":{"2":1,"3":1,"4":1,"5":1,"6":1,"7":1,"8":1,"9":1,"11":1,"14":1,"16":15,"18":5,"19":5,"20":5,"21":5,"24":1,"26":1,"27":1,"28":1,"31":1}},
"lib/server-return.js":{"path":"lib/server-return.js","statementMap":{"1":{"start":{"line":2,"column":0},"end":{"line":null,"column":-1}},"2":{"start":{"line":4,"column":4},"end":{"line":6,"column":5}},"3":{"start":{"line":4,"column":26},"end":{"line":null,"column":-1}},"4":{"start":{"line":8,"column":0},"end":{"line":null,"column":-1}},"5":{"start":{"line":10,"column":4},"end":{"line":12,"column":5}},"6":{"start":{"line":10,"column":26},"end":{"line":null,"column":-1}},"7":{"start":{"line":14,"column":0},"end":{"line":null,"column":-1}},"8":{"start":{"line":16,"column":4},"end":{"line":18,"column":5}},"9":{"start":{"line":16,"column":26},"end":{"line":null,"column":-1}},"10":{"start":{"line":20,"column":0},"end":{"line":null,"column":-1}},"11":{"start":{"line":22,"column":4},"end":{"line":24,"column":5}},"12":{"start":{"line":22,"column":26},"end":{"line":null,"column":-1}},"13":{"start":{"line":26,"column":0},"end":{"line":null,"column":-1}}},"fnMap":{"1":{"name":"NewResource","line":4,"loc":{"start":{"line":4,"column":4},"end":{"line":4,"column":26}}},"2":{"name":"RequestAccepted","line":10,"loc":{"start":{"line":10,"column":4},"end":{"line":10,"column":26}}},"3":{"name":"MovedPermanently","line":16,"loc":{"start":{"line":16,"column":4},"end":{"line":16,"column":26}}},"4":{"name":"MovedTemporarily","line":22,"loc":{"start":{"line":22,"column":4},"end":{"line":22,"column":26}}}},"branchMap":{},"s":{"1":1,"2":1,"3":2,"4":1,"5":1,"6":0,"7":1,"8":1,"9":0,"10":1,"11":1,"12":0,"13":1},"b":{},"f":{"1":1,"2":0,"3":0,"4":0},"code":"\"use strict\";\nconst server_types_1 = require(\"./server-types\");\nclass NewResource extends server_types_1.ReferencedResource {\n    constructor(location) {\n        super(location, 201);\n    }\n}\nexports.NewResource = NewResource;\nclass RequestAccepted extends server_types_1.ReferencedResource {\n    constructor(location) {\n        super(location, 202);\n    }\n}\nexports.RequestAccepted = RequestAccepted;\nclass MovedPermanently extends server_types_1.ReferencedResource {\n    constructor(location) {\n        super(location, 301);\n    }\n}\nexports.MovedPermanently = MovedPermanently;\nclass MovedTemporarily extends server_types_1.ReferencedResource {\n    constructor(location) {\n        super(location, 302);\n    }\n}\nexports.MovedTemporarily = MovedTemporarily;\n","l":{"2":1,"4":2,"8":1,"10":1,"14":1,"16":1,"20":1,"22":1,"26":1}},
"lib/decorators.js":{"path":"lib/decorators.js","statementMap":{"1":{"start":{"line":2,"column":0},"end":{"line":null,"column":-1}},"2":{"start":{"line":3,"column":0},"end":{"line":null,"column":-1}},"3":{"start":{"line":4,"column":0},"end":{"line":null,"column":-1}},"4":{"start":{"line":5,"column":0},"end":{"line":null,"column":-1}},"5":{"start":{"line":6,"column":0},"end":{"line":16,"column":1}},"6":{"start":{"line":7,"column":4},"end":{"line":null,"column":-1}},"7":{"start":{"line":8,"column":8},"end":{"line":13,"column":9}},"8":{"start":{"line":9,"column":12},"end":{"line":null,"column":-1}},"9":{"start":{"line":11,"column":13},"end":{"line":13,"column":9}},"10":{"start":{"line":12,"column":12},"end":{"line":null,"column":-1}},"11":{"start":{"line":14,"column":8},"end":{"line":null,"column":-1}},"12":{"start":{"line":17,"column":0},"end":{"line":null,"column":-1}},"13":{"start":{"line":18,"column":0},"end":{"line":28,"column":1}},"14":{"start":{"line":18,"column":38},"end":{"line":null,"column":-1}},"15":{"start":{"line":18,"column":27},"end":{"line":18,"column":38}},"16":{"start":{"line":19,"column":4},"end":{"line":null,"column":-1}},"17":{"start":{"line":20,"column":8},"end":{"line":25,"column":9}},"18":{"start":{"line":21,"column":12},"end":{"line":null,"column":-1}},"19":{"start":{"line":23,"column":13},"end":{"line":25,"column":9}},"20":{"start":{"line":24,"column":12},"end":{"line":null,"column":-1}},"21":{"start":{"line":26,"column":8},"end":{"line":null,"column":-1}},"22":{"start":{"line":29,"column":0},"end":{"line":null,"column":-1}},"23":{"start":{"line":30,"column":0},"end":{"line":40,"column":1}},"24":{"start":{"line":30,"column":28},"end":{"line":null,"column":-1}},"25":{"start":{"line":30,"column":19},"end":{"line":30,"column":28}},"26":{"start":{"line":31,"column":4},"end":{"line":null,"column":-1}},"27":{"start":{"line":32,"column":8},"end":{"line":37,"column":9}},"28":{"start":{"line":33,"column":12},"end":{"line":null,"column":-1}},"29":{"start":{"line":35,"column":13},"end":{"line":37,"column":9}},"30":{"start":{"line":36,"column":12},"end":{"line":null,"column":-1}},"31":{"start":{"line":38,"column":8},"end":{"line":null,"column":-1}},"32":{"start":{"line":41,"column":0},"end":{"line":null,"column":-1}},"33":{"start":{"line":42,"column":0},"end":{"line":52,"column":1}},"34":{"start":{"line":42,"column":26},"end":{"line":null,"column":-1}},"35":{"start":{"line":42,"column":20},"end":{"line":42,"column":26}},"36":{"start":{"line":43,"column":4},"end":{"line":50,"column":5}},"37":{"start":{"line":44,"column":8},"end":{"line":null,"column":-1}},"38":{"start":{"line":45,"column":8},"end":{"line":null,"column":-1}},"39":{"start":{"line":47,"column":9},"end":{"line":50,"column":5}},"40":{"start":{"line":48,"column":8},"end":{"line":null,"column":-1}},"41":{"start":{"line":49,"column":8},"end":{"line":null,"column":-1}},"42":{"start":{"line":51,"column":4},"end":{"line":null,"column":-1}},"43":{"start":{"line":53,"column":0},"end":{"line":null,"column":-1}},"44":{"start":{"line":54,"column":0},"end":{"line":64,"column":1}},"45":{"start":{"line":54,"column":33},"end":{"line":null,"column":-1}},"46":{"start":{"line":54,"column":27},"end":{"line":54,"column":33}},"47":{"start":{"line":55,"column":4},"end":{"line":62,"column":5}},"48":{"start":{"line":56,"column":8},"end":{"line":null,"column":-1}},"49":{"start":{"line":57,"column":8},"end":{"line":null,"column":-1}},"50":{"start":{"line":59,"column":9},"end":{"line":62,"column":5}},"51":{"start":{"line":60,"column":8},"end":{"line":null,"column":-1}},"52":{"start":{"line":61,"column":8},"end":{"line":null,"column":-1}},"53":{"start":{"line":63,"column":4},"end":{"line":null,"column":-1}},"54":{"start":{"line":65,"column":0},"end":{"line":null,"column":-1}},"55":{"start":{"line":66,"column":0},"end":{"line":76,"column":1}},"56":{"start":{"line":66,"column":34},"end":{"line":null,"column":-1}},"57":{"start":{"line":66,"column":28},"end":{"line":66,"column":34}},"58":{"start":{"line":67,"column":4},"end":{"line":74,"column":5}},"59":{"start":{"line":68,"column":8},"end":{"line":null,"column":-1}},"60":{"start":{"line":69,"column":8},"end":{"line":null,"column":-1}},"61":{"start":{"line":71,"column":9},"end":{"line":74,"column":5}},"62":{"start":{"line":72,"column":8},"end":{"line":null,"column":-1}},"63":{"start":{"line":73,"column":8},"end":{"line":null,"column":-1}},"64":{"start":{"line":75,"column":4},"end":{"line":null,"column":-1}},"65":{"start":{"line":77,"column":0},"end":{"line":null,"column":-1}},"66":{"start":{"line":78,"column":0},"end":{"line":88,"column":1}},"67":{"start":{"line":78,"column":30},"end":{"line":null,"column":-1}},"68":{"start":{"line":78,"column":24},"end":{"line":78,"column":30}},"69":{"start":{"line":79,"column":4},"end":{"line":86,"column":5}},"70":{"start":{"line":80,"column":8},"end":{"line":null,"column":-1}},"71":{"start":{"line":81,"column":8},"end":{"line":null,"column":-1}},"72":{"start":{"line":83,"column":9},"end":{"line":86,"column":5}},"73":{"start":{"line":84,"column":8},"end":{"line":null,"column":-1}},"74":{"start":{"line":85,"column":8},"end":{"line":null,"column":-1}},"75":{"start":{"line":87,"column":4},"end":{"line":null,"column":-1}},"76":{"start":{"line":89,"column":0},"end":{"line":null,"column":-1}},"77":{"start":{"line":90,"column":0},"end":{"line":100,"column":1}},"78":{"start":{"line":90,"column":34},"end":{"line":null,"column":-1}},"79":{"start":{"line":90,"column":28},"end":{"line":90,"column":34}},"80":{"start":{"line":91,"column":4},"end":{"line":98,"column":5}},"81":{"start":{"line":92,"column":8},"end":{"line":null,"column":-1}},"82":{"start":{"line":93,"column":8},"end":{"line":null,"column":-1}},"83":{"start":{"line":95,"column":9},"end":{"line":98,"column":5}},"84":{"start":{"line":96,"column":8},"end":{"line":null,"column":-1}},"85":{"start":{"line":97,"column":8},"end":{"line":null,"column":-1}},"86":{"start":{"line":99,"column":4},"end":{"line":null,"column":-1}},"87":{"start":{"line":101,"column":0},"end":{"line":null,"column":-1}},"88":{"start":{"line":102,"column":0},"end":{"line":112,"column":1}},"89":{"start":{"line":102,"column":32},"end":{"line":null,"column":-1}},"90":{"start":{"line":102,"column":26},"end":{"line":102,"column":32}},"91":{"start":{"line":103,"column":4},"end":{"line":110,"column":5}},"92":{"start":{"line":104,"column":8},"end":{"line":null,"column":-1}},"93":{"start":{"line":105,"column":8},"end":{"line":null,"column":-1}},"94":{"start":{"line":107,"column":9},"end":{"line":110,"column":5}},"95":{"start":{"line":108,"column":8},"end":{"line":null,"column":-1}},"96":{"start":{"line":109,"column":8},"end":{"line":null,"column":-1}},"97":{"start":{"line":111,"column":4},"end":{"line":null,"column":-1}},"98":{"start":{"line":113,"column":0},"end":{"line":null,"column":-1}},"99":{"start":{"line":114,"column":0},"end":{"line":116,"column":1}},"100":{"start":{"line":115,"column":4},"end":{"line":null,"column":-1}},"101":{"start":{"line":117,"column":0},"end":{"line":null,"column":-1}},"102":{"start":{"line":118,"column":0},"end":{"line":120,"column":1}},"103":{"start":{"line":119,"column":4},"end":{"line":null,"column":-1}},"104":{"start":{"line":121,"column":0},"end":{"line":null,"column":-1}},"105":{"start":{"line":122,"column":0},"end":{"line":124,"column":1}},"106":{"start":{"line":123,"column":4},"end":{"line":null,"column":-1}},"107":{"start":{"line":125,"column":0},"end":{"line":null,"column":-1}},"108":{"start":{"line":126,"column":0},"end":{"line":128,"column":1}},"109":{"start":{"line":127,"column":4},"end":{"line":null,"column":-1}},"110":{"start":{"line":129,"column":0},"end":{"line":null,"column":-1}},"111":{"start":{"line":130,"column":0},"end":{"line":132,"column":1}},"112":{"start":{"line":131,"column":4},"end":{"line":null,"column":-1}},"113":{"start":{"line":133,"column":0},"end":{"line":null,"column":-1}},"114":{"start":{"line":134,"column":0},"end":{"line":136,"column":1}},"115":{"start":{"line":135,"column":4},"end":{"line":null,"column":-1}},"116":{"start":{"line":137,"column":0},"end":{"line":null,"column":-1}},"117":{"start":{"line":138,"column":0},"end":{"line":140,"column":1}},"118":{"start":{"line":139,"column":4},"end":{"line":null,"column":-1}},"119":{"start":{"line":141,"column":0},"end":{"line":null,"column":-1}},"120":{"start":{"line":142,"column":0},"end":{"line":146,"column":1}},"121":{"start":{"line":143,"column":4},"end":{"line":null,"column":-1}},"122":{"start":{"line":144,"column":8},"end":{"line":null,"column":-1}},"123":{"start":{"line":147,"column":0},"end":{"line":null,"column":-1}},"124":{"start":{"line":148,"column":0},"end":{"line":152,"column":1}},"125":{"start":{"line":149,"column":4},"end":{"line":null,"column":-1}},"126":{"start":{"line":150,"column":8},"end":{"line":null,"column":-1}},"127":{"start":{"line":153,"column":0},"end":{"line":null,"column":-1}},"128":{"start":{"line":154,"column":0},"end":{"line":158,"column":1}},"129":{"start":{"line":155,"column":4},"end":{"line":null,"column":-1}},"130":{"start":{"line":156,"column":8},"end":{"line":null,"column":-1}},"131":{"start":{"line":159,"column":0},"end":{"line":null,"column":-1}},"132":{"start":{"line":160,"column":0},"end":{"line":164,"column":1}},"133":{"start":{"line":161,"column":4},"end":{"line":null,"column":-1}},"134":{"start":{"line":162,"column":8},"end":{"line":null,"column":-1}},"135":{"start":{"line":165,"column":0},"end":{"line":null,"column":-1}},"136":{"start":{"line":166,"column":0},"end":{"line":170,"column":1}},"137":{"start":{"line":167,"column":4},"end":{"line":null,"column":-1}},"138":{"start":{"line":168,"column":8},"end":{"line":null,"column":-1}},"139":{"start":{"line":171,"column":0},"end":{"line":null,"column":-1}},"140":{"start":{"line":172,"column":0},"end":{"line":176,"column":1}},"141":{"start":{"line":173,"column":4},"end":{"line":null,"column":-1}},"142":{"start":{"line":174,"column":8},"end":{"line":null,"column":-1}},"143":{"start":{"line":177,"column":0},"end":{"line":null,"column":-1}},"144":{"start":{"line":178,"column":0},"end":{"line":182,"column":1}},"145":{"start":{"line":179,"column":4},"end":{"line":null,"column":-1}},"146":{"start":{"line":180,"column":8},"end":{"line":null,"column":-1}},"147":{"start":{"line":183,"column":0},"end":{"line":null,"column":-1}},"148":{"start":{"line":184,"column":0},"end":{"line":187,"column":1}},"149":{"start":{"line":185,"column":4},"end":{"line":null,"column":-1}},"150":{"start":{"line":186,"column":4},"end":{"line":null,"column":-1}},"151":{"start":{"line":188,"column":0},"end":{"line":193,"column":1}},"152":{"start":{"line":189,"column":4},"end":{"line":null,"column":-1}},"153":{"start":{"line":190,"column":4},"end":{"line":192,"column":5}},"154":{"start":{"line":191,"column":8},"end":{"line":null,"column":-1}},"155":{"start":{"line":194,"column":0},"end":{"line":197,"column":1}},"156":{"start":{"line":195,"column":4},"end":{"line":null,"column":-1}},"157":{"start":{"line":196,"column":4},"end":{"line":null,"column":-1}},"158":{"start":{"line":198,"column":0},"end":{"line":203,"column":1}},"159":{"start":{"line":199,"column":4},"end":{"line":null,"column":-1}},"160":{"start":{"line":200,"column":4},"end":{"line":202,"column":5}},"161":{"start":{"line":201,"column":8},"end":{"line":null,"column":-1}},"162":{"start":{"line":204,"column":0},"end":{"line":207,"column":1}},"163":{"start":{"line":205,"column":4},"end":{"line":null,"column":-1}},"164":{"start":{"line":206,"column":4},"end":{"line":null,"column":-1}},"165":{"start":{"line":208,"column":0},"end":{"line":213,"column":1}},"166":{"start":{"line":209,"column":4},"end":{"line":null,"column":-1}},"167":{"start":{"line":210,"column":4},"end":{"line":212,"column":5}},"168":{"start":{"line":211,"column":8},"end":{"line":null,"column":-1}},"169":{"start":{"line":214,"column":0},"end":{"line":223,"column":1}},"170":{"start":{"line":215,"column":4},"end":{"line":null,"column":-1}},"171":{"start":{"line":216,"column":4},"end":{"line":222,"column":5}},"172":{"start":{"line":217,"column":8},"end":{"line":null,"column":-1}},"173":{"start":{"line":218,"column":8},"end":{"line":220,"column":9}},"174":{"start":{"line":219,"column":12},"end":{"line":null,"column":-1}},"175":{"start":{"line":221,"column":8},"end":{"line":null,"column":-1}},"176":{"start":{"line":224,"column":0},"end":{"line":227,"column":1}},"177":{"start":{"line":225,"column":4},"end":{"line":null,"column":-1}},"178":{"start":{"line":226,"column":4},"end":{"line":null,"column":-1}},"179":{"start":{"line":228,"column":0},"end":{"line":239,"column":1}},"180":{"start":{"line":229,"column":4},"end":{"line":null,"column":-1}},"181":{"start":{"line":230,"column":4},"end":{"line":238,"column":5}},"182":{"start":{"line":231,"column":8},"end":{"line":235,"column":9}},"183":{"start":{"line":232,"column":12},"end":{"line":null,"column":-1}},"184":{"start":{"line":236,"column":8},"end":{"line":null,"column":-1}},"185":{"start":{"line":237,"column":8},"end":{"line":null,"column":-1}},"186":{"start":{"line":240,"column":0},"end":{"line":272,"column":1}},"187":{"start":{"line":241,"column":4},"end":{"line":null,"column":-1}},"188":{"start":{"line":242,"column":4},"end":{"line":null,"column":-1}},"189":{"start":{"line":243,"column":4},"end":{"line":245,"column":5}},"190":{"start":{"line":244,"column":8},"end":{"line":null,"column":-1}},"191":{"start":{"line":246,"column":4},"end":{"line":null,"column":-1}},"192":{"start":{"line":247,"column":8},"end":{"line":270,"column":9}},"193":{"start":{"line":248,"column":12},"end":{"line":null,"column":-1}},"194":{"start":{"line":250,"column":13},"end":{"line":270,"column":9}},"195":{"start":{"line":251,"column":12},"end":{"line":null,"column":-1}},"196":{"start":{"line":253,"column":13},"end":{"line":270,"column":9}},"197":{"start":{"line":254,"column":12},"end":{"line":null,"column":-1}},"198":{"start":{"line":256,"column":13},"end":{"line":270,"column":9}},"199":{"start":{"line":257,"column":12},"end":{"line":259,"column":13}},"200":{"start":{"line":258,"column":16},"end":{"line":null,"column":-1}},"201":{"start":{"line":260,"column":12},"end":{"line":null,"column":-1}},"202":{"start":{"line":262,"column":13},"end":{"line":270,"column":9}},"203":{"start":{"line":263,"column":12},"end":{"line":265,"column":13}},"204":{"start":{"line":264,"column":16},"end":{"line":null,"column":-1}},"205":{"start":{"line":266,"column":12},"end":{"line":268,"column":13}},"206":{"start":{"line":267,"column":16},"end":{"line":null,"column":-1}},"207":{"start":{"line":269,"column":12},"end":{"line":null,"column":-1}}},"fnMap":{"1":{"name":"Path","line":6,"loc":{"start":{"line":6,"column":0},"end":{"line":6,"column":20}}},"2":{"name":"(anonymous_3)","line":7,"loc":{"start":{"line":7,"column":11},"end":{"line":7,"column":30}}},"3":{"name":"AcceptLanguage","line":18,"loc":{"start":{"line":18,"column":0},"end":{"line":18,"column":38}}},"4":{"name":"(anonymous_5)","line":19,"loc":{"start":{"line":19,"column":11},"end":{"line":19,"column":30}}},"5":{"name":"Accept","line":30,"loc":{"start":{"line":30,"column":0},"end":{"line":30,"column":28}}},"6":{"name":"(anonymous_7)","line":31,"loc":{"start":{"line":31,"column":11},"end":{"line":31,"column":30}}},"7":{"name":"Context","line":42,"loc":{"start":{"line":42,"column":0},"end":{"line":42,"column":26}}},"8":{"name":"ContextRequest","line":54,"loc":{"start":{"line":54,"column":0},"end":{"line":54,"column":33}}},"9":{"name":"ContextResponse","line":66,"loc":{"start":{"line":66,"column":0},"end":{"line":66,"column":34}}},"10":{"name":"ContextNext","line":78,"loc":{"start":{"line":78,"column":0},"end":{"line":78,"column":30}}},"11":{"name":"ContextLanguage","line":90,"loc":{"start":{"line":90,"column":0},"end":{"line":90,"column":34}}},"12":{"name":"ContextAccept","line":102,"loc":{"start":{"line":102,"column":0},"end":{"line":102,"column":32}}},"13":{"name":"GET","line":114,"loc":{"start":{"line":114,"column":0},"end":{"line":114,"column":46}}},"14":{"name":"POST","line":118,"loc":{"start":{"line":118,"column":0},"end":{"line":118,"column":47}}},"15":{"name":"PUT","line":122,"loc":{"start":{"line":122,"column":0},"end":{"line":122,"column":46}}},"16":{"name":"DELETE","line":126,"loc":{"start":{"line":126,"column":0},"end":{"line":126,"column":49}}},"17":{"name":"HEAD","line":130,"loc":{"start":{"line":130,"column":0},"end":{"line":130,"column":47}}},"18":{"name":"OPTIONS","line":134,"loc":{"start":{"line":134,"column":0},"end":{"line":134,"column":50}}},"19":{"name":"PATCH","line":138,"loc":{"start":{"line":138,"column":0},"end":{"line":138,"column":48}}},"20":{"name":"PathParam","line":142,"loc":{"start":{"line":142,"column":0},"end":{"line":142,"column":25}}},"21":{"name":"(anonymous_22)","line":143,"loc":{"start":{"line":143,"column":11},"end":{"line":143,"column":58}}},"22":{"name":"FileParam","line":148,"loc":{"start":{"line":148,"column":0},"end":{"line":148,"column":25}}},"23":{"name":"(anonymous_24)","line":149,"loc":{"start":{"line":149,"column":11},"end":{"line":149,"column":58}}},"24":{"name":"FilesParam","line":154,"loc":{"start":{"line":154,"column":0},"end":{"line":154,"column":26}}},"25":{"name":"(anonymous_26)","line":155,"loc":{"start":{"line":155,"column":11},"end":{"line":155,"column":58}}},"26":{"name":"QueryParam","line":160,"loc":{"start":{"line":160,"column":0},"end":{"line":160,"column":26}}},"27":{"name":"(anonymous_28)","line":161,"loc":{"start":{"line":161,"column":11},"end":{"line":161,"column":58}}},"28":{"name":"HeaderParam","line":166,"loc":{"start":{"line":166,"column":0},"end":{"line":166,"column":27}}},"29":{"name":"(anonymous_30)","line":167,"loc":{"start":{"line":167,"column":11},"end":{"line":167,"column":58}}},"30":{"name":"CookieParam","line":172,"loc":{"start":{"line":172,"column":0},"end":{"line":172,"column":27}}},"31":{"name":"(anonymous_32)","line":173,"loc":{"start":{"line":173,"column":11},"end":{"line":173,"column":58}}},"32":{"name":"FormParam","line":178,"loc":{"start":{"line":178,"column":0},"end":{"line":178,"column":25}}},"33":{"name":"(anonymous_34)","line":179,"loc":{"start":{"line":179,"column":11},"end":{"line":179,"column":58}}},"34":{"name":"AcceptLanguageTypeDecorator","line":184,"loc":{"start":{"line":184,"column":0},"end":{"line":184,"column":56}}},"35":{"name":"AcceptLanguageMethodDecorator","line":188,"loc":{"start":{"line":188,"column":0},"end":{"line":188,"column":83}}},"36":{"name":"AcceptTypeDecorator","line":194,"loc":{"start":{"line":194,"column":0},"end":{"line":194,"column":46}}},"37":{"name":"AcceptMethodDecorator","line":198,"loc":{"start":{"line":198,"column":0},"end":{"line":198,"column":73}}},"38":{"name":"PathTypeDecorator","line":204,"loc":{"start":{"line":204,"column":0},"end":{"line":204,"column":41}}},"39":{"name":"PathMethodDecorator","line":208,"loc":{"start":{"line":208,"column":0},"end":{"line":208,"column":68}}},"40":{"name":"processDecoratedParameter","line":214,"loc":{"start":{"line":214,"column":0},"end":{"line":214,"column":89}}},"41":{"name":"processDecoratedProperty","line":224,"loc":{"start":{"line":224,"column":0},"end":{"line":224,"column":58}}},"42":{"name":"processHttpVerb","line":228,"loc":{"start":{"line":228,"column":0},"end":{"line":228,"column":58}}},"43":{"name":"processServiceMethod","line":240,"loc":{"start":{"line":240,"column":0},"end":{"line":240,"column":66}}},"44":{"name":"(anonymous_45)","line":246,"loc":{"start":{"line":246,"column":37},"end":{"line":246,"column":46}}}},"branchMap":{"1":{"line":8,"type":"if","locations":[{"start":{"line":8,"column":8},"end":{"line":8,"column":11}},{"start":{"line":8,"column":8},"end":{"line":8,"column":11}}]},"2":{"line":9,"type":"cond-expr","locations":[{"start":{"line":9,"column":49},"end":{"line":9,"column":58}},{"start":{"line":9,"column":49},"end":{"line":9,"column":58}}]},"3":{"line":11,"type":"if","locations":[{"start":{"line":11,"column":13},"end":{"line":11,"column":12}},{"start":{"line":11,"column":13},"end":{"line":11,"column":12}}]},"4":{"line":11,"type":"binary-expr","locations":[{"start":{"line":11,"column":17},"end":{"line":11,"column":16}},{"start":{"line":11,"column":37},"end":{"line":11,"column":13}}]},"5":{"line":11,"type":"cond-expr","locations":[{"start":{"line":11,"column":37},"end":{"line":11,"column":55}},{"start":{"line":11,"column":37},"end":{"line":11,"column":55}}]},"6":{"line":12,"type":"cond-expr","locations":[{"start":{"line":12,"column":51},"end":{"line":12,"column":78}},{"start":{"line":12,"column":51},"end":{"line":12,"column":78}}]},"7":{"line":20,"type":"if","locations":[{"start":{"line":20,"column":8},"end":{"line":20,"column":11}},{"start":{"line":20,"column":8},"end":{"line":20,"column":11}}]},"8":{"line":21,"type":"cond-expr","locations":[{"start":{"line":21,"column":59},"end":{"line":21,"column":68}},{"start":{"line":21,"column":59},"end":{"line":21,"column":68}}]},"9":{"line":23,"type":"if","locations":[{"start":{"line":23,"column":13},"end":{"line":23,"column":12}},{"start":{"line":23,"column":13},"end":{"line":23,"column":12}}]},"10":{"line":23,"type":"binary-expr","locations":[{"start":{"line":23,"column":17},"end":{"line":23,"column":16}},{"start":{"line":23,"column":37},"end":{"line":23,"column":13}}]},"11":{"line":23,"type":"cond-expr","locations":[{"start":{"line":23,"column":37},"end":{"line":23,"column":55}},{"start":{"line":23,"column":37},"end":{"line":23,"column":55}}]},"12":{"line":24,"type":"cond-expr","locations":[{"start":{"line":24,"column":61},"end":{"line":24,"column":88}},{"start":{"line":24,"column":61},"end":{"line":24,"column":88}}]},"13":{"line":32,"type":"if","locations":[{"start":{"line":32,"column":8},"end":{"line":32,"column":11}},{"start":{"line":32,"column":8},"end":{"line":32,"column":11}}]},"14":{"line":33,"type":"cond-expr","locations":[{"start":{"line":33,"column":51},"end":{"line":33,"column":60}},{"start":{"line":33,"column":51},"end":{"line":33,"column":60}}]},"15":{"line":35,"type":"if","locations":[{"start":{"line":35,"column":13},"end":{"line":35,"column":12}},{"start":{"line":35,"column":13},"end":{"line":35,"column":12}}]},"16":{"line":35,"type":"binary-expr","locations":[{"start":{"line":35,"column":17},"end":{"line":35,"column":16}},{"start":{"line":35,"column":37},"end":{"line":35,"column":13}}]},"17":{"line":35,"type":"cond-expr","locations":[{"start":{"line":35,"column":37},"end":{"line":35,"column":55}},{"start":{"line":35,"column":37},"end":{"line":35,"column":55}}]},"18":{"line":36,"type":"cond-expr","locations":[{"start":{"line":36,"column":53},"end":{"line":36,"column":80}},{"start":{"line":36,"column":53},"end":{"line":36,"column":80}}]},"19":{"line":43,"type":"if","locations":[{"start":{"line":43,"column":4},"end":{"line":43,"column":7}},{"start":{"line":43,"column":4},"end":{"line":43,"column":7}}]},"20":{"line":47,"type":"if","locations":[{"start":{"line":47,"column":9},"end":{"line":47,"column":8}},{"start":{"line":47,"column":9},"end":{"line":47,"column":8}}]},"21":{"line":47,"type":"binary-expr","locations":[{"start":{"line":47,"column":13},"end":{"line":47,"column":12}},{"start":{"line":47,"column":33},"end":{"line":47,"column":9}}]},"22":{"line":55,"type":"if","locations":[{"start":{"line":55,"column":4},"end":{"line":55,"column":7}},{"start":{"line":55,"column":4},"end":{"line":55,"column":7}}]},"23":{"line":59,"type":"if","locations":[{"start":{"line":59,"column":9},"end":{"line":59,"column":8}},{"start":{"line":59,"column":9},"end":{"line":59,"column":8}}]},"24":{"line":59,"type":"binary-expr","locations":[{"start":{"line":59,"column":13},"end":{"line":59,"column":12}},{"start":{"line":59,"column":33},"end":{"line":59,"column":9}}]},"25":{"line":67,"type":"if","locations":[{"start":{"line":67,"column":4},"end":{"line":67,"column":7}},{"start":{"line":67,"column":4},"end":{"line":67,"column":7}}]},"26":{"line":71,"type":"if","locations":[{"start":{"line":71,"column":9},"end":{"line":71,"column":8}},{"start":{"line":71,"column":9},"end":{"line":71,"column":8}}]},"27":{"line":71,"type":"binary-expr","locations":[{"start":{"line":71,"column":13},"end":{"line":71,"column":12}},{"start":{"line":71,"column":33},"end":{"line":71,"column":9}}]},"28":{"line":79,"type":"if","locations":[{"start":{"line":79,"column":4},"end":{"line":79,"column":7}},{"start":{"line":79,"column":4},"end":{"line":79,"column":7}}]},"29":{"line":83,"type":"if","locations":[{"start":{"line":83,"column":9},"end":{"line":83,"column":8}},{"start":{"line":83,"column":9},"end":{"line":83,"column":8}}]},"30":{"line":83,"type":"binary-expr","locations":[{"start":{"line":83,"column":13},"end":{"line":83,"column":12}},{"start":{"line":83,"column":33},"end":{"line":83,"column":9}}]},"31":{"line":91,"type":"if","locations":[{"start":{"line":91,"column":4},"end":{"line":91,"column":7}},{"start":{"line":91,"column":4},"end":{"line":91,"column":7}}]},"32":{"line":95,"type":"if","locations":[{"start":{"line":95,"column":9},"end":{"line":95,"column":8}},{"start":{"line":95,"column":9},"end":{"line":95,"column":8}}]},"33":{"line":95,"type":"binary-expr","locations":[{"start":{"line":95,"column":13},"end":{"line":95,"column":12}},{"start":{"line":95,"column":33},"end":{"line":95,"column":9}}]},"34":{"line":103,"type":"if","locations":[{"start":{"line":103,"column":4},"end":{"line":103,"column":7}},{"start":{"line":103,"column":4},"end":{"line":103,"column":7}}]},"35":{"line":107,"type":"if","locations":[{"start":{"line":107,"column":9},"end":{"line":107,"column":8}},{"start":{"line":107,"column":9},"end":{"line":107,"column":8}}]},"36":{"line":107,"type":"binary-expr","locations":[{"start":{"line":107,"column":13},"end":{"line":107,"column":12}},{"start":{"line":107,"column":33},"end":{"line":107,"column":9}}]},"37":{"line":190,"type":"if","locations":[{"start":{"line":190,"column":4},"end":{"line":190,"column":7}},{"start":{"line":190,"column":4},"end":{"line":190,"column":7}}]},"38":{"line":200,"type":"if","locations":[{"start":{"line":200,"column":4},"end":{"line":200,"column":7}},{"start":{"line":200,"column":4},"end":{"line":200,"column":7}}]},"39":{"line":210,"type":"if","locations":[{"start":{"line":210,"column":4},"end":{"line":210,"column":7}},{"start":{"line":210,"column":4},"end":{"line":210,"column":7}}]},"40":{"line":216,"type":"if","locations":[{"start":{"line":216,"column":4},"end":{"line":216,"column":7}},{"start":{"line":216,"column":4},"end":{"line":216,"column":7}}]},"41":{"line":230,"type":"if","locations":[{"start":{"line":230,"column":4},"end":{"line":230,"column":7}},{"start":{"line":230,"column":4},"end":{"line":230,"column":7}}]},"42":{"line":231,"type":"if","locations":[{"start":{"line":231,"column":8},"end":{"line":231,"column":11}},{"start":{"line":231,"column":8},"end":{"line":231,"column":11}}]},"43":{"line":247,"type":"if","locations":[{"start":{"line":247,"column":8},"end":{"line":247,"column":11}},{"start":{"line":247,"column":8},"end":{"line":247,"column":11}}]},"44":{"line":250,"type":"if","locations":[{"start":{"line":250,"column":13},"end":{"line":250,"column":12}},{"start":{"line":250,"column":13},"end":{"line":250,"column":12}}]},"45":{"line":253,"type":"if","locations":[{"start":{"line":253,"column":13},"end":{"line":253,"column":12}},{"start":{"line":253,"column":13},"end":{"line":253,"column":12}}]},"46":{"line":256,"type":"if","locations":[{"start":{"line":256,"column":13},"end":{"line":256,"column":12}},{"start":{"line":256,"column":13},"end":{"line":256,"column":12}}]},"47":{"line":257,"type":"if","locations":[{"start":{"line":257,"column":12},"end":{"line":257,"column":15}},{"start":{"line":257,"column":12},"end":{"line":257,"column":15}}]},"48":{"line":262,"type":"if","locations":[{"start":{"line":262,"column":13},"end":{"line":262,"column":12}},{"start":{"line":262,"column":13},"end":{"line":262,"column":12}}]},"49":{"line":263,"type":"if","locations":[{"start":{"line":263,"column":12},"end":{"line":263,"column":15}},{"start":{"line":263,"column":12},"end":{"line":263,"column":15}}]},"50":{"line":266,"type":"if","locations":[{"start":{"line":266,"column":12},"end":{"line":266,"column":15}},{"start":{"line":266,"column":12},"end":{"line":266,"column":15}}]}},"s":{"1":1,"2":1,"3":1,"4":1,"5":1,"6":10,"7":10,"8":2,"9":8,"10":8,"11":0,"12":1,"13":1,"14":1,"15":2,"16":1,"17":1,"18":1,"19":0,"20":0,"21":0,"22":1,"23":1,"24":1,"25":1,"26":1,"27":1,"28":0,"29":1,"30":1,"31":0,"32":1,"33":1,"34":1,"35":2,"36":1,"37":1,"38":1,"39":0,"40":0,"41":0,"42":0,"43":1,"44":1,"45":2,"46":6,"47":2,"48":0,"49":0,"50":2,"51":2,"52":2,"53":0,"54":1,"55":1,"56":1,"57":3,"58":1,"59":0,"60":0,"61":1,"62":1,"63":1,"64":0,"65":1,"66":1,"67":1,"68":3,"69":1,"70":0,"71":0,"72":1,"73":1,"74":1,"75":0,"76":1,"77":1,"78":1,"79":3,"80":1,"81":0,"82":0,"83":1,"84":1,"85":1,"86":0,"87":1,"88":1,"89":1,"90":3,"91":1,"92":0,"93":0,"94":1,"95":1,"96":1,"97":0,"98":1,"99":1,"100":6,"101":1,"102":1,"103":3,"104":1,"105":1,"106":2,"107":1,"108":1,"109":0,"110":1,"111":1,"112":0,"113":1,"114":1,"115":0,"116":1,"117":1,"118":0,"119":1,"120":1,"121":1,"122":1,"123":1,"124":1,"125":1,"126":1,"127":1,"128":1,"129":0,"130":0,"131":1,"132":1,"133":3,"134":3,"135":1,"136":1,"137":1,"138":1,"139":1,"140":1,"141":1,"142":1,"143":1,"144":1,"145":1,"146":1,"147":1,"148":1,"149":1,"150":1,"151":1,"152":0,"153":0,"154":0,"155":1,"156":0,"157":0,"158":1,"159":1,"160":1,"161":1,"162":1,"163":2,"164":2,"165":1,"166":8,"167":8,"168":8,"169":1,"170":14,"171":14,"172":14,"173":14,"174":15,"175":14,"176":1,"177":1,"178":1,"179":1,"180":11,"181":11,"182":11,"183":0,"184":11,"185":11,"186":1,"187":11,"188":11,"189":11,"190":1,"191":11,"192":16,"193":1,"194":15,"195":1,"196":14,"197":0,"198":14,"199":1,"200":0,"201":1,"202":13,"203":2,"204":0,"205":2,"206":0,"207":2},"b":{"1":[2,8],"2":[0,2],"3":[8,0],"4":[8,8],"5":[0,8],"6":[0,24],"7":[1,0],"8":[0,1],"9":[0,0],"10":[0,0],"11":[0,0],"12":[0,0],"13":[0,1],"14":[0,0],"15":[1,0],"16":[1,1],"17":[0,1],"18":[0,3],"19":[1,0],"20":[0,0],"21":[0,0],"22":[0,2],"23":[2,0],"24":[2,2],"25":[0,1],"26":[1,0],"27":[1,1],"28":[0,1],"29":[1,0],"30":[1,1],"31":[0,1],"32":[1,0],"33":[1,1],"34":[0,1],"35":[1,0],"36":[1,1],"37":[0,0],"38":[1,0],"39":[8,0],"40":[14,0],"41":[11,0],"42":[0,11],"43":[1,15],"44":[1,14],"45":[0,14],"46":[1,13],"47":[0,1],"48":[2,11],"49":[0,2],"50":[0,2]},"f":{"1":10,"2":10,"3":1,"4":1,"5":1,"6":1,"7":1,"8":2,"9":1,"10":1,"11":1,"12":1,"13":6,"14":3,"15":2,"16":0,"17":0,"18":0,"19":0,"20":1,"21":1,"22":1,"23":1,"24":0,"25":0,"26":3,"27":3,"28":1,"29":1,"30":1,"31":1,"32":1,"33":1,"34":1,"35":0,"36":0,"37":1,"38":2,"39":8,"40":14,"41":1,"42":11,"43":11,"44":16},"code":"\"use strict\";\nconst server_container_1 = require(\"./server-container\");\nconst server_types_1 = require(\"./server-types\");\nconst metadata = require(\"./metadata\");\nrequire(\"reflect-metadata\");\nfunction Path(path) {\n    return function (...args) {\n        if (args.length == 1) {\n            return PathTypeDecorator.apply(this, [args[0], path]);\n        }\n        else if (args.length == 3 && typeof args[2] === \"object\") {\n            return PathMethodDecorator.apply(this, [args[0], args[1], args[2], path]);\n        }\n        throw new Error(\"Invalid @Path Decorator declaration.\");\n    };\n}\nexports.Path = Path;\nfunction AcceptLanguage(...languages) {\n    return function (...args) {\n        if (args.length == 1) {\n            return AcceptLanguageTypeDecorator.apply(this, [args[0], languages]);\n        }\n        else if (args.length == 3 && typeof args[2] === \"object\") {\n            return AcceptLanguageMethodDecorator.apply(this, [args[0], args[1], args[2], languages]);\n        }\n        throw new Error(\"Invalid @AcceptLanguage Decorator declaration.\");\n    };\n}\nexports.AcceptLanguage = AcceptLanguage;\nfunction Accept(...accepts) {\n    return function (...args) {\n        if (args.length == 1) {\n            return AcceptTypeDecorator.apply(this, [args[0], accepts]);\n        }\n        else if (args.length == 3 && typeof args[2] === \"object\") {\n            return AcceptMethodDecorator.apply(this, [args[0], args[1], args[2], accepts]);\n        }\n        throw new Error(\"Invalid @Accept Decorator declaration.\");\n    };\n}\nexports.Accept = Accept;\nfunction Context(...args) {\n    if (args.length == 2) {\n        let newArgs = args.concat([metadata.ParamType.context]);\n        return processDecoratedProperty.apply(this, newArgs);\n    }\n    else if (args.length == 3 && typeof args[2] === \"number\") {\n        let newArgs = args.concat([metadata.ParamType.context, null]);\n        return processDecoratedParameter.apply(this, newArgs);\n    }\n    throw new Error(\"Invalid @Context Decorator declaration.\");\n}\nexports.Context = Context;\nfunction ContextRequest(...args) {\n    if (args.length == 2) {\n        let newArgs = args.concat([metadata.ParamType.context_request]);\n        return processDecoratedProperty.apply(this, newArgs);\n    }\n    else if (args.length == 3 && typeof args[2] === \"number\") {\n        let newArgs = args.concat([metadata.ParamType.context_request, null]);\n        return processDecoratedParameter.apply(this, newArgs);\n    }\n    throw new Error(\"Invalid @ContextRequest Decorator declaration.\");\n}\nexports.ContextRequest = ContextRequest;\nfunction ContextResponse(...args) {\n    if (args.length == 2) {\n        let newArgs = args.concat([metadata.ParamType.context_response]);\n        return processDecoratedProperty.apply(this, newArgs);\n    }\n    else if (args.length == 3 && typeof args[2] === \"number\") {\n        let newArgs = args.concat([metadata.ParamType.context_response, null]);\n        return processDecoratedParameter.apply(this, newArgs);\n    }\n    throw new Error(\"Invalid @ContextResponse Decorator declaration.\");\n}\nexports.ContextResponse = ContextResponse;\nfunction ContextNext(...args) {\n    if (args.length == 2) {\n        let newArgs = args.concat([metadata.ParamType.context_next]);\n        return processDecoratedProperty.apply(this, newArgs);\n    }\n    else if (args.length == 3 && typeof args[2] === \"number\") {\n        let newArgs = args.concat([metadata.ParamType.context_next, null]);\n        return processDecoratedParameter.apply(this, newArgs);\n    }\n    throw new Error(\"Invalid @ContextNext Decorator declaration.\");\n}\nexports.ContextNext = ContextNext;\nfunction ContextLanguage(...args) {\n    if (args.length == 2) {\n        let newArgs = args.concat([metadata.ParamType.context_accept_language]);\n        return processDecoratedProperty.apply(this, newArgs);\n    }\n    else if (args.length == 3 && typeof args[2] === \"number\") {\n        let newArgs = args.concat([metadata.ParamType.context_accept_language, null]);\n        return processDecoratedParameter.apply(this, newArgs);\n    }\n    throw new Error(\"Invalid @ContextLanguage Decorator declaration.\");\n}\nexports.ContextLanguage = ContextLanguage;\nfunction ContextAccept(...args) {\n    if (args.length == 2) {\n        let newArgs = args.concat([metadata.ParamType.context_accept]);\n        return processDecoratedProperty.apply(this, newArgs);\n    }\n    else if (args.length == 3 && typeof args[2] === \"number\") {\n        let newArgs = args.concat([metadata.ParamType.context_accept, null]);\n        return processDecoratedParameter.apply(this, newArgs);\n    }\n    throw new Error(\"Invalid @ContextAccept Decorator declaration.\");\n}\nexports.ContextAccept = ContextAccept;\nfunction GET(target, propertyKey, descriptor) {\n    processHttpVerb(target, propertyKey, server_types_1.HttpMethod.GET);\n}\nexports.GET = GET;\nfunction POST(target, propertyKey, descriptor) {\n    processHttpVerb(target, propertyKey, server_types_1.HttpMethod.POST);\n}\nexports.POST = POST;\nfunction PUT(target, propertyKey, descriptor) {\n    processHttpVerb(target, propertyKey, server_types_1.HttpMethod.PUT);\n}\nexports.PUT = PUT;\nfunction DELETE(target, propertyKey, descriptor) {\n    processHttpVerb(target, propertyKey, server_types_1.HttpMethod.DELETE);\n}\nexports.DELETE = DELETE;\nfunction HEAD(target, propertyKey, descriptor) {\n    processHttpVerb(target, propertyKey, server_types_1.HttpMethod.HEAD);\n}\nexports.HEAD = HEAD;\nfunction OPTIONS(target, propertyKey, descriptor) {\n    processHttpVerb(target, propertyKey, server_types_1.HttpMethod.OPTIONS);\n}\nexports.OPTIONS = OPTIONS;\nfunction PATCH(target, propertyKey, descriptor) {\n    processHttpVerb(target, propertyKey, server_types_1.HttpMethod.PATCH);\n}\nexports.PATCH = PATCH;\nfunction PathParam(name) {\n    return function (target, propertyKey, parameterIndex) {\n        processDecoratedParameter(target, propertyKey, parameterIndex, metadata.ParamType.path, name);\n    };\n}\nexports.PathParam = PathParam;\nfunction FileParam(name) {\n    return function (target, propertyKey, parameterIndex) {\n        processDecoratedParameter(target, propertyKey, parameterIndex, metadata.ParamType.file, name);\n    };\n}\nexports.FileParam = FileParam;\nfunction FilesParam(name) {\n    return function (target, propertyKey, parameterIndex) {\n        processDecoratedParameter(target, propertyKey, parameterIndex, metadata.ParamType.files, name);\n    };\n}\nexports.FilesParam = FilesParam;\nfunction QueryParam(name) {\n    return function (target, propertyKey, parameterIndex) {\n        processDecoratedParameter(target, propertyKey, parameterIndex, metadata.ParamType.query, name);\n    };\n}\nexports.QueryParam = QueryParam;\nfunction HeaderParam(name) {\n    return function (target, propertyKey, parameterIndex) {\n        processDecoratedParameter(target, propertyKey, parameterIndex, metadata.ParamType.header, name);\n    };\n}\nexports.HeaderParam = HeaderParam;\nfunction CookieParam(name) {\n    return function (target, propertyKey, parameterIndex) {\n        processDecoratedParameter(target, propertyKey, parameterIndex, metadata.ParamType.cookie, name);\n    };\n}\nexports.CookieParam = CookieParam;\nfunction FormParam(name) {\n    return function (target, propertyKey, parameterIndex) {\n        processDecoratedParameter(target, propertyKey, parameterIndex, metadata.ParamType.form, name);\n    };\n}\nexports.FormParam = FormParam;\nfunction AcceptLanguageTypeDecorator(target, languages) {\n    let classData = server_container_1.InternalServer.registerServiceClass(target);\n    classData.languages = languages;\n}\nfunction AcceptLanguageMethodDecorator(target, propertyKey, descriptor, languages) {\n    let serviceMethod = server_container_1.InternalServer.registerServiceMethod(target, propertyKey);\n    if (serviceMethod) {\n        serviceMethod.languages = languages;\n    }\n}\nfunction AcceptTypeDecorator(target, accepts) {\n    let classData = server_container_1.InternalServer.registerServiceClass(target);\n    classData.accepts = accepts;\n}\nfunction AcceptMethodDecorator(target, propertyKey, descriptor, accepts) {\n    let serviceMethod = server_container_1.InternalServer.registerServiceMethod(target, propertyKey);\n    if (serviceMethod) {\n        serviceMethod.accepts = accepts;\n    }\n}\nfunction PathTypeDecorator(target, path) {\n    let classData = server_container_1.InternalServer.registerServiceClass(target);\n    classData.path = path;\n}\nfunction PathMethodDecorator(target, propertyKey, descriptor, path) {\n    let serviceMethod = server_container_1.InternalServer.registerServiceMethod(target, propertyKey);\n    if (serviceMethod) {\n        serviceMethod.path = path;\n    }\n}\nfunction processDecoratedParameter(target, propertyKey, parameterIndex, paramType, name) {\n    let serviceMethod = server_container_1.InternalServer.registerServiceMethod(target.constructor, propertyKey);\n    if (serviceMethod) {\n        let paramTypes = Reflect.getMetadata(\"design:paramtypes\", target, propertyKey);\n        while (serviceMethod.parameters.length < paramTypes.length) {\n            serviceMethod.parameters.push(new metadata.MethodParam(null, paramTypes[serviceMethod.parameters.length], metadata.ParamType.body));\n        }\n        serviceMethod.parameters[parameterIndex] = new metadata.MethodParam(name, paramTypes[parameterIndex], paramType);\n    }\n}\nfunction processDecoratedProperty(target, key, paramType) {\n    let classData = server_container_1.InternalServer.registerServiceClass(target.constructor);\n    classData.addProperty(key, paramType);\n}\nfunction processHttpVerb(target, propertyKey, httpMethod) {\n    let serviceMethod = server_container_1.InternalServer.registerServiceMethod(target, propertyKey);\n    if (serviceMethod) {\n        if (serviceMethod.httpMethod) {\n            throw new Error(\"Method is already annotated with @\" +\n                serviceMethod.httpMethod +\n                \". You can only map a method to one HTTP verb.\");\n        }\n        serviceMethod.httpMethod = httpMethod;\n        processServiceMethod(target, propertyKey, serviceMethod);\n    }\n}\nfunction processServiceMethod(target, propertyKey, serviceMethod) {\n    serviceMethod.name = propertyKey;\n    let paramTypes = Reflect.getMetadata(\"design:paramtypes\", target, propertyKey);\n    while (paramTypes.length > serviceMethod.parameters.length) {\n        serviceMethod.parameters.push(new metadata.MethodParam(null, paramTypes[serviceMethod.parameters.length], metadata.ParamType.body));\n    }\n    serviceMethod.parameters.forEach(param => {\n        if (param.paramType == metadata.ParamType.cookie) {\n            serviceMethod.mustParseCookies = true;\n        }\n        else if (param.paramType == metadata.ParamType.file) {\n            serviceMethod.files.push(new metadata.FileParam(param.name, true));\n        }\n        else if (param.paramType == metadata.ParamType.files) {\n            serviceMethod.files.push(new metadata.FileParam(param.name, false));\n        }\n        else if (param.paramType == metadata.ParamType.form) {\n            if (serviceMethod.mustParseBody) {\n                throw Error(\"Can not use form parameters with a body parameter on the same method.\");\n            }\n            serviceMethod.mustParseForms = true;\n        }\n        else if (param.paramType == metadata.ParamType.body) {\n            if (serviceMethod.mustParseForms) {\n                throw Error(\"Can not use form parameters with a body parameter on the same method.\");\n            }\n            if (serviceMethod.mustParseBody) {\n                throw Error(\"Can not use more than one body parameter on the same method.\");\n            }\n            serviceMethod.mustParseBody = true;\n        }\n    });\n}\n","l":{"2":1,"3":1,"4":1,"5":1,"6":1,"7":10,"8":10,"9":2,"11":8,"12":8,"14":0,"17":1,"18":2,"19":1,"20":1,"21":1,"23":0,"24":0,"26":0,"29":1,"30":1,"31":1,"32":1,"33":0,"35":1,"36":1,"38":0,"41":1,"42":2,"43":1,"44":1,"45":1,"47":0,"48":0,"49":0,"51":0,"53":1,"54":6,"55":2,"56":0,"57":0,"59":2,"60":2,"61":2,"63":0,"65":1,"66":3,"67":1,"68":0,"69":0,"71":1,"72":1,"73":1,"75":0,"77":1,"78":3,"79":1,"80":0,"81":0,"83":1,"84":1,"85":1,"87":0,"89":1,"90":3,"91":1,"92":0,"93":0,"95":1,"96":1,"97":1,"99":0,"101":1,"102":3,"103":1,"104":0,"105":0,"107":1,"108":1,"109":1,"111":0,"113":1,"114":1,"115":6,"117":1,"118":1,"119":3,"121":1,"122":1,"123":2,"125":1,"126":1,"127":0,"129":1,"130":1,"131":0,"133":1,"134":1,"135":0,"137":1,"138":1,"139":0,"141":1,"142":1,"143":1,"144":1,"147":1,"148":1,"149":1,"150":1,"153":1,"154":1,"155":0,"156":0,"159":1,"160":1,"161":3,"162":3,"165":1,"166":1,"167":1,"168":1,"171":1,"172":1,"173":1,"174":1,"177":1,"178":1,"179":1,"180":1,"183":1,"184":1,"185":1,"186":1,"188":1,"189":0,"190":0,"191":0,"194":1,"195":0,"196":0,"198":1,"199":1,"200":1,"201":1,"204":1,"205":2,"206":2,"208":1,"209":8,"210":8,"211":8,"214":1,"215":14,"216":14,"217":14,"218":14,"219":15,"221":14,"224":1,"225":1,"226":1,"228":1,"229":11,"230":11,"231":11,"232":0,"236":11,"237":11,"240":1,"241":11,"242":11,"243":11,"244":1,"246":11,"247":16,"248":1,"250":15,"251":1,"253":14,"254":0,"256":14,"257":1,"258":0,"260":1,"262":13,"263":2,"264":0,"266":2,"267":0,"269":2}},
"lib/server-container.js":{"path":"lib/server-container.js","statementMap":{"1":{"start":{"line":2,"column":0},"end":{"line":null,"column":-1}},"2":{"start":{"line":3,"column":0},"end":{"line":null,"column":-1}},"3":{"start":{"line":4,"column":0},"end":{"line":null,"column":-1}},"4":{"start":{"line":5,"column":0},"end":{"line":null,"column":-1}},"5":{"start":{"line":6,"column":0},"end":{"line":null,"column":-1}},"6":{"start":{"line":7,"column":0},"end":{"line":null,"column":-1}},"7":{"start":{"line":9,"column":4},"end":{"line":11,"column":5}},"8":{"start":{"line":9,"column":24},"end":{"line":null,"column":-1}},"9":{"start":{"line":10,"column":8},"end":{"line":null,"column":-1}},"10":{"start":{"line":33,"column":20},"end":{"line":null,"column":-1}},"11":{"start":{"line":34,"column":8},"end":{"line":null,"column":-1}},"12":{"start":{"line":35,"column":12},"end":{"line":null,"column":-1}},"13":{"start":{"line":36,"column":16},"end":{"line":null,"column":-1}},"14":{"start":{"line":39,"column":8},"end":{"line":null,"column":-1}},"15":{"start":{"line":40,"column":8},"end":{"line":null,"column":-1}},"16":{"start":{"line":42,"column":46},"end":{"line":null,"column":-1}},"17":{"start":{"line":43,"column":8},"end":{"line":null,"column":-1}},"18":{"start":{"line":44,"column":12},"end":{"line":null,"column":-1}},"19":{"start":{"line":46,"column":8},"end":{"line":48,"column":9}},"20":{"start":{"line":47,"column":12},"end":{"line":null,"column":-1}},"21":{"start":{"line":49,"column":8},"end":{"line":null,"column":-1}},"22":{"start":{"line":50,"column":8},"end":{"line":null,"column":-1}},"23":{"start":{"line":51,"column":8},"end":{"line":null,"column":-1}},"24":{"start":{"line":52,"column":8},"end":{"line":null,"column":-1}},"25":{"start":{"line":53,"column":8},"end":{"line":null,"column":-1}},"26":{"start":{"line":55,"column":16},"end":{"line":null,"column":-1}},"27":{"start":{"line":56,"column":16},"end":{"line":null,"column":-1}},"28":{"start":{"line":58,"column":16},"end":{"line":null,"column":-1}},"29":{"start":{"line":59,"column":16},"end":{"line":null,"column":-1}},"30":{"start":{"line":61,"column":16},"end":{"line":null,"column":-1}},"31":{"start":{"line":62,"column":16},"end":{"line":null,"column":-1}},"32":{"start":{"line":64,"column":16},"end":{"line":null,"column":-1}},"33":{"start":{"line":65,"column":16},"end":{"line":null,"column":-1}},"34":{"start":{"line":67,"column":16},"end":{"line":null,"column":-1}},"35":{"start":{"line":68,"column":16},"end":{"line":null,"column":-1}},"36":{"start":{"line":70,"column":16},"end":{"line":null,"column":-1}},"37":{"start":{"line":71,"column":16},"end":{"line":null,"column":-1}},"38":{"start":{"line":73,"column":16},"end":{"line":null,"column":-1}},"39":{"start":{"line":74,"column":16},"end":{"line":null,"column":-1}},"40":{"start":{"line":76,"column":16},"end":{"line":null,"column":-1}},"41":{"start":{"line":79,"column":30},"end":{"line":null,"column":-1}},"42":{"start":{"line":80,"column":8},"end":{"line":null,"column":-1}},"43":{"start":{"line":81,"column":8},"end":{"line":null,"column":-1}},"44":{"start":{"line":82,"column":12},"end":{"line":null,"column":-1}},"45":{"start":{"line":83,"column":12},"end":{"line":null,"column":-1}},"46":{"start":{"line":84,"column":12},"end":{"line":null,"column":-1}},"47":{"start":{"line":85,"column":16},"end":{"line":null,"column":-1}},"48":{"start":{"line":87,"column":12},"end":{"line":null,"column":-1}},"49":{"start":{"line":88,"column":12},"end":{"line":null,"column":-1}},"50":{"start":{"line":89,"column":16},"end":{"line":null,"column":-1}},"51":{"start":{"line":90,"column":16},"end":{"line":null,"column":-1}},"52":{"start":{"line":95,"column":8},"end":{"line":112,"column":9}},"53":{"start":{"line":96,"column":12},"end":{"line":null,"column":-1}},"54":{"start":{"line":97,"column":12},"end":{"line":99,"column":13}},"55":{"start":{"line":98,"column":16},"end":{"line":null,"column":-1}},"56":{"start":{"line":100,"column":12},"end":{"line":102,"column":13}},"57":{"start":{"line":101,"column":16},"end":{"line":null,"column":-1}},"58":{"start":{"line":103,"column":12},"end":{"line":105,"column":13}},"59":{"start":{"line":104,"column":16},"end":{"line":null,"column":-1}},"60":{"start":{"line":106,"column":12},"end":{"line":111,"column":13}},"61":{"start":{"line":107,"column":16},"end":{"line":null,"column":-1}},"62":{"start":{"line":110,"column":16},"end":{"line":null,"column":-1}},"63":{"start":{"line":113,"column":8},"end":{"line":null,"column":-1}},"64":{"start":{"line":115,"column":42},"end":{"line":null,"column":-1}},"65":{"start":{"line":116,"column":8},"end":{"line":null,"column":-1}},"66":{"start":{"line":117,"column":8},"end":{"line":126,"column":9}},"67":{"start":{"line":118,"column":12},"end":{"line":null,"column":-1}},"68":{"start":{"line":119,"column":12},"end":{"line":121,"column":13}},"69":{"start":{"line":120,"column":16},"end":{"line":null,"column":-1}},"70":{"start":{"line":122,"column":12},"end":{"line":124,"column":13}},"71":{"start":{"line":123,"column":16},"end":{"line":null,"column":-1}},"72":{"start":{"line":125,"column":12},"end":{"line":null,"column":-1}},"73":{"start":{"line":127,"column":8},"end":{"line":129,"column":9}},"74":{"start":{"line":128,"column":12},"end":{"line":null,"column":-1}},"75":{"start":{"line":130,"column":8},"end":{"line":132,"column":9}},"76":{"start":{"line":131,"column":12},"end":{"line":null,"column":-1}},"77":{"start":{"line":133,"column":8},"end":{"line":144,"column":9}},"78":{"start":{"line":133,"column":44},"end":{"line":null,"column":-1}},"79":{"start":{"line":134,"column":12},"end":{"line":null,"column":-1}},"80":{"start":{"line":135,"column":12},"end":{"line":null,"column":-1}},"81":{"start":{"line":136,"column":16},"end":{"line":141,"column":17}},"82":{"start":{"line":137,"column":20},"end":{"line":null,"column":-1}},"83":{"start":{"line":140,"column":20},"end":{"line":null,"column":-1}},"84":{"start":{"line":143,"column":12},"end":{"line":null,"column":-1}},"85":{"start":{"line":145,"column":8},"end":{"line":null,"column":-1}},"86":{"start":{"line":148,"column":8},"end":{"line":153,"column":9}},"87":{"start":{"line":149,"column":12},"end":{"line":151,"column":13}},"88":{"start":{"line":150,"column":16},"end":{"line":null,"column":-1}},"89":{"start":{"line":152,"column":12},"end":{"line":null,"column":-1}},"90":{"start":{"line":154,"column":8},"end":{"line":156,"column":9}},"91":{"start":{"line":155,"column":12},"end":{"line":null,"column":-1}},"92":{"start":{"line":159,"column":8},"end":{"line":170,"column":9}},"93":{"start":{"line":160,"column":12},"end":{"line":null,"column":-1}},"94":{"start":{"line":161,"column":12},"end":{"line":163,"column":13}},"95":{"start":{"line":162,"column":16},"end":{"line":null,"column":-1}},"96":{"start":{"line":166,"column":12},"end":{"line":null,"column":-1}},"97":{"start":{"line":167,"column":12},"end":{"line":169,"column":13}},"98":{"start":{"line":168,"column":16},"end":{"line":null,"column":-1}},"99":{"start":{"line":171,"column":8},"end":{"line":179,"column":9}},"100":{"start":{"line":172,"column":12},"end":{"line":null,"column":-1}},"101":{"start":{"line":173,"column":12},"end":{"line":178,"column":13}},"102":{"start":{"line":174,"column":16},"end":{"line":null,"column":-1}},"103":{"start":{"line":177,"column":16},"end":{"line":null,"column":-1}},"104":{"start":{"line":180,"column":8},"end":{"line":182,"column":9}},"105":{"start":{"line":181,"column":12},"end":{"line":null,"column":-1}},"106":{"start":{"line":185,"column":8},"end":{"line":null,"column":-1}},"107":{"start":{"line":186,"column":8},"end":{"line":211,"column":9}},"108":{"start":{"line":187,"column":12},"end":{"line":null,"column":-1}},"109":{"start":{"line":188,"column":16},"end":{"line":null,"column":-1}},"110":{"start":{"line":190,"column":24},"end":{"line":null,"column":-1}},"111":{"start":{"line":191,"column":24},"end":{"line":null,"column":-1}},"112":{"start":{"line":193,"column":24},"end":{"line":null,"column":-1}},"113":{"start":{"line":194,"column":24},"end":{"line":null,"column":-1}},"114":{"start":{"line":196,"column":24},"end":{"line":null,"column":-1}},"115":{"start":{"line":197,"column":24},"end":{"line":null,"column":-1}},"116":{"start":{"line":199,"column":24},"end":{"line":null,"column":-1}},"117":{"start":{"line":200,"column":24},"end":{"line":null,"column":-1}},"118":{"start":{"line":202,"column":24},"end":{"line":null,"column":-1}},"119":{"start":{"line":203,"column":24},"end":{"line":null,"column":-1}},"120":{"start":{"line":205,"column":24},"end":{"line":null,"column":-1}},"121":{"start":{"line":206,"column":24},"end":{"line":null,"column":-1}},"122":{"start":{"line":208,"column":24},"end":{"line":null,"column":-1}},"123":{"start":{"line":212,"column":8},"end":{"line":null,"column":-1}},"124":{"start":{"line":215,"column":8},"end":{"line":null,"column":-1}},"125":{"start":{"line":216,"column":8},"end":{"line":null,"column":-1}},"126":{"start":{"line":217,"column":8},"end":{"line":null,"column":-1}},"127":{"start":{"line":218,"column":8},"end":{"line":null,"column":-1}},"128":{"start":{"line":219,"column":8},"end":{"line":null,"column":-1}},"129":{"start":{"line":220,"column":8},"end":{"line":null,"column":-1}},"130":{"start":{"line":221,"column":8},"end":{"line":null,"column":-1}},"131":{"start":{"line":222,"column":8},"end":{"line":null,"column":-1}},"132":{"start":{"line":223,"column":8},"end":{"line":null,"column":-1}},"133":{"start":{"line":224,"column":8},"end":{"line":null,"column":-1}},"134":{"start":{"line":226,"column":32},"end":{"line":null,"column":-1}},"135":{"start":{"line":227,"column":8},"end":{"line":null,"column":-1}},"136":{"start":{"line":229,"column":16},"end":{"line":null,"column":-1}},"137":{"start":{"line":230,"column":16},"end":{"line":null,"column":-1}},"138":{"start":{"line":232,"column":16},"end":{"line":null,"column":-1}},"139":{"start":{"line":233,"column":16},"end":{"line":null,"column":-1}},"140":{"start":{"line":235,"column":16},"end":{"line":null,"column":-1}},"141":{"start":{"line":236,"column":16},"end":{"line":null,"column":-1}},"142":{"start":{"line":238,"column":16},"end":{"line":240,"column":17}},"143":{"start":{"line":239,"column":20},"end":{"line":null,"column":-1}},"144":{"start":{"line":241,"column":16},"end":{"line":null,"column":-1}},"145":{"start":{"line":243,"column":16},"end":{"line":257,"column":17}},"146":{"start":{"line":244,"column":20},"end":{"line":null,"column":-1}},"147":{"start":{"line":245,"column":20},"end":{"line":null,"column":-1}},"148":{"start":{"line":247,"column":21},"end":{"line":257,"column":17}},"149":{"start":{"line":247,"column":65},"end":{"line":null,"column":-1}},"150":{"start":{"line":248,"column":20},"end":{"line":null,"column":-1}},"151":{"start":{"line":249,"column":20},"end":{"line":null,"column":-1}},"152":{"start":{"line":250,"column":24},"end":{"line":null,"column":-1}},"153":{"start":{"line":252,"column":24},"end":{"line":null,"column":-1}},"154":{"start":{"line":256,"column":20},"end":{"line":null,"column":-1}},"155":{"start":{"line":260,"column":47},"end":{"line":null,"column":-1}},"156":{"start":{"line":261,"column":8},"end":{"line":null,"column":-1}},"157":{"start":{"line":262,"column":8},"end":{"line":null,"column":-1}},"158":{"start":{"line":263,"column":12},"end":{"line":null,"column":-1}},"159":{"start":{"line":265,"column":20},"end":{"line":null,"column":-1}},"160":{"start":{"line":266,"column":20},"end":{"line":null,"column":-1}},"161":{"start":{"line":268,"column":20},"end":{"line":null,"column":-1}},"162":{"start":{"line":269,"column":20},"end":{"line":null,"column":-1}},"163":{"start":{"line":271,"column":20},"end":{"line":null,"column":-1}},"164":{"start":{"line":272,"column":20},"end":{"line":null,"column":-1}},"165":{"start":{"line":274,"column":20},"end":{"line":null,"column":-1}},"166":{"start":{"line":275,"column":20},"end":{"line":null,"column":-1}},"167":{"start":{"line":277,"column":20},"end":{"line":null,"column":-1}},"168":{"start":{"line":278,"column":20},"end":{"line":null,"column":-1}},"169":{"start":{"line":280,"column":20},"end":{"line":null,"column":-1}},"170":{"start":{"line":281,"column":20},"end":{"line":283,"column":21}},"171":{"start":{"line":282,"column":24},"end":{"line":null,"column":-1}},"172":{"start":{"line":284,"column":20},"end":{"line":null,"column":-1}},"173":{"start":{"line":286,"column":20},"end":{"line":null,"column":-1}},"174":{"start":{"line":287,"column":20},"end":{"line":null,"column":-1}},"175":{"start":{"line":289,"column":20},"end":{"line":null,"column":-1}},"176":{"start":{"line":290,"column":20},"end":{"line":null,"column":-1}},"177":{"start":{"line":292,"column":20},"end":{"line":null,"column":-1}},"178":{"start":{"line":293,"column":20},"end":{"line":null,"column":-1}},"179":{"start":{"line":295,"column":20},"end":{"line":null,"column":-1}},"180":{"start":{"line":296,"column":20},"end":{"line":null,"column":-1}},"181":{"start":{"line":298,"column":20},"end":{"line":null,"column":-1}},"182":{"start":{"line":299,"column":20},"end":{"line":null,"column":-1}},"183":{"start":{"line":301,"column":20},"end":{"line":null,"column":-1}},"184":{"start":{"line":302,"column":20},"end":{"line":null,"column":-1}},"185":{"start":{"line":304,"column":20},"end":{"line":null,"column":-1}},"186":{"start":{"line":305,"column":20},"end":{"line":null,"column":-1}},"187":{"start":{"line":307,"column":20},"end":{"line":null,"column":-1}},"188":{"start":{"line":308,"column":20},"end":{"line":null,"column":-1}},"189":{"start":{"line":310,"column":20},"end":{"line":null,"column":-1}},"190":{"start":{"line":313,"column":8},"end":{"line":null,"column":-1}},"191":{"start":{"line":316,"column":8},"end":{"line":null,"column":-1}},"192":{"start":{"line":317,"column":8},"end":{"line":null,"column":-1}},"193":{"start":{"line":319,"column":16},"end":{"line":null,"column":-1}},"194":{"start":{"line":321,"column":16},"end":{"line":null,"column":-1}},"195":{"start":{"line":323,"column":16},"end":{"line":null,"column":-1}},"196":{"start":{"line":13,"column":8},"end":{"line":null,"column":-1}},"197":{"start":{"line":14,"column":8},"end":{"line":null,"column":-1}},"198":{"start":{"line":15,"column":8},"end":{"line":17,"column":9}},"199":{"start":{"line":16,"column":12},"end":{"line":null,"column":-1}},"200":{"start":{"line":18,"column":8},"end":{"line":null,"column":-1}},"201":{"start":{"line":19,"column":8},"end":{"line":null,"column":-1}},"202":{"start":{"line":22,"column":8},"end":{"line":30,"column":9}},"203":{"start":{"line":23,"column":12},"end":{"line":null,"column":-1}},"204":{"start":{"line":24,"column":12},"end":{"line":null,"column":-1}},"205":{"start":{"line":25,"column":12},"end":{"line":27,"column":13}},"206":{"start":{"line":26,"column":16},"end":{"line":null,"column":-1}},"207":{"start":{"line":28,"column":12},"end":{"line":null,"column":-1}},"208":{"start":{"line":29,"column":12},"end":{"line":null,"column":-1}},"209":{"start":{"line":31,"column":8},"end":{"line":null,"column":-1}},"210":{"start":{"line":327,"column":8},"end":{"line":337,"column":9}},"211":{"start":{"line":328,"column":12},"end":{"line":null,"column":-1}},"212":{"start":{"line":329,"column":12},"end":{"line":null,"column":-1}},"213":{"start":{"line":330,"column":16},"end":{"line":null,"column":-1}},"214":{"start":{"line":331,"column":20},"end":{"line":333,"column":21}},"215":{"start":{"line":332,"column":24},"end":{"line":null,"column":-1}},"216":{"start":{"line":336,"column":12},"end":{"line":null,"column":-1}},"217":{"start":{"line":340,"column":8},"end":{"line":null,"column":-1}},"218":{"start":{"line":341,"column":8},"end":{"line":null,"column":-1}},"219":{"start":{"line":344,"column":8},"end":{"line":null,"column":-1}},"220":{"start":{"line":345,"column":8},"end":{"line":null,"column":-1}},"221":{"start":{"line":346,"column":8},"end":{"line":null,"column":-1}},"222":{"start":{"line":349,"column":8},"end":{"line":null,"column":-1}},"223":{"start":{"line":350,"column":8},"end":{"line":354,"column":9}},"224":{"start":{"line":351,"column":12},"end":{"line":null,"column":-1}},"225":{"start":{"line":352,"column":16},"end":{"line":null,"column":-1}},"226":{"start":{"line":355,"column":8},"end":{"line":359,"column":9}},"227":{"start":{"line":356,"column":12},"end":{"line":null,"column":-1}},"228":{"start":{"line":357,"column":16},"end":{"line":null,"column":-1}},"229":{"start":{"line":360,"column":8},"end":{"line":362,"column":9}},"230":{"start":{"line":361,"column":12},"end":{"line":null,"column":-1}},"231":{"start":{"line":365,"column":8},"end":{"line":null,"column":-1}},"232":{"start":{"line":366,"column":8},"end":{"line":370,"column":9}},"233":{"start":{"line":367,"column":12},"end":{"line":null,"column":-1}},"234":{"start":{"line":368,"column":16},"end":{"line":null,"column":-1}},"235":{"start":{"line":371,"column":8},"end":{"line":375,"column":9}},"236":{"start":{"line":372,"column":12},"end":{"line":null,"column":-1}},"237":{"start":{"line":373,"column":16},"end":{"line":null,"column":-1}},"238":{"start":{"line":376,"column":8},"end":{"line":378,"column":9}},"239":{"start":{"line":377,"column":12},"end":{"line":null,"column":-1}},"240":{"start":{"line":381,"column":8},"end":{"line":null,"column":-1}},"241":{"start":{"line":382,"column":8},"end":{"line":null,"column":-1}},"242":{"start":{"line":383,"column":8},"end":{"line":null,"column":-1}},"243":{"start":{"line":386,"column":8},"end":{"line":null,"column":-1}},"244":{"start":{"line":387,"column":8},"end":{"line":null,"column":-1}},"245":{"start":{"line":388,"column":8},"end":{"line":390,"column":9}},"246":{"start":{"line":389,"column":12},"end":{"line":null,"column":-1}},"247":{"start":{"line":391,"column":8},"end":{"line":394,"column":9}},"248":{"start":{"line":392,"column":12},"end":{"line":null,"column":-1}},"249":{"start":{"line":393,"column":12},"end":{"line":null,"column":-1}},"250":{"start":{"line":395,"column":8},"end":{"line":null,"column":-1}},"251":{"start":{"line":396,"column":8},"end":{"line":399,"column":9}},"252":{"start":{"line":397,"column":12},"end":{"line":null,"column":-1}},"253":{"start":{"line":398,"column":12},"end":{"line":null,"column":-1}},"254":{"start":{"line":400,"column":8},"end":{"line":403,"column":9}},"255":{"start":{"line":401,"column":12},"end":{"line":null,"column":-1}},"256":{"start":{"line":404,"column":8},"end":{"line":null,"column":-1}},"257":{"start":{"line":405,"column":8},"end":{"line":null,"column":-1}},"258":{"start":{"line":408,"column":0},"end":{"line":null,"column":-1}},"259":{"start":{"line":409,"column":0},"end":{"line":null,"column":-1}},"260":{"start":{"line":410,"column":0},"end":{"line":null,"column":-1}},"261":{"start":{"line":411,"column":0},"end":{"line":null,"column":-1}}},"fnMap":{"1":{"name":"InternalServer","line":9,"loc":{"start":{"line":9,"column":4},"end":{"line":9,"column":24}}},"2":{"name":"(anonymous_5)","line":34,"loc":{"start":{"line":34,"column":45},"end":{"line":34,"column":58}}},"3":{"name":"(anonymous_6)","line":35,"loc":{"start":{"line":35,"column":38},"end":{"line":35,"column":48}}},"4":{"name":"handler","line":43,"loc":{"start":{"line":43,"column":22},"end":{"line":43,"column":42}}},"5":{"name":"(anonymous_10)","line":81,"loc":{"start":{"line":81,"column":22},"end":{"line":81,"column":32}}},"6":{"name":"(anonymous_11)","line":84,"loc":{"start":{"line":84,"column":30},"end":{"line":84,"column":42}}},"7":{"name":"(anonymous_12)","line":88,"loc":{"start":{"line":88,"column":34},"end":{"line":88,"column":54}}},"8":{"name":"(anonymous_15)","line":133,"loc":{"start":{"line":133,"column":44},"end":{"line":null,"column":-1}}},"9":{"name":"(anonymous_16)","line":135,"loc":{"start":{"line":135,"column":40},"end":{"line":135,"column":52}}},"10":{"name":"(anonymous_20)","line":187,"loc":{"start":{"line":187,"column":44},"end":{"line":187,"column":64}}},"11":{"name":"(anonymous_23)","line":247,"loc":{"start":{"line":247,"column":65},"end":{"line":null,"column":-1}}},"12":{"name":"(anonymous_24)","line":249,"loc":{"start":{"line":249,"column":31},"end":{"line":249,"column":46}}},"13":{"name":"(anonymous_25)","line":251,"loc":{"start":{"line":251,"column":29},"end":{"line":251,"column":44}}},"14":{"name":"(anonymous_27)","line":262,"loc":{"start":{"line":262,"column":41},"end":{"line":262,"column":50}}},"15":{"name":"(anonymous_32)","line":329,"loc":{"start":{"line":329,"column":49},"end":{"line":329,"column":62}}},"16":{"name":"(anonymous_33)","line":330,"loc":{"start":{"line":330,"column":42},"end":{"line":330,"column":52}}},"17":{"name":"(anonymous_37)","line":351,"loc":{"start":{"line":351,"column":43},"end":{"line":351,"column":51}}},"18":{"name":"(anonymous_38)","line":356,"loc":{"start":{"line":356,"column":44},"end":{"line":356,"column":52}}},"19":{"name":"(anonymous_40)","line":367,"loc":{"start":{"line":367,"column":41},"end":{"line":367,"column":51}}},"20":{"name":"(anonymous_41)","line":372,"loc":{"start":{"line":372,"column":42},"end":{"line":372,"column":52}}}},"branchMap":{"1":{"line":46,"type":"if","locations":[{"start":{"line":46,"column":8},"end":{"line":46,"column":11}},{"start":{"line":46,"column":8},"end":{"line":46,"column":11}}]},"2":{"line":54,"type":"switch","locations":[{"start":{"line":54,"column":12},"end":{"line":56,"column":16}},{"start":{"line":57,"column":12},"end":{"line":59,"column":16}},{"start":{"line":60,"column":12},"end":{"line":62,"column":16}},{"start":{"line":63,"column":12},"end":{"line":65,"column":16}},{"start":{"line":66,"column":12},"end":{"line":68,"column":16}},{"start":{"line":69,"column":12},"end":{"line":71,"column":16}},{"start":{"line":72,"column":12},"end":{"line":74,"column":16}},{"start":{"line":75,"column":12},"end":{"line":76,"column":16}}]},"3":{"line":95,"type":"if","locations":[{"start":{"line":95,"column":8},"end":{"line":95,"column":11}},{"start":{"line":95,"column":8},"end":{"line":95,"column":11}}]},"4"
[...]
            break;\n                    case metadata.ParamType.context_accept:\n                        serviceObject[key] = context.accept;\n                        break;\n                    case metadata.ParamType.context_request:\n                        serviceObject[key] = context.request;\n                        break;\n                    case metadata.ParamType.context_response:\n                        serviceObject[key] = context.response;\n                        break;\n                    case metadata.ParamType.context_next:\n                        serviceObject[key] = context.next;\n                        break;\n                    default:\n                        break;\n                }\n            });\n        }\n        return serviceObject;\n    }\n    callTargetEndPoint(serviceClass, serviceMethod, req, res, next) {\n        let context = new server_types_1.ServiceContext();\n        context.request = req;\n        context.response = res;\n        context.next = next;\n        this.checkAcceptance(serviceMethod, context);\n        let serviceObject = this.createService(serviceClass, context);\n        let args = this.buildArgumentsList(serviceMethod, context);\n        let result = serviceClass.targetClass.prototype[serviceMethod.name].apply(serviceObject, args);\n        this.processResponseHeaders(serviceMethod, context);\n        this.sendValue(result, res, next);\n    }\n    sendValue(value, res, next) {\n        switch (typeof value) {\n            case \"number\":\n                res.send(value.toString());\n                break;\n            case \"string\":\n                res.send(value);\n                break;\n            case \"boolean\":\n                res.send(value.toString());\n                break;\n            case \"undefined\":\n                if (!res.headersSent) {\n                    res.sendStatus(204);\n                }\n                break;\n            default:\n                if (value.location && value instanceof server_types_1.ReferencedResource) {\n                    res.set(\"Location\", value.location);\n                    res.sendStatus(value.statusCode);\n                }\n                else if (value.then && value instanceof Promise) {\n                    let self = this;\n                    value.then(function (val) {\n                        self.sendValue(val, res, next);\n                    }).catch(function (err) {\n                        next(err);\n                    });\n                }\n                else {\n                    res.json(value);\n                }\n        }\n    }\n    buildArgumentsList(serviceMethod, context) {\n        let result = new Array();\n        serviceMethod.parameters.forEach(param => {\n            switch (param.paramType) {\n                case metadata.ParamType.path:\n                    result.push(this.convertType(context.request.params[param.name], param.type));\n                    break;\n                case metadata.ParamType.query:\n                    result.push(this.convertType(context.request.query[param.name], param.type));\n                    break;\n                case metadata.ParamType.header:\n                    result.push(this.convertType(context.request.header(param.name), param.type));\n                    break;\n                case metadata.ParamType.cookie:\n                    result.push(this.convertType(context.request.cookies[param.name], param.type));\n                    break;\n                case metadata.ParamType.body:\n                    result.push(this.convertType(context.request.body, param.type));\n                    break;\n                case metadata.ParamType.file:\n                    let files = context.request.files[param.name];\n                    if (files && files.length > 0) {\n                        result.push(files[0]);\n                    }\n                    break;\n                case metadata.ParamType.files:\n                    result.push(context.request.files[param.name]);\n                    break;\n                case metadata.ParamType.form:\n                    result.push(this.convertType(context.request.body[param.name], param.type));\n                    break;\n                case metadata.ParamType.context:\n                    result.push(context);\n                    break;\n                case metadata.ParamType.context_request:\n                    result.push(context.request);\n                    break;\n                case metadata.ParamType.context_response:\n                    result.push(context.response);\n                    break;\n                case metadata.ParamType.context_next:\n                    result.push(context.next);\n                    break;\n                case metadata.ParamType.context_accept:\n                    result.push(context.accept);\n                    break;\n                case metadata.ParamType.context_accept_language:\n                    result.push(context.language);\n                    break;\n                default:\n                    throw Error(\"Invalid parameter type\");\n            }\n        });\n        return result;\n    }\n    convertType(paramValue, paramType) {\n        let serializedType = paramType.name;\n        switch (serializedType) {\n            case \"Number\":\n                return paramValue ? parseFloat(paramValue) : 0;\n            case \"Boolean\":\n                return paramValue === 'true';\n            default:\n                return paramValue;\n        }\n    }\n    static resolveAllPaths() {\n        if (!InternalServer.pathsResolved) {\n            InternalServer.paths.clear();\n            InternalServer.serverClasses.forEach(classData => {\n                classData.methods.forEach(method => {\n                    if (!method.resolvedPath) {\n                        InternalServer.resolveProperties(classData, method);\n                    }\n                });\n            });\n            InternalServer.pathsResolved = true;\n        }\n    }\n    static getPaths() {\n        InternalServer.resolveAllPaths();\n        return new Set(InternalServer.paths.keys());\n    }\n    static getHttpMethods(path) {\n        InternalServer.resolveAllPaths();\n        let methods = InternalServer.paths.get(path);\n        return methods || new Set();\n    }\n    static resolveLanguages(serviceClass, serviceMethod) {\n        let resolvedLanguages = new Array();\n        if (serviceClass.languages) {\n            serviceClass.languages.forEach(lang => {\n                resolvedLanguages.push(lang);\n            });\n        }\n        if (serviceMethod.languages) {\n            serviceMethod.languages.forEach(lang => {\n                resolvedLanguages.push(lang);\n            });\n        }\n        if (resolvedLanguages.length > 0) {\n            serviceMethod.resolvedLanguages = resolvedLanguages;\n        }\n    }\n    static resolveAccepts(serviceClass, serviceMethod) {\n        let resolvedAccepts = new Array();\n        if (serviceClass.accepts) {\n            serviceClass.accepts.forEach(accept => {\n                resolvedAccepts.push(accept);\n            });\n        }\n        if (serviceMethod.accepts) {\n            serviceMethod.accepts.forEach(accept => {\n                resolvedAccepts.push(accept);\n            });\n        }\n        if (resolvedAccepts.length > 0) {\n            serviceMethod.resolvedAccepts = resolvedAccepts;\n        }\n    }\n    static resolveProperties(serviceClass, serviceMethod) {\n        InternalServer.resolveLanguages(serviceClass, serviceMethod);\n        InternalServer.resolveAccepts(serviceClass, serviceMethod);\n        InternalServer.resolvePath(serviceClass, serviceMethod);\n    }\n    static resolvePath(serviceClass, serviceMethod) {\n        let classPath = serviceClass.path ? serviceClass.path.trim() : \"\";\n        let resolvedPath = classPath.startsWith('/') ? classPath : '/' + classPath;\n        if (resolvedPath.endsWith('/')) {\n            resolvedPath = resolvedPath.slice(0, resolvedPath.length - 1);\n        }\n        if (serviceMethod.path) {\n            let methodPath = serviceMethod.path.trim();\n            resolvedPath = classPath + (methodPath.startsWith('/') ? methodPath : '/' + methodPath);\n        }\n        let declaredHttpMethods = InternalServer.paths.get(resolvedPath);\n        if (!declaredHttpMethods) {\n            declaredHttpMethods = new Set();\n            InternalServer.paths.set(resolvedPath, declaredHttpMethods);\n        }\n        if (declaredHttpMethods.has(serviceMethod.httpMethod)) {\n            throw Error(\"Duplicated declaration for path [\" + resolvedPath + \"], method [\"\n                + serviceMethod.httpMethod + \"]. \");\n        }\n        declaredHttpMethods.add(serviceMethod.httpMethod);\n        serviceMethod.resolvedPath = resolvedPath;\n    }\n}\nInternalServer.serverClasses = new Map();\nInternalServer.paths = new Map();\nInternalServer.pathsResolved = false;\nexports.InternalServer = InternalServer;\n","l":{"2":1,"3":1,"4":1,"5":1,"6":1,"7":1,"9":1,"10":1,"13":38,"14":38,"15":38,"16":3,"18":38,"19":38,"22":34,"23":34,"24":34,"25":34,"26":11,"28":34,"29":34,"31":0,"33":1,"34":1,"35":3,"36":11,"39":1,"40":1,"42":11,"43":11,"44":14,"46":11,"47":11,"49":11,"50":11,"51":11,"52":11,"53":11,"55":6,"56":6,"58":3,"59":3,"61":2,"62":2,"64":0,"65":0,"67":0,"68":0,"70":0,"71":0,"73":0,"74":0,"76":0,"79":1,"80":1,"81":1,"82":8,"83":8,"84":8,"85":11,"87":8,"88":8,"89":1,"90":1,"95":1,"96":1,"97":1,"98":0,"100":1,"101":0,"103":1,"104":0,"106":1,"107":0,"110":1,"113":1,"115":11,"116":11,"117":11,"118":1,"119":1,"120":0,"122":1,"123":0,"125":1,"127":11,"128":2,"130":11,"131":1,"133":11,"134":1,"135":1,"136":1,"137":1,"140":0,"143":1,"145":11,"148":11,"149":4,"150":3,"152":4,"154":11,"155":1,"159":14,"160":7,"161":7,"162":6,"166":7,"167":7,"168":7,"171":14,"172":2,"173":2,"174":1,"177":1,"180":13,"181":1,"185":12,"186":12,"187":3,"188":3,"190":3,"191":3,"193":0,"194":0,"196":0,"197":0,"199":0,"200":0,"202":0,"203":0,"205":0,"206":0,"208":0,"212":12,"215":14,"216":14,"217":14,"218":14,"219":14,"220":12,"221":12,"222":12,"223":11,"224":11,"226":12,"227":12,"229":0,"230":0,"232":4,"233":4,"235":2,"236":2,"238":1,"239":0,"241":1,"243":5,"244":1,"245":1,"247":4,"248":2,"249":2,"250":1,"252":1,"256":2,"260":12,"261":12,"262":12,"263":17,"265":1,"266":1,"268":3,"269":3,"271":1,"272":1,"274":1,"275":1,"277":2,"278":2,"280":1,"281":1,"282":1,"284":1,"286":0,"287":0,"289":1,"290":1,"292":0,"293":0,"295":2,"296":2,"298":1,"299":1,"301":1,"302":1,"304":1,"305":1,"307":2,"308":2,"310":0,"313":12,"316":9,"317":9,"319":3,"321":0,"323":6,"327":17,"328":0,"329":0,"330":0,"331":0,"332":0,"336":0,"340":7,"341":7,"344":10,"345":10,"346":10,"349":11,"350":11,"351":4,"352":8,"355":11,"356":0,"357":0,"360":11,"361":4,"365":11,"366":11,"367":0,"368":0,"371":11,"372":1,"373":1,"376":11,"377":1,"381":11,"382":11,"383":11,"386":11,"387":11,"388":11,"389":3,"391":11,"392":8,"393":8,"395":11,"396":11,"397":8,"398":8,"400":11,"401":0,"404":11,"405":11,"408":1,"409":1,"410":1,"411":1}},
"lib/metadata.js":{"path":"lib/metadata.js","statementMap":{"1":{"start":{"line":3,"column":4},"end":{"line":6,"column":5}},"2":{"start":{"line":3,"column":29},"end":{"line":null,"column":-1}},"3":{"start":{"line":4,"column":8},"end":{"line":null,"column":-1}},"4":{"start":{"line":5,"column":8},"end":{"line":null,"column":-1}},"5":{"start":{"line":8,"column":8},"end":{"line":10,"column":9}},"6":{"start":{"line":9,"column":12},"end":{"line":null,"column":-1}},"7":{"start":{"line":11,"column":8},"end":{"line":null,"column":-1}},"8":{"start":{"line":14,"column":8},"end":{"line":null,"column":-1}},"9":{"start":{"line":17,"column":0},"end":{"line":null,"column":-1}},"10":{"start":{"line":19,"column":18},"end":{"line":null,"column":-1}},"11":{"start":{"line":20,"column":8},"end":{"line":null,"column":-1}},"12":{"start":{"line":21,"column":8},"end":{"line":null,"column":-1}},"13":{"start":{"line":22,"column":8},"end":{"line":null,"column":-1}},"14":{"start":{"line":23,"column":8},"end":{"line":null,"column":-1}},"15":{"start":{"line":24,"column":8},"end":{"line":null,"column":-1}},"16":{"start":{"line":27,"column":0},"end":{"line":null,"column":-1}},"17":{"start":{"line":29,"column":34},"end":{"line":null,"column":-1}},"18":{"start":{"line":30,"column":8},"end":{"line":null,"column":-1}},"19":{"start":{"line":31,"column":8},"end":{"line":null,"column":-1}},"20":{"start":{"line":34,"column":0},"end":{"line":null,"column":-1}},"21":{"start":{"line":36,"column":39},"end":{"line":null,"column":-1}},"22":{"start":{"line":37,"column":8},"end":{"line":null,"column":-1}},"23":{"start":{"line":38,"column":8},"end":{"line":null,"column":-1}},"24":{"start":{"line":39,"column":8},"end":{"line":null,"column":-1}},"25":{"start":{"line":42,"column":0},"end":{"line":null,"column":-1}},"26":{"start":{"line":43,"column":0},"end":{"line":null,"column":-1}},"27":{"start":{"line":44,"column":4},"end":{"line":null,"column":-1}},"28":{"start":{"line":45,"column":4},"end":{"line":null,"column":-1}},"29":{"start":{"line":46,"column":4},"end":{"line":null,"column":-1}},"30":{"start":{"line":47,"column":4},"end":{"line":null,"column":-1}},"31":{"start":{"line":48,"column":4},"end":{"line":null,"column":-1}},"32":{"start":{"line":49,"column":4},"end":{"line":null,"column":-1}},"33":{"start":{"line":50,"column":4},"end":{"line":null,"column":-1}},"34":{"start":{"line":51,"column":4},"end":{"line":null,"column":-1}},"35":{"start":{"line":52,"column":4},"end":{"line":null,"column":-1}},"36":{"start":{"line":53,"column":4},"end":{"line":null,"column":-1}},"37":{"start":{"line":54,"column":4},"end":{"line":null,"column":-1}},"38":{"start":{"line":55,"column":4},"end":{"line":null,"column":-1}},"39":{"start":{"line":56,"column":4},"end":{"line":null,"column":-1}},"40":{"start":{"line":57,"column":4},"end":{"line":null,"column":-1}},"41":{"start":{"line":59,"column":0},"end":{"line":null,"column":-1}}},"fnMap":{"1":{"name":"ServiceClass","line":3,"loc":{"start":{"line":3,"column":4},"end":{"line":3,"column":29}}},"2":{"name":"ServiceMethod","line":19,"loc":{"start":{"line":19,"column":4},"end":{"line":19,"column":18}}},"3":{"name":"FileParam","line":29,"loc":{"start":{"line":29,"column":4},"end":{"line":29,"column":34}}},"4":{"name":"MethodParam","line":36,"loc":{"start":{"line":36,"column":4},"end":{"line":36,"column":39}}},"5":{"name":"(anonymous_9)","line":43,"loc":{"start":{"line":43,"column":1},"end":{"line":43,"column":22}}}},"branchMap":{"1":{"line":8,"type":"if","locations":[{"start":{"line":8,"column":8},"end":{"line":8,"column":11}},{"start":{"line":8,"column":8},"end":{"line":8,"column":11}}]},"2":{"line":14,"type":"binary-expr","locations":[{"start":{"line":14,"column":16},"end":{"line":14,"column":15}},{"start":{"line":14,"column":35},"end":{"line":14,"column":8}}]},"3":{"line":58,"type":"binary-expr","locations":[{"start":{"line":58,"column":3},"end":{"line":58,"column":2}},{"start":{"line":58,"column":25},"end":{"line":58,"column":3}}]}},"s":{"1":1,"2":3,"3":3,"4":3,"5":1,"6":1,"7":1,"8":13,"9":1,"10":11,"11":11,"12":11,"13":11,"14":11,"15":11,"16":1,"17":1,"18":1,"19":1,"20":1,"21":30,"22":30,"23":30,"24":30,"25":1,"26":1,"27":1,"28":1,"29":1,"30":1,"31":1,"32":1,"33":1,"34":1,"35":1,"36":1,"37":1,"38":1,"39":1,"40":1,"41":1},"b":{"1":[1,0],"2":[13,3],"3":[1,1]},"f":{"1":3,"2":11,"3":1,"4":30,"5":1},"code":"\"use strict\";\nclass ServiceClass {\n    constructor(targetClass) {\n        this.targetClass = targetClass;\n        this.methods = new Map();\n    }\n    addProperty(key, paramType) {\n        if (!this.hasProperties()) {\n            this.properties = new Map();\n        }\n        this.properties.set(key, paramType);\n    }\n    hasProperties() {\n        return (this.properties && this.properties.size > 0);\n    }\n}\nexports.ServiceClass = ServiceClass;\nclass ServiceMethod {\n    constructor() {\n        this.parameters = new Array();\n        this.mustParseCookies = false;\n        this.files = new Array();\n        this.mustParseBody = false;\n        this.mustParseForms = false;\n    }\n}\nexports.ServiceMethod = ServiceMethod;\nclass FileParam {\n    constructor(name, singleFile) {\n        this.name = name;\n        this.singleFile = singleFile;\n    }\n}\nexports.FileParam = FileParam;\nclass MethodParam {\n    constructor(name, type, paramType) {\n        this.name = name;\n        this.type = type;\n        this.paramType = paramType;\n    }\n}\nexports.MethodParam = MethodParam;\n(function (ParamType) {\n    ParamType[ParamType[\"path\"] = 0] = \"path\";\n    ParamType[ParamType[\"query\"] = 1] = \"query\";\n    ParamType[ParamType[\"header\"] = 2] = \"header\";\n    ParamType[ParamType[\"cookie\"] = 3] = \"cookie\";\n    ParamType[ParamType[\"form\"] = 4] = \"form\";\n    ParamType[ParamType[\"body\"] = 5] = \"body\";\n    ParamType[ParamType[\"file\"] = 6] = \"file\";\n    ParamType[ParamType[\"files\"] = 7] = \"files\";\n    ParamType[ParamType[\"context\"] = 8] = \"context\";\n    ParamType[ParamType[\"context_request\"] = 9] = \"context_request\";\n    ParamType[ParamType[\"context_response\"] = 10] = \"context_response\";\n    ParamType[ParamType[\"context_next\"] = 11] = \"context_next\";\n    ParamType[ParamType[\"context_accept\"] = 12] = \"context_accept\";\n    ParamType[ParamType[\"context_accept_language\"] = 13] = \"context_accept_language\";\n})(exports.ParamType || (exports.ParamType = {}));\nvar ParamType = exports.ParamType;\n","l":{"3":3,"4":3,"5":3,"8":1,"9":1,"11":1,"14":13,"17":1,"19":11,"20":11,"21":11,"22":11,"23":11,"24":11,"27":1,"29":1,"30":1,"31":1,"34":1,"36":30,"37":30,"38":30,"39":30,"42":1,"43":1,"44":1,"45":1,"46":1,"47":1,"48":1,"49":1,"50":1,"51":1,"52":1,"53":1,"54":1,"55":1,"56":1,"57":1,"59":1}},
"lib/server.js":{"path":"lib/server.js","statementMap":{"1":{"start":{"line":2,"column":0},"end":{"line":null,"column":-1}},"2":{"start":{"line":5,"column":8},"end":{"line":null,"column":-1}},"3":{"start":{"line":6,"column":8},"end":{"line":null,"column":-1}},"4":{"start":{"line":9,"column":8},"end":{"line":null,"column":-1}},"5":{"start":{"line":12,"column":8},"end":{"line":null,"column":-1}},"6":{"start":{"line":15,"column":8},"end":{"line":null,"column":-1}},"7":{"start":{"line":18,"column":8},"end":{"line":null,"column":-1}},"8":{"start":{"line":21,"column":8},"end":{"line":null,"column":-1}},"9":{"start":{"line":24,"column":8},"end":{"line":null,"column":-1}},"10":{"start":{"line":27,"column":8},"end":{"line":null,"column":-1}},"11":{"start":{"line":30,"column":0},"end":{"line":null,"column":-1}}},"fnMap":{},"branchMap":{},"s":{"1":1,"2":1,"3":1,"4":6,"5":2,"6":0,"7":0,"8":0,"9":0,"10":0,"11":1},"b":{},"f":{},"code":"\"use strict\";\nconst server_container_1 = require(\"./server-container\");\nclass Server {\n    static buildServices(router) {\n        let iternalServer = new server_container_1.InternalServer(router);\n        iternalServer.buildServices();\n    }\n    static getPaths() {\n        return [...server_container_1.InternalServer.getPaths()];\n    }\n    static getHttpMethods(path) {\n        return [...server_container_1.InternalServer.getHttpMethods(path)];\n    }\n    static setCookiesSecret(secret) {\n        server_container_1.InternalServer.cookiesSecret = secret;\n    }\n    static setCookiesDecoder(decoder) {\n        server_container_1.InternalServer.cookiesDecoder = decoder;\n    }\n    static setFileDest(dest) {\n        server_container_1.InternalServer.fileDest = dest;\n    }\n    static setFileFilter(filter) {\n        server_container_1.InternalServer.fileFilter = filter;\n    }\n    static setFileLimits(limit) {\n        server_container_1.InternalServer.fileLimits = limit;\n    }\n}\nexports.Server = Server;\n","l":{"2":1,"5":1,"6":1,"9":6,"12":2,"15":0,"18":0,"21":0,"24":0,"27":0,"30":1}}}
