{"/home/travis/build/thiagobustamante/typescript-rest/src/decorators.ts": {"path":"/home/travis/build/thiagobustamante/typescript-rest/src/decorators.ts","statementMap":{"0":{"start":{"line":3,"column":0},"end":{"line":3,"column":27}},"1":{"start":{"line":4,"column":0},"end":{"line":4,"column":26}},"2":{"start":{"line":5,"column":0},"end":{"line":5,"column":38}},"3":{"start":{"line":6,"column":0},"end":{"line":6,"column":51}},"4":{"start":{"line":7,"column":0},"end":{"line":7,"column":64}},"5":{"start":{"line":40,"column":4},"end":{"line":49,"column":6}},"6":{"start":{"line":40,"column":21},"end":{"line":40,"column":39}},"7":{"start":{"line":40,"column":21},"end":{"line":40,"column":40}},"8":{"start":{"line":41,"column":8},"end":{"line":41,"column":42}},"9":{"start":{"line":42,"column":8},"end":{"line":46,"column":9}},"10":{"start":{"line":43,"column":12},"end":{"line":43,"column":66}},"11":{"start":{"line":44,"column":15},"end":{"line":46,"column":9}},"12":{"start":{"line":45,"column":12},"end":{"line":45,"column":86}},"13":{"start":{"line":48,"column":8},"end":{"line":48,"column":64}},"14":{"start":{"line":39,"column":0},"end":{"line":50,"column":1}},"15":{"start":{"line":86,"column":4},"end":{"line":96,"column":6}},"16":{"start":{"line":86,"column":21},"end":{"line":86,"column":39}},"17":{"start":{"line":86,"column":21},"end":{"line":86,"column":40}},"18":{"start":{"line":87,"column":8},"end":{"line":87,"column":42}},"19":{"start":{"line":88,"column":8},"end":{"line":88,"column":42}},"20":{"start":{"line":89,"column":8},"end":{"line":93,"column":9}},"21":{"start":{"line":90,"column":12},"end":{"line":90,"column":71}},"22":{"start":{"line":91,"column":15},"end":{"line":93,"column":9}},"23":{"start":{"line":92,"column":12},"end":{"line":92,"column":91}},"24":{"start":{"line":95,"column":8},"end":{"line":95,"column":68}},"25":{"start":{"line":85,"column":0},"end":{"line":97,"column":1}},"26":{"start":{"line":126,"column":4},"end":{"line":137,"column":6}},"27":{"start":{"line":126,"column":21},"end":{"line":126,"column":39}},"28":{"start":{"line":126,"column":21},"end":{"line":126,"column":40}},"29":{"start":{"line":127,"column":8},"end":{"line":127,"column":42}},"30":{"start":{"line":128,"column":8},"end":{"line":134,"column":9}},"31":{"start":{"line":129,"column":12},"end":{"line":133,"column":13}},"32":{"start":{"line":130,"column":16},"end":{"line":130,"column":86}},"33":{"start":{"line":131,"column":19},"end":{"line":133,"column":13}},"34":{"start":{"line":132,"column":16},"end":{"line":132,"column":106}},"35":{"start":{"line":136,"column":8},"end":{"line":136,"column":72}},"36":{"start":{"line":125,"column":0},"end":{"line":138,"column":1}},"37":{"start":{"line":160,"column":31},"end":{"line":160,"column":57}},"38":{"start":{"line":160,"column":31},"end":{"line":160,"column":58}},"39":{"start":{"line":161,"column":4},"end":{"line":173,"column":6}},"40":{"start":{"line":161,"column":21},"end":{"line":161,"column":39}},"41":{"start":{"line":161,"column":21},"end":{"line":161,"column":40}},"42":{"start":{"line":162,"column":8},"end":{"line":162,"column":41}},"43":{"start":{"line":163,"column":8},"end":{"line":170,"column":9}},"44":{"start":{"line":164,"column":12},"end":{"line":164,"column":46}},"45":{"start":{"line":165,"column":12},"end":{"line":169,"column":13}},"46":{"start":{"line":166,"column":16},"end":{"line":166,"column":85}},"47":{"start":{"line":167,"column":19},"end":{"line":169,"column":13}},"48":{"start":{"line":168,"column":16},"end":{"line":168,"column":105}},"49":{"start":{"line":172,"column":8},"end":{"line":172,"column":74}},"50":{"start":{"line":160,"column":0},"end":{"line":174,"column":1}},"51":{"start":{"line":196,"column":23},"end":{"line":196,"column":47}},"52":{"start":{"line":196,"column":23},"end":{"line":196,"column":48}},"53":{"start":{"line":197,"column":4},"end":{"line":208,"column":6}},"54":{"start":{"line":197,"column":21},"end":{"line":197,"column":39}},"55":{"start":{"line":197,"column":21},"end":{"line":197,"column":40}},"56":{"start":{"line":198,"column":8},"end":{"line":198,"column":37}},"57":{"start":{"line":199,"column":8},"end":{"line":206,"column":9}},"58":{"start":{"line":200,"column":12},"end":{"line":200,"column":46}},"59":{"start":{"line":201,"column":12},"end":{"line":205,"column":13}},"60":{"start":{"line":202,"column":16},"end":{"line":202,"column":75}},"61":{"start":{"line":203,"column":19},"end":{"line":205,"column":13}},"62":{"start":{"line":204,"column":16},"end":{"line":204,"column":95}},"63":{"start":{"line":207,"column":8},"end":{"line":207,"column":66}},"64":{"start":{"line":196,"column":0},"end":{"line":209,"column":1}},"65":{"start":{"line":230,"column":24},"end":{"line":230,"column":42}},"66":{"start":{"line":230,"column":24},"end":{"line":230,"column":43}},"67":{"start":{"line":231,"column":4},"end":{"line":231,"column":38}},"68":{"start":{"line":232,"column":20},"end":{"line":232,"column":67}},"69":{"start":{"line":233,"column":4},"end":{"line":237,"column":5}},"70":{"start":{"line":234,"column":8},"end":{"line":234,"column":61}},"71":{"start":{"line":235,"column":11},"end":{"line":237,"column":5}},"72":{"start":{"line":236,"column":8},"end":{"line":236,"column":62}},"73":{"start":{"line":239,"column":4},"end":{"line":239,"column":63}},"74":{"start":{"line":230,"column":0},"end":{"line":240,"column":1}},"75":{"start":{"line":261,"column":31},"end":{"line":261,"column":49}},"76":{"start":{"line":261,"column":31},"end":{"line":261,"column":50}},"77":{"start":{"line":262,"column":4},"end":{"line":262,"column":38}},"78":{"start":{"line":263,"column":20},"end":{"line":263,"column":75}},"79":{"start":{"line":264,"column":4},"end":{"line":268,"column":5}},"80":{"start":{"line":265,"column":8},"end":{"line":265,"column":61}},"81":{"start":{"line":266,"column":11},"end":{"line":268,"column":5}},"82":{"start":{"line":267,"column":8},"end":{"line":267,"column":62}},"83":{"start":{"line":270,"column":4},"end":{"line":270,"column":70}},"84":{"start":{"line":261,"column":0},"end":{"line":271,"column":1}},"85":{"start":{"line":292,"column":32},"end":{"line":292,"column":50}},"86":{"start":{"line":292,"column":32},"end":{"line":292,"column":51}},"87":{"start":{"line":293,"column":4},"end":{"line":293,"column":38}},"88":{"start":{"line":294,"column":20},"end":{"line":294,"column":76}},"89":{"start":{"line":295,"column":4},"end":{"line":299,"column":5}},"90":{"start":{"line":296,"column":8},"end":{"line":296,"column":61}},"91":{"start":{"line":297,"column":11},"end":{"line":299,"column":5}},"92":{"start":{"line":298,"column":8},"end":{"line":298,"column":62}},"93":{"start":{"line":301,"column":4},"end":{"line":301,"column":71}},"94":{"start":{"line":292,"column":0},"end":{"line":302,"column":1}},"95":{"start":{"line":323,"column":28},"end":{"line":323,"column":46}},"96":{"start":{"line":323,"column":28},"end":{"line":323,"column":47}},"97":{"start":{"line":324,"column":4},"end":{"line":324,"column":38}},"98":{"start":{"line":325,"column":20},"end":{"line":325,"column":72}},"99":{"start":{"line":326,"column":4},"end":{"line":330,"column":5}},"100":{"start":{"line":327,"column":8},"end":{"line":327,"column":61}},"101":{"start":{"line":328,"column":11},"end":{"line":330,"column":5}},"102":{"start":{"line":329,"column":8},"end":{"line":329,"column":62}},"103":{"start":{"line":332,"column":4},"end":{"line":332,"column":67}},"104":{"start":{"line":323,"column":0},"end":{"line":333,"column":1}},"105":{"start":{"line":351,"column":32},"end":{"line":351,"column":50}},"106":{"start":{"line":351,"column":32},"end":{"line":351,"column":51}},"107":{"start":{"line":352,"column":4},"end":{"line":352,"column":38}},"108":{"start":{"line":353,"column":20},"end":{"line":353,"column":83}},"109":{"start":{"line":354,"column":4},"end":{"line":358,"column":5}},"110":{"start":{"line":355,"column":8},"end":{"line":355,"column":61}},"111":{"start":{"line":356,"column":11},"end":{"line":358,"column":5}},"112":{"start":{"line":357,"column":8},"end":{"line":357,"column":62}},"113":{"start":{"line":360,"column":4},"end":{"line":360,"column":71}},"114":{"start":{"line":351,"column":0},"end":{"line":361,"column":1}},"115":{"start":{"line":379,"column":30},"end":{"line":379,"column":48}},"116":{"start":{"line":379,"column":30},"end":{"line":379,"column":49}},"117":{"start":{"line":380,"column":4},"end":{"line":380,"column":38}},"118":{"start":{"line":381,"column":20},"end":{"line":381,"column":74}},"119":{"start":{"line":382,"column":4},"end":{"line":386,"column":5}},"120":{"start":{"line":383,"column":8},"end":{"line":383,"column":61}},"121":{"start":{"line":384,"column":11},"end":{"line":386,"column":5}},"122":{"start":{"line":385,"column":8},"end":{"line":385,"column":62}},"123":{"start":{"line":388,"column":4},"end":{"line":388,"column":69}},"124":{"start":{"line":379,"column":0},"end":{"line":389,"column":1}},"125":{"start":{"line":415,"column":4},"end":{"line":415,"column":57}},"126":{"start":{"line":413,"column":0},"end":{"line":416,"column":1}},"127":{"start":{"line":442,"column":4},"end":{"line":442,"column":58}},"128":{"start":{"line":440,"column":0},"end":{"line":443,"column":1}},"129":{"start":{"line":470,"column":4},"end":{"line":470,"column":57}},"130":{"start":{"line":468,"column":0},"end":{"line":471,"column":1}},"131":{"start":{"line":498,"column":4},"end":{"line":498,"column":60}},"132":{"start":{"line":496,"column":0},"end":{"line":499,"column":1}},"133":{"start":{"line":525,"column":4},"end":{"line":525,"column":58}},"134":{"start":{"line":523,"column":0},"end":{"line":526,"column":1}},"135":{"start":{"line":552,"column":4},"end":{"line":552,"column":61}},"136":{"start":{"line":550,"column":0},"end":{"line":553,"column":1}},"137":{"start":{"line":580,"column":4},"end":{"line":580,"column":59}},"138":{"start":{"line":578,"column":0},"end":{"line":581,"column":1}},"139":{"start":{"line":589,"column":4},"end":{"line":594,"column":6}},"140":{"start":{"line":590,"column":54},"end":{"line":590,"column":129}},"141":{"start":{"line":591,"column":8},"end":{"line":593,"column":9}},"142":{"start":{"line":592,"column":12},"end":{"line":592,"column":54}},"143":{"start":{"line":588,"column":0},"end":{"line":595,"column":1}},"144":{"start":{"line":623,"column":4},"end":{"line":636,"column":6}},"145":{"start":{"line":623,"column":21},"end":{"line":623,"column":39}},"146":{"start":{"line":623,"column":21},"end":{"line":623,"column":40}},"147":{"start":{"line":624,"column":8},"end":{"line":624,"column":39}},"148":{"start":{"line":625,"column":8},"end":{"line":633,"column":9}},"149":{"start":{"line":626,"column":12},"end":{"line":626,"column":46}},"150":{"start":{"line":627,"column":28},"end":{"line":627,"column":72}},"151":{"start":{"line":628,"column":12},"end":{"line":632,"column":13}},"152":{"start":{"line":629,"column":16},"end":{"line":629,"column":69}},"153":{"start":{"line":630,"column":19},"end":{"line":632,"column":13}},"154":{"start":{"line":631,"column":16},"end":{"line":631,"column":70}},"155":{"start":{"line":635,"column":8},"end":{"line":635,"column":69}},"156":{"start":{"line":622,"column":0},"end":{"line":637,"column":1}},"157":{"start":{"line":662,"column":4},"end":{"line":674,"column":6}},"158":{"start":{"line":662,"column":21},"end":{"line":662,"column":39}},"159":{"start":{"line":662,"column":21},"end":{"line":662,"column":40}},"160":{"start":{"line":663,"column":8},"end":{"line":663,"column":39}},"161":{"start":{"line":664,"column":8},"end":{"line":672,"column":9}},"162":{"start":{"line":665,"column":12},"end":{"line":665,"column":46}},"163":{"start":{"line":666,"column":28},"end":{"line":666,"column":72}},"164":{"start":{"line":667,"column":12},"end":{"line":671,"column":13}},"165":{"start":{"line":668,"column":16},"end":{"line":668,"column":69}},"166":{"start":{"line":669,"column":19},"end":{"line":671,"column":13}},"167":{"start":{"line":670,"column":16},"end":{"line":670,"column":70}},"168":{"start":{"line":673,"column":8},"end":{"line":673,"column":69}},"169":{"start":{"line":661,"column":0},"end":{"line":675,"column":1}},"170":{"start":{"line":700,"column":4},"end":{"line":712,"column":6}},"171":{"start":{"line":700,"column":21},"end":{"line":700,"column":39}},"172":{"start":{"line":700,"column":21},"end":{"line":700,"column":40}},"173":{"start":{"line":701,"column":8},"end":{"line":701,"column":39}},"174":{"start":{"line":702,"column":8},"end":{"line":710,"column":9}},"175":{"start":{"line":703,"column":12},"end":{"line":703,"column":46}},"176":{"start":{"line":704,"column":28},"end":{"line":704,"column":73}},"177":{"start":{"line":705,"column":12},"end":{"line":709,"column":13}},"178":{"start":{"line":706,"column":16},"end":{"line":706,"column":69}},"179":{"start":{"line":707,"column":19},"end":{"line":709,"column":13}},"180":{"start":{"line":708,"column":16},"end":{"line":708,"column":70}},"181":{"start":{"line":711,"column":8},"end":{"line":711,"column":70}},"182":{"start":{"line":699,"column":0},"end":{"line":713,"column":1}},"183":{"start":{"line":740,"column":4},"end":{"line":752,"column":6}},"184":{"start":{"line":740,"column":21},"end":{"line":740,"column":39}},"185":{"start":{"line":740,"column":21},"end":{"line":740,"column":40}},"186":{"start":{"line":741,"column":8},"end":{"line":741,"column":39}},"187":{"start":{"line":742,"column":8},"end":{"line":750,"column":9}},"188":{"start":{"line":743,"column":12},"end":{"line":743,"column":46}},"189":{"start":{"line":744,"column":28},"end":{"line":744,"column":73}},"190":{"start":{"line":745,"column":12},"end":{"line":749,"column":13}},"191":{"start":{"line":746,"column":16},"end":{"line":746,"column":69}},"192":{"start":{"line":747,"column":19},"end":{"line":749,"column":13}},"193":{"start":{"line":748,"column":16},"end":{"line":748,"column":70}},"194":{"start":{"line":751,"column":8},"end":{"line":751,"column":70}},"195":{"start":{"line":739,"column":0},"end":{"line":753,"column":1}},"196":{"start":{"line":775,"column":4},"end":{"line":787,"column":6}},"197":{"start":{"line":775,"column":21},"end":{"line":775,"column":39}},"198":{"start":{"line":775,"column":21},"end":{"line":775,"column":40}},"199":{"start":{"line":776,"column":8},"end":{"line":776,"column":39}},"200":{"start":{"line":777,"column":8},"end":{"line":785,"column":9}},"201":{"start":{"line":778,"column":12},"end":{"line":778,"column":46}},"202":{"start":{"line":779,"column":28},"end":{"line":779,"column":74}},"203":{"start":{"line":780,"column":12},"end":{"line":784,"column":13}},"204":{"start":{"line":781,"column":16},"end":{"line":781,"column":69}},"205":{"start":{"line":782,"column":19},"end":{"line":784,"column":13}},"206":{"start":{"line":783,"column":16},"end":{"line":783,"column":70}},"207":{"start":{"line":786,"column":8},"end":{"line":786,"column":71}},"208":{"start":{"line":774,"column":0},"end":{"line":788,"column":1}},"209":{"start":{"line":810,"column":4},"end":{"line":822,"column":6}},"210":{"start":{"line":810,"column":21},"end":{"line":810,"column":39}},"211":{"start":{"line":810,"column":21},"end":{"line":810,"column":40}},"212":{"start":{"line":811,"column":8},"end":{"line":811,"column":39}},"213":{"start":{"line":812,"column":8},"end":{"line":820,"column":9}},"214":{"start":{"line":813,"column":12},"end":{"line":813,"column":46}},"215":{"start":{"line":814,"column":28},"end":{"line":814,"column":74}},"216":{"start":{"line":815,"column":12},"end":{"line":819,"column":13}},"217":{"start":{"line":816,"column":16},"end":{"line":816,"column":69}},"218":{"start":{"line":817,"column":19},"end":{"line":819,"column":13}},"219":{"start":{"line":818,"column":16},"end":{"line":818,"column":70}},"220":{"start":{"line":821,"column":8},"end":{"line":821,"column":71}},"221":{"start":{"line":809,"column":0},"end":{"line":823,"column":1}},"222":{"start":{"line":846,"column":4},"end":{"line":858,"column":6}},"223":{"start":{"line":846,"column":21},"end":{"line":846,"column":39}},"224":{"start":{"line":846,"column":21},"end":{"line":846,"column":40}},"225":{"start":{"line":847,"column":8},"end":{"line":847,"column":39}},"226":{"start":{"line":848,"column":8},"end":{"line":856,"column":9}},"227":{"start":{"line":849,"column":12},"end":{"line":849,"column":46}},"228":{"start":{"line":850,"column":28},"end":{"line":850,"column":72}},"229":{"start":{"line":851,"column":12},"end":{"line":855,"column":13}},"230":{"start":{"line":852,"column":16},"end":{"line":852,"column":69}},"231":{"start":{"line":853,"column":19},"end":{"line":855,"column":13}},"232":{"start":{"line":854,"column":16},"end":{"line":854,"column":70}},"233":{"start":{"line":857,"column":8},"end":{"line":857,"column":69}},"234":{"start":{"line":845,"column":0},"end":{"line":859,"column":1}},"235":{"start":{"line":883,"column":4},"end":{"line":895,"column":6}},"236":{"start":{"line":883,"column":21},"end":{"line":883,"column":39}},"237":{"start":{"line":883,"column":21},"end":{"line":883,"column":40}},"238":{"start":{"line":884,"column":8},"end":{"line":884,"column":39}},"239":{"start":{"line":885,"column":8},"end":{"line":893,"column":9}},"240":{"start":{"line":886,"column":12},"end":{"line":886,"column":46}},"241":{"start":{"line":887,"column":28},"end":{"line":887,"column":73}},"242":{"start":{"line":888,"column":12},"end":{"line":892,"column":13}},"243":{"start":{"line":889,"column":16},"end":{"line":889,"column":69}},"244":{"start":{"line":890,"column":19},"end":{"line":892,"column":13}},"245":{"start":{"line":891,"column":16},"end":{"line":891,"column":70}},"246":{"start":{"line":894,"column":8},"end":{"line":894,"column":65}},"247":{"start":{"line":882,"column":0},"end":{"line":896,"column":1}},"248":{"start":{"line":917,"column":25},"end":{"line":917,"column":43}},"249":{"start":{"line":917,"column":25},"end":{"line":917,"column":44}},"250":{"start":{"line":918,"column":4},"end":{"line":918,"column":38}},"251":{"start":{"line":919,"column":4},"end":{"line":925,"column":5}},"252":{"start":{"line":920,"column":49},"end":{"line":920,"column":99}},"253":{"start":{"line":921,"column":8},"end":{"line":921,"column":36}},"254":{"start":{"line":924,"column":8},"end":{"line":924,"column":68}},"255":{"start":{"line":917,"column":0},"end":{"line":926,"column":1}},"256":{"start":{"line":932,"column":45},"end":{"line":932,"column":94}},"257":{"start":{"line":933,"column":4},"end":{"line":933,"column":66}},"258":{"start":{"line":941,"column":50},"end":{"line":941,"column":125}},"259":{"start":{"line":942,"column":4},"end":{"line":944,"column":5}},"260":{"start":{"line":943,"column":8},"end":{"line":943,"column":78}},"261":{"start":{"line":951,"column":45},"end":{"line":951,"column":94}},"262":{"start":{"line":952,"column":4},"end":{"line":952,"column":60}},"263":{"start":{"line":960,"column":50},"end":{"line":960,"column":125}},"264":{"start":{"line":961,"column":4},"end":{"line":963,"column":5}},"265":{"start":{"line":962,"column":8},"end":{"line":962,"column":72}},"266":{"start":{"line":970,"column":45},"end":{"line":970,"column":94}},"267":{"start":{"line":971,"column":4},"end":{"line":973,"column":5}},"268":{"start":{"line":972,"column":8},"end":{"line":972,"column":30}},"269":{"start":{"line":981,"column":50},"end":{"line":981,"column":125}},"270":{"start":{"line":982,"column":4},"end":{"line":984,"column":5}},"271":{"start":{"line":983,"column":8},"end":{"line":983,"column":34}},"272":{"start":{"line":991,"column":45},"end":{"line":991,"column":94}},"273":{"start":{"line":992,"column":4},"end":{"line":994,"column":5}},"274":{"start":{"line":993,"column":8},"end":{"line":993,"column":32}},"275":{"start":{"line":1002,"column":50},"end":{"line":1002,"column":125}},"276":{"start":{"line":1003,"column":4},"end":{"line":1005,"column":5}},"277":{"start":{"line":1004,"column":8},"end":{"line":1004,"column":36}},"278":{"start":{"line":1012,"column":45},"end":{"line":1012,"column":94}},"279":{"start":{"line":1013,"column":4},"end":{"line":1018,"column":5}},"280":{"start":{"line":1014,"column":8},"end":{"line":1016,"column":9}},"281":{"start":{"line":1015,"column":12},"end":{"line":1015,"column":41}},"282":{"start":{"line":1017,"column":8},"end":{"line":1017,"column":54}},"283":{"start":{"line":1026,"column":50},"end":{"line":1026,"column":125}},"284":{"start":{"line":1027,"column":4},"end":{"line":1032,"column":5}},"285":{"start":{"line":1028,"column":8},"end":{"line":1030,"column":9}},"286":{"start":{"line":1029,"column":12},"end":{"line":1029,"column":45}},"287":{"start":{"line":1031,"column":8},"end":{"line":1031,"column":58}},"288":{"start":{"line":1040,"column":50},"end":{"line":1040,"column":125}},"289":{"start":{"line":1041,"column":4},"end":{"line":1049,"column":5}},"290":{"start":{"line":1042,"column":27},"end":{"line":1042,"column":91}},"291":{"start":{"line":1044,"column":8},"end":{"line":1047,"column":9}},"292":{"start":{"line":1045,"column":12},"end":{"line":1046,"column":87}},"293":{"start":{"line":1048,"column":8},"end":{"line":1048,"column":121}},"294":{"start":{"line":1056,"column":45},"end":{"line":1056,"column":106}},"295":{"start":{"line":1057,"column":25},"end":{"line":1057,"column":72}},"296":{"start":{"line":1058,"column":4},"end":{"line":1058,"column":67}},"297":{"start":{"line":1066,"column":50},"end":{"line":1066,"column":125}},"298":{"start":{"line":1067,"column":4},"end":{"line":1076,"column":5}},"299":{"start":{"line":1068,"column":8},"end":{"line":1075,"column":9}},"300":{"start":{"line":1069,"column":12},"end":{"line":1069,"column":50}},"301":{"start":{"line":1070,"column":12},"end":{"line":1070,"column":69}},"302":{"start":{"line":1071,"column":15},"end":{"line":1075,"column":9}},"303":{"start":{"line":1072,"column":12},"end":{"line":1074,"column":65}},"304":{"start":{"line":1083,"column":4},"end":{"line":1083,"column":37}},"305":{"start":{"line":1084,"column":23},"end":{"line":1084,"column":87}},"306":{"start":{"line":1085,"column":4},"end":{"line":1088,"column":5}},"307":{"start":{"line":1086,"column":8},"end":{"line":1087,"column":83}},"308":{"start":{"line":1090,"column":4},"end":{"line":1113,"column":7}},"309":{"start":{"line":1091,"column":8},"end":{"line":1112,"column":9}},"310":{"start":{"line":1092,"column":12},"end":{"line":1092,"column":50}},"311":{"start":{"line":1093,"column":15},"end":{"line":1112,"column":9}},"312":{"start":{"line":1094,"column":12},"end":{"line":1094,"column":79}},"313":{"start":{"line":1095,"column":15},"end":{"line":1112,"column":9}},"314":{"start":{"line":1096,"column":12},"end":{"line":1096,"column":80}},"315":{"start":{"line":1097,"column":15},"end":{"line":1112,"column":9}},"316":{"start":{"line":1098,"column":12},"end":{"line":1098,"column":55}},"317":{"start":{"line":1099,"column":15},"end":{"line":1112,"column":9}},"318":{"start":{"line":1100,"column":12},"end":{"line":1102,"column":13}},"319":{"start":{"line":1101,"column":16},"end":{"line":1101,"column":101}},"320":{"start":{"line":1103,"column":12},"end":{"line":1103,"column":48}},"321":{"start":{"line":1104,"column":15},"end":{"line":1112,"column":9}},"322":{"start":{"line":1105,"column":12},"end":{"line":1107,"column":13}},"323":{"start":{"line":1106,"column":16},"end":{"line":1106,"column":101}},"324":{"start":{"line":1108,"column":12},"end":{"line":1110,"column":13}},"325":{"start":{"line":1109,"column":16},"end":{"line":1109,"column":92}},"326":{"start":{"line":1111,"column":12},"end":{"line":1111,"column":47}}},"fnMap":{"0":{"name":"Path","decl":{"start":{"line":39,"column":16},"end":{"line":39,"column":20}},"loc":{"start":{"line":39,"column":33},"end":{"line":50,"column":1}}},"1":{"name":"(anonymous_1)","decl":{"start":{"line":40,"column":11},"end":{"line":null,"column":-1}},"loc":{"start":{"line":40,"column":11},"end":{"line":49,"column":5}}},"2":{"name":"Security","decl":{"start":{"line":85,"column":16},"end":{"line":85,"column":24}},"loc":{"start":{"line":85,"column":55},"end":{"line":97,"column":1}}},"3":{"name":"(anonymous_3)","decl":{"start":{"line":86,"column":11},"end":{"line":null,"column":-1}},"loc":{"start":{"line":86,"column":11},"end":{"line":96,"column":5}}},"4":{"name":"Preprocessor","decl":{"start":{"line":125,"column":16},"end":{"line":125,"column":28}},"loc":{"start":{"line":125,"column":62},"end":{"line":138,"column":1}}},"5":{"name":"(anonymous_5)","decl":{"start":{"line":126,"column":11},"end":{"line":null,"column":-1}},"loc":{"start":{"line":126,"column":11},"end":{"line":137,"column":5}}},"6":{"name":"AcceptLanguage","decl":{"start":{"line":160,"column":16},"end":{"line":160,"column":30}},"loc":{"start":{"line":160,"column":30},"end":{"line":174,"column":1}}},"7":{"name":"(anonymous_7)","decl":{"start":{"line":161,"column":11},"end":{"line":null,"column":-1}},"loc":{"start":{"line":161,"column":11},"end":{"line":173,"column":5}}},"8":{"name":"Accept","decl":{"start":{"line":196,"column":16},"end":{"line":196,"column":22}},"loc":{"start":{"line":196,"column":22},"end":{"line":209,"column":1}}},"9":{"name":"(anonymous_9)","decl":{"start":{"line":197,"column":11},"end":{"line":null,"column":-1}},"loc":{"start":{"line":197,"column":11},"end":{"line":208,"column":5}}},"10":{"name":"Context","decl":{"start":{"line":230,"column":16},"end":{"line":230,"column":23}},"loc":{"start":{"line":230,"column":23},"end":{"line":240,"column":1}}},"11":{"name":"ContextRequest","decl":{"start":{"line":261,"column":16},"end":{"line":261,"column":30}},"loc":{"start":{"line":261,"column":30},"end":{"line":271,"column":1}}},"12":{"name":"ContextResponse","decl":{"start":{"line":292,"column":16},"end":{"line":292,"column":31}},"loc":{"start":{"line":292,"column":31},"end":{"line":302,"column":1}}},"13":{"name":"ContextNext","decl":{"start":{"line":323,"column":16},"end":{"line":323,"column":27}},"loc":{"start":{"line":323,"column":27},"end":{"line":333,"column":1}}},"14":{"name":"ContextLanguage","decl":{"start":{"line":351,"column":16},"end":{"line":351,"column":31}},"loc":{"start":{"line":351,"column":31},"end":{"line":361,"column":1}}},"15":{"name":"ContextAccept","decl":{"start":{"line":379,"column":16},"end":{"line":379,"column":29}},"loc":{"start":{"line":379,"column":29},"end":{"line":389,"column":1}}},"16":{"name":"GET","decl":{"start":{"line":413,"column":16},"end":{"line":413,"column":19}},"loc":{"start":{"line":414,"column":34},"end":{"line":416,"column":1}}},"17":{"name":"POST","decl":{"start":{"line":440,"column":16},"end":{"line":440,"column":20}},"loc":{"start":{"line":441,"column":34},"end":{"line":443,"column":1}}},"18":{"name":"PUT","decl":{"start":{"line":468,"column":16},"end":{"line":468,"column":19}},"loc":{"start":{"line":469,"column":34},"end":{"line":471,"column":1}}},"19":{"name":"DELETE","decl":{"start":{"line":496,"column":16},"end":{"line":496,"column":22}},"loc":{"start":{"line":497,"column":34},"end":{"line":499,"column":1}}},"20":{"name":"HEAD","decl":{"start":{"line":523,"column":16},"end":{"line":523,"column":20}},"loc":{"start":{"line":524,"column":34},"end":{"line":526,"column":1}}},"21":{"name":"OPTIONS","decl":{"start":{"line":550,"column":16},"end":{"line":550,"column":23}},"loc":{"start":{"line":551,"column":34},"end":{"line":553,"column":1}}},"22":{"name":"PATCH","decl":{"start":{"line":578,"column":16},"end":{"line":578,"column":21}},"loc":{"start":{"line":579,"column":34},"end":{"line":581,"column":1}}},"23":{"name":"BodyOptions","decl":{"start":{"line":588,"column":16},"end":{"line":588,"column":27}},"loc":{"start":{"line":588,"column":40},"end":{"line":595,"column":1}}},"24":{"name":"(anonymous_24)","decl":{"start":{"line":589,"column":11},"end":{"line":589,"column":20}},"loc":{"start":{"line":589,"column":85},"end":{"line":594,"column":5}}},"25":{"name":"PathParam","decl":{"start":{"line":622,"column":16},"end":{"line":622,"column":25}},"loc":{"start":{"line":622,"column":38},"end":{"line":637,"column":1}}},"26":{"name":"(anonymous_26)","decl":{"start":{"line":623,"column":11},"end":{"line":null,"column":-1}},"loc":{"start":{"line":623,"column":11},"end":{"line":636,"column":5}}},"27":{"name":"FileParam","decl":{"start":{"line":661,"column":16},"end":{"line":661,"column":25}},"loc":{"start":{"line":661,"column":38},"end":{"line":675,"column":1}}},"28":{"name":"(anonymous_28)","decl":{"start":{"line":662,"column":11},"end":{"line":null,"column":-1}},"loc":{"start":{"line":662,"column":11},"end":{"line":674,"column":5}}},"29":{"name":"FilesParam","decl":{"start":{"line":699,"column":16},"end":{"line":699,"column":26}},"loc":{"start":{"line":699,"column":39},"end":{"line":713,"column":1}}},"30":{"name":"(anonymous_30)","decl":{"start":{"line":700,"column":11},"end":{"line":null,"column":-1}},"loc":{"start":{"line":700,"column":11},"end":{"line":712,"column":5}}},"31":{"name":"QueryParam","decl":{"start":{"line":739,"column":16},"end":{"line":739,"column":26}},"loc":{"start":{"line":739,"column":39},"end":{"line":753,"column":1}}},"32":{"name":"(anonymous_32)","decl":{"start":{"line":740,"column":11},"end":{"line":null,"column":-1}},"loc":{"start":{"line":740,"column":11},"end":{"line":752,"column":5}}},"33":{"name":"HeaderParam","decl":{"start":{"line":774,"column":16},"end":{"line":774,"column":27}},"loc":{"start":{"line":774,"column":40},"end":{"line":788,"column":1}}},"34":{"name":"(anonymous_34)","decl":{"start":{"line":775,"column":11},"end":{"line":null,"column":-1}},"loc":{"start":{"line":775,"column":11},"end":{"line":787,"column":5}}},"35":{"name":"CookieParam","decl":{"start":{"line":809,"column":16},"end":{"line":809,"column":27}},"loc":{"start":{"line":809,"column":40},"end":{"line":823,"column":1}}},"36":{"name":"(anonymous_36)","decl":{"start":{"line":810,"column":11},"end":{"line":null,"column":-1}},"loc":{"start":{"line":810,"column":11},"end":{"line":822,"column":5}}},"37":{"name":"FormParam","decl":{"start":{"line":845,"column":16},"end":{"line":845,"column":25}},"loc":{"start":{"line":845,"column":38},"end":{"line":859,"column":1}}},"38":{"name":"(anonymous_38)","decl":{"start":{"line":846,"column":11},"end":{"line":null,"column":-1}},"loc":{"start":{"line":846,"column":11},"end":{"line":858,"column":5}}},"39":{"name":"Param","decl":{"start":{"line":882,"column":16},"end":{"line":882,"column":21}},"loc":{"start":{"line":882,"column":34},"end":{"line":896,"column":1}}},"40":{"name":"(anonymous_40)","decl":{"start":{"line":883,"column":11},"end":{"line":null,"column":-1}},"loc":{"start":{"line":883,"column":11},"end":{"line":895,"column":5}}},"41":{"name":"Abstract","decl":{"start":{"line":917,"column":16},"end":{"line":917,"column":24}},"loc":{"start":{"line":917,"column":24},"end":{"line":926,"column":1}}},"42":{"name":"AcceptLanguageTypeDecorator","decl":{"start":{"line":931,"column":9},"end":{"line":931,"column":36}},"loc":{"start":{"line":931,"column":79},"end":{"line":934,"column":1}}},"43":{"name":"AcceptLanguageMethodDecorator","decl":{"start":{"line":939,"column":9},"end":{"line":939,"column":38}},"loc":{"start":{"line":940,"column":60},"end":{"line":945,"column":1}}},"44":{"name":"AcceptTypeDecorator","decl":{"start":{"line":950,"column":9},"end":{"line":950,"column":28}},"loc":{"start":{"line":950,"column":69},"end":{"line":953,"column":1}}},"45":{"name":"AcceptMethodDecorator","decl":{"start":{"line":958,"column":9},"end":{"line":958,"column":30}},"loc":{"start":{"line":959,"column":58},"end":{"line":964,"column":1}}},"46":{"name":"PathTypeDecorator","decl":{"start":{"line":969,"column":9},"end":{"line":969,"column":26}},"loc":{"start":{"line":969,"column":57},"end":{"line":974,"column":1}}},"47":{"name":"PathMethodDecorator","decl":{"start":{"line":979,"column":9},"end":{"line":979,"column":28}},"loc":{"start":{"line":980,"column":48},"end":{"line":985,"column":1}}},"48":{"name":"SecurityTypeDecorator","decl":{"start":{"line":990,"column":9},"end":{"line":990,"column":30}},"loc":{"start":{"line":990,"column":69},"end":{"line":995,"column":1}}},"49":{"name":"SecurityMethodDecorator","decl":{"start":{"line":1000,"column":9},"end":{"line":1000,"column":32}},"loc":{"start":{"line":1001,"column":56},"end":{"line":1006,"column":1}}},"50":{"name":"PreprocessorTypeDecorator","decl":{"start":{"line":1011,"column":9},"end":{"line":1011,"column":34}},"loc":{"start":{"line":1011,"column":96},"end":{"line":1019,"column":1}}},"51":{"name":"PreprocessorMethodDecorator","decl":{"start":{"line":1024,"column":9},"end":{"line":1024,"column":36}},"loc":{"start":{"line":1025,"column":79},"end":{"line":1033,"column":1}}},"52":{"name":"processDecoratedParameter","decl":{"start":{"line":1038,"column":9},"end":{"line":1038,"column":34}},"loc":{"start":{"line":1039,"column":47},"end":{"line":1050,"column":1}}},"53":{"name":"processDecoratedProperty","decl":{"start":{"line":1055,"column":9},"end":{"line":1055,"column":33}},"loc":{"start":{"line":1055,"column":113},"end":{"line":1059,"column":1}}},"54":{"name":"processHttpVerb","decl":{"start":{"line":1064,"column":9},"end":{"line":1064,"column":24}},"loc":{"start":{"line":1065,"column":26},"end":{"line":1077,"column":1}}},"55":{"name":"processServiceMethod","decl":{"start":{"line":1082,"column":9},"end":{"line":1082,"column":29}},"loc":{"start":{"line":1082,"column":101},"end":{"line":1114,"column":1}}},"56":{"name":"(anonymous_56)","decl":{"start":{"line":1090,"column":37},"end":{"line":1090,"column":36}},"loc":{"start":{"line":1090,"column":42},"end":{"line":1113,"column":5}}}},"branchMap":{"0":{"loc":{"start":{"line":42,"column":8},"end":{"line":46,"column":9}},"type":"if","locations":[{"start":{"line":42,"column":8},"end":{"line":46,"column":9}},{"start":{"line":42,"column":8},"end":{"line":46,"column":9}}]},"1":{"loc":{"start":{"line":44,"column":15},"end":{"line":46,"column":9}},"type":"if","locations":[{"start":{"line":44,"column":15},"end":{"line":46,"column":9}},{"start":{"line":44,"column":15},"end":{"line":46,"column":9}}]},"2":{"loc":{"start":{"line":44,"column":19},"end":{"line":44,"column":36}},"type":"binary-expr","locations":[{"start":{"line":44,"column":19},"end":{"line":44,"column":36}},{"start":{"line":44,"column":40},"end":{"line":44,"column":67}}]},"3":{"loc":{"start":{"line":87,"column":28},"end":{"line":87,"column":33}},"type":"binary-expr","locations":[{"start":{"line":87,"column":28},"end":{"line":87,"column":33}},{"start":{"line":87,"column":37},"end":{"line":87,"column":40}}]},"4":{"loc":{"start":{"line":89,"column":8},"end":{"line":93,"column":9}},"type":"if","locations":[{"start":{"line":89,"column":8},"end":{"line":93,"column":9}},{"start":{"line":89,"column":8},"end":{"line":93,"column":9}}]},"5":{"loc":{"start":{"line":91,"column":15},"end":{"line":93,"column":9}},"type":"if","locations":[{"start":{"line":91,"column":15},"end":{"line":93,"column":9}},{"start":{"line":91,"column":15},"end":{"line":93,"column":9}}]},"6":{"loc":{"start":{"line":91,"column":19},"end":{"line":91,"column":36}},"type":"binary-expr","locations":[{"start":{"line":91,"column":19},"end":{"line":91,"column":36}},{"start":{"line":91,"column":40},"end":{"line":91,"column":67}}]},"7":{"loc":{"start":{"line":128,"column":8},"end":{"line":134,"column":9}},"type":"if","locations":[{"start":{"line":128,"column":8},"end":{"line":134,"column":9}},{"start":{"line":128,"column":8},"end":{"line":134,"column":9}}]},"8":{"loc":{"start":{"line":129,"column":12},"end":{"line":133,"column":13}},"type":"if","locations":[{"start":{"line":129,"column":12},"end":{"line":133,"column":13}},{"start":{"line":129,"column":12},"end":{"line":133,"column":13}}]},"9":{"loc":{"start":{"line":131,"column":19},"end":{"line":133,"column":13}},"type":"if","locations":[{"start":{"line":131,"column":19},"end":{"line":133,"column":13}},{"start":{"line":131,"column":19},"end":{"line":133,"column":13}}]},"10":{"loc":{"start":{"line":131,"column":23},"end":{"line":131,"column":40}},"type":"binary-expr","locations":[{"start":{"line":131,"column":23},"end":{"line":131,"column":40}},{"start":{"line":131,"column":44},"end":{"line":131,"column":71}}]},"11":{"loc":{"start":{"line":163,"column":8},"end":{"line":170,"column":9}},"type":"if","locations":[{"start":{"line":163,"column":8},"end":{"line":170,"column":9}},{"start":{"line":163,"column":8},"end":{"line":170,"column":9}}]},"12":{"loc":{"start":{"line":165,"column":12},"end":{"line":169,"column":13}},"type":"if","locations":[{"start":{"line":165,"column":12},"end":{"line":169,"column":13}},{"start":{"line":165,"column":12},"end":{"line":169,"column":13}}]},"13":{"loc":{"start":{"line":167,"column":19},"end":{"line":169,"column":13}},"type":"if","locations":[{"start":{"line":167,"column":19},"end":{"line":169,"column":13}},{"start":{"line":167,"column":19},"end":{"line":169,"column":13}}]},"14":{"loc":{"start":{"line":167,"column":23},"end":{"line":167,"column":40}},"type":"binary-expr","locations":[{"start":{"line":167,"column":23},"end":{"line":167,"column":40}},{"start":{"line":167,"column":44},"end":{"line":167,"column":71}}]},"15":{"loc":{"start":{"line":199,"column":8},"end":{"line":206,"column":9}},"type":"if","locations":[{"start":{"line":199,"column":8},"end":{"line":206,"column":9}},{"start":{"line":199,"column":8},"end":{"line":206,"column":9}}]},"16":{"loc":{"start":{"line":201,"column":12},"end":{"line":205,"column":13}},"type":"if","locations":[{"start":{"line":201,"column":12},"end":{"line":205,"column":13}},{"start":{"line":201,"column":12},"end":{"line":205,"column":13}}]},"17":{"loc":{"start":{"line":203,"column":19},"end":{"line":205,"column":13}},"type":"if","locations":[{"start":{"line":203,"column":19},"end":{"line":205,"column":13}},{"start":{"line":203,"column":19},"end":{"line":205,"column":13}}]},"18":{"loc":{"start":{"line":203,"column":23},"end":{"line":203,"column":40}},"type":"binary-expr","locations":[{"start":{"line":203,"column":23},"end":{"line":203,"column":40}},{"start":{"line":203,"column":44},"end":{"line":203,"column":71}}]},"19":{"loc":{"start":{"line":233,"column":4},"end":{"line":237,"column":5}},"type":"if","locations":[{"start":{"line":233,"column":4},"end":{"line":237,"column":5}},{"start":{"line":233,"column":4},"end":{"line":237,"column":5}}]},"20":{"loc":{"start":{"line":233,"column":8},"end":{"line":233,"column":23}},"type":"binary-expr","locations":[{"start":{"line":233,"column":8},"end":{"line":233,"column":23}},{"start":{"line":233,"column":27},"end":{"line":233,"column":57}}]},"21":{"loc":{"start":{"line":235,"column":11},"end":{"line":237,"column":5}},"type":"if","locations":[{"start":{"line":235,"column":11},"end":{"line":237,"column":5}},{"start":{"line":235,"column":11},"end":{"line":237,"column":5}}]},"22":{"loc":{"start":{"line":235,"column":15},"end":{"line":235,"column":32}},"type":"binary-expr","locations":[{"start":{"line":235,"column":15},"end":{"line":235,"column":32}},{"start":{"line":235,"column":36},"end":{"line":235,"column":63}}]},"23":{"loc":{"start":{"line":264,"column":4},"end":{"line":268,"column":5}},"type":"if","locations":[{"start":{"line":264,"column":4},"end":{"line":268,"column":5}},{"start":{"line":264,"column":4},"end":{"line":268,"column":5}}]},"24":{"loc":{"start":{"line":264,"column":8},"end":{"line":264,"column":23}},"type":"binary-expr","locations":[{"start":{"line":264,"column":8},"end":{"line":264,"column":23}},{"start":{"line":264,"column":27},"end":{"line":264,"column":57}}]},"25":{"loc":{"start":{"line":266,"column":11},"end":{"line":268,"column":5}},"type":"if","locations":[{"start":{"line":266,"column":11},"end":{"line":268,"column":5}},{"start":{"line":266,"column":11},"end":{"line":268,"column":5}}]},"26":{"loc":{"start":{"line":266,"column":15},"end":{"line":266,"column":32}},"type":"binary-expr","locations":[{"start":{"line":266,"column":15},"end":{"line":266,"column":32}},{"start":{"line":266,"column":36},"end":{"line":266,"column":63}}]},"27":{"loc":{"start":{"line":295,"column":4},"end":{"line":299,"column":5}},"type":"if","locations":[{"start":{"line":295,"column":4},"end":{"line":299,"column":5}},{"start":{"line":295,"column":4},"end":{"line":299,"column":5}}]},"28":{"loc":{"start":{"line":295,"column":8},"end":{"line":295,"column":23}},"type":"binary-expr","locations":[{"start":{"line":295,"column":8},"end":{"line":295,"column":23}},{"start":{"line":295,"column":27},"end":{"line":295,"column":57}}]},"29":{"loc":{"start":{"line":297,"column":11},"end":{"line":299,"column":5}},"type":"if","locations":[{"start":{"line":297,"column":11},"end":{"line":299,"column":5}},{"start":{"line":297,"column":11},"end":{"line":299,"column":5}}]},"30":{"loc":{"start":{"line":297,"column":15},"end":{"line":297,"column":32}},"type":"binary-expr","locations":[{"start":{"line":297,"column":15},"end":{"line":297,"column":32}},{"start":{"line":297,"column":36},"end":{"line":297,"column":63}}]},"31":{"loc":{"start":{"line":326,"column":4},"end":{"line":330,"column":5}},"type":"if","locations":[{"start":{"line":326,"column":4},"end":{"line":330,"column":5}},{"start":{"line":326,"column":4},"end":{"line":330,"column":5}}]},"32":{"loc":{"start":{"line":326,"column":8},"end":{"line":326,"column":23}},"type":"binary-expr","locations":[{"start":{"line":326,"column":8},"end":{"line":326,"column":23}},{"start":{"line":326,"column":27},"end":{"line":326,"column":57}}]},"33":{"loc":{"start":{"line":328,"column":11},"end":{"line":330,"column":5}},"type":"if","locations":[{"start":{"line":328,"column":11},"end":{"line":330,"column":5}},{"start":{"line":328,"column":11},"end":{"line":330,"column":5}}]},"34":{"loc":{"start":{"line":328,"column":15},"end":{"line":328,"column":32}},"type":"binary-expr","locations":[{"start":{"line":328,"column":15},"end":{"line":328,"column":32}},{"start":{"line":328,"column":36},"end":{"line":328,"column":63}}]},"35":{"loc":{"start":{"line":354,"column":4},"end":{"line":358,"column":5}},"type":"if","locations":[{"start":{"line":354,"column":4},"end":{"line":358,"column":5}},{"start":{"line":354,"column":4},"end":{"line":358,"column":5}}]},"36":{"loc":{"start":{"line":354,"column":8},"end":{"line":354,"column":23}},"type":"binary-expr","locations":[{"start":{"line":354,"column":8},"end":{"line":354,"column":23}},{"start":{"line":354,"column":27},"end":{"line":354,"column":57}}]},"37":{"loc":{"start":{"line":356,"column":11},"end":{"line":358,"column":5}},"type":"if","locations":[{"start":{"line":356,"column":11},"end":{"line":358,"column":5}},{"start":{"line":356,"column":11},"end":{"line":358,"column":5}}]},"38":{"loc":{"start":{"line":356,"column":15},"end":{"line":356,"column":32}},"type":"binary-expr","locations":[{"start":{"line":356,"column":15},"end":{"line":356,"column":32}},{"start":{"line":356,"column":36},"end":{"line":356,"column":63}}]},"39":{"loc":{"start":{"line":382,"column":4},"end":{"line":386,"column":5}},"type":"if","locations":[{"start":{"line":382,"column":4},"end":{"line":386,"column":5}},{"start":{"line":382,"column":4},"end":{"line":386,"column":5}}]},"40":{"loc":{"start":{"line":382,"column":8},"end":{"line":382,"column":23}},"type":"binary-expr","locations":[{"start":{"line":382,"column":8},"end":{"line":382,"column":23}},{"start":{"line":382,"column":27},"end":{"line":382,"column":57}}]},"41":{"loc":{"start":{"line":384,"column":11},"end":{"line":386,"column":5}},"type":"if","locations":[{"start":{"line":384,"column":11},"end":{"line":386,"column":5}},{"start":{"line":384,"column":11},"end":{"line":386,"column":5}}]},"42":{"loc":{"start":{"line":384,"column":15},"end":{"line":384,"column":32}},"type":"binary-expr","locations":[{"start":{"line":384,"column":15},"end":{"line":384,"column":32}},{"start":{"line":384,"column":36},"end":{"line":384,"column":63}}]},"43":{"loc":{"start":{"line":591,"column":8},"end":{"line":593,"column":9}},"type":"if","locations":[{"start":{"line":591,"column":8},"end":{"line":593,"column":9}},{"start":{"line":591,"column":8},"end":{"line":593,"column":9}}]},"44":{"loc":{"start":{"line":624,"column":22},"end":{"line":624,"column":33}},"type":"cond-expr","locations":[{"start":{"line":624,"column":22},"end":{"line":624,"column":33}},{"start":{"line":624,"column":36},"end":{"line":624,"column":38}}]},"45":{"loc":{"start":{"line":625,"column":8},"end":{"line":633,"column":9}},"type":"if","locations":[{"start":{"line":625,"column":8},"end":{"line":633,"column":9}},{"start":{"line":625,"column":8},"end":{"line":633,"column":9}}]},"46":{"loc":{"start":{"line":628,"column":12},"end":{"line":632,"column":13}},"type":"if","locations":[{"start":{"line":628,"column":12},"end":{"line":632,"column":13}},{"start":{"line":628,"column":12},"end":{"line":632,"column":13}}]},"47":{"loc":{"start":{"line":628,"column":16},"end":{"line":628,"column":31}},"type":"binary-expr","locations":[{"start":{"line":628,"column":16},"end":{"line":628,"column":31}},{"start":{"line":628,"column":35},"end":{"line":628,"column":65}}]},"48":{"loc":{"start":{"line":630,"column":19},"end":{"line":632,"column":13}},"type":"if","locations":[{"start":{"line":630,"column":19},"end":{"line":632,"column":13}},{"start":{"line":630,"column":19},"end":{"line":632,"column":13}}]},"49":{"loc":{"start":{"line":630,"column":23},"end":{"line":630,"column":40}},"type":"binary-expr","locations":[{"start":{"line":630,"column":23},"end":{"line":630,"column":40}},{"start":{"line":630,"column":44},"end":{"line":630,"column":71}}]},"50":{"loc":{"start":{"line":663,"column":22},"end":{"line":663,"column":33}},"type":"cond-expr","locations":[{"start":{"line":663,"column":22},"end":{"line":663,"column":33}},{"start":{"line":663,"column":36},"end":{"line":663,"column":38}}]},"51":{"loc":{"start":{"line":664,"column":8},"end":{"line":672,"column":9}},"type":"if","locations":[{"start":{"line":664,"column":8},"end":{"line":672,"column":9}},{"start":{"line":664,"column":8},"end":{"line":672,"column":9}}]},"52":{"loc":{"start":{"line":667,"column":12},"end":{"line":671,"column":13}},"type":"if","locations":[{"start":{"line":667,"column":12},"end":{"line":671,"column":13}},{"start":{"line":667,"column":12},"end":{"line":671,"column":13}}]},"53":{"loc":{"start":{"line":667,"column":16},"end":{"line":667,"column":31}},"type":"binary-expr","locations":[{"start":{"line":667,"column":16},"end":{"line":667,"column":31}},{"start":{"line":667,"column":35},"end":{"line":667,"column":65}}]},"54":{"loc":{"start":{"line":669,"column":19},"end":{"line":671,"column":13}},"type":"if","locations":[{"start":{"line":669,"column":19},"end":{"line":671,"column":13}},{"start":{"line":669,"column":19},"end":{"line":671,"column":13}}]},"55":{"loc":{"start":{"line":669,"column":23},"end":{"line":669,"column":40}},"type":"binary-expr","locations":[{"start":{"line":669,"column":23},"end":{"line":669,"column":40}},{"start":{"line":669,"column":44},"end":{"line":669,"column":71}}]},"56":{"loc":{"start":{"line":701,"column":22},"end":{"line":701,"column":33}},"type":"cond-expr","locations":[{"start":{"line":701,"column":22},"end":{"line":701,"column":33}},{"start":{"line":701,"column":36},"end":{"line":701,"column":38}}]},"57":{"loc":{"start":{"line":702,"column":8},"end":{"line":710,"column":9}},"type":"if","locations":[{"start":{"line":702,"column":8},"end":{"line":710,"column":9}},{"start":{"line":702,"column":8},"end":{"line":710,"column":9}}]},"58":{"loc":{"start":{"line":705,"column":12},"end":{"line":709,"column":13}},"type":"if","locations":[{"start":{"line":705,"column":12},"end":{"line":709,"column":13}},{"start":{"line":705,"column":12},"end":{"line":709,"column":13}}]},"59":{"loc":{"start":{"line":705,"column":16},"end":{"line":705,"column":31}},"type":"binary-expr","locations":[{"start":{"line":705,"column":16},"end":{"line":705,"column":31}},{"start":{"line":705,"column":35},"end":{"line":705,"column":65}}]},"60":{"loc":{"start":{"line":707,"column":19},"end":{"line":709,"column":13}},"type":"if","locations":[{"start":{"line":707,"column":19},"end":{"line":709,"column":13}},{"start":{"line":707,"column":19},"end":{"line":709,"column":13}}]},"61":{"loc":{"start":{"line":707,"column":23},"end":{"line":707,"column":40}},"type":"binary-expr","locations":[{"start":{"line":707,"column":23},"end":{"line":707,"column":40}},{"start":{"line":707,"column":44},"end":{"line":707,"column":71}}]},"62":{"loc":{"start":{"line":741,"column":22},"end":{"line":741,"column":33}},"type":"cond-expr","locations":[{"start":{"line":741,"column":22},"end":{"line":741,"column":33}},{"start":{"line":741,"column":36},"end":{"line":741,"column":38}}]},"63":{"loc":{"start":{"line":742,"column":8},"end":{"line":750,"column":9}},"type":"if","locations":[{"start":{"line":742,"column":8},"end":{"line":750,"column":9}},{"start":{"line":742,"column":8},"end":{"line":750,"column":9}}]},"64":{"loc":{"start":{"line":745,"column":12},"end":{"line":749,"column":13}},"type":"if","locations":[{"start":{"line":745,"column":12},"end":{"line":749,"column":13}},{"start":{"line":745,"column":12},"end":{"line":749,"column":13}}]},"65":{"loc":{"start":{"line":745,"column":16},"end":{"line":745,"column":31}},"type":"binary-expr","locations":[{"start":{"line":745,"column":16},"end":{"line":745,"column":31}},{"start":{"line":745,"column":35},"end":{"line":745,"column":65}}]},"66":{"loc":{"start":{"line":747,"column":19},"end":{"line":749,"column":13}},"type":"if","locations":[{"start":{"line":747,"column":19},"end":{"line":749,"column":13}},{"start":{"line":747,"column":19},"end":{"line":749,"column":13}}]},"67":{"loc":{"start":{"line":747,"column":23},"end":{"line":747,"column":40}},"type":"binary-expr","locations":[{"start":{"line":747,"column":23},"end":{"line":747,"column":40}},{"start":{"line":747,"column":44},"end":{"line":747,"column":71}}]},"68":{"loc":{"start":{"line":776,"column":22},"end":{"line":776,"column":33}},"type":"cond-expr","locations":[{"start":{"line":776,"column":22},"end":{"line":776,"column":33}},{"start":{"line":776,"column":36},"end":{"line":776,"column":38}}]},"69":{"loc":{"start":{"line":777,"column":8},"end":{"line":785,"column":9}},"type":"if","locations":[{"start":{"line":777,"column":8},"end":{"line":785,"column":9}},{"start":{"line":777,"column":8},"end":{"line":785,"column":9}}]},"70":{"loc":{"start":{"line":780,"column":12},"end":{"line":784,"column":13}},"type":"if","locations":[{"start":{"line":780,"column":12},"end":{"line":784,"column":13}},{"start":{"line":780,"column":12},"end":{"line":784,"column":13}}]},"71":{"loc":{"start":{"line":780,"column":16},"end":{"line":780,"column":31}},"type":"binary-expr","locations":[{"start":{"line":780,"column":16},"end":{"line":780,"column":31}},{"start":{"line":780,"column":35},"end":{"line":780,"column":65}}]},"72":{"loc":{"start":{"line":782,"column":19},"end":{"line":784,"column":13}},"type":"if","locations":[{"start":{"line":782,"column":19},"end":{"line":784,"column":13}},{"start":{"line":782,"column":19},"end":{"line":784,"column":13}}]},"73":{"loc":{"start":{"line":782,"column":23},"end":{"line":782,"column":40}},"type":"binary-expr","locations":[{"start":{"line":782,"column":23},"end":{"line":782,"column":40}},{"start":{"line":782,"column":44},"end":{"line":782,"column":71}}]},"74":{"loc":{"start":{"line":811,"column":22},"end":{"line":811,"column":33}},"type":"cond-expr","locations":[{"start":{"line":811,"column":22},"end":{"line":811,"column":33}},{"start":{"line":811,"column":36},"end":{"line":811,"column":38}}]},"75":{"loc":{"start":{"line":812,"column":8},"end":{"line":820,"column":9}},"type":"if","locations":[{"start":{"line":812,"column":8},"end":{"line":820,"column":9}},{"start":{"line":812,"column":8},"end":{"line":820,"column":9}}]},"76":{"loc":{"start":{"line":815,"column":12},"end":{"line":819,"column":13}},"type":"if","locations":[{"start":{"line":815,"column":12},"end":{"line":819,"column":13}},{"start":{"line":815,"column":12},"end":{"line":819,"column":13}}]},"77":{"loc":{"start":{"line":815,"column":16},"end":{"line":815,"column":31}},"type":"binary-expr","locations":[{"start":{"line":815,"column":16},"end":{"line":815,"column":31}},{"start":{"line":815,"column":35},"end":{"line":815,"column":65}}]},"78":{"loc":{"start":{"line":817,"column":19},"end":{"line":819,"column":13}},"type":"if","locations":[{"start":{"line":817,"column":19},"end":{"line":819,"column":13}},{"start":{"line":817,"column":19},"end":{"line":819,"column":13}}]},"79":{"loc":{"start":{"line":817,"column":23},"end":{"line":817,"column":40}},"type":"binary-expr","locations":[{"start":{"line":817,"column":23},"end":{"line":817,"column":40}},{"start":{"line":817,"column":44},"end":{"line":817,"column":71}}]},"80":{"loc":{"start":{"line":847,"column":22},"end":{"line":847,"column":33}},"type":"cond-expr","locations":[{"start":{"line":847,"column":22},"end":{"line":847,"column":33}},{"start":{"line":847,"column":36},"end":{"line":847,"column":38}}]},"81":{"loc":{"start":{"line":848,"column":8},"end":{"line":856,"column":9}},"type":"if","locations":[{"start":{"line":848,"column":8},"end":{"line":856,"column":9}},{"start":{"line":848,"column":8},"end":{"line":856,"column":9}}]},"82":{"loc":{"start":{"line":851,"column":12},"end":{"line":855,"column":13}},"type":"if","locations":[{"start":{"line":851,"column":12},"end":{"line":855,"column":13}},{"start":{"line":851,"column":12},"end":{"line":855,"column":13}}]},"83":{"loc":{"start":{"line":851,"column":16},"end":{"line":851,"column":31}},"type":"binary-expr","locations":[{"start":{"line":851,"column":16},"end":{"line":851,"column":31}},{"start":{"line":851,"column":35},"end":{"line":851,"column":65}}]},"84":{"loc":{"start":{"line":853,"column":19},"end":{"line":855,"column":13}},"type":"if","locations":[{"start":{"line":853,"column":19},"end":{"line":855,"column":13}},{"start":{"line":853,"column":19},"end":{"line":855,"column":13}}]},"85":{"loc":{"start":{"line":853,"column":23},"end":{"line":853,"column":40}},"type":"binary-expr","locations":[{"start":{"line":853,"column":23},"end":{"line":853,"column":40}},{"start":{"line":853,"column":44},"end":{"line":853,"column":71}}]},"86":{"loc":{"start":{"line":884,"column":22},"end":{"line":884,"column":33}},"type":"cond-expr","locations":[{"start":{"line":884,"column":22},"end":{"line":884,"column":33}},{"start":{"line":884,"column":36},"end":{"line":884,"column":38}}]},"87":{"loc":{"start":{"line":885,"column":8},"end":{"line":893,"column":9}},"type":"if","locations":[{"start":{"line":885,"column":8},"end":{"line":893,"column":9}},{"start":{"line":885,"column":8},"end":{"line":893,"column":9}}]},"88":{"loc":{"start":{"line":888,"column":12},"end":{"line":892,"column":13}},"type":"if","locations":[{"start":{"line":888,"column":12},"end":{"line":892,"column":13}},{"start":{"line":888,"column":12},"end":{"line":892,"column":13}}]},"89":{"loc":{"start":{"line":888,"column":16},"end":{"line":888,"column":31}},"type":"binary-expr","locations":[{"start":{"line":888,"column":16},"end":{"line":888,"column":31}},{"start":{"line":888,"column":35},"end":{"line":888,"column":65}}]},"90":{"loc":{"start":{"line":890,"column":19},"end":{"line":892,"column":13}},"type":"if","locations":[{"start":{"line":890,"column":19},"end":{"line":892,"column":13}},{"start":{"line":890,"column":19},"end":{"line":892,"column":13}}]},"91":{"loc":{"start":{"line":890,"column":23},"end":{"line":890,"column":40}},"type":"binary-expr","locations":[{"start":{"line":890,"column":23},"end":{"line":890,"column":40}},{"start":{"line":890,"column":44},"end":{"line":890,"column":71}}]},"92":{"loc":{"start":{"line":919,"column":4},"end":{"line":925,"column":5}},"type":"if","locations":[{"start":{"line":919,"column":4},"end":{"line":925,"column":5}},{"start":{"line":919,"column":4},"end":{"line":925,"column":5}}]},"93":{"loc":{"start":{"line":942,"column":4},"end":{"line":944,"column":5}},"type":"if","locations":[{"start":{"line":942,"column":4},"end":{"line":944,"column":5}},{"start":{"line":942,"column":4},"end":{"line":944,"column":5}}]},"94":{"loc":{"start":{"line":961,"column":4},"end":{"line":963,"column":5}},"type":"if","locations":[{"start":{"line":961,"column":4},"end":{"line":963,"column":5}},{"start":{"line":961,"column":4},"end":{"line":963,"column":5}}]},"95":{"loc":{"start":{"line":971,"column":4},"end":{"line":973,"column":5}},"type":"if","locations":[{"start":{"line":971,"column":4},"end":{"line":973,"column":5}},{"start":{"line":971,"column":4},"end":{"line":973,"column":5}}]},"96":{"loc":{"start":{"line":982,"column":4},"end":{"line":984,"column":5}},"type":"if","locations":[{"start":{"line":982,"column":4},"end":{"line":984,"column":5}},{"start":{"line":982,"column":4},"end":{"line":984,"column":5}}]},"97":{"loc":{"start":{"line":992,"column":4},"end":{"line":994,"column":5}},"type":"if","locations":[{"start":{"line":992,"column":4},"end":{"line":994,"column":5}},{"start":{"line":992,"column":4},"end":{"line":994,"column":5}}]},"98":{"loc":{"start":{"line":1003,"column":4},"end":{"line":1005,"column":5}},"type":"if","locations":[{"start":{"line":1003,"column":4},"end":{"line":1005,"column":5}},{"start":{"line":1003,"column":4},"end":{"line":1005,"column":5}}]},"99":{"loc":{"start":{"line":1013,"column":4},"end":{"line":1018,"column":5}},"type":"if","locations":[{"start":{"line":1013,"column":4},"end":{"line":1018,"column":5}},{"start":{"line":1013,"column":4},"end":{"line":1018,"column":5}}]},"100":{"loc":{"start":{"line":1014,"column":8},"end":{"line":1016,"column":9}},"type":"if","locations":[{"start":{"line":1014,"column":8},"end":{"line":1016,"column":9}},{"start":{"line":1014,"column":8},"end":{"line":1016,"column":9}}]},"101":{"loc":{"start":{"line":1027,"column":4},"end":{"line":1032,"column":5}},"type":"if","locations":[{"start":{"line":1027,"column":4},"end":{"line":1032,"column":5}},{"start":{"line":1027,"column":4},"end":{"line":1032,"column":5}}]},"102":{"loc":{"start":{"line":1028,"column":8},"end":{"line":1030,"column":9}},"type":"if","locations":[{"start":{"line":1028,"column":8},"end":{"line":1030,"column":9}},{"start":{"line":1028,"column":8},"end":{"line":1030,"column":9}}]},"103":{"loc":{"start":{"line":1041,"column":4},"end":{"line":1049,"column":5}},"type":"if","locations":[{"start":{"line":1041,"column":4},"end":{"line":1049,"column":5}},{"start":{"line":1041,"column":4},"end":{"line":1049,"column":5}}]},"104":{"loc":{"start":{"line":1044,"column":15},"end":{"line":1044,"column":25}},"type":"binary-expr","locations":[{"start":{"line":1044,"column":15},"end":{"line":1044,"column":25}},{"start":{"line":1044,"column":29},"end":{"line":1044,"column":80}}]},"105":{"loc":{"start":{"line":1067,"column":4},"end":{"line":1076,"column":5}},"type":"if","locations":[{"start":{"line":1067,"column":4},"end":{"line":1076,"column":5}},{"start":{"line":1067,"column":4},"end":{"line":1076,"column":5}}]},"106":{"loc":{"start":{"line":1068,"column":8},"end":{"line":1075,"column":9}},"type":"if","locations":[{"start":{"line":1068,"column":8},"end":{"line":1075,"column":9}},{"start":{"line":1068,"column":8},"end":{"line":1075,"column":9}}]},"107":{"loc":{"start":{"line":1071,"column":15},"end":{"line":1075,"column":9}},"type":"if","locations":[{"start":{"line":1071,"column":15},"end":{"line":1075,"column":9}},{"start":{"line":1071,"column":15},"end":{"line":1075,"column":9}}]},"108":{"loc":{"start":{"line":1085,"column":11},"end":{"line":1085,"column":21}},"type":"binary-expr","locations":[{"start":{"line":1085,"column":11},"end":{"line":1085,"column":21}},{"start":{"line":1085,"column":25},"end":{"line":1085,"column":76}}]},"109":{"loc":{"start":{"line":1091,"column":8},"end":{"line":1112,"column":9}},"type":"if","locations":[{"start":{"line":1091,"column":8},"end":{"line":1112,"column":9}},{"start":{"line":1091,"column":8},"end":{"line":1112,"column":9}}]},"110":{"loc":{"start":{"line":1093,"column":15},"end":{"line":1112,"column":9}},"type":"if","locations":[{"start":{"line":1093,"column":15},"end":{"line":1112,"column":9}},{"start":{"line":1093,"column":15},"end":{"line":1112,"column":9}}]},"111":{"loc":{"start":{"line":1095,"column":15},"end":{"line":1112,"column":9}},"type":"if","locations":[{"start":{"line":1095,"column":15},"end":{"line":1112,"column":9}},{"start":{"line":1095,"column":15},"end":{"line":1112,"column":9}}]},"112":{"loc":{"start":{"line":1097,"column":15},"end":{"line":1112,"column":9}},"type":"if","locations":[{"start":{"line":1097,"column":15},"end":{"line":1112,"column":9}},{"start":{"line":1097,"column":15},"end":{"line":1112,"column":9}}]},"113":{"loc":{"start":{"line":1099,"column":15},"end":{"line":1112,"column":9}},"type":"if","locations":[{"start":{"line":1099,"column":15},"end":{"line":1112,"column":9}},{"start":{"line":1099,"column":15},"end":{"line":1112,"column":9}}]},"114":{"loc":{"start":{"line":1100,"column":12},"end":{"line":1102,"column":13}},"type":"if","locations":[{"start":{"line":1100,"column":12},"end":{"line":1102,"column":13}},{"start":{"line":1100,"column":12},"end":{"line":1102,"column":13}}]},"115":{"loc":{"start":{"line":1104,"column":15},"end":{"line":1112,"column":9}},"type":"if","locations":[{"start":{"line":1104,"column":15},"end":{"line":1112,"column":9}},{"start":{"line":1104,"column":15},"end":{"line":1112,"column":9}}]},"116":{"loc":{"start":{"line":1105,"column":12},"end":{"line":1107,"column":13}},"type":"if","locations":[{"start":{"line":1105,"column":12},"end":{"line":1107,"column":13}},{"start":{"line":1105,"column":12},"end":{"line":1107,"column":13}}]},"117":{"loc":{"start":{"line":1108,"column":12},"end":{"line":1110,"column":13}},"type":"if","locations":[{"start":{"line":1108,"column":12},"end":{"line":1110,"column":13}},{"start":{"line":1108,"column":12},"end":{"line":1110,"column":13}}]}},"s":{"0":173,"1":173,"2":173,"3":173,"4":173,"5":68,"6":68,"7":165,"8":68,"9":68,"10":20,"11":48,"12":47,"13":1,"14":173,"15":11,"16":11,"17":26,"18":11,"19":11,"20":11,"21":4,"22":7,"23":6,"24":1,"25":173,"26":8,"27":8,"28":21,"29":8,"30":8,"31":7,"32":2,"33":5,"34":4,"35":2,"36":173,"37":8,"38":13,"39":8,"40":8,"41":19,"42":8,"43":8,"44":6,"45":6,"46":3,"47":3,"48":2,"49":3,"50":173,"51":7,"52":11,"53":7,"54":7,"55":18,"56":7,"57":7,"58":5,"59":5,"60":2,"61":3,"62":2,"63":3,"64":173,"65":9,"66":27,"67":9,"68":9,"69":9,"70":7,"71":2,"72":1,"73":1,"74":173,"75":6,"76":18,"77":6,"78":6,"79":6,"80":2,"81":4,"82":3,"83":1,"84":173,"85":4,"86":12,"87":4,"88":4,"89":4,"90":1,"91":3,"92":2,"93":1,"94":173,"95":4,"96":12,"97":4,"98":4,"99":4,"100":1,"101":3,"102":2,"103":1,"104":173,"105":6,"106":18,"107":6,"108":6,"109":6,"110":1,"111":5,"112":4,"113":1,"114":173,"115":4,"116":12,"117":4,"118":4,"119":4,"120":1,"121":3,"122":2,"123":1,"124":173,"125":58,"126":173,"127":22,"128":173,"129":16,"130":173,"131":11,"132":173,"133":11,"134":173,"135":11,"136":173,"137":11,"138":173,"139":2,"140":2,"141":2,"142":2,"143":173,"144":12,"145":12,"146":36,"147":12,"148":12,"149":9,"150":9,"151":9,"152":1,"153":8,"154":7,"155":4,"156":173,"157":7,"158":7,"159":21,"160":7,"161":7,"162":4,"163":4,"164":4,"165":1,"166":3,"167":2,"168":4,"169":173,"170":6,"171":6,"172":18,"173":6,"174":6,"175":3,"176":3,"177":3,"178":1,"179":2,"180":1,"181":4,"182":173,"183":15,"184":15,"185":45,"186":15,"187":15,"188":12,"189":12,"190":12,"191":1,"192":11,"193":10,"194":4,"195":173,"196":8,"197":8,"198":24,"199":8,"200":8,"201":5,"202":5,"203":5,"204":2,"205":3,"206":2,"207":4,"208":173,"209":7,"210":7,"211":21,"212":7,"213":7,"214":4,"215":4,"216":4,"217":1,"218":3,"219":2,"220":4,"221":173,"222":7,"223":7,"224":21,"225":7,"226":7,"227":4,"228":4,"229":4,"230":1,"231":3,"232":2,"233":4,"234":173,"235":7,"236":7,"237":21,"238":7,"239":7,"240":4,"241":4,"242":4,"243":1,"244":3,"245":2,"246":4,"247":173,"248":3,"249":4,"250":3,"251":3,"252":2,"253":2,"254":1,"255":173,"256":3,"257":3,"258":2,"259":2,"260":2,"261":2,"262":2,"263":2,"264":2,"265":2,"266":20,"267":20,"268":20,"269":47,"270":47,"271":47,"272":4,"273":4,"274":4,"275":6,"276":6,"277":6,"278":2,"279":2,"280":2,"281":2,"282":2,"283":4,"284":4,"285":4,"286":3,"287":4,"288":42,"289":42,"290":42,"291":42,"292":41,"293":42,"294":22,"295":22,"296":22,"297":140,"298":140,"299":140,"300":136,"301":136,"302":4,"303":1,"304":136,"305":136,"306":136,"307":27,"308":136,"309":159,"310":15,"311":144,"312":8,"313":136,"314":7,"315":129,"316":15,"317":114,"318":22,"319":7,"320":15,"321":92,"322":63,"323":7,"324":56,"325":7,"326":49},"f":{"0":68,"1":68,"2":11,"3":11,"4":8,"5":8,"6":8,"7":8,"8":7,"9":7,"10":9,"11":6,"12":4,"13":4,"14":6,"15":4,"16":58,"17":22,"18":16,"19":11,"20":11,"21":11,"22":11,"23":2,"24":2,"25":12,"26":12,"27":7,"28":7,"29":6,"30":6,"31":15,"32":15,"33":8,"34":8,"35":7,"36":7,"37":7,"38":7,"39":7,"40":7,"41":3,"42":3,"43":2,"44":2,"45":2,"46":20,"47":47,"48":4,"49":6,"50":2,"51":4,"52":42,"53":22,"54":140,"55":136,"56":159},"b":{"0":[20,48],"1":[47,1],"2":[48,47],"3":[11,3],"4":[4,7],"5":[6,1],"6":[7,6],"7":[7,1],"8":[2,5],"9":[4,1],"10":[5,4],"11":[6,2],"12":[3,3],"13":[2,1],"14":[3,2],"15":[5,2],"16":[2,3],"17":[2,1],"18":[3,2],"19":[7,2],"20":[9,2],"21":[1,1],"22":[2,1],"23":[2,4],"24":[6,4],"25":[3,1],"26":[4,3],"27":[1,3],"28":[4,3],"29":[2,1],"30":[3,2],"31":[1,3],"32":[4,3],"33":[2,1],"34":[3,2],"35":[1,5],"36":[6,5],"37":[4,1],"38":[5,4],"39":[1,3],"40":[4,3],"41":[2,1],"42":[3,2],"43":[2,0],"44":[9,3],"45":[9,3],"46":[1,8],"47":[9,8],"48":[7,1],"49":[8,7],"50":[4,3],"51":[4,3],"52":[1,3],"53":[4,3],"54":[2,1],"55":[3,2],"56":[3,3],"57":[3,3],"58":[1,2],"59":[3,2],"60":[1,1],"61":[2,1],"62":[12,3],"63":[12,3],"64":[1,11],"65":[12,11],"66":[10,1],"67":[11,10],"68":[5,3],"69":[5,3],"70":[2,3],"71":[5,3],"72":[2,1],"73":[3,2],"74":[4,3],"75":[4,3],"76":[1,3],"77":[4,3],"78":[2,1],"79":[3,2],"80":[4,3],"81":[4,3],"82":[1,3],"83":[4,3],"84":[2,1],"85":[3,2],"86":[4,3],"87":[4,3],"88":[1,3],"89":[4,3],"90":[2,1],"91":[3,2],"92":[2,1],"93":[2,0],"94":[2,0],"95":[20,0],"96":[47,0],"97":[4,0],"98":[6,0],"99":[2,0],"100":[2,0],"101":[4,0],"102":[3,1],"103":[42,0],"104":[83,83],"105":[140,0],"106":[136,4],"107":[1,3],"108":[163,163],"109":[15,144],"110":[8,136],"111":[7,129],"112":[15,114],"113":[22,92],"114":[7,15],"115":[63,29],"116":[7,56],"117":[7,49]}}
,"/home/travis/build/thiagobustamante/typescript-rest/src/metadata.ts": {"path":"/home/travis/build/thiagobustamante/typescript-rest/src/metadata.ts","statementMap":{"0":{"start":{"line":16,"column":0},"end":{"line":40,"column":0}},"1":{"start":{"line":26,"column":11},"end":{"line":26,"column":39}},"2":{"start":{"line":28,"column":8},"end":{"line":28,"column":39}},"3":{"start":{"line":29,"column":8},"end":{"line":29,"column":56}},"4":{"start":{"line":30,"column":8},"end":{"line":30,"column":60}},"5":{"start":{"line":33,"column":11},"end":{"line":35,"column":5}},"6":{"start":{"line":34,"column":8},"end":{"line":34,"column":99}},"7":{"start":{"line":37,"column":11},"end":{"line":39,"column":5}},"8":{"start":{"line":38,"column":8},"end":{"line":38,"column":61}},"9":{"start":{"line":40,"column":0},"end":{"line":40,"column":1}},"10":{"start":{"line":16,"column":13},"end":{"line":16,"column":25}},"11":{"start":{"line":45,"column":0},"end":{"line":63,"column":0}},"12":{"start":{"line":51,"column":11},"end":{"line":51,"column":69}},"13":{"start":{"line":52,"column":11},"end":{"line":52,"column":45}},"14":{"start":{"line":53,"column":11},"end":{"line":53,"column":60}},"15":{"start":{"line":54,"column":11},"end":{"line":54,"column":42}},"16":{"start":{"line":56,"column":11},"end":{"line":56,"column":43}},"17":{"start":{"line":57,"column":11},"end":{"line":57,"column":50}},"18":{"start":{"line":63,"column":0},"end":{"line":63,"column":1}},"19":{"start":{"line":45,"column":13},"end":{"line":45,"column":26}},"20":{"start":{"line":68,"column":0},"end":{"line":76,"column":0}},"21":{"start":{"line":73,"column":8},"end":{"line":73,"column":25}},"22":{"start":{"line":74,"column":8},"end":{"line":74,"column":37}},"23":{"start":{"line":76,"column":0},"end":{"line":76,"column":1}},"24":{"start":{"line":68,"column":13},"end":{"line":68,"column":22}},"25":{"start":{"line":81,"column":0},"end":{"line":91,"column":0}},"26":{"start":{"line":87,"column":8},"end":{"line":87,"column":25}},"27":{"start":{"line":88,"column":8},"end":{"line":88,"column":25}},"28":{"start":{"line":89,"column":8},"end":{"line":89,"column":35}},"29":{"start":{"line":91,"column":0},"end":{"line":91,"column":1}},"30":{"start":{"line":81,"column":13},"end":{"line":81,"column":24}},"31":{"start":{"line":96,"column":0},"end":{"line":112,"column":1}},"32":{"start":{"line":97,"column":4},"end":{"line":97,"column":8}},"33":{"start":{"line":98,"column":4},"end":{"line":98,"column":9}},"34":{"start":{"line":99,"column":4},"end":{"line":99,"column":10}},"35":{"start":{"line":100,"column":4},"end":{"line":100,"column":10}},"36":{"start":{"line":101,"column":4},"end":{"line":101,"column":8}},"37":{"start":{"line":102,"column":4},"end":{"line":102,"column":8}},"38":{"start":{"line":103,"column":4},"end":{"line":103,"column":9}},"39":{"start":{"line":104,"column":4},"end":{"line":104,"column":8}},"40":{"start":{"line":105,"column":4},"end":{"line":105,"column":9}},"41":{"start":{"line":106,"column":4},"end":{"line":106,"column":11}},"42":{"start":{"line":107,"column":4},"end":{"line":107,"column":19}},"43":{"start":{"line":108,"column":4},"end":{"line":108,"column":20}},"44":{"start":{"line":109,"column":4},"end":{"line":109,"column":16}},"45":{"start":{"line":110,"column":4},"end":{"line":110,"column":18}},"46":{"start":{"line":111,"column":4},"end":{"line":111,"column":27}}},"fnMap":{"0":{"name":"(anonymous_0)","decl":{"start":{"line":16,"column":0},"end":{"line":null,"column":-1}},"loc":{"start":{"line":16,"column":0},"end":{"line":16,"column":-1}}},"1":{"name":"ServiceClass","decl":{"start":{"line":27,"column":4},"end":{"line":27,"column":15}},"loc":{"start":{"line":27,"column":32},"end":{"line":31,"column":5}}},"2":{"name":"(anonymous_2)","decl":{"start":{"line":33,"column":4},"end":{"line":33,"column":22}},"loc":{"start":{"line":33,"column":94},"end":{"line":35,"column":5}}},"3":{"name":"(anonymous_3)","decl":{"start":{"line":37,"column":4},"end":{"line":null,"column":-1}},"loc":{"start":{"line":37,"column":4},"end":{"line":39,"column":5}}},"4":{"name":"(anonymous_4)","decl":{"start":{"line":45,"column":0},"end":{"line":null,"column":-1}},"loc":{"start":{"line":45,"column":0},"end":{"line":45,"column":-1}}},"5":{"name":"(anonymous_6)","decl":{"start":{"line":68,"column":0},"end":{"line":null,"column":-1}},"loc":{"start":{"line":68,"column":0},"end":{"line":68,"column":-1}}},"6":{"name":"FileParam","decl":{"start":{"line":72,"column":4},"end":{"line":72,"column":15}},"loc":{"start":{"line":72,"column":49},"end":{"line":75,"column":5}}},"7":{"name":"(anonymous_8)","decl":{"start":{"line":81,"column":0},"end":{"line":null,"column":-1}},"loc":{"start":{"line":81,"column":0},"end":{"line":81,"column":-1}}},"8":{"name":"MethodParam","decl":{"start":{"line":86,"column":4},"end":{"line":86,"column":15}},"loc":{"start":{"line":86,"column":66},"end":{"line":90,"column":5}}},"9":{"name":"(anonymous_10)","decl":{"start":{"line":96,"column":0},"end":{"line":96,"column":11}},"loc":{"start":{"line":96,"column":21},"end":{"line":112,"column":1}}}},"branchMap":{"0":{"loc":{"start":{"line":38,"column":16},"end":{"line":38,"column":31}},"type":"binary-expr","locations":[{"start":{"line":38,"column":16},"end":{"line":38,"column":31}},{"start":{"line":38,"column":35},"end":{"line":38,"column":59}}]},"1":{"loc":{"start":{"line":96,"column":12},"end":{"line":96,"column":21}},"type":"binary-expr","locations":[{"start":{"line":96,"column":12},"end":{"line":96,"column":21}},{"start":{"line":96,"column":12},"end":{"line":96,"column":21}}]}},"s":{"0":1,"1":193,"2":193,"3":193,"4":193,"5":1,"6":22,"7":1,"8":61,"9":1,"10":1,"11":1,"12":292,"13":292,"14":292,"15":292,"16":292,"17":292,"18":1,"19":1,"20":1,"21":15,"22":15,"23":1,"24":1,"25":1,"26":215,"27":215,"28":215,"29":1,"30":1,"31":1,"32":1,"33":1,"34":1,"35":1,"36":1,"37":1,"38":1,"39":1,"40":1,"41":1,"42":1,"43":1,"44":1,"45":1,"46":1},"f":{"0":1,"1":193,"2":22,"3":61,"4":293,"5":1,"6":15,"7":1,"8":215,"9":1},"b":{"0":[61,61],"1":[1,1]}}
,"/home/travis/build/thiagobustamante/typescript-rest/src/passport-authenticator.ts": {"path":"/home/travis/build/thiagobustamante/typescript-rest/src/passport-authenticator.ts","statementMap":{"0":{"start":{"line":3,"column":0},"end":{"line":3,"column":27}},"1":{"start":{"line":4,"column":0},"end":{"line":4,"column":36}},"2":{"start":{"line":15,"column":0},"end":{"line":60,"column":0}},"3":{"start":{"line":19,"column":45},"end":{"line":19,"column":87}},"4":{"start":{"line":20,"column":8},"end":{"line":20,"column":31}},"5":{"start":{"line":21,"column":29},"end":{"line":21,"column":88}},"6":{"start":{"line":22,"column":8},"end":{"line":22,"column":45}},"7":{"start":{"line":23,"column":8},"end":{"line":23,"column":92}},"8":{"start":{"line":26,"column":11},"end":{"line":28,"column":5}},"9":{"start":{"line":27,"column":8},"end":{"line":27,"column":34}},"10":{"start":{"line":30,"column":11},"end":{"line":33,"column":5}},"11":{"start":{"line":31,"column":24},"end":{"line":31,"column":56}},"12":{"start":{"line":32,"column":8},"end":{"line":32,"column":57}},"13":{"start":{"line":35,"column":11},"end":{"line":59,"column":5}},"14":{"start":{"line":35,"column":4},"end":{"line":59,"column":4}},"15":{"start":{"line":36,"column":8},"end":{"line":36,"column":42}},"16":{"start":{"line":37,"column":27},"end":{"line":37,"column":75}},"17":{"start":{"line":38,"column":8},"end":{"line":58,"column":9}},"18":{"start":{"line":39,"column":12},"end":{"line":39,"column":43}},"19":{"start":{"line":40,"column":12},"end":{"line":57,"column":13}},"20":{"start":{"line":41,"column":16},"end":{"line":48,"column":19}},"21":{"start":{"line":42,"column":20},"end":{"line":47,"column":27}},"22":{"start":{"line":44,"column":28},"end":{"line":44,"column":47}},"23":{"start":{"line":46,"column":28},"end":{"line":46,"column":44}},"24":{"start":{"line":49,"column":16},"end":{"line":56,"column":19}},"25":{"start":{"line":50,"column":20},"end":{"line":55,"column":27}},"26":{"start":{"line":52,"column":28},"end":{"line":52,"column":47}},"27":{"start":{"line":54,"column":28},"end":{"line":54,"column":44}},"28":{"start":{"line":60,"column":0},"end":{"line":60,"column":1}},"29":{"start":{"line":15,"column":13},"end":{"line":15,"column":34}}},"fnMap":{"0":{"name":"(anonymous_0)","decl":{"start":{"line":15,"column":0},"end":{"line":null,"column":-1}},"loc":{"start":{"line":15,"column":0},"end":{"line":15,"column":-1}}},"1":{"name":"PassportAuthenticator","decl":{"start":{"line":19,"column":4},"end":{"line":19,"column":15}},"loc":{"start":{"line":19,"column":87},"end":{"line":24,"column":5}}},"2":{"name":"(anonymous_2)","decl":{"start":{"line":26,"column":4},"end":{"line":null,"column":-1}},"loc":{"start":{"line":26,"column":4},"end":{"line":28,"column":5}}},"3":{"name":"(anonymous_3)","decl":{"start":{"line":30,"column":4},"end":{"line":30,"column":19}},"loc":{"start":{"line":30,"column":40},"end":{"line":33,"column":5}}},"4":{"name":"(anonymous_4)","decl":{"start":{"line":35,"column":4},"end":{"line":35,"column":21}},"loc":{"start":{"line":35,"column":44},"end":{"line":59,"column":5}}},"5":{"name":"(anonymous_5)","decl":{"start":{"line":41,"column":39},"end":{"line":41,"column":39}},"loc":{"start":{"line":41,"column":84},"end":{"line":48,"column":17}}},"6":{"name":"(anonymous_6)","decl":{"start":{"line":43,"column":30},"end":{"line":43,"column":30}},"loc":{"start":{"line":43,"column":45},"end":{"line":45,"column":25}}},"7":{"name":"(anonymous_7)","decl":{"start":{"line":45,"column":33},"end":{"line":45,"column":33}},"loc":{"start":{"line":45,"column":44},"end":{"line":47,"column":25}}},"8":{"name":"(anonymous_8)","decl":{"start":{"line":49,"column":41},"end":{"line":49,"column":41}},"loc":{"start":{"line":49,"column":86},"end":{"line":56,"column":17}}},"9":{"name":"(anonymous_9)","decl":{"start":{"line":51,"column":30},"end":{"line":51,"column":30}},"loc":{"start":{"line":51,"column":42},"end":{"line":53,"column":25}}},"10":{"name":"(anonymous_10)","decl":{"start":{"line":53,"column":33},"end":{"line":53,"column":33}},"loc":{"start":{"line":53,"column":44},"end":{"line":55,"column":25}}}},"branchMap":{"0":{"loc":{"start":{"line":19,"column":45},"end":{"line":19,"column":87}},"type":"if","locations":[{"start":{"line":19,"column":45},"end":{"line":19,"column":87}},{"start":{"line":19,"column":45},"end":{"line":19,"column":87}}]},"1":{"loc":{"start":{"line":21,"column":29},"end":{"line":21,"column":49}},"type":"binary-expr","locations":[{"start":{"line":21,"column":29},"end":{"line":21,"column":49}},{"start":{"line":21,"column":53},"end":{"line":21,"column":66}},{"start":{"line":21,"column":70},"end":{"line":21,"column":88}}]},"2":{"loc":{"start":{"line":23,"column":65},"end":{"line":23,"column":84}},"type":"binary-expr","locations":[{"start":{"line":23,"column":65},"end":{"line":23,"column":84}},{"start":{"line":23,"column":88},"end":{"line":23,"column":90}}]},"3":{"loc":{"start":{"line":31,"column":24},"end":{"line":31,"column":45}},"type":"binary-expr","locations":[{"start":{"line":31,"column":24},"end":{"line":31,"column":45}},{"start":{"line":31,"column":49},"end":{"line":31,"column":56}}]},"4":{"loc":{"start":{"line":38,"column":8},"end":{"line":58,"column":9}},"type":"if","locations":[{"start":{"line":38,"column":8},"end":{"line":58,"column":9}},{"start":{"line":38,"column":8},"end":{"line":58,"column":9}}]},"5":{"loc":{"start":{"line":40,"column":12},"end":{"line":57,"column":13}},"type":"if","locations":[{"start":{"line":40,"column":12},"end":{"line":57,"column":13}},{"start":{"line":40,"column":12},"end":{"line":57,"column":13}}]},"6":{"loc":{"start":{"line":40,"column":16},"end":{"line":40,"column":42}},"type":"binary-expr","locations":[{"start":{"line":40,"column":16},"end":{"line":40,"column":42}},{"start":{"line":40,"column":46},"end":{"line":40,"column":74}}]}},"s":{"0":7,"1":7,"2":7,"3":9,"4":7,"5":7,"6":7,"7":7,"8":7,"9":6,"10":7,"11":4,"12":4,"13":7,"14":11,"15":11,"16":11,"17":11,"18":10,"19":10,"20":10,"21":7,"22":6,"23":1,"24":10,"25":2,"26":1,"27":1,"28":7,"29":7},"f":{"0":7,"1":7,"2":6,"3":4,"4":11,"5":7,"6":6,"7":1,"8":2,"9":1,"10":1},"b":{"0":[2,5],"1":[7,6,1],"2":[7,5],"3":[4,4],"4":[10,1],"5":[10,0],"6":[10,10]}}
[...]
,"/home/travis/build/thiagobustamante/typescript-rest/src/server.ts": {"path":"/home/travis/build/thiagobustamante/typescript-rest/src/server.ts","statementMap":{"0":{"start":{"line":4,"column":0},"end":{"line":4,"column":30}},"1":{"start":{"line":5,"column":0},"end":{"line":5,"column":27}},"2":{"start":{"line":6,"column":0},"end":{"line":6,"column":16}},"3":{"start":{"line":7,"column":0},"end":{"line":7,"column":28}},"4":{"start":{"line":8,"column":0},"end":{"line":8,"column":30}},"5":{"start":{"line":9,"column":0},"end":{"line":9,"column":51}},"6":{"start":{"line":15,"column":0},"end":{"line":236,"column":0}},"7":{"start":{"line":19,"column":18},"end":{"line":23,"column":5}},"8":{"start":{"line":19,"column":56},"end":{"line":19,"column":75}},"9":{"start":{"line":19,"column":56},"end":{"line":19,"column":76}},"10":{"start":{"line":20,"column":30},"end":{"line":20,"column":50}},"11":{"start":{"line":21,"column":8},"end":{"line":21,"column":38}},"12":{"start":{"line":22,"column":8},"end":{"line":22,"column":43}},"13":{"start":{"line":28,"column":18},"end":{"line":30,"column":5}},"14":{"start":{"line":29,"column":8},"end":{"line":29,"column":55}},"15":{"start":{"line":35,"column":18},"end":{"line":54,"column":5}},"16":{"start":{"line":36,"column":47},"end":{"line":36,"column":49}},"17":{"start":{"line":37,"column":28},"end":{"line":37,"column":51}},"18":{"start":{"line":38,"column":8},"end":{"line":38,"column":43}},"19":{"start":{"line":39,"column":42},"end":{"line":41,"column":10}},"20":{"start":{"line":43,"column":8},"end":{"line":47,"column":11}},"21":{"start":{"line":44,"column":12},"end":{"line":46,"column":15}},"22":{"start":{"line":45,"column":16},"end":{"line":45,"column":44}},"23":{"start":{"line":49,"column":8},"end":{"line":53,"column":9}},"24":{"start":{"line":50,"column":12},"end":{"line":50,"column":59}},"25":{"start":{"line":52,"column":12},"end":{"line":52,"column":120}},"26":{"start":{"line":59,"column":18},"end":{"line":66,"column":5}},"27":{"start":{"line":60,"column":23},"end":{"line":60,"column":42}},"28":{"start":{"line":61,"column":8},"end":{"line":63,"column":11}},"29":{"start":{"line":62,"column":12},"end":{"line":62,"column":31}},"30":{"start":{"line":65,"column":8},"end":{"line":65,"column":22}},"31":{"start":{"line":72,"column":18},"end":{"line":81,"column":5}},"32":{"start":{"line":74,"column":8},"end":{"line":78,"column":9}},"33":{"start":{"line":75,"column":12},"end":{"line":75,"column":46}},"34":{"start":{"line":77,"column":12},"end":{"line":77,"column":55}},"35":{"start":{"line":80,"column":8},"end":{"line":80,"column":54}},"36":{"start":{"line":87,"column":18},"end":{"line":89,"column":5}},"37":{"start":{"line":88,"column":8},"end":{"line":88,"column":59}},"38":{"start":{"line":97,"column":18},"end":{"line":118,"column":5}},"39":{"start":{"line":98,"column":20},"end":{"line":98,"column":74}},"40":{"start":{"line":99,"column":8},"end":{"line":117,"column":11}},"41":{"start":{"line":101,"column":16},"end":{"line":101,"column":55}},"42":{"start":{"line":104,"column":43},"end":{"line":104,"column":55}},"43":{"start":{"line":105,"column":16},"end":{"line":107,"column":17}},"44":{"start":{"line":106,"column":20},"end":{"line":106,"column":66}},"45":{"start":{"line":108,"column":16},"end":{"line":108,"column":62}},"46":{"start":{"line":109,"column":16},"end":{"line":114,"column":17}},"47":{"start":{"line":110,"column":20},"end":{"line":112,"column":21}},"48":{"start":{"line":111,"column":24},"end":{"line":111,"column":70}},"49":{"start":{"line":113,"column":20},"end":{"line":113,"column":66}},"50":{"start":{"line":115,"column":16},"end":{"line":115,"column":87}},"51":{"start":{"line":124,"column":18},"end":{"line":131,"column":5}},"52":{"start":{"line":125,"column":23},"end":{"line":125,"column":46}},"53":{"start":{"line":126,"column":8},"end":{"line":128,"column":11}},"54":{"start":{"line":127,"column":12},"end":{"line":127,"column":31}},"55":{"start":{"line":130,"column":8},"end":{"line":130,"column":22}},"56":{"start":{"line":138,"column":18},"end":{"line":140,"column":5}},"57":{"start":{"line":139,"column":8},"end":{"line":139,"column":52}},"58":{"start":{"line":153,"column":18},"end":{"line":155,"column":5}},"59":{"start":{"line":154,"column":8},"end":{"line":154,"column":54}},"60":{"start":{"line":161,"column":18},"end":{"line":163,"column":5}},"61":{"start":{"line":162,"column":8},"end":{"line":162,"column":45}},"62":{"start":{"line":169,"column":18},"end":{"line":172,"column":5}},"63":{"start":{"line":171,"column":8},"end":{"line":171,"column":49}},"64":{"start":{"line":178,"column":18},"end":{"line":180,"column":5}},"65":{"start":{"line":179,"column":8},"end":{"line":179,"column":48}},"66":{"start":{"line":187,"column":18},"end":{"line":189,"column":5}},"67":{"start":{"line":188,"column":8},"end":{"line":188,"column":66}},"68":{"start":{"line":195,"column":18},"end":{"line":197,"column":5}},"69":{"start":{"line":196,"column":8},"end":{"line":196,"column":58}},"70":{"start":{"line":207,"column":18},"end":{"line":235,"column":5}},"71":{"start":{"line":208,"column":26},"end":{"line":208,"column":55}},"72":{"start":{"line":209,"column":8},"end":{"line":211,"column":9}},"73":{"start":{"line":210,"column":12},"end":{"line":210,"column":58}},"74":{"start":{"line":214,"column":8},"end":{"line":218,"column":9}},"75":{"start":{"line":215,"column":12},"end":{"line":215,"column":50}},"76":{"start":{"line":217,"column":12},"end":{"line":217,"column":56}},"77":{"start":{"line":220,"column":8},"end":{"line":222,"column":9}},"78":{"start":{"line":221,"column":12},"end":{"line":221,"column":40}},"79":{"start":{"line":223,"column":8},"end":{"line":225,"column":9}},"80":{"start":{"line":224,"column":12},"end":{"line":224,"column":46}},"81":{"start":{"line":227,"column":8},"end":{"line":229,"column":11}},"82":{"start":{"line":228,"column":12},"end":{"line":228,"column":38}},"83":{"start":{"line":230,"column":8},"end":{"line":233,"column":11}},"84":{"start":{"line":231,"column":12},"end":{"line":231,"column":53}},"85":{"start":{"line":232,"column":12},"end":{"line":232,"column":60}},"86":{"start":{"line":234,"column":8},"end":{"line":234,"column":120}},"87":{"start":{"line":236,"column":0},"end":{"line":236,"column":1}},"88":{"start":{"line":15,"column":13},"end":{"line":15,"column":19}}},"fnMap":{"0":{"name":"(anonymous_0)","decl":{"start":{"line":15,"column":0},"end":{"line":null,"column":-1}},"loc":{"start":{"line":15,"column":0},"end":{"line":15,"column":-1}}},"1":{"name":"(anonymous_2)","decl":{"start":{"line":19,"column":4},"end":{"line":19,"column":31}},"loc":{"start":{"line":19,"column":54},"end":{"line":23,"column":5}}},"2":{"name":"(anonymous_3)","decl":{"start":{"line":28,"column":4},"end":{"line":28,"column":33}},"loc":{"start":{"line":28,"column":108},"end":{"line":30,"column":5}}},"3":{"name":"(anonymous_4)","decl":{"start":{"line":35,"column":4},"end":{"line":35,"column":30}},"loc":{"start":{"line":35,"column":105},"end":{"line":54,"column":5}}},"4":{"name":"(anonymous_5)","decl":{"start":{"line":43,"column":40},"end":{"line":43,"column":39}},"loc":{"start":{"line":43,"column":53},"end":{"line":47,"column":9}}},"5":{"name":"(anonymous_6)","decl":{"start":{"line":44,"column":44},"end":{"line":44,"column":44}},"loc":{"start":{"line":44,"column":62},"end":{"line":46,"column":13}}},"6":{"name":"(anonymous_7)","decl":{"start":{"line":59,"column":4},"end":{"line":null,"column":-1}},"loc":{"start":{"line":59,"column":4},"end":{"line":66,"column":5}}},"7":{"name":"(anonymous_8)","decl":{"start":{"line":61,"column":48},"end":{"line":61,"column":47}},"loc":{"start":{"line":61,"column":53},"end":{"line":63,"column":9}}},"8":{"name":"(anonymous_9)","decl":{"start":{"line":72,"column":4},"end":{"line":72,"column":40}},"loc":{"start":{"line":72,"column":80},"end":{"line":81,"column":5}}},"9":{"name":"(anonymous_10)","decl":{"start":{"line":87,"column":4},"end":{"line":87,"column":39}},"loc":{"start":{"line":87,"column":75},"end":{"line":89,"column":5}}},"10":{"name":"(anonymous_11)","decl":{"start":{"line":97,"column":4},"end":{"line":97,"column":24}},"loc":{"start":{"line":97,"column":38},"end":{"line":118,"column":5}}},"11":{"name":"(anonymous_12)","decl":{"start":{"line":100,"column":20},"end":{"line":100,"column":20}},"loc":{"start":{"line":100,"column":33},"end":{"line":102,"column":13}}},"12":{"name":"(anonymous_13)","decl":{"start":{"line":103,"column":28},"end":{"line":103,"column":28}},"loc":{"start":{"line":103,"column":51},"end":{"line":116,"column":13}}},"13":{"name":"(anonymous_14)","decl":{"start":{"line":124,"column":4},"end":{"line":124,"column":32}},"loc":{"start":{"line":124,"column":52},"end":{"line":131,"column":5}}},"14":{"name":"(anonymous_15)","decl":{"start":{"line":126,"column":65},"end":{"line":126,"column":64}},"loc":{"start":{"line":126,"column":70},"end":{"line":128,"column":9}}},"15":{"name":"(anonymous_16)","decl":{"start":{"line":138,"column":4},"end":{"line":138,"column":34}},"loc":{"start":{"line":138,"column":49},"end":{"line":140,"column":5}}},"16":{"name":"(anonymous_17)","decl":{"start":{"line":153,"column":4},"end":{"line":153,"column":35}},"loc":{"start":{"line":153,"column":68},"end":{"line":155,"column":5}}},"17":{"name":"(anonymous_18)","decl":{"start":{"line":161,"column":4},"end":{"line":161,"column":29}},"loc":{"start":{"line":161,"column":42},"end":{"line":163,"column":5}}},"18":{"name":"(anonymous_19)","decl":{"start":{"line":169,"column":4},"end":{"line":169,"column":31}},"loc":{"start":{"line":170,"column":70},"end":{"line":172,"column":5}}},"19":{"name":"(anonymous_20)","decl":{"start":{"line":178,"column":4},"end":{"line":178,"column":31}},"loc":{"start":{"line":178,"column":49},"end":{"line":180,"column":5}}},"20":{"name":"(anonymous_21)","decl":{"start":{"line":187,"column":4},"end":{"line":187,"column":39}},"loc":{"start":{"line":187,"column":85},"end":{"line":189,"column":5}}},"21":{"name":"(anonymous_22)","decl":{"start":{"line":195,"column":4},"end":{"line":195,"column":42}},"loc":{"start":{"line":195,"column":57},"end":{"line":197,"column":5}}},"22":{"name":"(anonymous_23)","decl":{"start":{"line":207,"column":4},"end":{"line":207,"column":25}},"loc":{"start":{"line":207,"column":151},"end":{"line":235,"column":5}}},"23":{"name":"(anonymous_24)","decl":{"start":{"line":227,"column":59},"end":{"line":227,"column":59}},"loc":{"start":{"line":227,"column":74},"end":{"line":229,"column":9}}},"24":{"name":"(anonymous_25)","decl":{"start":{"line":230,"column":59},"end":{"line":230,"column":59}},"loc":{"start":{"line":230,"column":74},"end":{"line":233,"column":9}}}},"branchMap":{"0":{"loc":{"start":{"line":38,"column":18},"end":{"line":38,"column":25}},"type":"binary-expr","locations":[{"start":{"line":38,"column":18},"end":{"line":38,"column":25}},{"start":{"line":38,"column":29},"end":{"line":38,"column":42}}]},"1":{"loc":{"start":{"line":74,"column":8},"end":{"line":78,"column":9}},"type":"if","locations":[{"start":{"line":74,"column":8},"end":{"line":78,"column":9}},{"start":{"line":74,"column":8},"end":{"line":78,"column":9}}]},"2":{"loc":{"start":{"line":98,"column":34},"end":{"line":98,"column":54}},"type":"cond-expr","locations":[{"start":{"line":98,"column":34},"end":{"line":98,"column":54}},{"start":{"line":98,"column":57},"end":{"line":98,"column":73}}]},"3":{"loc":{"start":{"line":105,"column":16},"end":{"line":107,"column":17}},"type":"if","locations":[{"start":{"line":105,"column":16},"end":{"line":107,"column":17}},{"start":{"line":105,"column":16},"end":{"line":107,"column":17}}]},"4":{"loc":{"start":{"line":105,"column":20},"end":{"line":105,"column":43}},"type":"binary-expr","locations":[{"start":{"line":105,"column":20},"end":{"line":105,"column":43}},{"start":{"line":105,"column":47},"end":{"line":105,"column":88}}]},"5":{"loc":{"start":{"line":110,"column":20},"end":{"line":112,"column":21}},"type":"if","locations":[{"start":{"line":110,"column":20},"end":{"line":112,"column":21}},{"start":{"line":110,"column":20},"end":{"line":112,"column":21}}]},"6":{"loc":{"start":{"line":110,"column":24},"end":{"line":110,"column":47}},"type":"binary-expr","locations":[{"start":{"line":110,"column":24},"end":{"line":110,"column":47}},{"start":{"line":110,"column":51},"end":{"line":110,"column":92}}]},"7":{"loc":{"start":{"line":209,"column":8},"end":{"line":211,"column":9}},"type":"if","locations":[{"start":{"line":209,"column":8},"end":{"line":211,"column":9}},{"start":{"line":209,"column":8},"end":{"line":211,"column":9}}]},"8":{"loc":{"start":{"line":214,"column":8},"end":{"line":218,"column":9}},"type":"if","locations":[{"start":{"line":214,"column":8},"end":{"line":218,"column":9}},{"start":{"line":214,"column":8},"end":{"line":218,"column":9}}]},"9":{"loc":{"start":{"line":214,"column":12},"end":{"line":214,"column":40}},"type":"binary-expr","locations":[{"start":{"line":214,"column":12},"end":{"line":214,"column":40}},{"start":{"line":214,"column":44},"end":{"line":214,"column":73}}]},"10":{"loc":{"start":{"line":220,"column":8},"end":{"line":222,"column":9}},"type":"if","locations":[{"start":{"line":220,"column":8},"end":{"line":222,"column":9}},{"start":{"line":220,"column":8},"end":{"line":222,"column":9}}]},"11":{"loc":{"start":{"line":223,"column":8},"end":{"line":225,"column":9}},"type":"if","locations":[{"start":{"line":223,"column":8},"end":{"line":225,"column":9}},{"start":{"line":223,"column":8},"end":{"line":225,"column":9}}]}},"s":{"0":6,"1":6,"2":6,"3":6,"4":6,"5":6,"6":6,"7":6,"8":8,"9":20,"10":8,"11":8,"12":8,"13":6,"14":1,"15":6,"16":1,"17":1,"18":1,"19":1,"20":1,"21":1,"22":1,"23":1,"24":1,"25":0,"26":6,"27":2,"28":2,"29":80,"30":2,"31":6,"32":2,"33":0,"34":2,"35":2,"36":6,"37":1,"38":6,"39":1,"40":1,"41":42,"42":92,"43":92,"44":84,"45":8,"46":8,"47":8,"48":8,"49":0,"50":0,"51":6,"52":3,"53":3,"54":4,"55":3,"56":6,"57":1,"58":6,"59":1,"60":6,"61":1,"62":6,"63":1,"64":6,"65":1,"66":6,"67":1,"68":6,"69":1,"70":6,"71":1,"72":1,"73":1,"74":1,"75":1,"76":0,"77":1,"78":1,"79":1,"80":1,"81":1,"82":1,"83":1,"84":1,"85":1,"86":1,"87":6,"88":6},"f":{"0":6,"1":8,"2":1,"3":1,"4":1,"5":1,"6":2,"7":80,"8":2,"9":1,"10":1,"11":42,"12":92,"13":3,"14":4,"15":1,"16":1,"17":1,"18":1,"19":1,"20":1,"21":1,"22":1,"23":1,"24":1},"b":{"0":[1,0],"1":[0,2],"2":[0,1],"3":[84,8],"4":[92,92],"5":[8,0],"6":[8,8],"7":[1,0],"8":[1,0],"9":[1,1],"10":[1,0],"11":[1,0]}}
,"/home/travis/build/thiagobustamante/typescript-rest/src/typescript-rest-config.ts": {"path":"/home/travis/build/thiagobustamante/typescript-rest/src/typescript-rest-config.ts","statementMap":{"0":{"start":{"line":3,"column":0},"end":{"line":3,"column":30}},"1":{"start":{"line":4,"column":0},"end":{"line":4,"column":28}},"2":{"start":{"line":5,"column":0},"end":{"line":5,"column":33}},"3":{"start":{"line":7,"column":0},"end":{"line":39,"column":0}},"4":{"start":{"line":8,"column":18},"end":{"line":26,"column":5}},"5":{"start":{"line":9,"column":8},"end":{"line":25,"column":9}},"6":{"start":{"line":10,"column":32},"end":{"line":10,"column":55}},"7":{"start":{"line":11,"column":12},"end":{"line":21,"column":13}},"8":{"start":{"line":12,"column":31},"end":{"line":12,"column":59}},"9":{"start":{"line":13,"column":16},"end":{"line":20,"column":17}},"10":{"start":{"line":14,"column":20},"end":{"line":14,"column":46}},"11":{"start":{"line":15,"column":23},"end":{"line":20,"column":17}},"12":{"start":{"line":16,"column":20},"end":{"line":18,"column":21}},"13":{"start":{"line":17,"column":24},"end":{"line":17,"column":96}},"14":{"start":{"line":19,"column":20},"end":{"line":19,"column":73}},"15":{"start":{"line":24,"column":12},"end":{"line":24,"column":29}},"16":{"start":{"line":28,"column":18},"end":{"line":38,"column":5}},"17":{"start":{"line":29,"column":25},"end":{"line":29,"column":60}},"18":{"start":{"line":30,"column":8},"end":{"line":36,"column":9}},"19":{"start":{"line":31,"column":33},"end":{"line":31,"column":105}},"20":{"start":{"line":32,"column":12},"end":{"line":34,"column":13}},"21":{"start":{"line":33,"column":16},"end":{"line":33,"column":28}},"22":{"start":{"line":35,"column":12},"end":{"line":35,"column":38}},"23":{"start":{"line":37,"column":8},"end":{"line":37,"column":26}},"24":{"start":{"line":39,"column":0},"end":{"line":39,"column":1}},"25":{"start":{"line":7,"column":13},"end":{"line":7,"column":25}}},"fnMap":{"0":{"name":"(anonymous_0)","decl":{"start":{"line":7,"column":0},"end":{"line":null,"column":-1}},"loc":{"start":{"line":7,"column":0},"end":{"line":7,"column":-1}}},"1":{"name":"(anonymous_2)","decl":{"start":{"line":8,"column":4},"end":{"line":null,"column":-1}},"loc":{"start":{"line":8,"column":4},"end":{"line":26,"column":5}}},"2":{"name":"(anonymous_3)","decl":{"start":{"line":28,"column":4},"end":{"line":null,"column":-1}},"loc":{"start":{"line":28,"column":4},"end":{"line":38,"column":5}}}},"branchMap":{"0":{"loc":{"start":{"line":11,"column":12},"end":{"line":21,"column":13}},"type":"if","locations":[{"start":{"line":11,"column":12},"end":{"line":21,"column":13}},{"start":{"line":11,"column":12},"end":{"line":21,"column":13}}]},"1":{"loc":{"start":{"line":11,"column":16},"end":{"line":11,"column":27}},"type":"binary-expr","locations":[{"start":{"line":11,"column":16},"end":{"line":11,"column":27}},{"start":{"line":11,"column":31},"end":{"line":11,"column":57}}]},"2":{"loc":{"start":{"line":13,"column":16},"end":{"line":20,"column":17}},"type":"if","locations":[{"start":{"line":13,"column":16},"end":{"line":20,"column":17}},{"start":{"line":13,"column":16},"end":{"line":20,"column":17}}]},"3":{"loc":{"start":{"line":15,"column":23},"end":{"line":20,"column":17}},"type":"if","locations":[{"start":{"line":15,"column":23},"end":{"line":20,"column":17}},{"start":{"line":15,"column":23},"end":{"line":20,"column":17}}]},"4":{"loc":{"start":{"line":16,"column":20},"end":{"line":18,"column":21}},"type":"if","locations":[{"start":{"line":16,"column":20},"end":{"line":18,"column":21}},{"start":{"line":16,"column":20},"end":{"line":18,"column":21}}]},"5":{"loc":{"start":{"line":32,"column":12},"end":{"line":34,"column":13}},"type":"if","locations":[{"start":{"line":32,"column":12},"end":{"line":34,"column":13}},{"start":{"line":32,"column":12},"end":{"line":34,"column":13}}]}},"s":{"0":6,"1":6,"2":6,"3":6,"4":6,"5":6,"6":6,"7":5,"8":4,"9":4,"10":1,"11":3,"12":2,"13":1,"14":2,"15":1,"16":6,"17":6,"18":6,"19":11,"20":11,"21":1,"22":10,"23":4,"24":6,"25":6},"f":{"0":6,"1":6,"2":6},"b":{"0":[4,1],"1":[5,4],"2":[1,3],"3":[2,1],"4":[1,1],"5":[1,10]}}
,"/home/travis/build/thiagobustamante/typescript-rest/src/typescript-rest.ts": {"path":"/home/travis/build/thiagobustamante/typescript-rest/src/typescript-rest.ts","statementMap":{"0":{"start":{"line":3,"column":0},"end":{"line":3,"column":41}},"1":{"start":{"line":13,"column":9},"end":{"line":13,"column":15}},"2":{"start":{"line":4,"column":0},"end":{"line":4,"column":41}},"3":{"start":{"line":12,"column":9},"end":{"line":12,"column":15}},"4":{"start":{"line":5,"column":0},"end":{"line":5,"column":55}},"5":{"start":{"line":7,"column":0},"end":{"line":7,"column":29}},"6":{"start":{"line":8,"column":0},"end":{"line":8,"column":31}},"7":{"start":{"line":9,"column":0},"end":{"line":9,"column":25}},"8":{"start":{"line":10,"column":0},"end":{"line":10,"column":41}},"9":{"start":{"line":14,"column":0},"end":{"line":14,"column":58}},"10":{"start":{"line":14,"column":9},"end":{"line":14,"column":30}},"11":{"start":{"line":16,"column":0},"end":{"line":16,"column":25}}},"fnMap":{},"branchMap":{},"s":{"0":1,"1":1,"2":1,"3":1,"4":1,"5":1,"6":1,"7":1,"8":1,"9":1,"10":1,"11":1},"f":{},"b":{}}
}
